Log file open, 05/09/18 14:16:41
LogWindows: Failed to load 'aqProf.dll' (GetLastError=126)
LogWindows: File 'aqProf.dll' does not exist
LogWindows: Failed to load 'VSPerf140.dll' (GetLastError=126)
LogWindows: File 'VSPerf140.dll' does not exist
LogWindows: Failed to load 'VtuneApi.dll' (GetLastError=126)
LogWindows: File 'VtuneApi.dll' does not exist
LogWindows: Failed to load 'VtuneApi32e.dll' (GetLastError=126)
LogWindows: File 'VtuneApi32e.dll' does not exist
LogInit: Display: Running engine for game: SeniorDesignV1
LogPlatformFile: Not using cached read wrapper
LogInit: Display: RandInit(1094471404) SRandInit(1094471404).
LogInit: Read version file with build ID '3944462'
LogInit: Overriding engine version to CL 3944462, compatible CL 3944462
LogInit: Registered custom module enumerator with build ID '3944462'
LogTaskGraph: Started task graph with 5 named threads and 23 total threads with 3 sets of task threads.
LogStats: Stats thread started at 0.328430
LogD3D11RHI: Aftermath initialized
LogICUInternationalization: Display: ICU TimeZone Detection - Raw Offset: -8:00, Platform Override: ''
LogPluginManager: Mounting plugin Paper2D
LogPluginManager: Mounting plugin LiveLink
LogPluginManager: Mounting plugin LightPropagationVolume
LogPluginManager: Mounting plugin CLionSourceCodeAccess
LogPluginManager: Mounting plugin CodeLiteSourceCodeAccess
LogPluginManager: Mounting plugin GitSourceControl
LogPluginManager: Mounting plugin KDevelopSourceCodeAccess
LogPluginManager: Mounting plugin NullSourceCodeAccess
LogPluginManager: Mounting plugin PerforceSourceControl
LogPluginManager: Mounting plugin SubversionSourceControl
LogPluginManager: Mounting plugin UObjectPlugin
LogPluginManager: Mounting plugin VisualStudioCodeSourceCodeAccess
LogPluginManager: Mounting plugin VisualStudioSourceCodeAccess
LogPluginManager: Mounting plugin XCodeSourceCodeAccess
LogPluginManager: Mounting plugin AssetManagerEditor
LogPluginManager: Mounting plugin CryptoKeys
LogPluginManager: Mounting plugin DataValidation
LogPluginManager: Mounting plugin FacialAnimation
LogPluginManager: Mounting plugin GameplayTagsEditor
LogPluginManager: Mounting plugin MobileLauncherProfileWizard
LogPluginManager: Mounting plugin PluginBrowser
LogPluginManager: Mounting plugin SpeedTreeImporter
LogPluginManager: Mounting plugin DatasmithContent
LogPluginManager: Mounting plugin AlembicImporter
LogPluginManager: Mounting plugin CharacterAI
LogPluginManager: Mounting plugin HTML5Networking
LogPluginManager: Mounting plugin AndroidMedia
LogPluginManager: Mounting plugin AvfMedia
LogPluginManager: Mounting plugin ImgMedia
LogPluginManager: Mounting plugin LinearTimecode
LogPluginManager: Mounting plugin MediaCompositing
LogPluginManager: Mounting plugin MediaPlayerEditor
LogPluginManager: Mounting plugin WmfMedia
LogPluginManager: Mounting plugin TcpMessaging
LogPluginManager: Mounting plugin UdpMessaging
LogPluginManager: Mounting plugin ActorSequence
LogPluginManager: Mounting plugin LevelSequenceEditor
LogPluginManager: Mounting plugin MatineeToLevelSequence
LogPluginManager: Mounting plugin NetcodeUnitTest
LogPluginManager: Mounting plugin NUTUnrealEngine4
LogPluginManager: Mounting plugin OnlineSubsystemGooglePlay
LogPluginManager: Mounting plugin OnlineSubsystemIOS
LogPluginManager: Mounting plugin OnlineSubsystem
LogPluginManager: Mounting plugin OnlineSubsystemNull
LogPluginManager: Mounting plugin OnlineSubsystemUtils
LogPluginManager: Mounting plugin AndroidDeviceProfileSelector
LogPluginManager: Mounting plugin AndroidMoviePlayer
LogPluginManager: Mounting plugin AndroidPermission
LogPluginManager: Mounting plugin AppleARKit
LogPluginManager: Mounting plugin AppleMoviePlayer
LogPluginManager: Mounting plugin ArchVisCharacter
LogPluginManager: Mounting plugin AudioCapture
LogPluginManager: Mounting plugin CableComponent
LogPluginManager: Mounting plugin CustomMeshComponent
LogPluginManager: Mounting plugin ExampleDeviceProfileSelector
LogPluginManager: Mounting plugin GoogleCloudMessaging
LogPluginManager: Mounting plugin ImmediatePhysics
LogPluginManager: Mounting plugin IOSDeviceProfileSelector
LogPluginManager: Mounting plugin LinuxDeviceProfileSelector
LogPluginManager: Mounting plugin LocationServicesBPLibrary
LogPluginManager: Mounting plugin MobilePatchingUtils
LogPluginManager: Mounting plugin OculusVR
LogPluginManager: Plugin shader directory ../../../Engine/Plugins/Runtime/Oculus/OculusVR/Shaders found
LogPluginManager: Mapping shader source directory ../../../Engine/Plugins/Runtime/Oculus/OculusVR/Shaders to virtual directory /Plugin/OculusVR
LogPluginManager: Mounting plugin PhysXVehicles
LogPluginManager: Mounting plugin ProceduralMeshComponent
LogPluginManager: Mounting plugin RuntimePhysXCooking
LogPluginManager: Mounting plugin SteamVR
LogPluginManager: Mounting plugin WindowsMoviePlayer
LogPluginManager: Mounting plugin SocketIOClient
LogStreaming: Display: Took  0.168s to configure plugins.
LogModuleManager: Display: Found up-to-date module file ../../../../../../Users/VRBC/Desktop/rjackson/PresentVR/SeniorDesignV1 4.19/Binaries/Win64/UE4Editor-SeniorDesignV1.dll (API version 3944462).
LogModuleManager: Display: Found up-to-date module file ../../../Engine/Plugins/2D/Paper2D/Binaries/Win64/UE4Editor-Paper2D.dll (API version 3944462).
LogModuleManager: Display: Found up-to-date module file ../../../Engine/Plugins/2D/Paper2D/Binaries/Win64/UE4Editor-Paper2DEditor.dll (API version 3944462).
LogModuleManager: Display: Found up-to-date module file ../../../Engine/Plugins/2D/Paper2D/Binaries/Win64/UE4Editor-PaperSpriteSheetImporter.dll (API version 3944462).
LogModuleManager: Display: Found up-to-date module file ../../../Engine/Plugins/2D/Paper2D/Binaries/Win64/UE4Editor-PaperTiledImporter.dll (API version 3944462).
LogModuleManager: Display: Found up-to-date module file ../../../Engine/Plugins/2D/Paper2D/Binaries/Win64/UE4Editor-SmartSnapping.dll (API version 3944462).
LogModuleManager: Display: Found up-to-date module file ../../../Engine/Plugins/Animation/LiveLink/Binaries/Win64/UE4Editor-LiveLink.dll (API version 3944462).
LogModuleManager: Display: Found up-to-date module file ../../../Engine/Plugins/Animation/LiveLink/Binaries/Win64/UE4Editor-LiveLinkEditor.dll (API version 3944462).
LogModuleManager: Display: Found up-to-date module file ../../../Engine/Plugins/Blendables/LightPropagationVolume/Binaries/Win64/UE4Editor-LightPropagationVolumeRuntime.dll (API version 3944462).
LogModuleManager: Display: Found up-to-date module file ../../../Engine/Plugins/Blendables/LightPropagationVolume/Binaries/Win64/UE4Editor-LightPropagationVolumeEditor.dll (API version 3944462).
LogModuleManager: Display: Found up-to-date module file ../../../Engine/Plugins/Developer/CLionSourceCodeAccess/Binaries/Win64/UE4Editor-CLionSourceCodeAccess.dll (API version 3944462).
LogModuleManager: Display: Found up-to-date module file ../../../Engine/Plugins/Developer/GitSourceControl/Binaries/Win64/UE4Editor-GitSourceControl.dll (API version 3944462).
LogModuleManager: Display: Found up-to-date module file ../../../Engine/Plugins/Developer/PerforceSourceControl/Binaries/Win64/UE4Editor-PerforceSourceControl.dll (API version 3944462).
LogModuleManager: Display: Found up-to-date module file ../../../Engine/Plugins/Developer/SubversionSourceControl/Binaries/Win64/UE4Editor-SubversionSourceControl.dll (API version 3944462).
LogModuleManager: Display: Found up-to-date module file ../../../Engine/Plugins/Developer/UObjectPlugin/Binaries/Win64/UE4Editor-UObjectPlugin.dll (API version 3944462).
LogModuleManager: Display: Found up-to-date module file ../../../Engine/Plugins/Developer/VisualStudioCodeSourceCodeAccess/Binaries/Win64/UE4Editor-VisualStudioCodeSourceCodeAccess.dll (API version 3944462).
LogModuleManager: Display: Found up-to-date module file ../../../Engine/Plugins/Developer/VisualStudioSourceCodeAccess/Binaries/Win64/UE4Editor-VisualStudioSourceCodeAccess.dll (API version 3944462).
LogModuleManager: Display: Found up-to-date module file ../../../Engine/Plugins/Editor/AssetManagerEditor/Binaries/Win64/UE4Editor-AssetManagerEditor.dll (API version 3944462).
LogModuleManager: Display: Found up-to-date module file ../../../Engine/Plugins/Editor/CryptoKeys/Binaries/Win64/UE4Editor-CryptoKeys.dll (API version 3944462).
LogModuleManager: Display: Found up-to-date module file ../../../Engine/Plugins/Editor/CryptoKeys/Binaries/Win64/UE4Editor-CryptoKeysOpenSSL.dll (API version 3944462).
LogModuleManager: Display: Found up-to-date module file ../../../Engine/Plugins/Editor/DataValidation/Binaries/Win64/UE4Editor-DataValidation.dll (API version 3944462).
LogModuleManager: Display: Found up-to-date module file ../../../Engine/Plugins/Editor/FacialAnimation/Binaries/Win64/UE4Editor-FacialAnimation.dll (API version 3944462).
LogModuleManager: Display: Found up-to-date module file ../../../Engine/Plugins/Editor/FacialAnimation/Binaries/Win64/UE4Editor-FacialAnimationEditor.dll (API version 3944462).
LogModuleManager: Display: Found up-to-date module file ../../../Engine/Plugins/Editor/GameplayTagsEditor/Binaries/Win64/UE4Editor-GameplayTagsEditor.dll (API version 3944462).
LogModuleManager: Display: Found up-to-date module file ../../../Engine/Plugins/Editor/MobileLauncherProfileWizard/Binaries/Win64/UE4Editor-MobileLauncherProfileWizard.dll (API version 3944462).
LogModuleManager: Display: Found up-to-date module file ../../../Engine/Plugins/Editor/PluginBrowser/Binaries/Win64/UE4Editor-PluginBrowser.dll (API version 3944462).
LogModuleManager: Display: Found up-to-date module file ../../../Engine/Plugins/Editor/SpeedTreeImporter/Binaries/Win64/UE4Editor-SpeedTreeImporter.dll (API version 3944462).
LogModuleManager: Display: Found up-to-date module file ../../../Engine/Plugins/Enterprise/DatasmithContent/Binaries/Win64/UE4Editor-DatasmithContent.dll (API version 3944462).
LogModuleManager: Display: Found up-to-date module file ../../../Engine/Plugins/Experimental/AlembicImporter/Binaries/Win64/UE4Editor-AlembicImporter.dll (API version 3944462).
LogModuleManager: Display: Found up-to-date module file ../../../Engine/Plugins/Experimental/AlembicImporter/Binaries/Win64/UE4Editor-AlembicLibrary.dll (API version 3944462).
LogModuleManager: Display: Found up-to-date module file ../../../Engine/Plugins/Experimental/CharacterAI/Binaries/Win64/UE4Editor-CharacterAI.dll (API version 3944462).
LogModuleManager: Display: Found up-to-date module file ../../../Engine/Plugins/Experimental/HTML5Networking/Binaries/Win64/UE4Editor-HTML5Networking.dll (API version 3944462).
LogModuleManager: Display: Found up-to-date module file ../../../Engine/Plugins/Media/AndroidMedia/Binaries/Win64/UE4Editor-AndroidMediaEditor.dll (API version 3944462).
LogModuleManager: Display: Found up-to-date module file ../../../Engine/Plugins/Media/AndroidMedia/Binaries/Win64/UE4Editor-AndroidMediaFactory.dll (API version 3944462).
LogModuleManager: Display: Found up-to-date module file ../../../Engine/Plugins/Media/AvfMedia/Binaries/Win64/UE4Editor-AvfMediaEditor.dll (API version 3944462).
LogModuleManager: Display: Found up-to-date module file ../../../Engine/Plugins/Media/AvfMedia/Binaries/Win64/UE4Editor-AvfMediaFactory.dll (API version 3944462).
LogModuleManager: Display: Found up-to-date module file ../../../Engine/Plugins/Media/AvfMedia/Binaries/Win64/UE4Editor-AvfMediaFactory.dll (API version 3944462).
LogModuleManager: Display: Found up-to-date module file ../../../Engine/Plugins/Media/ImgMedia/Binaries/Win64/UE4Editor-ImgMedia.dll (API version 3944462).
LogModuleManager: Display: Found up-to-date module file ../../../Engine/Plugins/Media/ImgMedia/Binaries/Win64/UE4Editor-ImgMediaEditor.dll (API version 3944462).
LogModuleManager: Display: Found up-to-date module file ../../../Engine/Plugins/Media/ImgMedia/Binaries/Win64/UE4Editor-ImgMediaFactory.dll (API version 3944462).
LogModuleManager: Display: Found up-to-date module file ../../../Engine/Plugins/Media/ImgMedia/Binaries/Win64/UE4Editor-ImgMediaFactory.dll (API version 3944462).
LogModuleManager: Display: Found up-to-date module file ../../../Engine/Plugins/Media/ImgMedia/Binaries/Win64/UE4Editor-OpenExrWrapper.dll (API version 3944462).
LogModuleManager: Display: Found up-to-date module file ../../../Engine/Plugins/Media/LinearTimecode/Binaries/Win64/UE4Editor-LinearTimecode.dll (API version 3944462).
LogModuleManager: Display: Found up-to-date module file ../../../Engine/Plugins/Media/MediaCompositing/Binaries/Win64/UE4Editor-MediaCompositing.dll (API version 3944462).
LogModuleManager: Display: Found up-to-date module file ../../../Engine/Plugins/Media/MediaCompositing/Binaries/Win64/UE4Editor-MediaCompositingEditor.dll (API version 3944462).
LogModuleManager: Display: Found up-to-date module file ../../../Engine/Plugins/Media/MediaPlayerEditor/Binaries/Win64/UE4Editor-MediaPlayerEditor.dll (API version 3944462).
LogModuleManager: Display: Found up-to-date module file ../../../Engine/Plugins/Media/WmfMedia/Binaries/Win64/UE4Editor-WmfMedia.dll (API version 3944462).
LogModuleManager: Display: Found up-to-date module file ../../../Engine/Plugins/Media/WmfMedia/Binaries/Win64/UE4Editor-WmfMediaEditor.dll (API version 3944462).
LogModuleManager: Display: Found up-to-date module file ../../../Engine/Plugins/Media/WmfMedia/Binaries/Win64/UE4Editor-WmfMediaFactory.dll (API version 3944462).
LogModuleManager: Display: Found up-to-date module file ../../../Engine/Plugins/Media/WmfMedia/Binaries/Win64/UE4Editor-WmfMediaFactory.dll (API version 3944462).
LogModuleManager: Display: Found up-to-date module file ../../../Engine/Plugins/Messaging/TcpMessaging/Binaries/Win64/UE4Editor-TcpMessaging.dll (API version 3944462).
LogModuleManager: Display: Found up-to-date module file ../../../Engine/Plugins/Messaging/UdpMessaging/Binaries/Win64/UE4Editor-UdpMessaging.dll (API version 3944462).
LogModuleManager: Display: Found up-to-date module file ../../../Engine/Plugins/MovieScene/ActorSequence/Binaries/Win64/UE4Editor-ActorSequence.dll (API version 3944462).
LogModuleManager: Display: Found up-to-date module file ../../../Engine/Plugins/MovieScene/LevelSequenceEditor/Binaries/Win64/UE4Editor-LevelSequenceEditor.dll (API version 3944462).
LogModuleManager: Display: Found up-to-date module file ../../../Engine/Plugins/MovieScene/MatineeToLevelSequence/Binaries/Win64/UE4Editor-MatineeToLevelSequence.dll (API version 3944462).
LogModuleManager: Display: Found up-to-date module file ../../../Engine/Plugins/NetcodeUnitTest/NetcodeUnitTest/Binaries/Win64/UE4Editor-NetcodeUnitTest.dll (API version 3944462).
LogModuleManager: Display: Found up-to-date module file ../../../Engine/Plugins/NetcodeUnitTest/NUTUnrealEngine4/Binaries/Win64/UE4Editor-NUTUnrealEngine4.dll (API version 3944462).
LogModuleManager: Display: Found up-to-date module file ../../../Engine/Plugins/Online/OnlineSubsystem/Binaries/Win64/UE4Editor-OnlineSubsystem.dll (API version 3944462).
LogModuleManager: Display: Found up-to-date module file ../../../Engine/Plugins/Online/OnlineSubsystemNull/Binaries/Win64/UE4Editor-OnlineSubsystemNull.dll (API version 3944462).
LogModuleManager: Display: Found up-to-date module file ../../../Engine/Plugins/Online/OnlineSubsystemUtils/Binaries/Win64/UE4Editor-OnlineSubsystemUtils.dll (API version 3944462).
LogModuleManager: Display: Found up-to-date module file ../../../Engine/Plugins/Online/OnlineSubsystemUtils/Binaries/Win64/UE4Editor-OnlineBlueprintSupport.dll (API version 3944462).
LogModuleManager: Display: Found up-to-date module file ../../../Engine/Plugins/Runtime/AndroidDeviceProfileSelector/Binaries/Win64/UE4Editor-AndroidDeviceProfileSelector.dll (API version 3944462).
LogModuleManager: Display: Found up-to-date module file ../../../Engine/Plugins/Runtime/AndroidPermission/Binaries/Win64/UE4Editor-AndroidPermission.dll (API version 3944462).
LogModuleManager: Display: Found up-to-date module file ../../../Engine/Plugins/Runtime/AppleARKit/Binaries/Win64/UE4Editor-AppleARKit.dll (API version 3944462).
LogModuleManager: Display: Found up-to-date module file ../../../Engine/Plugins/Runtime/ArchVisCharacter/Binaries/Win64/UE4Editor-ArchVisCharacter.dll (API version 3944462).
LogModuleManager: Display: Found up-to-date module file ../../../Engine/Plugins/Runtime/AudioCapture/Binaries/Win64/UE4Editor-AudioCapture.dll (API version 3944462).
LogModuleManager: Display: Found up-to-date module file ../../../Engine/Plugins/Runtime/AudioCapture/Binaries/Win64/UE4Editor-AudioCaptureEditor.dll (API version 3944462).
LogModuleManager: Display: Found up-to-date module file ../../../Engine/Plugins/Runtime/CableComponent/Binaries/Win64/UE4Editor-CableComponent.dll (API version 3944462).
LogModuleManager: Display: Found up-to-date module file ../../../Engine/Plugins/Runtime/CustomMeshComponent/Binaries/Win64/UE4Editor-CustomMeshComponent.dll (API version 3944462).
LogModuleManager: Display: Found up-to-date module file ../../../Engine/Plugins/Runtime/ExampleDeviceProfileSelector/Binaries/Win64/UE4Editor-ExampleDeviceProfileSelector.dll (API version 3944462).
LogModuleManager: Display: Found up-to-date module file ../../../Engine/Plugins/Runtime/ImmediatePhysics/Binaries/Win64/UE4Editor-ImmediatePhysics.dll (API version 3944462).
LogModuleManager: Display: Found up-to-date module file ../../../Engine/Plugins/Runtime/ImmediatePhysics/Binaries/Win64/UE4Editor-ImmediatePhysicsEditor.dll (API version 3944462).
LogModuleManager: Display: Found up-to-date module file ../../../Engine/Plugins/Runtime/LocationServicesBPLibrary/Binaries/Win64/UE4Editor-LocationServicesBPLibrary.dll (API version 3944462).
LogModuleManager: Display: Found up-to-date module file ../../../Engine/Plugins/Runtime/MobilePatchingUtils/Binaries/Win64/UE4Editor-MobilePatchingUtils.dll (API version 3944462).
LogModuleManager: Display: Found up-to-date module file ../../../Engine/Plugins/Runtime/Oculus/OculusVR/Binaries/Win64/UE4Editor-OculusHMD.dll (API version 3944462).
LogModuleManager: Display: Found up-to-date module file ../../../Engine/Plugins/Runtime/Oculus/OculusVR/Binaries/Win64/UE4Editor-OculusInput.dll (API version 3944462).
LogModuleManager: Display: Found up-to-date module file ../../../Engine/Plugins/Runtime/Oculus/OculusVR/Binaries/Win64/UE4Editor-OculusEditor.dll (API version 3944462).
LogModuleManager: Display: Found up-to-date module file ../../../Engine/Plugins/Runtime/PhysXVehicles/Binaries/Win64/UE4Editor-PhysXVehicles.dll (API version 3944462).
LogModuleManager: Display: Found up-to-date module file ../../../Engine/Plugins/Runtime/PhysXVehicles/Binaries/Win64/UE4Editor-PhysXVehiclesEditor.dll (API version 3944462).
LogModuleManager: Display: Found up-to-date module file ../../../Engine/Plugins/Runtime/ProceduralMeshComponent/Binaries/Win64/UE4Editor-ProceduralMeshComponent.dll (API version 3944462).
LogModuleManager: Display: Found up-to-date module file ../../../Engine/Plugins/Runtime/ProceduralMeshComponent/Binaries/Win64/UE4Editor-ProceduralMeshComponentEditor.dll (API version 3944462).
LogModuleManager: Display: Found up-to-date module file ../../../Engine/Plugins/Runtime/RuntimePhysXCooking/Binaries/Win64/UE4Editor-RuntimePhysXCooking.dll (API version 3944462).
LogModuleManager: Display: Found up-to-date module file ../../../Engine/Plugins/Runtime/Steam/SteamVR/Binaries/Win64/UE4Editor-SteamVR.dll (API version 3944462).
LogModuleManager: Display: Found up-to-date module file ../../../Engine/Plugins/Runtime/Steam/SteamVR/Binaries/Win64/UE4Editor-SteamVRController.dll (API version 3944462).
LogModuleManager: Display: Found up-to-date module file ../../../Engine/Plugins/Runtime/WindowsMoviePlayer/Binaries/Win64/UE4Editor-WindowsMoviePlayer.dll (API version 3944462).
LogModuleManager: Display: Found up-to-date module file ../../../../../../Users/VRBC/Desktop/rjackson/PresentVR/SeniorDesignV1 4.19/Plugins/socketio-client-ue4/Binaries/Win64/UE4Editor-SocketIOClient.dll (API version 3944462).
LogModuleManager: Display: Found up-to-date module file ../../../../../../Users/VRBC/Desktop/rjackson/PresentVR/SeniorDesignV1 4.19/Plugins/socketio-client-ue4/Binaries/Win64/UE4Editor-SIOJson.dll (API version 3944462).
LogModuleManager: Display: Found up-to-date module file ../../../../../../Users/VRBC/Desktop/rjackson/PresentVR/SeniorDesignV1 4.19/Plugins/socketio-client-ue4/Binaries/Win64/UE4Editor-CoreUtility.dll (API version 3944462).
LogModuleManager: Display: Found up-to-date module file ../../../../../../Users/VRBC/Desktop/rjackson/PresentVR/SeniorDesignV1 4.19/Plugins/socketio-client-ue4/Binaries/Win64/UE4Editor-SIOJEditorPlugin.dll (API version 3944462).
LogInit: Using libcurl 7.47.1
LogInit:  - built for x86_64-pc-win32
LogInit:  - supports SSL with OpenSSL/1.0.2g
LogInit:  - supports HTTP deflate (compression) using libz 1.2.8
LogInit:  - other features:
LogInit:      CURL_VERSION_SSL
LogInit:      CURL_VERSION_LIBZ
LogInit:      CURL_VERSION_IPV6
LogInit:      CURL_VERSION_ASYNCHDNS
LogInit:      CURL_VERSION_LARGEFILE
LogInit:      CURL_VERSION_IDN
LogInit:  CurlRequestOptions (configurable via config and command line):
LogInit:  - bVerifyPeer = false  - Libcurl will NOT verify peer certificate
LogInit:  - bUseHttpProxy = false  - Libcurl will NOT use HTTP proxy
LogInit:  - bDontReuseConnections = false  - Libcurl will reuse connections
LogInit:  - CertBundlePath = nullptr  - Libcurl will use whatever was configured at build time.
LogInit:  - MaxHostConnections = 16  - Libcurl will limit the number of connections to a host
LogInit:  - LocalHostAddr = Default
LogInit: WinSock: version 1.1 (2.2), MaxSocks=32767, MaxUdp=65467
LogInit: WinSock: I am ART-D-01010 (172.21.0.216:0)
LogInit: Build: ++UE4+Release-4.19-CL-3944462
LogInit: Engine Version: 4.19.0-3944462+++UE4+Release-4.19
LogInit: Compatible Engine Version: 4.19.0-3944462+++UE4+Release-4.19
LogInit: Net CL: 3944462
LogDevObjectVersion: Number of dev versions registered: 18
LogDevObjectVersion:   Dev-Blueprints (B0D832E4-1F89-4F0D-ACCF-7EB736FD4AA2): 10
LogDevObjectVersion:   Dev-Build (E1C64328-A22C-4D53-A36C-8E866417BD8C): 0
LogDevObjectVersion:   Dev-Core (375EC13C-06E4-48FB-B500-84F0262A717E): 2
LogDevObjectVersion:   Dev-Editor (E4B068ED-F494-42E9-A231-DA0B2E46BB41): 23
LogDevObjectVersion:   Dev-Framework (CFFC743F-43B0-4480-9391-14DF171D2073): 33
LogDevObjectVersion:   Dev-Mobile (B02B49B5-BB20-44E9-A304-32B752E40360): 2
LogDevObjectVersion:   Dev-Networking (A4E4105C-59A1-49B5-A7C5-40C4547EDFEE): 0
LogDevObjectVersion:   Dev-Online (39C831C9-5AE6-47DC-9A44-9C173E1C8E7C): 0
LogDevObjectVersion:   Dev-Physics (78F01B33-EBEA-4F98-B9B4-84EACCB95AA2): 0
LogDevObjectVersion:   Dev-Platform (6631380F-2D4D-43E0-8009-CF276956A95A): 0
LogDevObjectVersion:   Dev-Rendering (12F88B9F-8875-4AFC-A67C-D90C383ABD29): 25
LogDevObjectVersion:   Dev-Sequencer (7B5AE74C-D270-4C10-A958-57980B212A5A): 6
LogDevObjectVersion:   Dev-VR (D7296918-1DD6-4BDD-9DE2-64A83CC13884): 1
LogDevObjectVersion:   Dev-LoadTimes (C2A15278-BFE7-4AFE-6C17-90FF531DF755): 1
LogDevObjectVersion:   Private-Geometry (6EACA3D4-40EC-4CC1-B786-8BED09428FC5): 2
LogDevObjectVersion:   Dev-AnimPhys (29E575DD-E0A3-4627-9D10-D276232CDCEA): 16
LogDevObjectVersion:   Dev-ReflectionCapture (6B266CEC-1EC7-4B8F-A30B-E4D90942FC07): 1
LogDevObjectVersion:   Dev-Automation (0DF73D61-A23F-47EA-B727-89E90C41499A): 1
LogInit: Compiled (64-bit): Mar 13 2018 23:12:32
LogInit: Compiled with Visual C++: 19.00.24215.01
LogInit: Build Configuration: Development
LogInit: Branch Name: ++UE4+Release-4.19
LogInit: Command Line:  
LogInit: Base Directory: C:/Program Files/Epic Games/UE_4.19/Engine/Binaries/Win64/
LogInit: Installed Engine Build: 1
LogStreaming: Display: Took  0.004s to delete old logs.
LogInit: Presizing for max 8388607 objects, including 0 objects not considered by GC, pre-allocating 0 bytes for permanent pool.
LogInit: Object subsystem initialized
[2018.05.09-21.16.46:736][  0]LogInit: Selected Device Profile: [Windows]
[2018.05.09-21.16.46:736][  0]LogInit: Applying CVar settings loaded from the selected device profile: [Windows]
[2018.05.09-21.16.46:755][  0]LogInit: Computer: ART-D-01010
[2018.05.09-21.16.46:755][  0]LogInit: User: VRBC
[2018.05.09-21.16.46:755][  0]LogInit: CPU Page size=4096, Cores=4
[2018.05.09-21.16.46:755][  0]LogInit: High frequency timer resolution =3.604936 MHz
[2018.05.09-21.16.46:756][  0]LogMemory: Memory total: Physical=15.9GB (16GB approx)
[2018.05.09-21.16.46:756][  0]LogMemory: Platform Memory Stats for Windows
[2018.05.09-21.16.46:756][  0]LogMemory: Process Physical Memory: 281.20 MB used, 281.20 MB peak
[2018.05.09-21.16.46:756][  0]LogMemory: Process Virtual Memory: 270.98 MB used, 270.98 MB peak
[2018.05.09-21.16.46:756][  0]LogMemory: Physical Memory: 6696.09 MB used,  9610.05 MB free, 16306.14 MB total
[2018.05.09-21.16.46:756][  0]LogMemory: Virtual Memory: 717.13 MB used,  9610.05 MB free, 134217728.00 MB total
[2018.05.09-21.16.46:854][  0]LogInit: Using OS detected language (en-US).
[2018.05.09-21.16.46:854][  0]LogInit: Using OS detected locale (en-US).
[2018.05.09-21.16.46:858][  0]LogTextLocalizationManager: No specific localization for 'en-US' exists, so the 'en' localization will be used.
[2018.05.09-21.16.47:287][  0]LogStreaming: Display: Took  0.432s to EndInitTextLocalization.
[2018.05.09-21.16.47:287][  0]LogInit: Setting process to per monitor DPI aware
[2018.05.09-21.16.47:325][  0]LogSlate: New Slate User Created.  User Index 0, Is Virtual User: 0
[2018.05.09-21.16.47:325][  0]LogSlate: Slate User Registered.  User Index 0, Is Virtual User: 0
[2018.05.09-21.16.47:568][  0]LogD3D11RHI: D3D11 adapters:
[2018.05.09-21.16.47:626][  0]LogD3D11RHI:    0. 'NVIDIA Quadro P4000' (Feature Level 11_0)
[2018.05.09-21.16.47:626][  0]LogD3D11RHI:       8121/0/8153 MB DedicatedVideo/DedicatedSystem/SharedSystem, Outputs:1, VendorId:0x10de
[2018.05.09-21.16.47:627][  0]LogD3D11RHI:    1. 'Microsoft Basic Render Driver' (Feature Level 11_0)
[2018.05.09-21.16.47:627][  0]LogD3D11RHI:       0/0/8153 MB DedicatedVideo/DedicatedSystem/SharedSystem, Outputs:0, VendorId:0x1414
[2018.05.09-21.16.47:627][  0]LogD3D11RHI: Chosen D3D11 Adapter: 0
[2018.05.09-21.16.47:638][  0]LogD3D11RHI: Creating new Direct3DDevice
[2018.05.09-21.16.47:638][  0]LogD3D11RHI:     GPU DeviceId: 0x1bb1 (for the marketing name, search the web for "GPU Device Id")
[2018.05.09-21.16.47:638][  0]LogWindows: EnumDisplayDevices:
[2018.05.09-21.16.47:639][  0]LogWindows:    0. 'NVIDIA Quadro P4000' (P:1 D:1)
[2018.05.09-21.16.47:640][  0]LogWindows:    1. 'NVIDIA Quadro P4000' (P:0 D:0)
[2018.05.09-21.16.47:640][  0]LogWindows:    2. 'NVIDIA Quadro P4000' (P:0 D:0)
[2018.05.09-21.16.47:640][  0]LogWindows:    3. 'NVIDIA Quadro P4000' (P:0 D:0)
[2018.05.09-21.16.47:640][  0]LogWindows: DebugString: FoundDriverCount:4 
[2018.05.09-21.16.47:640][  0]LogD3D11RHI:     Adapter Name: NVIDIA Quadro P4000
[2018.05.09-21.16.47:640][  0]LogD3D11RHI:   Driver Version: 381.65 (internal:22.21.13.8165, unified:381.65)
[2018.05.09-21.16.47:640][  0]LogD3D11RHI:      Driver Date: 3-31-2017
[2018.05.09-21.16.47:640][  0]LogRHI: Texture pool is 5685 MB (70% of 8121 MB)
[2018.05.09-21.16.47:676][  0]LogD3D11RHI: [Aftermath] Aftermath enabled but failed to initialize
[2018.05.09-21.16.47:676][  0]LogD3D11RHI: Async texture creation enabled
[2018.05.09-21.16.47:690][  0]LogD3D11RHI: GPU Timing Frequency: 1000.000000 (Debug: 2 1)
[2018.05.09-21.16.47:735][  0]LogShaderCompilers: Guid format shader working directory is -31 characters bigger than the processId version (../../../../../../Users/VRBC/Desktop/rjackson/PresentVR/SeniorDesignV1 4.19/Intermediate/Shaders/WorkingDirectory/12656/).
[2018.05.09-21.16.47:736][  0]LogShaderCompilers: Cleaned the shader compiler working directory 'C:/Users/VRBC/AppData/Local/Temp/UnrealShaderWorkingDir/469341BA49338F417DA4BF936D59EDF1/'.
[2018.05.09-21.16.48:471][  0]LogTemp: Display: Loaded TP AllDesktopTargetPlatform
[2018.05.09-21.16.48:486][  0]LogTemp: Display: Loaded TP MacClientTargetPlatform
[2018.05.09-21.16.48:502][  0]LogTemp: Display: Loaded TP MacNoEditorTargetPlatform
[2018.05.09-21.16.48:518][  0]LogTemp: Display: Loaded TP MacServerTargetPlatform
[2018.05.09-21.16.48:535][  0]LogTemp: Display: Loaded TP MacTargetPlatform
[2018.05.09-21.16.48:550][  0]LogTemp: Display: Loaded TP WindowsClientTargetPlatform
[2018.05.09-21.16.48:566][  0]LogTemp: Display: Loaded TP WindowsNoEditorTargetPlatform
[2018.05.09-21.16.48:581][  0]LogTemp: Display: Loaded TP WindowsServerTargetPlatform
[2018.05.09-21.16.48:589][  0]LogTemp: Display: Loaded TP WindowsTargetPlatform
[2018.05.09-21.16.48:602][  0]LogTemp: Display: Loaded TP Android_ASTCTargetPlatform
[2018.05.09-21.16.48:614][  0]LogTemp: Display: Loaded TP Android_ATCTargetPlatform
[2018.05.09-21.16.48:627][  0]LogTemp: Display: Loaded TP Android_DXTTargetPlatform
[2018.05.09-21.16.48:639][  0]LogTemp: Display: Loaded TP Android_ETC1aTargetPlatform
[2018.05.09-21.16.48:652][  0]LogTemp: Display: Loaded TP Android_ETC1TargetPlatform
[2018.05.09-21.16.48:664][  0]LogTemp: Display: Loaded TP Android_ETC2TargetPlatform
[2018.05.09-21.16.48:691][  0]LogTemp: Display: Loaded TP Android_MultiTargetPlatform
[2018.05.09-21.16.48:691][  0]LogTemp: Display: Loaded TP Android_PVRTCTargetPlatform
[2018.05.09-21.16.48:706][  0]LogTemp: Display: Loaded TP AndroidTargetPlatform
[2018.05.09-21.16.48:708][  0]LogTemp: Display: Loaded TP HTML5TargetPlatform
[2018.05.09-21.16.48:768][  0]LogTemp: Display: Loaded TP IOSTargetPlatform
[2018.05.09-21.16.48:781][  0]LogTemp: Display: Loaded TP TVOSTargetPlatform
[2018.05.09-21.16.48:795][  0]LogTemp: Display: Loaded TP LinuxClientTargetPlatform
[2018.05.09-21.16.48:807][  0]LogTemp: Display: Loaded TP LinuxNoEditorTargetPlatform
[2018.05.09-21.16.48:820][  0]LogTemp: Display: Loaded TP LinuxServerTargetPlatform
[2018.05.09-21.16.48:834][  0]LogTemp: Display: Loaded TP LinuxTargetPlatform
[2018.05.09-21.16.48:834][  0]LogTargetPlatformManager: Display: Building Assets For Windows
[2018.05.09-21.16.49:263][  0]LogXGEController: Cannot use XGE Controller as Incredibuild is not installed on this machine.
[2018.05.09-21.16.49:263][  0]LogShaderCompilers: Cannot use XGE Shader Compiler as Incredibuild is not installed on this machine.
[2018.05.09-21.16.49:263][  0]LogShaderCompilers: Display: Using Local Shader Compiler.
[2018.05.09-21.16.50:151][  0]LogDerivedDataCache: Display: Max Cache Size: 512 MB
[2018.05.09-21.16.50:300][  0]LogDerivedDataCache: Loaded boot cache 0.15s 74MB C:/Users/VRBC/AppData/Local/UnrealEngine/4.19/DerivedDataCache/Boot.ddc.
[2018.05.09-21.16.50:300][  0]LogDerivedDataCache: Display: Loaded Boot cache: C:/Users/VRBC/AppData/Local/UnrealEngine/4.19/DerivedDataCache/Boot.ddc
[2018.05.09-21.16.50:300][  0]LogDerivedDataCache: FDerivedDataBackendGraph:  Pak pak cache file ../../../../../../Users/VRBC/Desktop/rjackson/PresentVR/SeniorDesignV1 4.19/DerivedDataCache/DDC.ddp not found, will not use a pak cache.
[2018.05.09-21.16.50:300][  0]LogDerivedDataCache: Unable to find inner node Pak for hierarchical cache Hierarchy.
[2018.05.09-21.16.50:300][  0]LogDerivedDataCache: FDerivedDataBackendGraph:  CompressedPak pak cache file ../../../../../../Users/VRBC/Desktop/rjackson/PresentVR/SeniorDesignV1 4.19/DerivedDataCache/Compressed.ddp not found, will not use a pak cache.
[2018.05.09-21.16.50:300][  0]LogDerivedDataCache: Unable to find inner node CompressedPak for hierarchical cache Hierarchy.
[2018.05.09-21.16.50:316][  0]LogDerivedDataCache: Display: Pak cache opened for reading ../../../Engine/DerivedDataCache/Compressed.ddp.
[2018.05.09-21.16.50:329][  0]LogDerivedDataCache: Using Local data cache path C:/Users/VRBC/AppData/Local/UnrealEngine/Common/DerivedDataCache: Writable
[2018.05.09-21.16.50:342][  0]LogMaterial: Verifying Global Shaders for PCD3D_SM5
[2018.05.09-21.16.50:343][  0]LogSlate: Using Freetype 2.6.0
[2018.05.09-21.16.50:344][  0]LogSlate: SlateFontCache - WITH_FREETYPE: 1, WITH_HARFBUZZ: 1
[2018.05.09-21.16.50:344][  0]LogSlate: SlateFontCache - WITH_FREETYPE: 1, WITH_HARFBUZZ: 1
[2018.05.09-21.16.52:788][  0]LogAssetRegistry: FAssetRegistry took 0.0255 seconds to start up
[2018.05.09-21.16.53:116][  0]LogInit: Selected Device Profile: [Windows]
[2018.05.09-21.16.53:333][  0]LogSimplygon: Simplygon DLL not present - disabling.
[2018.05.09-21.16.53:336][  0]LogMeshReduction: Using SimplygonSwarm for distributed automatic mesh merging
[2018.05.09-21.16.53:336][  0]LogMeshReduction: Using QuadricMeshReduction for automatic static mesh reduction
[2018.05.09-21.16.53:337][  0]LogMeshReduction: No automatic skeletal mesh reduction module available
[2018.05.09-21.16.53:337][  0]LogMeshReduction: No automatic mesh merging module available
[2018.05.09-21.16.53:337][  0]LogMeshMerging: No automatic mesh merging module available
[2018.05.09-21.16.53:373][  0]LogNetVersion: SeniorDesignV1 , NetCL: 3944462, EngineNetVer: 2, GameNetVer: 0 (Checksum: 838868365)
[2018.05.09-21.16.53:950][  0]LogPackageLocalizationCache: Processed 9 localized package path(s) for 2 prioritized culture(s) in 0.151025 seconds
[2018.05.09-21.16.53:955][  0]LogUObjectArray: 36728 objects as part of root set at end of initial load.
[2018.05.09-21.16.53:956][  0]LogUObjectAllocator: 7314304 out of 0 bytes used by permanent object pool.
[2018.05.09-21.16.53:956][  0]LogUObjectArray: CloseDisregardForGC: 0/0 objects in disregard for GC pool
[2018.05.09-21.16.55:829][  0]LogTcpMessaging: Initializing TcpMessaging bridge
[2018.05.09-21.16.55:865][  0]LogUdpMessaging: Initializing bridge on interface 0.0.0.0:0 to multicast group 230.0.0.1:6666.
[2018.05.09-21.16.56:434][  0]SourceControl: Source control is disabled
[2018.05.09-21.16.56:434][  0]SourceControl: Source control is disabled
[2018.05.09-21.16.56:465][  0]SourceControl: Source control is disabled
[2018.05.09-21.16.56:494][  0]SourceControl: Source control is disabled
[2018.05.09-21.16.57:255][  0]LogAndroidPermission: UAndroidPermissionCallbackProxy::GetInstance
[2018.05.09-21.16.57:559][  0]LogOcInput: OculusInput pre-init called
[2018.05.09-21.16.57:786][  0]LogEngine: Initializing Engine...
[2018.05.09-21.16.57:786][  0]LogHMD: Oculus plugin initialized. Version: 4.19.0-3944462+++UE4+Release-4.19, OVRPlugin: 1.21.0
[2018.05.09-21.16.57:788][  0]LogStats: UGameplayTagsManager::ConstructGameplayTagTree: Construct from data asset -  0.000 s
[2018.05.09-21.16.57:788][  0]LogStats: UGameplayTagsManager::ConstructGameplayTagTree: GameplayTagTreeChangedEvent.Broadcast -  0.000 s
[2018.05.09-21.16.58:078][  0]LogAIModule: Creating AISystem for world Untitled
[2018.05.09-21.16.58:139][  0]LogInit: XAudio2 using 'Speakers / Headphones (Realtek Audio)' : 2 channels at 48 kHz using 32 bits per sample (channel mask 0x3)
[2018.05.09-21.16.58:177][  0]LogInit: FAudioDevice initialized.
[2018.05.09-21.16.58:325][  0]LogDerivedDataCache: Saved boot cache 0.15s 74MB C:/Users/VRBC/AppData/Local/UnrealEngine/4.19/DerivedDataCache/Boot.ddc.
[2018.05.09-21.16.58:343][  0]LogInit: Texture streaming: Enabled
[2018.05.09-21.16.58:367][  0]LogEngineSessionManager: EngineSessionManager initialized
[2018.05.09-21.16.58:387][  0]LogInit: Transaction tracking system initialized
[2018.05.09-21.16.58:417][  0]BlueprintLog: New page: Editor Load
[2018.05.09-21.16.58:509][  0]LocalizationService: Localization service is disabled
[2018.05.09-21.16.58:662][  0]LogConsoleResponse: Display: 
[2018.05.09-21.16.58:831][  0]LogCook: Display: Max memory allowance for cook 16384mb min free memory 0mb
[2018.05.09-21.16.58:831][  0]LogCook: Display: Mobile HDR setting 1
[2018.05.09-21.16.58:831][  0]LogGameplayTags: Display: UGameplayTagsManager::DoneAddingNativeTags. DelegateIsBound: 0
[2018.05.09-21.16.58:831][  0]LogStats: UGameplayTagsManager::ConstructGameplayTagTree: Construct from data asset -  0.000 s
[2018.05.09-21.16.58:831][  0]LogStats: UGameplayTagsManager::ConstructGameplayTagTree: GameplayTagTreeChangedEvent.Broadcast -  0.000 s
[2018.05.09-21.16.59:470][  0]LogFileCache: Scanning file cache for directory 'C:/Users/VRBC/Desktop/rjackson/PresentVR/SeniorDesignV1 4.19/Content/' took 0.02s
[2018.05.09-21.16.59:470][  0]SourceControl: Source control is disabled
[2018.05.09-21.16.59:470][  0]Cmd: MAP LOAD FILE="../../../Engine/Content/Maps/Templates/Template_Default.umap" TEMPLATE=1 SHOWPROGRESS=1 FEATURELEVEL=3
[2018.05.09-21.16.59:471][  0]LightingResults: New page: Lighting Build
[2018.05.09-21.16.59:475][  0]MapCheck: New page: Map Check
[2018.05.09-21.16.59:475][  0]LightingResults: New page: Lighting Build
[2018.05.09-21.16.59:633][  0]LogAIModule: Creating AISystem for world Untitled_1
[2018.05.09-21.16.59:641][  0]LogEditorServer: Finished looking for orphan Actors (0.000 secs)
[2018.05.09-21.16.59:651][  0]Cmd: MAP CHECKDEP NOCLEARLOG
[2018.05.09-21.16.59:786][  0]MapCheck: Map check complete: 0 Error(s), 0 Warning(s), took 134.599ms to complete.
[2018.05.09-21.16.59:786][  0]LogFileHelpers: Loading map 'Template_Default' took 0.316
[2018.05.09-21.16.59:930][  0]LogCollectionManager: Loaded 0 collections in 0.002471 seconds
[2018.05.09-21.16.59:972][  0]LogFileCache: Scanning file cache for directory 'C:/Users/VRBC/Desktop/rjackson/PresentVR/SeniorDesignV1 4.19/Saved/Collections/' took 0.01s
[2018.05.09-21.16.59:972][  0]LogFileCache: Scanning file cache for directory 'C:/Users/VRBC/Desktop/rjackson/PresentVR/SeniorDesignV1 4.19/Content/Developers/VRBC/Collections/' took 0.01s
[2018.05.09-21.16.59:973][  0]LogFileCache: Scanning file cache for directory 'C:/Users/VRBC/Desktop/rjackson/PresentVR/SeniorDesignV1 4.19/Content/Collections/' took 0.01s
[2018.05.09-21.16.59:973][  0]LogCollectionManager: Rebuilt the GUID cache for 0 collections in 0.000000 seconds
[2018.05.09-21.16.59:982][  0]LogContentBrowser: Native class hierarchy populated in 0.0091 seconds. Added 2462 classes and 567 folders.
[2018.05.09-21.16.59:990][  0]LogContentBrowser: Native class hierarchy updated for 'WidgetCarousel' in 0.0007 seconds. Added 0 classes and 0 folders.
[2018.05.09-21.17.00:046][  0]LogContentBrowser: Native class hierarchy updated for 'AddContentDialog' in 0.0007 seconds. Added 0 classes and 0 folders.
[2018.05.09-21.17.00:052][  0]LogContentBrowser: Native class hierarchy updated for 'SceneOutliner' in 0.0007 seconds. Added 1 classes and 2 folders.
[2018.05.09-21.17.00:123][  0]LogSlate: Took 0.000318 seconds to synchronously load lazily loaded font '../../../Engine/Content/Slate/Fonts/Roboto-Regular.ttf' (155K)
[2018.05.09-21.17.00:127][  0]LogSlate: Took 0.000333 seconds to synchronously load lazily loaded font '../../../Engine/Content/Slate/Fonts/Roboto-Bold.ttf' (160K)
[2018.05.09-21.17.00:134][  0]LogSlate: Took 0.000265 seconds to synchronously load lazily loaded font '../../../Engine/Content/Editor/Slate/Fonts/FontAwesome.ttf' (139K)
[2018.05.09-21.17.00:229][  0]LogRenderer: Reallocating scene render targets to support 1080x440 Format 10 NumSamples 1 (Frame:1).
[2018.05.09-21.17.00:469][  0]LogContentBrowser: Native class hierarchy updated for 'HierarchicalLODOutliner' in 0.0007 seconds. Added 0 classes and 0 folders.
[2018.05.09-21.17.00:469][  0]LogLoad: (Engine Initialization) Total time: 20.16 seconds
[2018.05.09-21.17.00:469][  0]LogLoad: (Engine Initialization) Total Blueprint compile time: 0.00 seconds
[2018.05.09-21.17.00:479][  0]LogWindowsTextInputMethodSystem: Display: IME system now deactivated.
[2018.05.09-21.17.00:479][  0]LogOcInput: OculusInput is initialized
[2018.05.09-21.17.00:499][  0]LogContentStreaming: Texture pool size now 1000 MB
[2018.05.09-21.17.00:553][  1]LogAssetRegistry: Asset discovery search completed in 7.7859 seconds
[2018.05.09-21.17.00:555][  1]LogCollectionManager: Rebuilt the object cache for 0 collections in 0.000000 seconds (found 0 objects)
[2018.05.09-21.17.00:555][  1]LogCollectionManager: Fixed up redirectors for 0 collections in 0.000041 seconds (updated 0 objects)
[2018.05.09-21.17.01:519][104]LogSlate: Took 0.000298 seconds to synchronously load lazily loaded font '../../../Engine/Content/Slate/Fonts/Roboto-Light.ttf' (167K)
[2018.05.09-21.17.03:001][278]LogSlate: FSceneViewport::OnFocusLost() reason 0
[2018.05.09-21.17.03:118][291]LogSlate: Took 0.000518 seconds to synchronously load lazily loaded font '../../../Engine/Content/Slate/Fonts/Roboto-Light.ttf' (167K)
[2018.05.09-21.17.07:282][708]LogAIModule: Creating AISystem for world MainMenu
[2018.05.09-21.17.07:299][708]Cmd: MAP LOAD FILE="../../../../../../Users/VRBC/Desktop/rjackson/PresentVR/SeniorDesignV1 4.19/Content/levels/MainMenu.umap" TEMPLATE=0 SHOWPROGRESS=1 FEATURELEVEL=3
[2018.05.09-21.17.07:299][708]LightingResults: New page: Lighting Build
[2018.05.09-21.17.07:300][708]LoadErrors: New page: Loading map: MainMenu.umap
[2018.05.09-21.17.07:300][708]MapCheck: New page: Map Check
[2018.05.09-21.17.07:300][708]LightingResults: New page: Lighting Build
[2018.05.09-21.17.07:377][708]LogEditorServer: Finished looking for orphan Actors (0.000 secs)
[2018.05.09-21.17.07:413][708]Cmd: MAP CHECKDEP NOCLEARLOG
[2018.05.09-21.17.07:503][708]MapCheck: Map check complete: 0 Error(s), 0 Warning(s), took 90.147ms to complete.
[2018.05.09-21.17.07:505][708]LogFileHelpers: Loading map 'MainMenu' took 0.207
[2018.05.09-21.17.18:218][772]LogTemp: Repeating last play command: VR Preview
[2018.05.09-21.17.18:235][772]LogBlueprintUserMessages: Early PlayInEditor Detection: Level '/Game/levels/MainMenu.MainMenu:PersistentLevel' has LevelScriptBlueprint '/Game/levels/MainMenu.MainMenu:PersistentLevel.MainMenu' with GeneratedClass '/Game/levels/MainMenu.MainMenu_C' with ClassGeneratedBy '/Game/levels/MainMenu.MainMenu:PersistentLevel.MainMenu'
[2018.05.09-21.17.18:235][772]LogPlayLevel: PlayLevel: No blueprints needed recompiling
[2018.05.09-21.17.18:235][772]LogHMD: Initializing OVRPlugin session
[2018.05.09-21.17.18:312][772]PIE: New page: PIE session: MainMenu (May 9, 2018, 7:17:18 AM)
[2018.05.09-21.17.18:312][772]LogPlayLevel: Creating play world package: /Game/levels/UEDPIE_0_MainMenu
[2018.05.09-21.17.18:314][772]LogPlayLevel: PIE: StaticDuplicateObject took: (0.001285s)
[2018.05.09-21.17.18:314][772]LogAIModule: Creating AISystem for world MainMenu
[2018.05.09-21.17.18:315][772]LogPlayLevel: PIE: World Init took: (0.000568s)
[2018.05.09-21.17.18:315][772]LogPlayLevel: PIE: Created PIE world by copying editor world from /Game/levels/MainMenu.MainMenu to /Game/levels/UEDPIE_0_MainMenu.MainMenu (0.002284s)
[2018.05.09-21.17.18:347][772]LogInit: XAudio2 using 'Headphones (2- Rift Audio)' : 2 channels at 48 kHz using 16 bits per sample (channel mask 0x3)
[2018.05.09-21.17.18:364][772]LogInit: FAudioDevice initialized.
[2018.05.09-21.17.18:463][772]LogHMD: Allocating Oculus 2720 x 1600 rendertarget swapchain
[2018.05.09-21.17.18:502][772]LogLoad: Game class is 'MyGameMode_C'
[2018.05.09-21.17.18:504][772]LogWorld: Bringing World /Game/levels/UEDPIE_0_MainMenu.MainMenu up for play (max tick rate 0) at 2018.05.09-14.17.18
[2018.05.09-21.17.18:505][772]LogWorld: Bringing up level for play took: 0.001203
[2018.05.09-21.17.18:509][772]LogContentBrowser: Native class hierarchy updated for 'MovieSceneCapture' in 0.0009 seconds. Added 11 classes and 0 folders.
[2018.05.09-21.17.18:511][772]LogSlate: New Slate User Created.  User Index 8, Is Virtual User: 1
[2018.05.09-21.17.18:511][772]LogSlate: Slate User Registered.  User Index 8, Is Virtual User: 1
[2018.05.09-21.17.18:516][772]PIE: Play in editor start time for /Game/levels/UEDPIE_0_MainMenu -0.598
[2018.05.09-21.17.18:516][772]LogBlueprintUserMessages: Late PlayInEditor Detection: Level '/Game/levels/MainMenu.MainMenu:PersistentLevel' has LevelScriptBlueprint '/Game/levels/MainMenu.MainMenu:PersistentLevel.MainMenu' with GeneratedClass '/Game/levels/MainMenu.MainMenu_C' with ClassGeneratedBy '/Game/levels/MainMenu.MainMenu:PersistentLevel.MainMenu'
[2018.05.09-21.17.18:516][772]LogEngine: Changing dynamic resolution state.
[2018.05.09-21.17.18:520][772]LogRenderer: Reallocating scene render targets to support 2720x1600 Format 10 NumSamples 1 (Frame:1).
[2018.05.09-21.17.18:520][772]LogHMD: Allocating Oculus 2720 x 1600 depth rendertarget swapchain
[2018.05.09-21.17.18:555][773]LogBlueprintUserMessages: [SpeakerPlayerCharacter_C_0] Hello
[2018.05.09-21.17.23:771][375]LogBlueprintUserMessages: Early EndPlayMap Detection: Level '/Game/levels/MainMenu.MainMenu:PersistentLevel' has LevelScriptBlueprint '/Game/levels/MainMenu.MainMenu:PersistentLevel.MainMenu' with GeneratedClass '/Game/levels/MainMenu.MainMenu_C' with ClassGeneratedBy '/Game/levels/MainMenu.MainMenu:PersistentLevel.MainMenu'
[2018.05.09-21.17.23:894][375]LogSlate: Window 'SeniorDesignV1 Game Preview Standalone (64-bit/PCD3D_SM5)' being destroyed
[2018.05.09-21.17.23:926][375]LogBlueprintUserMessages: Late EndPlayMap Detection: Level '/Game/levels/MainMenu.MainMenu:PersistentLevel' has LevelScriptBlueprint '/Game/levels/MainMenu.MainMenu:PersistentLevel.MainMenu' with GeneratedClass '/Game/levels/MainMenu.MainMenu_C' with ClassGeneratedBy '/Game/levels/MainMenu.MainMenu:PersistentLevel.MainMenu'
[2018.05.09-21.17.23:943][375]LogSlate: Slate User Unregistered.  User Index 8
[2018.05.09-21.17.23:944][375]LogSlate: Slate User Destroyed.  User Index 8, Is Virtual User: 1
[2018.05.09-21.17.23:960][376]LogEngine: Changing dynamic resolution state.
[2018.05.09-21.17.27:547][793]LogBlueprintUserMessages: Early PlayInEditor Detection: Level '/Game/levels/MainMenu.MainMenu:PersistentLevel' has LevelScriptBlueprint '/Game/levels/MainMenu.MainMenu:PersistentLevel.MainMenu' with GeneratedClass '/Game/levels/MainMenu.MainMenu_C' with ClassGeneratedBy '/Game/levels/MainMenu.MainMenu:PersistentLevel.MainMenu'
[2018.05.09-21.17.27:547][793]LogPlayLevel: PlayLevel: No blueprints needed recompiling
[2018.05.09-21.17.27:547][793]LogHMD: Initializing OVRPlugin session
[2018.05.09-21.17.27:611][793]PIE: New page: PIE session: MainMenu (May 9, 2018, 7:17:27 AM)
[2018.05.09-21.17.27:611][793]LogPlayLevel: Creating play world package: /Game/levels/UEDPIE_0_MainMenu
[2018.05.09-21.17.27:613][793]LogPlayLevel: PIE: StaticDuplicateObject took: (0.001857s)
[2018.05.09-21.17.27:614][793]LogAIModule: Creating AISystem for world MainMenu
[2018.05.09-21.17.27:614][793]LogPlayLevel: PIE: World Init took: (0.000586s)
[2018.05.09-21.17.27:614][793]LogPlayLevel: PIE: Created PIE world by copying editor world from /Game/levels/MainMenu.MainMenu to /Game/levels/UEDPIE_0_MainMenu.MainMenu (0.002554s)
[2018.05.09-21.17.27:648][793]LogInit: XAudio2 using 'Headphones (2- Rift Audio)' : 2 channels at 48 kHz using 16 bits per sample (channel mask 0x3)
[2018.05.09-21.17.27:663][793]LogInit: FAudioDevice initialized.
[2018.05.09-21.17.27:750][793]LogHMD: Allocating Oculus 2720 x 1600 rendertarget swapchain
[2018.05.09-21.17.27:779][793]LogLoad: Game class is 'MyGameMode_C'
[2018.05.09-21.17.27:780][793]LogWorld: Bringing World /Game/levels/UEDPIE_0_MainMenu.MainMenu up for play (max tick rate 0) at 2018.05.09-14.17.27
[2018.05.09-21.17.27:781][793]LogWorld: Bringing up level for play took: 0.000973
[2018.05.09-21.17.27:782][793]LogSlate: New Slate User Created.  User Index 8, Is Virtual User: 1
[2018.05.09-21.17.27:782][793]LogSlate: Slate User Registered.  User Index 8, Is Virtual User: 1
[2018.05.09-21.17.27:788][793]PIE: Play in editor start time for /Game/levels/UEDPIE_0_MainMenu 0.675
[2018.05.09-21.17.27:788][793]LogBlueprintUserMessages: Late PlayInEditor Detection: Level '/Game/levels/MainMenu.MainMenu:PersistentLevel' has LevelScriptBlueprint '/Game/levels/MainMenu.MainMenu:PersistentLevel.MainMenu' with GeneratedClass '/Game/levels/MainMenu.MainMenu_C' with ClassGeneratedBy '/Game/levels/MainMenu.MainMenu:PersistentLevel.MainMenu'
[2018.05.09-21.17.27:789][793]LogEngine: Changing dynamic resolution state.
[2018.05.09-21.17.27:791][793]LogRenderer: Releasing previous depth to switch default clear from depth: 0.000000 stencil: 0 to depth: 0.000000 stencil: 0
[2018.05.09-21.17.27:791][793]LogHMD: Allocating Oculus 2720 x 1600 depth rendertarget swapchain
[2018.05.09-21.17.30:495][ 35]LogBlueprintUserMessages: [SpeakerPlayerCharacter_C_0] Hello
[2018.05.09-21.17.38:052][715]LogNet: Browse: /Game/levels/conferenceRoomSelect
[2018.05.09-21.17.38:052][715]LogLoadingSplash: Loading begins
[2018.05.09-21.17.38:062][715]LogHMD: FSplash::OnShow
[2018.05.09-21.17.38:062][715]LogLoad: LoadMap: /Game/levels/conferenceRoomSelect
[2018.05.09-21.17.38:072][715]LogSlate: Slate User Unregistered.  User Index 8
[2018.05.09-21.17.38:073][715]LogSlate: Slate User Destroyed.  User Index 8, Is Virtual User: 1
[2018.05.09-21.17.38:102][715]LogLinker: Warning: Can't find file '/Game/StarterContent/Textures/T_MacroVariation'
[2018.05.09-21.17.38:102][715]LogLinker: Warning: Can't find file for asset '/Game/StarterContent/Textures/T_MacroVariation' while loading ../../../../../../Users/VRBC/Desktop/rjackson/PresentVR/SeniorDesignV1 4.19/Content/Assets/ConferenceRoom/Materials/M_Rock_Sandstone.uasset.
[2018.05.09-21.17.38:102][715]LoadErrors: Error: /Game/Assets/ConferenceRoom/Materials/M_Rock_Sandstone : Can't find file for asset. /Game/StarterContent/Textures/T_MacroVariation
[2018.05.09-21.17.38:102][715]LogLinker: Warning: Can't find file '/Game/StarterContent/Textures/T_Perlin_Noise_M'
[2018.05.09-21.17.38:102][715]LogLinker: Warning: Can't find file for asset '/Game/StarterContent/Textures/T_Perlin_Noise_M' while loading ../../../../../../Users/VRBC/Desktop/rjackson/PresentVR/SeniorDesignV1 4.19/Content/Assets/ConferenceRoom/Materials/M_Rock_Sandstone.uasset.
[2018.05.09-21.17.38:102][715]LoadErrors: Error: /Game/Assets/ConferenceRoom/Materials/M_Rock_Sandstone : Can't find file for asset. /Game/StarterContent/Textures/T_Perlin_Noise_M
[2018.05.09-21.17.38:103][715]LogLinker: Warning: Can't find file '/Game/StarterContent/Textures/T_Rock_Sandstone_D'
[2018.05.09-21.17.38:103][715]LogLinker: Warning: Can't find file for asset '/Game/StarterContent/Textures/T_Rock_Sandstone_D' while loading ../../../../../../Users/VRBC/Desktop/rjackson/PresentVR/SeniorDesignV1 4.19/Content/Assets/ConferenceRoom/Materials/M_Rock_Sandstone.uasset.
[2018.05.09-21.17.38:103][715]LoadErrors: Error: /Game/Assets/ConferenceRoom/Materials/M_Rock_Sandstone : Can't find file for asset. /Game/StarterContent/Textures/T_Rock_Sandstone_D
[2018.05.09-21.17.38:103][715]LogLinker: Warning: Can't find file '/Game/StarterContent/Textures/T_Rock_Sandstone_N'
[2018.05.09-21.17.38:103][715]LogLinker: Warning: Can't find file for asset '/Game/StarterContent/Textures/T_Rock_Sandstone_N' while loading ../../../../../../Users/VRBC/Desktop/rjackson/PresentVR/SeniorDesignV1 4.19/Content/Assets/ConferenceRoom/Materials/M_Rock_Sandstone.uasset.
[2018.05.09-21.17.38:103][715]LoadErrors: Error: /Game/Assets/ConferenceRoom/Materials/M_Rock_Sandstone : Can't find file for asset. /Game/StarterContent/Textures/T_Rock_Sandstone_N
[2018.05.09-21.17.38:103][715]LogLinker: Warning: Can't find file '/Game/StarterContent/Textures/T_MacroVariation'
[2018.05.09-21.17.38:103][715]LogLinker: Warning: Can't find file for asset '/Game/StarterContent/Textures/T_MacroVariation' while loading ../../../../../../Users/VRBC/Desktop/rjackson/PresentVR/SeniorDesignV1 4.19/Content/Assets/ConferenceRoom/Materials/M_Rock_Sandstone.uasset.
[2018.05.09-21.17.38:104][715]LogLinker: Warning: Can't find file '/Game/StarterContent/Textures/T_Perlin_Noise_M'
[2018.05.09-21.17.38:104][715]LogLinker: Warning: Can't find file for asset '/Game/StarterContent/Textures/T_Perlin_Noise_M' while loading ../../../../../../Users/VRBC/Desktop/rjackson/PresentVR/SeniorDesignV1 4.19/Content/Assets/ConferenceRoom/Materials/M_Rock_Sandstone.uasset.
[2018.05.09-21.17.38:104][715]LogLinker: Warning: Can't find file '/Game/StarterContent/Textures/T_Rock_Sandstone_D'
[2018.05.09-21.17.38:104][715]LogLinker: Warning: Can't find file for asset '/Game/StarterContent/Textures/T_Rock_Sandstone_D' while loading ../../../../../../Users/VRBC/Desktop/rjackson/PresentVR/SeniorDesignV1 4.19/Content/Assets/ConferenceRoom/Materials/M_Rock_Sandstone.uasset.
[2018.05.09-21.17.38:104][715]LogLinker: Warning: Can't find file '/Game/StarterContent/Textures/T_Rock_Sandstone_N'
[2018.05.09-21.17.38:104][715]LogLinker: Warning: Can't find file for asset '/Game/StarterContent/Textures/T_Rock_Sandstone_N' while loading ../../../../../../Users/VRBC/Desktop/rjackson/PresentVR/SeniorDesignV1 4.19/Content/Assets/ConferenceRoom/Materials/M_Rock_Sandstone.uasset.
[2018.05.09-21.17.38:146][715]LogLinker: Warning: Can't find file '/Game/StarterContent/Textures/T_Rock_Sandstone_D'
[2018.05.09-21.17.38:147][715]LoadErrors: Failed to load /Game/StarterContent/Textures/T_Rock_Sandstone_D.T_Rock_Sandstone_D Referenced by MaterialExpressionTextureSample_1
[2018.05.09-21.17.38:147][715]LogLinker: Warning: Can't find file for asset '/Game/StarterContent/Textures/T_Rock_Sandstone_D' while loading NULL.
[2018.05.09-21.17.38:147][715]LogLinker: Warning: Can't find file '/Game/StarterContent/Textures/T_Rock_Sandstone_D'
[2018.05.09-21.17.38:147][715]LoadErrors: Failed to load /Game/StarterContent/Textures/T_Rock_Sandstone_D.T_Rock_Sandstone_D Referenced by MaterialExpressionTextureSample_2
[2018.05.09-21.17.38:147][715]LogLinker: Warning: Can't find file for asset '/Game/StarterContent/Textures/T_Rock_Sandstone_D' while loading NULL.
[2018.05.09-21.17.38:148][715]LogLinker: Warning: Can't find file '/Game/StarterContent/Textures/T_Rock_Sandstone_N'
[2018.05.09-21.17.38:148][715]LoadErrors: Failed to load /Game/StarterContent/Textures/T_Rock_Sandstone_N.T_Rock_Sandstone_N Referenced by MaterialExpressionTextureSample_4
[2018.05.09-21.17.38:148][715]LogLinker: Warning: Can't find file for asset '/Game/StarterContent/Textures/T_Rock_Sandstone_N' while loading NULL.
[2018.05.09-21.17.38:148][715]LogLinker: Warning: Can't find file '/Game/StarterContent/Textures/T_Rock_Sandstone_N'
[2018.05.09-21.17.38:148][715]LoadErrors: Failed to load /Game/StarterContent/Textures/T_Rock_Sandstone_N.T_Rock_Sandstone_N Referenced by MaterialExpressionTextureSample_5
[2018.05.09-21.17.38:148][715]LogLinker: Warning: Can't find file for asset '/Game/StarterContent/Textures/T_Rock_Sandstone_N' while loading NULL.
[2018.05.09-21.17.38:149][715]LogLinker: Warning: Can't find file '/Game/StarterContent/Textures/T_Perlin_Noise_M'
[2018.05.09-21.17.38:149][715]LoadErrors: Failed to load /Game/StarterContent/Textures/T_Perlin_Noise_M.T_Perlin_Noise_M Referenced by MaterialExpressionTextureSample_62
[2018.05.09-21.17.38:149][715]LogLinker: Warning: Can't find file for asset '/Game/StarterContent/Textures/T_Perlin_Noise_M' while loading NULL.
[2018.05.09-21.17.38:149][715]LogLinker: Warning: Can't find file '/Game/StarterContent/Textures/T_MacroVariation'
[2018.05.09-21.17.38:149][715]LoadErrors: Failed to load /Game/StarterContent/Textures/T_MacroVariation.T_MacroVariation Referenced by MaterialExpressionTextureSample_63
[2018.05.09-21.17.38:149][715]LogLinker: Warning: Can't find file for asset '/Game/StarterContent/Textures/T_MacroVariation' while loading NULL.
[2018.05.09-21.17.38:149][715]LogLinker: Warning: Can't find file '/Game/StarterContent/Textures/T_MacroVariation'
[2018.05.09-21.17.38:150][715]LoadErrors: Failed to load /Game/StarterContent/Textures/T_MacroVariation.T_MacroVariation Referenced by MaterialExpressionTextureSample_64
[2018.05.09-21.17.38:150][715]LogLinker: Warning: Can't find file for asset '/Game/StarterContent/Textures/T_MacroVariation' while loading NULL.
[2018.05.09-21.17.38:150][715]LogLinker: Warning: Can't find file '/Game/StarterContent/Textures/T_MacroVariation'
[2018.05.09-21.17.38:150][715]LoadErrors: Failed to load /Game/StarterContent/Textures/T_MacroVariation.T_MacroVariation Referenced by MaterialExpressionTextureSample_65
[2018.05.09-21.17.38:150][715]LogLinker: Warning: Can't find file for asset '/Game/StarterContent/Textures/T_MacroVariation' while loading NULL.
[2018.05.09-21.17.38:208][715]LogMaterial: Missing cached shader map for material M_Rock_Sandstone, compiling. 
[2018.05.09-21.17.38:209][715]LogMaterial: Warning: C:\Users\VRBC\Desktop\rjackson\PresentVR\SeniorDesignV1 4.19\Content\Assets\ConferenceRoom\Materials\M_Rock_Sandstone.uasset: Failed to compile Material for platform PCD3D_SM5, Default Material will be used in game.
[2018.05.09-21.17.38:209][715]LogMaterial: 	(Node TextureSample) Texture Sample> Missing input texture
[2018.05.09-21.17.38:909][715]LogAIModule: Creating AISystem for world conferenceRoomSelect
[2018.05.09-21.17.38:909][715]LogLoad: Game class is 'MyGameMode_C'
[2018.05.09-21.17.38:914][715]LogWorld: Bringing World /Game/levels/UEDPIE_0_conferenceRoomSelect.conferenceRoomSelect up for play (max tick rate 0) at 2018.05.09-14.17.38
[2018.05.09-21.17.38:914][715]LogWorld: Bringing up level for play took: 0.004506
[2018.05.09-21.17.38:916][715]LogSlate: New Slate User Created.  User Index 8, Is Virtual User: 1
[2018.05.09-21.17.38:916][715]LogSlate: Slate User Registered.  User Index 8, Is Virtual User: 1
[2018.05.09-21.17.38:917][715]LogLoadingSplash: Loading ends
[2018.05.09-21.17.38:917][715]LogHMD: FSplash::OnHide
[2018.05.09-21.17.38:941][715]LogLoad: Took 0.878041 seconds to LoadMap(/Game/levels/conferenceRoomSelect)
[2018.05.09-21.17.46:158][360]LogNet: Browse: /Game/levels/classRoomSelect
[2018.05.09-21.17.46:158][360]LogLoadingSplash: Loading begins
[2018.05.09-21.17.46:168][360]LogHMD: FSplash::OnShow
[2018.05.09-21.17.46:168][360]LogLoad: LoadMap: /Game/levels/classRoomSelect
[2018.05.09-21.17.46:179][360]LogSlate: Slate User Unregistered.  User Index 8
[2018.05.09-21.17.46:180][360]LogSlate: Slate User Destroyed.  User Index 8, Is Virtual User: 1
[2018.05.09-21.17.46:878][360]LogAIModule: Creating AISystem for world classRoomSelect
[2018.05.09-21.17.46:879][360]LogLoad: Game class is 'MyGameMode_C'
[2018.05.09-21.17.46:893][360]LogWorld: Bringing World /Game/levels/UEDPIE_0_classRoomSelect.classRoomSelect up for play (max tick rate 0) at 2018.05.09-14.17.46
[2018.05.09-21.17.46:893][360]LogWorld: Bringing up level for play took: 0.013574
[2018.05.09-21.17.46:896][360]LogSlate: New Slate User Created.  User Index 8, Is Virtual User: 1
[2018.05.09-21.17.46:896][360]LogSlate: Slate User Registered.  User Index 8, Is Virtual User: 1
[2018.05.09-21.17.46:898][360]LogLoadingSplash: Loading ends
[2018.05.09-21.17.46:898][360]LogHMD: FSplash::OnHide
[2018.05.09-21.17.46:906][360]LogLoad: Took 0.738135 seconds to LoadMap(/Game/levels/classRoomSelect)
[2018.05.09-21.17.55:842][163]PIE: Error: SetInputMode_GameOnly expects a valid player controller as 'PlayerController' target
[2018.05.09-21.17.55:853][164]LogNet: Browse: /Game/levels/conferenceRoomSelect
[2018.05.09-21.17.55:853][164]LogLoadingSplash: Loading begins
[2018.05.09-21.17.55:862][164]LogHMD: FSplash::OnShow
[2018.05.09-21.17.55:863][164]LogLoad: LoadMap: /Game/levels/conferenceRoomSelect
[2018.05.09-21.17.55:877][164]LogSlate: Slate User Unregistered.  User Index 8
[2018.05.09-21.17.55:877][164]LogSlate: Slate User Destroyed.  User Index 8, Is Virtual User: 1
[2018.05.09-21.17.55:971][164]LogLinker: Warning: Can't find file '/Game/StarterContent/Textures/T_MacroVariation'
[2018.05.09-21.17.55:971][164]LogLinker: Warning: Can't find file for asset '/Game/StarterContent/Textures/T_MacroVariation' while loading ../../../../../../Users/VRBC/Desktop/rjackson/PresentVR/SeniorDesignV1 4.19/Content/Assets/ConferenceRoom/Materials/M_Rock_Sandstone.uasset.
[2018.05.09-21.17.55:972][164]LogLinker: Warning: Can't find file '/Game/StarterContent/Textures/T_Perlin_Noise_M'
[2018.05.09-21.17.55:972][164]LogLinker: Warning: Can't find file for asset '/Game/StarterContent/Textures/T_Perlin_Noise_M' while loading ../../../../../../Users/VRBC/Desktop/rjackson/PresentVR/SeniorDesignV1 4.19/Content/Assets/ConferenceRoom/Materials/M_Rock_Sandstone.uasset.
[2018.05.09-21.17.55:972][164]LogLinker: Warning: Can't find file '/Game/StarterContent/Textures/T_Rock_Sandstone_D'
[2018.05.09-21.17.55:972][164]LogLinker: Warning: Can't find file for asset '/Game/StarterContent/Textures/T_Rock_Sandstone_D' while loading ../../../../../../Users/VRBC/Desktop/rjackson/PresentVR/SeniorDesignV1 4.19/Content/Assets/ConferenceRoom/Materials/M_Rock_Sandstone.uasset.
[2018.05.09-21.17.55:973][164]LogLinker: Warning: Can't find file '/Game/StarterContent/Textures/T_Rock_Sandstone_N'
[2018.05.09-21.17.55:973][164]LogLinker: Warning: Can't find file for asset '/Game/StarterContent/Textures/T_Rock_Sandstone_N' while loading ../../../../../../Users/VRBC/Desktop/rjackson/PresentVR/SeniorDesignV1 4.19/Content/Assets/ConferenceRoom/Materials/M_Rock_Sandstone.uasset.
[2018.05.09-21.17.55:973][164]LogLinker: Warning: Can't find file '/Game/StarterContent/Textures/T_MacroVariation'
[2018.05.09-21.17.55:973][164]LogLinker: Warning: Can't find file for asset '/Game/StarterContent/Textures/T_MacroVariation' while loading ../../../../../../Users/VRBC/Desktop/rjackson/PresentVR/SeniorDesignV1 4.19/Content/Assets/ConferenceRoom/Materials/M_Rock_Sandstone.uasset.
[2018.05.09-21.17.55:973][164]LogLinker: Warning: Can't find file '/Game/StarterContent/Textures/T_Perlin_Noise_M'
[2018.05.09-21.17.55:973][164]LogLinker: Warning: Can't find file for asset '/Game/StarterContent/Textures/T_Perlin_Noise_M' while loading ../../../../../../Users/VRBC/Desktop/rjackson/PresentVR/SeniorDesignV1 4.19/Content/Assets/ConferenceRoom/Materials/M_Rock_Sandstone.uasset.
[2018.05.09-21.17.55:974][164]LogLinker: Warning: Can't find file '/Game/StarterContent/Textures/T_Rock_Sandstone_D'
[2018.05.09-21.17.55:974][164]LogLinker: Warning: Can't find file for asset '/Game/StarterContent/Textures/T_Rock_Sandstone_D' while loading ../../../../../../Users/VRBC/Desktop/rjackson/PresentVR/SeniorDesignV1 4.19/Content/Assets/ConferenceRoom/Materials/M_Rock_Sandstone.uasset.
[2018.05.09-21.17.55:974][164]LogLinker: Warning: Can't find file '/Game/StarterContent/Textures/T_Rock_Sandstone_N'
[2018.05.09-21.17.55:974][164]LogLinker: Warning: Can't find file for asset '/Game/StarterContent/Textures/T_Rock_Sandstone_N' while loading ../../../../../../Users/VRBC/Desktop/rjackson/PresentVR/SeniorDesignV1 4.19/Content/Assets/ConferenceRoom/Materials/M_Rock_Sandstone.uasset.
[2018.05.09-21.17.56:050][164]LogAIModule: Creating AISystem for world conferenceRoomSelect
[2018.05.09-21.17.56:051][164]LogLoad: Game class is 'MyGameMode_C'
[2018.05.09-21.17.56:055][164]LogWorld: Bringing World /Game/levels/UEDPIE_0_conferenceRoomSelect.conferenceRoomSelect up for play (max tick rate 0) at 2018.05.09-14.17.56
[2018.05.09-21.17.56:055][164]LogWorld: Bringing up level for play took: 0.003986
[2018.05.09-21.17.56:056][164]LogSlate: New Slate User Created.  User Index 8, Is Virtual User: 1
[2018.05.09-21.17.56:056][164]LogSlate: Slate User Registered.  User Index 8, Is Virtual User: 1
[2018.05.09-21.17.56:057][164]LogLoadingSplash: Loading ends
[2018.05.09-21.17.56:057][164]LogHMD: FSplash::OnHide
[2018.05.09-21.17.56:063][164]LogLoad: Took 0.200484 seconds to LoadMap(/Game/levels/conferenceRoomSelect)
[2018.05.09-21.17.58:512][384]LogNet: Browse: /Game/levels/classRoomSelect
[2018.05.09-21.17.58:512][384]LogLoadingSplash: Loading begins
[2018.05.09-21.17.58:521][384]LogHMD: FSplash::OnShow
[2018.05.09-21.17.58:521][384]LogLoad: LoadMap: /Game/levels/classRoomSelect
[2018.05.09-21.17.58:533][384]LogSlate: Slate User Unregistered.  User Index 8
[2018.05.09-21.17.58:533][384]LogSlate: Slate User Destroyed.  User Index 8, Is Virtual User: 1
[2018.05.09-21.17.58:780][384]LogAIModule: Creating AISystem for world classRoomSelect
[2018.05.09-21.17.58:780][384]LogLoad: Game class is 'MyGameMode_C'
[2018.05.09-21.17.58:790][384]LogWorld: Bringing World /Game/levels/UEDPIE_0_classRoomSelect.classRoomSelect up for play (max tick rate 0) at 2018.05.09-14.17.58
[2018.05.09-21.17.58:791][384]LogWorld: Bringing up level for play took: 0.010213
[2018.05.09-21.17.58:793][384]LogSlate: New Slate User Created.  User Index 8, Is Virtual User: 1
[2018.05.09-21.17.58:793][384]LogSlate: Slate User Registered.  User Index 8, Is Virtual User: 1
[2018.05.09-21.17.58:794][384]LogLoadingSplash: Loading ends
[2018.05.09-21.17.58:794][384]LogHMD: FSplash::OnHide
[2018.05.09-21.17.58:800][384]LogLoad: Took 0.278890 seconds to LoadMap(/Game/levels/classRoomSelect)
[2018.05.09-21.18.00:772][549]PIE: Error: SetInputMode_GameOnly expects a valid player controller as 'PlayerController' target
[2018.05.09-21.18.00:815][550]LogNet: Browse: /Game/levels/conferenceRoomSelect
[2018.05.09-21.18.00:815][550]LogLoadingSplash: Loading begins
[2018.05.09-21.18.00:862][550]LogHMD: FSplash::OnShow
[2018.05.09-21.18.00:862][550]LogLoad: LoadMap: /Game/levels/conferenceRoomSelect
[2018.05.09-21.18.00:886][550]LogSlate: Slate User Unregistered.  User Index 8
[2018.05.09-21.18.00:886][550]LogSlate: Slate User Destroyed.  User Index 8, Is Virtual User: 1
[2018.05.09-21.18.01:012][550]LogLinker: Warning: Can't find file '/Game/StarterContent/Textures/T_MacroVariation'
[2018.05.09-21.18.01:012][550]LogLinker: Warning: Can't find file for asset '/Game/StarterContent/Textures/T_MacroVariation' while loading ../../../../../../Users/VRBC/Desktop/rjackson/PresentVR/SeniorDesignV1 4.19/Content/Assets/ConferenceRoom/Materials/M_Rock_Sandstone.uasset.
[2018.05.09-21.18.01:012][550]LogLinker: Warning: Can't find file '/Game/StarterContent/Textures/T_Perlin_Noise_M'
[2018.05.09-21.18.01:012][550]LogLinker: Warning: Can't find file for asset '/Game/StarterContent/Textures/T_Perlin_Noise_M' while loading ../../../../../../Users/VRBC/Desktop/rjackson/PresentVR/SeniorDesignV1 4.19/Content/Assets/ConferenceRoom/Materials/M_Rock_Sandstone.uasset.
[2018.05.09-21.18.01:012][550]LogLinker: Warning: Can't find file '/Game/StarterContent/Textures/T_Rock_Sandstone_D'
[2018.05.09-21.18.01:013][550]LogLinker: Warning: Can't find file for asset '/Game/StarterContent/Textures/T_Rock_Sandstone_D' while loading ../../../../../../Users/VRBC/Desktop/rjackson/PresentVR/SeniorDesignV1 4.19/Content/Assets/ConferenceRoom/Materials/M_Rock_Sandstone.uasset.
[2018.05.09-21.18.01:013][550]LogLinker: Warning: Can't find file '/Game/StarterContent/Textures/T_Rock_Sandstone_N'
[2018.05.09-21.18.01:013][550]LogLinker: Warning: Can't find file for asset '/Game/StarterContent/Textures/T_Rock_Sandstone_N' while loading ../../../../../../Users/VRBC/Desktop/rjackson/PresentVR/SeniorDesignV1 4.19/Content/Assets/ConferenceRoom/Materials/M_Rock_Sandstone.uasset.
[2018.05.09-21.18.01:013][550]LogLinker: Warning: Can't find file '/Game/StarterContent/Textures/T_MacroVariation'
[2018.05.09-21.18.01:014][550]LogLinker: Warning: Can't find file for asset '/Game/StarterContent/Textures/T_MacroVariation' while loading ../../../../../../Users/VRBC/Desktop/rjackson/PresentVR/SeniorDesignV1 4.19/Content/Assets/ConferenceRoom/Materials/M_Rock_Sandstone.uasset.
[2018.05.09-21.18.01:014][550]LogLinker: Warning: Can't find file '/Game/StarterContent/Textures/T_Perlin_Noise_M'
[2018.05.09-21.18.01:014][550]LogLinker: Warning: Can't find file for asset '/Game/StarterContent/Textures/T_Perlin_Noise_M' while loading ../../../../../../Users/VRBC/Desktop/rjackson/PresentVR/SeniorDesignV1 4.19/Content/Assets/ConferenceRoom/Materials/M_Rock_Sandstone.uasset.
[2018.05.09-21.18.01:014][550]LogLinker: Warning: Can't find file '/Game/StarterContent/Textures/T_Rock_Sandstone_D'
[2018.05.09-21.18.01:014][550]LogLinker: Warning: Can't find file for asset '/Game/StarterContent/Textures/T_Rock_Sandstone_D' while loading ../../../../../../Users/VRBC/Desktop/rjackson/PresentVR/SeniorDesignV1 4.19/Content/Assets/ConferenceRoom/Materials/M_Rock_Sandstone.uasset.
[2018.05.09-21.18.01:014][550]LogLinker: Warning: Can't find file '/Game/StarterContent/Textures/T_Rock_Sandstone_N'
[2018.05.09-21.18.01:015][550]LogLinker: Warning: Can't find file for asset '/Game/StarterContent/Textures/T_Rock_Sandstone_N' while loading ../../../../../../Users/VRBC/Desktop/rjackson/PresentVR/SeniorDesignV1 4.19/Content/Assets/ConferenceRoom/Materials/M_Rock_Sandstone.uasset.
[2018.05.09-21.18.01:124][550]LogAIModule: Creating AISystem for world conferenceRoomSelect
[2018.05.09-21.18.01:125][550]LogLoad: Game class is 'MyGameMode_C'
[2018.05.09-21.18.01:132][550]LogWorld: Bringing World /Game/levels/UEDPIE_0_conferenceRoomSelect.conferenceRoomSelect up for play (max tick rate 0) at 2018.05.09-14.18.01
[2018.05.09-21.18.01:132][550]LogWorld: Bringing up level for play took: 0.006075
[2018.05.09-21.18.01:133][550]LogSlate: New Slate User Created.  User Index 8, Is Virtual User: 1
[2018.05.09-21.18.01:133][550]LogSlate: Slate User Registered.  User Index 8, Is Virtual User: 1
[2018.05.09-21.18.01:134][550]LogLoadingSplash: Loading ends
[2018.05.09-21.18.01:134][550]LogHMD: FSplash::OnHide
[2018.05.09-21.18.01:182][550]LogLoad: Took 0.320546 seconds to LoadMap(/Game/levels/conferenceRoomSelect)
[2018.05.09-21.18.02:508][645]LogNet: Browse: /Game/levels/conferenceRoom
[2018.05.09-21.18.02:509][645]LogLoadingSplash: Loading begins
[2018.05.09-21.18.02:518][645]LogHMD: FSplash::OnShow
[2018.05.09-21.18.02:518][645]LogLoad: LoadMap: /Game/levels/conferenceRoom
[2018.05.09-21.18.02:530][645]LogSlate: Slate User Unregistered.  User Index 8
[2018.05.09-21.18.02:530][645]LogSlate: Slate User Destroyed.  User Index 8, Is Virtual User: 1
[2018.05.09-21.18.02:608][645]LogBlueprint: Warning: [Compiler Male1_AnimationBP] Interested to Lean Forward  will never be taken, please connect something to  Can Enter Transition
[2018.05.09-21.18.02:627][645]LogBlueprint: Warning: [Compiler Male1_AnimationBP] Node  Transform (Modify) Bone - Bone: Head  uses potentially thread-unsafe call  Get Player Character . Disable threaded update or use a thread-safe call. Function may need BlueprintThreadSafe metadata adding.
[2018.05.09-21.18.02:627][645]LogBlueprint: Warning: [Compiler Male1_AnimationBP] Node  Transform (Modify) Bone - Bone: Head  uses potentially thread-unsafe call  Get Player Character . Disable threaded update or use a thread-safe call. Function may need BlueprintThreadSafe metadata adding.
[2018.05.09-21.18.02:627][645]LogBlueprint: Warning: [Compiler Male1_AnimationBP] Node  Transform (Modify) Bone - Bone: Head  uses potentially thread-unsafe call  Get Owning Actor . Disable threaded update or use a thread-safe call. Function may need BlueprintThreadSafe metadata adding.
[2018.05.09-21.18.02:627][645]LogBlueprint: Warning: [Compiler Male1_AnimationBP] Node  Transform (Modify) Bone - Bone: Head  uses potentially thread-unsafe call  Get Owning Actor . Disable threaded update or use a thread-safe call. Function may need BlueprintThreadSafe metadata adding.
[2018.05.09-21.18.02:627][645]LogBlueprint: Warning: [Compiler Male1_AnimationBP] Node  Transform (Modify) Bone - Bone: Head  uses potentially thread-unsafe call  Get Player Character . Disable threaded update or use a thread-safe call. Function may need BlueprintThreadSafe metadata adding.
[2018.05.09-21.18.02:627][645]LogBlueprint: Warning: [Compiler Male1_AnimationBP] Node  Transform (Modify) Bone - Bone: Head  uses potentially thread-unsafe call  Get Player Character . Disable threaded update or use a thread-safe call. Function may need BlueprintThreadSafe metadata adding.
[2018.05.09-21.18.02:627][645]LogBlueprint: Warning: [Compiler Male1_AnimationBP] Node  Transform (Modify) Bone - Bone: Head  uses potentially thread-unsafe call  Get Owning Actor . Disable threaded update or use a thread-safe call. Function may need BlueprintThreadSafe metadata adding.
[2018.05.09-21.18.02:628][645]LogBlueprint: Warning: [Compiler Male1_AnimationBP] Node  Transform (Modify) Bone - Bone: Head  uses potentially thread-unsafe call  Get Owning Actor . Disable threaded update or use a thread-safe call. Function may need BlueprintThreadSafe metadata adding.
[2018.05.09-21.18.02:628][645]LogBlueprint: Warning: [Compiler Male1_AnimationBP] Node  Transform (Modify) Bone - Bone: Head  uses potentially thread-unsafe call  Get Player Character . Disable threaded update or use a thread-safe call. Function may need BlueprintThreadSafe metadata adding.
[2018.05.09-21.18.02:628][645]LogBlueprint: Warning: [Compiler Male1_AnimationBP] Node  Transform (Modify) Bone - Bone: Head  uses potentially thread-unsafe call  Get Player Character . Disable threaded update or use a thread-safe call. Function may need BlueprintThreadSafe metadata adding.
[2018.05.09-21.18.02:628][645]LogBlueprint: Warning: [Compiler Male1_AnimationBP] Node  Transform (Modify) Bone - Bone: Head  uses potentially thread-unsafe call  Get Owning Actor . Disable threaded update or use a thread-safe call. Function may need BlueprintThreadSafe metadata adding.
[2018.05.09-21.18.02:628][645]LogBlueprint: Warning: [Compiler Male1_AnimationBP] Node  Transform (Modify) Bone - Bone: Head  uses potentially thread-unsafe call  Get Owning Actor . Disable threaded update or use a thread-safe call. Function may need BlueprintThreadSafe metadata adding.
[2018.05.09-21.18.02:628][645]LogBlueprint: Warning: [Compiler Male1_AnimationBP] Node  Transform (Modify) Bone - Bone: Head  uses potentially thread-unsafe call  Get Player Character . Disable threaded update or use a thread-safe call. Function may need BlueprintThreadSafe metadata adding.
[2018.05.09-21.18.02:628][645]LogBlueprint: Warning: [Compiler Male1_AnimationBP] Node  Transform (Modify) Bone - Bone: Head  uses potentially thread-unsafe call  Get Player Character . Disable threaded update or use a thread-safe call. Function may need BlueprintThreadSafe metadata adding.
[2018.05.09-21.18.02:628][645]LogBlueprint: Warning: [Compiler Male1_AnimationBP] Node  Transform (Modify) Bone - Bone: Head  uses potentially thread-unsafe call  Get Owning Actor . Disable threaded update or use a thread-safe call. Function may need BlueprintThreadSafe metadata adding.
[2018.05.09-21.18.02:628][645]LogBlueprint: Warning: [Compiler Male1_AnimationBP] Node  Transform (Modify) Bone - Bone: Head  uses potentially thread-unsafe call  Get Owning Actor . Disable threaded update or use a thread-safe call. Function may need BlueprintThreadSafe metadata adding.
[2018.05.09-21.18.02:628][645]LogBlueprint: Warning: [Compiler Male1_AnimationBP] Node  Transform (Modify) Bone - Bone: Head  uses potentially thread-unsafe call  Get Player Character . Disable threaded update or use a thread-safe call. Function may need BlueprintThreadSafe metadata adding.
[2018.05.09-21.18.02:628][645]LogBlueprint: Warning: [Compiler Male1_AnimationBP] Node  Transform (Modify) Bone - Bone: Head  uses potentially thread-unsafe call  Get Player Character . Disable threaded update or use a thread-safe call. Function may need BlueprintThreadSafe metadata adding.
[2018.05.09-21.18.02:628][645]LogBlueprint: Warning: [Compiler Male1_AnimationBP] Node  Transform (Modify) Bone - Bone: Head  uses potentially thread-unsafe call  Get Owning Actor . Disable threaded update or use a thread-safe call. Function may need BlueprintThreadSafe metadata adding.
[2018.05.09-21.18.02:628][645]LogBlueprint: Warning: [Compiler Male1_AnimationBP] Node  Transform (Modify) Bone - Bone: Head  uses potentially thread-unsafe call  Get Owning Actor . Disable threaded update or use a thread-safe call. Function may need BlueprintThreadSafe metadata adding.
[2018.05.09-21.18.02:629][645]LogBlueprint: Warning: [Compiler Male1_AnimationBP] [0082.32] Compile of Male1_AnimationBP successful, but with 21 Warning(s) [in 38 ms] (/Game/people/testmale/animation/Male1_AnimationBP.Male1_AnimationBP)
[2018.05.09-21.18.02:783][645]LogLinker: Warning: Can't find file '/Game/StarterContent/Textures/T_MacroVariation'
[2018.05.09-21.18.02:783][645]LogLinker: Warning: Can't find file for asset '/Game/StarterContent/Textures/T_MacroVariation' while loading ../../../../../../Users/VRBC/Desktop/rjackson/PresentVR/SeniorDesignV1 4.19/Content/Assets/ConferenceRoom/Materials/M_Rock_Sandstone.uasset.
[2018.05.09-21.18.02:783][645]LogLinker: Warning: Can't find file '/Game/StarterContent/Textures/T_Perlin_Noise_M'
[2018.05.09-21.18.02:784][645]LogLinker: Warning: Can't find file for asset '/Game/StarterContent/Textures/T_Perlin_Noise_M' while loading ../../../../../../Users/VRBC/Desktop/rjackson/PresentVR/SeniorDesignV1 4.19/Content/Assets/ConferenceRoom/Materials/M_Rock_Sandstone.uasset.
[2018.05.09-21.18.02:784][645]LogLinker: Warning: Can't find file '/Game/StarterContent/Textures/T_Rock_Sandstone_D'
[2018.05.09-21.18.02:784][645]LogLinker: Warning: Can't find file for asset '/Game/StarterContent/Textures/T_Rock_Sandstone_D' while loading ../../../../../../Users/VRBC/Desktop/rjackson/PresentVR/SeniorDesignV1 4.19/Content/Assets/ConferenceRoom/Materials/M_Rock_Sandstone.uasset.
[2018.05.09-21.18.02:784][645]LogLinker: Warning: Can't find file '/Game/StarterContent/Textures/T_Rock_Sandstone_N'
[2018.05.09-21.18.02:784][645]LogLinker: Warning: Can't find file for asset '/Game/StarterContent/Textures/T_Rock_Sandstone_N' while loading ../../../../../../Users/VRBC/Desktop/rjackson/PresentVR/SeniorDesignV1 4.19/Content/Assets/ConferenceRoom/Materials/M_Rock_Sandstone.uasset.
[2018.05.09-21.18.02:784][645]LogLinker: Warning: Can't find file '/Game/StarterContent/Textures/T_MacroVariation'
[2018.05.09-21.18.02:784][645]LogLinker: Warning: Can't find file for asset '/Game/StarterContent/Textures/T_MacroVariation' while loading ../../../../../../Users/VRBC/Desktop/rjackson/PresentVR/SeniorDesignV1 4.19/Content/Assets/ConferenceRoom/Materials/M_Rock_Sandstone.uasset.
[2018.05.09-21.18.02:785][645]LogLinker: Warning: Can't find file '/Game/StarterContent/Textures/T_Perlin_Noise_M'
[2018.05.09-21.18.02:785][645]LogLinker: Warning: Can't find file for asset '/Game/StarterContent/Textures/T_Perlin_Noise_M' while loading ../../../../../../Users/VRBC/Desktop/rjackson/PresentVR/SeniorDesignV1 4.19/Content/Assets/ConferenceRoom/Materials/M_Rock_Sandstone.uasset.
[2018.05.09-21.18.02:785][645]LogLinker: Warning: Can't find file '/Game/StarterContent/Textures/T_Rock_Sandstone_D'
[2018.05.09-21.18.02:785][645]LogLinker: Warning: Can't find file for asset '/Game/StarterContent/Textures/T_Rock_Sandstone_D' while loading ../../../../../../Users/VRBC/Desktop/rjackson/PresentVR/SeniorDesignV1 4.19/Content/Assets/ConferenceRoom/Materials/M_Rock_Sandstone.uasset.
[2018.05.09-21.18.02:785][645]LogLinker: Warning: Can't find file '/Game/StarterContent/Textures/T_Rock_Sandstone_N'
[2018.05.09-21.18.02:786][645]LogLinker: Warning: Can't find file for asset '/Game/StarterContent/Textures/T_Rock_Sandstone_N' while loading ../../../../../../Users/VRBC/Desktop/rjackson/PresentVR/SeniorDesignV1 4.19/Content/Assets/ConferenceRoom/Materials/M_Rock_Sandstone.uasset.
[2018.05.09-21.18.02:950][645]LogSkeletalMesh: Skeletal Mesh found in DDC [15.899866ms] /Game/people/testmale/mesh/male1.male1
[2018.05.09-21.18.03:074][645]LogAIModule: Creating AISystem for world conferenceRoom
[2018.05.09-21.18.03:074][645]LogLoad: Game class is 'MyGameMode_C'
[2018.05.09-21.18.03:079][645]LogWorld: Bringing World /Game/levels/UEDPIE_0_conferenceRoom.conferenceRoom up for play (max tick rate 0) at 2018.05.09-14.18.03
[2018.05.09-21.18.03:081][645]LogWorld: Bringing up level for play took: 0.005703
[2018.05.09-21.18.03:083][645]LogSlate: New Slate User Created.  User Index 8, Is Virtual User: 1
[2018.05.09-21.18.03:083][645]LogSlate: Slate User Registered.  User Index 8, Is Virtual User: 1
[2018.05.09-21.18.03:096][645]LogLoadingSplash: Loading ends
[2018.05.09-21.18.03:097][645]LogHMD: FSplash::OnHide
[2018.05.09-21.18.03:106][645]LogLoad: Took 0.588030 seconds to LoadMap(/Game/levels/conferenceRoom)
[2018.05.09-21.18.04:288][751]SocketIOLog: SocketIO Invalid appears to have lost connection, reconnecting attempt 0 with delay 5000
[2018.05.09-21.18.05:189][831]LogBlueprintUserMessages: [SpeakerPlayerCharacter_C_0] Next slide
[2018.05.09-21.18.05:856][891]LogBlueprintUserMessages: [SpeakerPlayerCharacter_C_0] Previous Slide
[2018.05.09-21.18.06:378][938]LogBlueprintUserMessages: [SpeakerPlayerCharacter_C_0] Next slide
[2018.05.09-21.18.06:411][941]LogHttp: Warning: 000001A71DB83D00: request failed, libcurl error: 7 (Couldn't connect to server)
[2018.05.09-21.18.06:411][941]LogHttp: Warning: 000001A71DB83D00: libcurl info message cache 0 (  Trying 104.131.9.190...)
[2018.05.09-21.18.06:411][941]LogHttp: Warning: 000001A71DB83D00: libcurl info message cache 1 (connect to 104.131.9.190 port 3000 failed: Connection refused)
[2018.05.09-21.18.06:411][941]LogHttp: Warning: 000001A71DB83D00: libcurl info message cache 2 (Failed to connect to 104.131.9.190 port 3000: Connection refused)
[2018.05.09-21.18.06:411][941]LogHttp: Warning: 000001A71DB83D00: libcurl info message cache 3 (Closing connection 1)
[2018.05.09-21.18.06:623][960]LogBlueprintUserMessages: [SpeakerPlayerCharacter_C_0] Next slide
[2018.05.09-21.18.07:066][  0]LogHttp: Warning: 000001A71DB82200: request failed, libcurl error: 7 (Couldn't connect to server)
[2018.05.09-21.18.07:066][  0]LogHttp: Warning: 000001A71DB82200: libcurl info message cache 0 (Found bundle for host 104.131.9.190: 0x1a704b43f70 [serially])
[2018.05.09-21.18.07:066][  0]LogHttp: Warning: 000001A71DB82200: libcurl info message cache 1 (Hostname 104.131.9.190 was found in DNS cache)
[2018.05.09-21.18.07:066][  0]LogHttp: Warning: 000001A71DB82200: libcurl info message cache 2 (  Trying 104.131.9.190...)
[2018.05.09-21.18.07:066][  0]LogHttp: Warning: 000001A71DB82200: libcurl info message cache 3 (connect to 104.131.9.190 port 3000 failed: Connection refused)
[2018.05.09-21.18.07:066][  0]LogHttp: Warning: 000001A71DB82200: libcurl info message cache 4 (Failed to connect to 104.131.9.190 port 3000: Connection refused)
[2018.05.09-21.18.07:066][  0]LogHttp: Warning: 000001A71DB82200: libcurl info message cache 5 (Closing connection 2)
[2018.05.09-21.18.07:290][ 20]LogBlueprintUserMessages: [SpeakerPlayerCharacter_C_0] Previous Slide
[2018.05.09-21.18.07:501][ 39]LogBlueprintUserMessages: [SpeakerPlayerCharacter_C_0] Previous Slide
[2018.05.09-21.18.07:589][ 47]LogHttp: Warning: 000001A71DB80100: request failed, libcurl error: 7 (Couldn't connect to server)
[2018.05.09-21.18.07:589][ 47]LogHttp: Warning: 000001A71DB80100: libcurl info message cache 0 (Found bundle for host 104.131.9.190: 0x1a704b43f70 [serially])
[2018.05.09-21.18.07:589][ 47]LogHttp: Warning: 000001A71DB80100: libcurl info message cache 1 (Hostname 104.131.9.190 was found in DNS cache)
[2018.05.09-21.18.07:589][ 47]LogHttp: Warning: 000001A71DB80100: libcurl info message cache 2 (  Trying 104.131.9.190...)
[2018.05.09-21.18.07:589][ 47]LogHttp: Warning: 000001A71DB80100: libcurl info message cache 3 (connect to 104.131.9.190 port 3000 failed: Connection refused)
[2018.05.09-21.18.07:589][ 47]LogHttp: Warning: 000001A71DB80100: libcurl info message cache 4 (Failed to connect to 104.131.9.190 port 3000: Connection refused)
[2018.05.09-21.18.07:589][ 47]LogHttp: Warning: 000001A71DB80100: libcurl info message cache 5 (Closing connection 3)
[2018.05.09-21.18.07:834][ 69]LogHttp: Warning: 000001A71DB82E00: request failed, libcurl error: 7 (Couldn't connect to server)
[2018.05.09-21.18.07:834][ 69]LogHttp: Warning: 000001A71DB82E00: libcurl info message cache 0 (Found bundle for host 104.131.9.190: 0x1a704b43f70 [serially])
[2018.05.09-21.18.07:834][ 69]LogHttp: Warning: 000001A71DB82E00: libcurl info message cache 1 (Hostname 104.131.9.190 was found in DNS cache)
[2018.05.09-21.18.07:834][ 69]LogHttp: Warning: 000001A71DB82E00: libcurl info message cache 2 (  Trying 104.131.9.190...)
[2018.05.09-21.18.07:834][ 69]LogHttp: Warning: 000001A71DB82E00: libcurl info message cache 3 (connect to 104.131.9.190 port 3000 failed: Connection refused)
[2018.05.09-21.18.07:834][ 69]LogHttp: Warning: 000001A71DB82E00: libcurl info message cache 4 (Failed to connect to 104.131.9.190 port 3000: Connection refused)
[2018.05.09-21.18.07:834][ 69]LogHttp: Warning: 000001A71DB82E00: libcurl info message cache 5 (Closing connection 4)
[2018.05.09-21.18.08:501][129]LogHttp: Warning: 000001A71DB80280: request failed, libcurl error: 7 (Couldn't connect to server)
[2018.05.09-21.18.08:501][129]LogHttp: Warning: 000001A71DB80280: libcurl info message cache 0 (Found bundle for host 104.131.9.190: 0x1a704b43f70 [serially])
[2018.05.09-21.18.08:501][129]LogHttp: Warning: 000001A71DB80280: libcurl info message cache 1 (Hostname 104.131.9.190 was found in DNS cache)
[2018.05.09-21.18.08:501][129]LogHttp: Warning: 000001A71DB80280: libcurl info message cache 2 (  Trying 104.131.9.190...)
[2018.05.09-21.18.08:501][129]LogHttp: Warning: 000001A71DB80280: libcurl info message cache 3 (connect to 104.131.9.190 port 3000 failed: Connection refused)
[2018.05.09-21.18.08:501][129]LogHttp: Warning: 000001A71DB80280: libcurl info message cache 4 (Failed to connect to 104.131.9.190 port 3000: Connection refused)
[2018.05.09-21.18.08:501][129]LogHttp: Warning: 000001A71DB80280: libcurl info message cache 5 (Closing connection 5)
[2018.05.09-21.18.08:712][148]LogHttp: Warning: 000001A71DB83580: request failed, libcurl error: 7 (Couldn't connect to server)
[2018.05.09-21.18.08:712][148]LogHttp: Warning: 000001A71DB83580: libcurl info message cache 0 (Found bundle for host 104.131.9.190: 0x1a704b43f70 [serially])
[2018.05.09-21.18.08:712][148]LogHttp: Warning: 000001A71DB83580: libcurl info message cache 1 (Hostname 104.131.9.190 was found in DNS cache)
[2018.05.09-21.18.08:712][148]LogHttp: Warning: 000001A71DB83580: libcurl info message cache 2 (  Trying 104.131.9.190...)
[2018.05.09-21.18.08:712][148]LogHttp: Warning: 000001A71DB83580: libcurl info message cache 3 (connect to 104.131.9.190 port 3000 failed: Connection refused)
[2018.05.09-21.18.08:712][148]LogHttp: Warning: 000001A71DB83580: libcurl info message cache 4 (Failed to connect to 104.131.9.190 port 3000: Connection refused)
[2018.05.09-21.18.08:712][148]LogHttp: Warning: 000001A71DB83580: libcurl info message cache 5 (Closing connection 6)
[2018.05.09-21.18.09:369][207]LogBlueprintUserMessages: [SpeakerPlayerCharacter_C_0] Previous Slide
[2018.05.09-21.18.10:004][264]LogBlueprintUserMessages: [SpeakerPlayerCharacter_C_0] Previous Slide
[2018.05.09-21.18.10:490][308]SocketIOLog: SocketIO Invalid appears to have lost connection, reconnecting attempt 1 with delay 7500
[2018.05.09-21.18.10:579][316]LogHttp: Warning: 000001A71DB81D80: request failed, libcurl error: 7 (Couldn't connect to server)
[2018.05.09-21.18.10:579][316]LogHttp: Warning: 000001A71DB81D80: libcurl info message cache 0 (Hostname 104.131.9.190 was found in DNS cache)
[2018.05.09-21.18.10:579][316]LogHttp: Warning: 000001A71DB81D80: libcurl info message cache 1 (  Trying 104.131.9.190...)
[2018.05.09-21.18.10:579][316]LogHttp: Warning: 000001A71DB81D80: libcurl info message cache 2 (connect to 104.131.9.190 port 3000 failed: Connection refused)
[2018.05.09-21.18.10:579][316]LogHttp: Warning: 000001A71DB81D80: libcurl info message cache 3 (Failed to connect to 104.131.9.190 port 3000: Connection refused)
[2018.05.09-21.18.10:579][316]LogHttp: Warning: 000001A71DB81D80: libcurl info message cache 4 (Closing connection 7)
[2018.05.09-21.18.10:590][317]LogBlueprintUserMessages: [SpeakerPlayerCharacter_C_0] Previous Slide
[2018.05.09-21.18.12:390][479]LogBlueprintUserMessages: [SpeakerPlayerCharacter_C_0] Previous Slide
[2018.05.09-21.18.18:489][ 27]LogBlueprintUserMessages: Early EndPlayMap Detection: Level '/Game/levels/MainMenu.MainMenu:PersistentLevel' has LevelScriptBlueprint '/Game/levels/MainMenu.MainMenu:PersistentLevel.MainMenu' with GeneratedClass '/Game/levels/MainMenu.MainMenu_C' with ClassGeneratedBy '/Game/levels/MainMenu.MainMenu:PersistentLevel.MainMenu'
[2018.05.09-21.18.18:594][ 27]LogSlate: Window 'SeniorDesignV1 Game Preview Standalone (64-bit/PCD3D_SM5)' being destroyed
[2018.05.09-21.18.18:608][ 27]SocketIOLog: SocketIO None disconnected from namespace: /
