Log file open, 04/26/18 21:01:19
LogWindows: Failed to load 'aqProf.dll' (GetLastError=126)
LogWindows: File 'aqProf.dll' does not exist
LogWindows: Failed to load 'VtuneApi.dll' (GetLastError=126)
LogWindows: File 'VtuneApi.dll' does not exist
LogWindows: Failed to load 'VtuneApi32e.dll' (GetLastError=126)
LogWindows: File 'VtuneApi32e.dll' does not exist
LogInit: Display: Running engine for game: SeniorDesignV1
LogPlatformFile: Not using cached read wrapper
LogInit: Display: RandInit(2047679652) SRandInit(2047679652).
LogInit: Read version file with build ID '3944462'
LogInit: Overriding engine version to CL 3989454, compatible CL 3944462
LogInit: Registered custom module enumerator with build ID '3944462'
LogTaskGraph: Started task graph with 5 named threads and 14 total threads with 3 sets of task threads.
LogStats: Stats thread started at 0.158947
LogD3D11RHI: Aftermath initialized
LogICUInternationalization: Display: ICU TimeZone Detection - Raw Offset: -8:00, Platform Override: ''
LogPluginManager: Mounting plugin Paper2D
LogPluginManager: Mounting plugin LiveLink
LogPluginManager: Mounting plugin LightPropagationVolume
LogPluginManager: Mounting plugin CLionSourceCodeAccess
LogPluginManager: Mounting plugin CodeLiteSourceCodeAccess
LogPluginManager: Mounting plugin GitSourceControl
LogPluginManager: Mounting plugin KDevelopSourceCodeAccess
LogPluginManager: Mounting plugin NullSourceCodeAccess
LogPluginManager: Mounting plugin PerforceSourceControl
LogPluginManager: Mounting plugin SubversionSourceControl
LogPluginManager: Mounting plugin UObjectPlugin
LogPluginManager: Mounting plugin VisualStudioCodeSourceCodeAccess
LogPluginManager: Mounting plugin VisualStudioSourceCodeAccess
LogPluginManager: Mounting plugin XCodeSourceCodeAccess
LogPluginManager: Mounting plugin AssetManagerEditor
LogPluginManager: Mounting plugin CryptoKeys
LogPluginManager: Mounting plugin DataValidation
LogPluginManager: Mounting plugin FacialAnimation
LogPluginManager: Mounting plugin GameplayTagsEditor
LogPluginManager: Mounting plugin MobileLauncherProfileWizard
LogPluginManager: Mounting plugin PluginBrowser
LogPluginManager: Mounting plugin SpeedTreeImporter
LogPluginManager: Mounting plugin DatasmithContent
LogPluginManager: Mounting plugin AlembicImporter
LogPluginManager: Mounting plugin CharacterAI
LogPluginManager: Mounting plugin HTML5Networking
LogPluginManager: Mounting plugin AndroidMedia
LogPluginManager: Mounting plugin AvfMedia
LogPluginManager: Mounting plugin ImgMedia
LogPluginManager: Mounting plugin LinearTimecode
LogPluginManager: Mounting plugin MediaCompositing
LogPluginManager: Mounting plugin MediaPlayerEditor
LogPluginManager: Mounting plugin WmfMedia
LogPluginManager: Mounting plugin TcpMessaging
LogPluginManager: Mounting plugin UdpMessaging
LogPluginManager: Mounting plugin ActorSequence
LogPluginManager: Mounting plugin LevelSequenceEditor
LogPluginManager: Mounting plugin MatineeToLevelSequence
LogPluginManager: Mounting plugin NetcodeUnitTest
LogPluginManager: Mounting plugin NUTUnrealEngine4
LogPluginManager: Mounting plugin OnlineSubsystemGooglePlay
LogPluginManager: Mounting plugin OnlineSubsystemIOS
LogPluginManager: Mounting plugin OnlineSubsystem
LogPluginManager: Mounting plugin OnlineSubsystemNull
LogPluginManager: Mounting plugin OnlineSubsystemUtils
LogPluginManager: Mounting plugin AndroidDeviceProfileSelector
LogPluginManager: Mounting plugin AndroidMoviePlayer
LogPluginManager: Mounting plugin AndroidPermission
LogPluginManager: Mounting plugin AppleARKit
LogPluginManager: Mounting plugin AppleMoviePlayer
LogPluginManager: Mounting plugin ArchVisCharacter
LogPluginManager: Mounting plugin AudioCapture
LogPluginManager: Mounting plugin CableComponent
LogPluginManager: Mounting plugin CustomMeshComponent
LogPluginManager: Mounting plugin ExampleDeviceProfileSelector
LogPluginManager: Mounting plugin GoogleCloudMessaging
LogPluginManager: Mounting plugin ImmediatePhysics
LogPluginManager: Mounting plugin IOSDeviceProfileSelector
LogPluginManager: Mounting plugin LinuxDeviceProfileSelector
LogPluginManager: Mounting plugin LocationServicesBPLibrary
LogPluginManager: Mounting plugin MobilePatchingUtils
LogPluginManager: Mounting plugin OculusVR
LogPluginManager: Plugin shader directory ../../../Engine/Plugins/Runtime/Oculus/OculusVR/Shaders found
LogPluginManager: Mapping shader source directory ../../../Engine/Plugins/Runtime/Oculus/OculusVR/Shaders to virtual directory /Plugin/OculusVR
LogPluginManager: Mounting plugin PhysXVehicles
LogPluginManager: Mounting plugin ProceduralMeshComponent
LogPluginManager: Mounting plugin RuntimePhysXCooking
LogPluginManager: Mounting plugin SteamVR
LogPluginManager: Mounting plugin WindowsMoviePlayer
LogPluginManager: Mounting plugin SocketIOClient
LogStreaming: Display: Took  0.056s to configure plugins.
LogModuleManager: Display: Found up-to-date module file ../../../../Developer/PresentVR/SeniorDesignV1 4.19/Binaries/Win64/UE4Editor-SeniorDesignV1.dll (API version 3944462).
LogModuleManager: Display: Found up-to-date module file ../../../Engine/Plugins/2D/Paper2D/Binaries/Win64/UE4Editor-Paper2D.dll (API version 3944462).
LogModuleManager: Display: Found up-to-date module file ../../../Engine/Plugins/2D/Paper2D/Binaries/Win64/UE4Editor-Paper2DEditor.dll (API version 3944462).
LogModuleManager: Display: Found up-to-date module file ../../../Engine/Plugins/2D/Paper2D/Binaries/Win64/UE4Editor-PaperSpriteSheetImporter.dll (API version 3944462).
LogModuleManager: Display: Found up-to-date module file ../../../Engine/Plugins/2D/Paper2D/Binaries/Win64/UE4Editor-PaperTiledImporter.dll (API version 3944462).
LogModuleManager: Display: Found up-to-date module file ../../../Engine/Plugins/2D/Paper2D/Binaries/Win64/UE4Editor-SmartSnapping.dll (API version 3944462).
LogModuleManager: Display: Found up-to-date module file ../../../Engine/Plugins/Animation/LiveLink/Binaries/Win64/UE4Editor-LiveLink.dll (API version 3944462).
LogModuleManager: Display: Found up-to-date module file ../../../Engine/Plugins/Animation/LiveLink/Binaries/Win64/UE4Editor-LiveLinkEditor.dll (API version 3944462).
LogModuleManager: Display: Found up-to-date module file ../../../Engine/Plugins/Blendables/LightPropagationVolume/Binaries/Win64/UE4Editor-LightPropagationVolumeRuntime.dll (API version 3944462).
LogModuleManager: Display: Found up-to-date module file ../../../Engine/Plugins/Blendables/LightPropagationVolume/Binaries/Win64/UE4Editor-LightPropagationVolumeEditor.dll (API version 3944462).
LogModuleManager: Display: Found up-to-date module file ../../../Engine/Plugins/Developer/CLionSourceCodeAccess/Binaries/Win64/UE4Editor-CLionSourceCodeAccess.dll (API version 3944462).
LogModuleManager: Display: Found up-to-date module file ../../../Engine/Plugins/Developer/GitSourceControl/Binaries/Win64/UE4Editor-GitSourceControl.dll (API version 3944462).
LogModuleManager: Display: Found up-to-date module file ../../../Engine/Plugins/Developer/PerforceSourceControl/Binaries/Win64/UE4Editor-PerforceSourceControl.dll (API version 3944462).
LogModuleManager: Display: Found up-to-date module file ../../../Engine/Plugins/Developer/SubversionSourceControl/Binaries/Win64/UE4Editor-SubversionSourceControl.dll (API version 3944462).
LogModuleManager: Display: Found up-to-date module file ../../../Engine/Plugins/Developer/UObjectPlugin/Binaries/Win64/UE4Editor-UObjectPlugin.dll (API version 3944462).
LogModuleManager: Display: Found up-to-date module file ../../../Engine/Plugins/Developer/VisualStudioCodeSourceCodeAccess/Binaries/Win64/UE4Editor-VisualStudioCodeSourceCodeAccess.dll (API version 3944462).
LogModuleManager: Display: Found up-to-date module file ../../../Engine/Plugins/Developer/VisualStudioSourceCodeAccess/Binaries/Win64/UE4Editor-VisualStudioSourceCodeAccess.dll (API version 3944462).
LogModuleManager: Display: Found up-to-date module file ../../../Engine/Plugins/Editor/AssetManagerEditor/Binaries/Win64/UE4Editor-AssetManagerEditor.dll (API version 3944462).
LogModuleManager: Display: Found up-to-date module file ../../../Engine/Plugins/Editor/CryptoKeys/Binaries/Win64/UE4Editor-CryptoKeys.dll (API version 3944462).
LogModuleManager: Display: Found up-to-date module file ../../../Engine/Plugins/Editor/CryptoKeys/Binaries/Win64/UE4Editor-CryptoKeysOpenSSL.dll (API version 3944462).
LogModuleManager: Display: Found up-to-date module file ../../../Engine/Plugins/Editor/DataValidation/Binaries/Win64/UE4Editor-DataValidation.dll (API version 3944462).
LogModuleManager: Display: Found up-to-date module file ../../../Engine/Plugins/Editor/FacialAnimation/Binaries/Win64/UE4Editor-FacialAnimation.dll (API version 3944462).
LogModuleManager: Display: Found up-to-date module file ../../../Engine/Plugins/Editor/FacialAnimation/Binaries/Win64/UE4Editor-FacialAnimationEditor.dll (API version 3944462).
LogModuleManager: Display: Found up-to-date module file ../../../Engine/Plugins/Editor/GameplayTagsEditor/Binaries/Win64/UE4Editor-GameplayTagsEditor.dll (API version 3944462).
LogModuleManager: Display: Found up-to-date module file ../../../Engine/Plugins/Editor/MobileLauncherProfileWizard/Binaries/Win64/UE4Editor-MobileLauncherProfileWizard.dll (API version 3944462).
LogModuleManager: Display: Found up-to-date module file ../../../Engine/Plugins/Editor/PluginBrowser/Binaries/Win64/UE4Editor-PluginBrowser.dll (API version 3944462).
LogModuleManager: Display: Found up-to-date module file ../../../Engine/Plugins/Editor/SpeedTreeImporter/Binaries/Win64/UE4Editor-SpeedTreeImporter.dll (API version 3944462).
LogModuleManager: Display: Found up-to-date module file ../../../Engine/Plugins/Enterprise/DatasmithContent/Binaries/Win64/UE4Editor-DatasmithContent.dll (API version 3944462).
LogModuleManager: Display: Found up-to-date module file ../../../Engine/Plugins/Experimental/AlembicImporter/Binaries/Win64/UE4Editor-AlembicImporter.dll (API version 3944462).
LogModuleManager: Display: Found up-to-date module file ../../../Engine/Plugins/Experimental/AlembicImporter/Binaries/Win64/UE4Editor-AlembicLibrary.dll (API version 3944462).
LogModuleManager: Display: Found up-to-date module file ../../../Engine/Plugins/Experimental/CharacterAI/Binaries/Win64/UE4Editor-CharacterAI.dll (API version 3944462).
LogModuleManager: Display: Found up-to-date module file ../../../Engine/Plugins/Experimental/HTML5Networking/Binaries/Win64/UE4Editor-HTML5Networking.dll (API version 3944462).
LogModuleManager: Display: Found up-to-date module file ../../../Engine/Plugins/Media/AndroidMedia/Binaries/Win64/UE4Editor-AndroidMediaEditor.dll (API version 3944462).
LogModuleManager: Display: Found up-to-date module file ../../../Engine/Plugins/Media/AndroidMedia/Binaries/Win64/UE4Editor-AndroidMediaFactory.dll (API version 3944462).
LogModuleManager: Display: Found up-to-date module file ../../../Engine/Plugins/Media/AvfMedia/Binaries/Win64/UE4Editor-AvfMediaEditor.dll (API version 3944462).
LogModuleManager: Display: Found up-to-date module file ../../../Engine/Plugins/Media/AvfMedia/Binaries/Win64/UE4Editor-AvfMediaFactory.dll (API version 3944462).
LogModuleManager: Display: Found up-to-date module file ../../../Engine/Plugins/Media/AvfMedia/Binaries/Win64/UE4Editor-AvfMediaFactory.dll (API version 3944462).
LogModuleManager: Display: Found up-to-date module file ../../../Engine/Plugins/Media/ImgMedia/Binaries/Win64/UE4Editor-ImgMedia.dll (API version 3944462).
LogModuleManager: Display: Found up-to-date module file ../../../Engine/Plugins/Media/ImgMedia/Binaries/Win64/UE4Editor-ImgMediaEditor.dll (API version 3944462).
LogModuleManager: Display: Found up-to-date module file ../../../Engine/Plugins/Media/ImgMedia/Binaries/Win64/UE4Editor-ImgMediaFactory.dll (API version 3944462).
LogModuleManager: Display: Found up-to-date module file ../../../Engine/Plugins/Media/ImgMedia/Binaries/Win64/UE4Editor-ImgMediaFactory.dll (API version 3944462).
LogModuleManager: Display: Found up-to-date module file ../../../Engine/Plugins/Media/ImgMedia/Binaries/Win64/UE4Editor-OpenExrWrapper.dll (API version 3944462).
LogModuleManager: Display: Found up-to-date module file ../../../Engine/Plugins/Media/LinearTimecode/Binaries/Win64/UE4Editor-LinearTimecode.dll (API version 3944462).
LogModuleManager: Display: Found up-to-date module file ../../../Engine/Plugins/Media/MediaCompositing/Binaries/Win64/UE4Editor-MediaCompositing.dll (API version 3944462).
LogModuleManager: Display: Found up-to-date module file ../../../Engine/Plugins/Media/MediaCompositing/Binaries/Win64/UE4Editor-MediaCompositingEditor.dll (API version 3944462).
LogModuleManager: Display: Found up-to-date module file ../../../Engine/Plugins/Media/MediaPlayerEditor/Binaries/Win64/UE4Editor-MediaPlayerEditor.dll (API version 3944462).
LogModuleManager: Display: Found up-to-date module file ../../../Engine/Plugins/Media/WmfMedia/Binaries/Win64/UE4Editor-WmfMedia.dll (API version 3944462).
LogModuleManager: Display: Found up-to-date module file ../../../Engine/Plugins/Media/WmfMedia/Binaries/Win64/UE4Editor-WmfMediaEditor.dll (API version 3944462).
LogModuleManager: Display: Found up-to-date module file ../../../Engine/Plugins/Media/WmfMedia/Binaries/Win64/UE4Editor-WmfMediaFactory.dll (API version 3944462).
LogModuleManager: Display: Found up-to-date module file ../../../Engine/Plugins/Media/WmfMedia/Binaries/Win64/UE4Editor-WmfMediaFactory.dll (API version 3944462).
LogModuleManager: Display: Found up-to-date module file ../../../Engine/Plugins/Messaging/TcpMessaging/Binaries/Win64/UE4Editor-TcpMessaging.dll (API version 3944462).
LogModuleManager: Display: Found up-to-date module file ../../../Engine/Plugins/Messaging/UdpMessaging/Binaries/Win64/UE4Editor-UdpMessaging.dll (API version 3944462).
LogModuleManager: Display: Found up-to-date module file ../../../Engine/Plugins/MovieScene/ActorSequence/Binaries/Win64/UE4Editor-ActorSequence.dll (API version 3944462).
LogModuleManager: Display: Found up-to-date module file ../../../Engine/Plugins/MovieScene/LevelSequenceEditor/Binaries/Win64/UE4Editor-LevelSequenceEditor.dll (API version 3944462).
LogModuleManager: Display: Found up-to-date module file ../../../Engine/Plugins/MovieScene/MatineeToLevelSequence/Binaries/Win64/UE4Editor-MatineeToLevelSequence.dll (API version 3944462).
LogModuleManager: Display: Found up-to-date module file ../../../Engine/Plugins/NetcodeUnitTest/NetcodeUnitTest/Binaries/Win64/UE4Editor-NetcodeUnitTest.dll (API version 3944462).
LogModuleManager: Display: Found up-to-date module file ../../../Engine/Plugins/NetcodeUnitTest/NUTUnrealEngine4/Binaries/Win64/UE4Editor-NUTUnrealEngine4.dll (API version 3944462).
LogModuleManager: Display: Found up-to-date module file ../../../Engine/Plugins/Online/OnlineSubsystem/Binaries/Win64/UE4Editor-OnlineSubsystem.dll (API version 3944462).
LogModuleManager: Display: Found up-to-date module file ../../../Engine/Plugins/Online/OnlineSubsystemNull/Binaries/Win64/UE4Editor-OnlineSubsystemNull.dll (API version 3944462).
LogModuleManager: Display: Found up-to-date module file ../../../Engine/Plugins/Online/OnlineSubsystemUtils/Binaries/Win64/UE4Editor-OnlineSubsystemUtils.dll (API version 3944462).
LogModuleManager: Display: Found up-to-date module file ../../../Engine/Plugins/Online/OnlineSubsystemUtils/Binaries/Win64/UE4Editor-OnlineBlueprintSupport.dll (API version 3944462).
LogModuleManager: Display: Found up-to-date module file ../../../Engine/Plugins/Runtime/AndroidDeviceProfileSelector/Binaries/Win64/UE4Editor-AndroidDeviceProfileSelector.dll (API version 3944462).
LogModuleManager: Display: Found up-to-date module file ../../../Engine/Plugins/Runtime/AndroidPermission/Binaries/Win64/UE4Editor-AndroidPermission.dll (API version 3944462).
LogModuleManager: Display: Found up-to-date module file ../../../Engine/Plugins/Runtime/AppleARKit/Binaries/Win64/UE4Editor-AppleARKit.dll (API version 3944462).
LogModuleManager: Display: Found up-to-date module file ../../../Engine/Plugins/Runtime/ArchVisCharacter/Binaries/Win64/UE4Editor-ArchVisCharacter.dll (API version 3944462).
LogModuleManager: Display: Found up-to-date module file ../../../Engine/Plugins/Runtime/AudioCapture/Binaries/Win64/UE4Editor-AudioCapture.dll (API version 3944462).
LogModuleManager: Display: Found up-to-date module file ../../../Engine/Plugins/Runtime/AudioCapture/Binaries/Win64/UE4Editor-AudioCaptureEditor.dll (API version 3944462).
LogModuleManager: Display: Found up-to-date module file ../../../Engine/Plugins/Runtime/CableComponent/Binaries/Win64/UE4Editor-CableComponent.dll (API version 3944462).
LogModuleManager: Display: Found up-to-date module file ../../../Engine/Plugins/Runtime/CustomMeshComponent/Binaries/Win64/UE4Editor-CustomMeshComponent.dll (API version 3944462).
LogModuleManager: Display: Found up-to-date module file ../../../Engine/Plugins/Runtime/ExampleDeviceProfileSelector/Binaries/Win64/UE4Editor-ExampleDeviceProfileSelector.dll (API version 3944462).
LogModuleManager: Display: Found up-to-date module file ../../../Engine/Plugins/Runtime/ImmediatePhysics/Binaries/Win64/UE4Editor-ImmediatePhysics.dll (API version 3944462).
LogModuleManager: Display: Found up-to-date module file ../../../Engine/Plugins/Runtime/ImmediatePhysics/Binaries/Win64/UE4Editor-ImmediatePhysicsEditor.dll (API version 3944462).
LogModuleManager: Display: Found up-to-date module file ../../../Engine/Plugins/Runtime/LocationServicesBPLibrary/Binaries/Win64/UE4Editor-LocationServicesBPLibrary.dll (API version 3944462).
LogModuleManager: Display: Found up-to-date module file ../../../Engine/Plugins/Runtime/MobilePatchingUtils/Binaries/Win64/UE4Editor-MobilePatchingUtils.dll (API version 3944462).
LogModuleManager: Display: Found up-to-date module file ../../../Engine/Plugins/Runtime/Oculus/OculusVR/Binaries/Win64/UE4Editor-OculusHMD.dll (API version 3944462).
LogModuleManager: Display: Found up-to-date module file ../../../Engine/Plugins/Runtime/Oculus/OculusVR/Binaries/Win64/UE4Editor-OculusInput.dll (API version 3944462).
LogModuleManager: Display: Found up-to-date module file ../../../Engine/Plugins/Runtime/Oculus/OculusVR/Binaries/Win64/UE4Editor-OculusEditor.dll (API version 3944462).
LogModuleManager: Display: Found up-to-date module file ../../../Engine/Plugins/Runtime/PhysXVehicles/Binaries/Win64/UE4Editor-PhysXVehicles.dll (API version 3944462).
LogModuleManager: Display: Found up-to-date module file ../../../Engine/Plugins/Runtime/PhysXVehicles/Binaries/Win64/UE4Editor-PhysXVehiclesEditor.dll (API version 3944462).
LogModuleManager: Display: Found up-to-date module file ../../../Engine/Plugins/Runtime/ProceduralMeshComponent/Binaries/Win64/UE4Editor-ProceduralMeshComponent.dll (API version 3944462).
LogModuleManager: Display: Found up-to-date module file ../../../Engine/Plugins/Runtime/ProceduralMeshComponent/Binaries/Win64/UE4Editor-ProceduralMeshComponentEditor.dll (API version 3944462).
LogModuleManager: Display: Found up-to-date module file ../../../Engine/Plugins/Runtime/RuntimePhysXCooking/Binaries/Win64/UE4Editor-RuntimePhysXCooking.dll (API version 3944462).
LogModuleManager: Display: Found up-to-date module file ../../../Engine/Plugins/Runtime/Steam/SteamVR/Binaries/Win64/UE4Editor-SteamVR.dll (API version 3944462).
LogModuleManager: Display: Found up-to-date module file ../../../Engine/Plugins/Runtime/Steam/SteamVR/Binaries/Win64/UE4Editor-SteamVRController.dll (API version 3944462).
LogModuleManager: Display: Found up-to-date module file ../../../Engine/Plugins/Runtime/WindowsMoviePlayer/Binaries/Win64/UE4Editor-WindowsMoviePlayer.dll (API version 3944462).
LogModuleManager: Display: Found up-to-date module file ../../../../Developer/PresentVR/SeniorDesignV1 4.19/Plugins/socketio-client-ue4/Binaries/Win64/UE4Editor-SocketIOClient.dll (API version 3944462).
LogModuleManager: Display: Found up-to-date module file ../../../../Developer/PresentVR/SeniorDesignV1 4.19/Plugins/socketio-client-ue4/Binaries/Win64/UE4Editor-SIOJson.dll (API version 3944462).
LogModuleManager: Display: Found up-to-date module file ../../../../Developer/PresentVR/SeniorDesignV1 4.19/Plugins/socketio-client-ue4/Binaries/Win64/UE4Editor-CoreUtility.dll (API version 3944462).
LogModuleManager: Display: Found up-to-date module file ../../../../Developer/PresentVR/SeniorDesignV1 4.19/Plugins/socketio-client-ue4/Binaries/Win64/UE4Editor-SIOJEditorPlugin.dll (API version 3944462).
LogInit: Using libcurl 7.47.1
LogInit:  - built for x86_64-pc-win32
LogInit:  - supports SSL with OpenSSL/1.0.2g
LogInit:  - supports HTTP deflate (compression) using libz 1.2.8
LogInit:  - other features:
LogInit:      CURL_VERSION_SSL
LogInit:      CURL_VERSION_LIBZ
LogInit:      CURL_VERSION_IPV6
LogInit:      CURL_VERSION_ASYNCHDNS
LogInit:      CURL_VERSION_LARGEFILE
LogInit:      CURL_VERSION_IDN
LogInit:  CurlRequestOptions (configurable via config and command line):
LogInit:  - bVerifyPeer = false  - Libcurl will NOT verify peer certificate
LogInit:  - bUseHttpProxy = false  - Libcurl will NOT use HTTP proxy
LogInit:  - bDontReuseConnections = false  - Libcurl will reuse connections
LogInit:  - CertBundlePath = nullptr  - Libcurl will use whatever was configured at build time.
LogInit:  - MaxHostConnections = 16  - Libcurl will limit the number of connections to a host
LogInit:  - LocalHostAddr = Default
LogInit: WinSock: version 1.1 (2.2), MaxSocks=32767, MaxUdp=65467
LogInit: WinSock: I am HamiltonsPC (192.168.1.156:0)
LogInit: Build: ++UE4+Release-4.19-CL-3989454
LogInit: Engine Version: 4.19.1-3989454+++UE4+Release-4.19
LogInit: Compatible Engine Version: 4.19.0-3944462+++UE4+Release-4.19
LogInit: Net CL: 3944462
LogDevObjectVersion: Number of dev versions registered: 18
LogDevObjectVersion:   Dev-Blueprints (B0D832E4-1F89-4F0D-ACCF-7EB736FD4AA2): 10
LogDevObjectVersion:   Dev-Build (E1C64328-A22C-4D53-A36C-8E866417BD8C): 0
LogDevObjectVersion:   Dev-Core (375EC13C-06E4-48FB-B500-84F0262A717E): 2
LogDevObjectVersion:   Dev-Editor (E4B068ED-F494-42E9-A231-DA0B2E46BB41): 23
LogDevObjectVersion:   Dev-Framework (CFFC743F-43B0-4480-9391-14DF171D2073): 33
LogDevObjectVersion:   Dev-Mobile (B02B49B5-BB20-44E9-A304-32B752E40360): 2
LogDevObjectVersion:   Dev-Networking (A4E4105C-59A1-49B5-A7C5-40C4547EDFEE): 0
LogDevObjectVersion:   Dev-Online (39C831C9-5AE6-47DC-9A44-9C173E1C8E7C): 0
LogDevObjectVersion:   Dev-Physics (78F01B33-EBEA-4F98-B9B4-84EACCB95AA2): 0
LogDevObjectVersion:   Dev-Platform (6631380F-2D4D-43E0-8009-CF276956A95A): 0
LogDevObjectVersion:   Dev-Rendering (12F88B9F-8875-4AFC-A67C-D90C383ABD29): 25
LogDevObjectVersion:   Dev-Sequencer (7B5AE74C-D270-4C10-A958-57980B212A5A): 6
LogDevObjectVersion:   Dev-VR (D7296918-1DD6-4BDD-9DE2-64A83CC13884): 1
LogDevObjectVersion:   Dev-LoadTimes (C2A15278-BFE7-4AFE-6C17-90FF531DF755): 1
LogDevObjectVersion:   Private-Geometry (6EACA3D4-40EC-4CC1-B786-8BED09428FC5): 2
LogDevObjectVersion:   Dev-AnimPhys (29E575DD-E0A3-4627-9D10-D276232CDCEA): 16
LogDevObjectVersion:   Dev-ReflectionCapture (6B266CEC-1EC7-4B8F-A30B-E4D90942FC07): 1
LogDevObjectVersion:   Dev-Automation (0DF73D61-A23F-47EA-B727-89E90C41499A): 1
LogInit: Compiled (64-bit): Apr  6 2018 12:26:04
LogInit: Compiled with Visual C++: 19.00.24215.01
LogInit: Build Configuration: Development
LogInit: Branch Name: ++UE4+Release-4.19
LogInit: Command Line: -EpicPortal 
LogInit: Base Directory: D:/UE_4.19/Engine/Binaries/Win64/
LogInit: Installed Engine Build: 1
LogStreaming: Display: Took  0.000s to delete old logs.
LogInit: Presizing for max 8388607 objects, including 0 objects not considered by GC, pre-allocating 0 bytes for permanent pool.
LogInit: Object subsystem initialized
[2018.04.27-04.01.20:568][  0]LogInit: Selected Device Profile: [Windows]
[2018.04.27-04.01.20:568][  0]LogInit: Applying CVar settings loaded from the selected device profile: [Windows]
[2018.04.27-04.01.20:582][  0]LogInit: Computer: HAMILTONSPC
[2018.04.27-04.01.20:582][  0]LogInit: User: HamiltonCoke
[2018.04.27-04.01.20:582][  0]LogInit: CPU Page size=4096, Cores=4
[2018.04.27-04.01.20:582][  0]LogInit: High frequency timer resolution =3.421877 MHz
[2018.04.27-04.01.20:582][  0]LogMemory: Memory total: Physical=15.9GB (16GB approx)
[2018.04.27-04.01.20:582][  0]LogMemory: Platform Memory Stats for Windows
[2018.04.27-04.01.20:582][  0]LogMemory: Process Physical Memory: 275.32 MB used, 275.32 MB peak
[2018.04.27-04.01.20:582][  0]LogMemory: Process Virtual Memory: 268.27 MB used, 268.27 MB peak
[2018.04.27-04.01.20:582][  0]LogMemory: Physical Memory: 6517.01 MB used,  9755.00 MB free, 16272.01 MB total
[2018.04.27-04.01.20:582][  0]LogMemory: Virtual Memory: 691.14 MB used,  9755.00 MB free, 134217728.00 MB total
[2018.04.27-04.01.20:596][  0]LogInit: Using OS detected language (en-US).
[2018.04.27-04.01.20:596][  0]LogInit: Using OS detected locale (en-US).
[2018.04.27-04.01.20:598][  0]LogTextLocalizationManager: No specific localization for 'en-US' exists, so the 'en' localization will be used.
[2018.04.27-04.01.20:980][  0]LogStreaming: Display: Took  0.384s to EndInitTextLocalization.
[2018.04.27-04.01.20:980][  0]LogInit: Setting process to per monitor DPI aware
[2018.04.27-04.01.21:004][  0]LogSlate: New Slate User Created.  User Index 0, Is Virtual User: 0
[2018.04.27-04.01.21:004][  0]LogSlate: Slate User Registered.  User Index 0, Is Virtual User: 0
[2018.04.27-04.01.21:149][  0]LogD3D11RHI: D3D11 adapters:
[2018.04.27-04.01.21:192][  0]LogD3D11RHI:    0. 'NVIDIA GeForce GTX 1070' (Feature Level 11_0)
[2018.04.27-04.01.21:192][  0]LogD3D11RHI:       8096/0/8136 MB DedicatedVideo/DedicatedSystem/SharedSystem, Outputs:1, VendorId:0x10de
[2018.04.27-04.01.21:199][  0]LogD3D11RHI:    1. 'Intel(R) HD Graphics 530' (Feature Level 11_0)
[2018.04.27-04.01.21:199][  0]LogD3D11RHI:       128/0/8136 MB DedicatedVideo/DedicatedSystem/SharedSystem, Outputs:1, VendorId:0x8086
[2018.04.27-04.01.21:200][  0]LogD3D11RHI:    2. 'Microsoft Basic Render Driver' (Feature Level 11_0)
[2018.04.27-04.01.21:200][  0]LogD3D11RHI:       0/0/8136 MB DedicatedVideo/DedicatedSystem/SharedSystem, Outputs:0, VendorId:0x1414
[2018.04.27-04.01.21:200][  0]LogD3D11RHI: Chosen D3D11 Adapter: 0
[2018.04.27-04.01.21:207][  0]LogD3D11RHI: Creating new Direct3DDevice
[2018.04.27-04.01.21:207][  0]LogD3D11RHI:     GPU DeviceId: 0x1b81 (for the marketing name, search the web for "GPU Device Id")
[2018.04.27-04.01.21:208][  0]LogWindows: EnumDisplayDevices:
[2018.04.27-04.01.21:208][  0]LogWindows:    0. 'NVIDIA GeForce GTX 1070' (P:1 D:1)
[2018.04.27-04.01.21:208][  0]LogWindows:    1. 'NVIDIA GeForce GTX 1070' (P:0 D:0)
[2018.04.27-04.01.21:208][  0]LogWindows:    2. 'NVIDIA GeForce GTX 1070' (P:0 D:0)
[2018.04.27-04.01.21:208][  0]LogWindows:    3. 'NVIDIA GeForce GTX 1070' (P:0 D:0)
[2018.04.27-04.01.21:208][  0]LogWindows:    4. 'Intel(R) HD Graphics 530' (P:0 D:1)
[2018.04.27-04.01.21:208][  0]LogWindows:    5. 'Intel(R) HD Graphics 530' (P:0 D:0)
[2018.04.27-04.01.21:208][  0]LogWindows:    6. 'Intel(R) HD Graphics 530' (P:0 D:0)
[2018.04.27-04.01.21:208][  0]LogWindows: DebugString: GetVideoDriverDetailsInvalid PrimaryIsNotTheChoosenAdapter GetVideoDriverDetailsInvalid PrimaryIsNotTheChoosenAdapter GetVideoDriverDetailsInvalid PrimaryIsNotTheChoosenAdapter GetVideoDriverDetailsInvalid PrimaryIsNotTheChoosenAdapter GetVideoDriverDetailsInvalid PrimaryIsNotTheChoosenAdapter GetVideoDriverDetailsInvalid PrimaryIsNotTheChoosenAdapter GetVideoDriverDetailsInvalid PrimaryIsNotTheChoosenAdapter FoundDriverCount:0 
[2018.04.27-04.01.21:208][  0]LogD3D11RHI:     Adapter Name: NVIDIA GeForce GTX 1070
[2018.04.27-04.01.21:208][  0]LogD3D11RHI:   Driver Version: Unknown (internal:Unknown, unified:Unknown)
[2018.04.27-04.01.21:208][  0]LogD3D11RHI:      Driver Date: Unknown
[2018.04.27-04.01.21:208][  0]LogRHI: Texture pool is 5667 MB (70% of 8096 MB)
[2018.04.27-04.01.21:228][  0]LogD3D11RHI: [Aftermath] Aftermath enabled and primed
[2018.04.27-04.01.21:228][  0]LogD3D11RHI: [Aftermath] Aftermath enabled and primed
[2018.04.27-04.01.21:228][  0]LogD3D11RHI: Async texture creation enabled
[2018.04.27-04.01.21:289][  0]LogD3D11RHI: GPU Timing Frequency: 1000.000000 (Debug: 2 1)
[2018.04.27-04.01.21:338][  0]LogShaderCompilers: Guid format shader working directory is 2 characters bigger than the processId version (../../../../Developer/PresentVR/SeniorDesignV1 4.19/Intermediate/Shaders/WorkingDirectory/11376/).
[2018.04.27-04.01.21:338][  0]LogShaderCompilers: Cleaned the shader compiler working directory 'C:/Users/Hamilton Coke/AppData/Local/Temp/UnrealShaderWorkingDir/7F46FD5F413698CB8ED43F993541E290/'.
[2018.04.27-04.01.21:534][  0]LogTemp: Display: Loaded TP AllDesktopTargetPlatform
[2018.04.27-04.01.21:545][  0]LogTemp: Display: Loaded TP MacClientTargetPlatform
[2018.04.27-04.01.21:555][  0]LogTemp: Display: Loaded TP MacNoEditorTargetPlatform
[2018.04.27-04.01.21:567][  0]LogTemp: Display: Loaded TP MacServerTargetPlatform
[2018.04.27-04.01.21:578][  0]LogTemp: Display: Loaded TP MacTargetPlatform
[2018.04.27-04.01.21:588][  0]LogTemp: Display: Loaded TP WindowsClientTargetPlatform
[2018.04.27-04.01.21:599][  0]LogTemp: Display: Loaded TP WindowsNoEditorTargetPlatform
[2018.04.27-04.01.21:611][  0]LogTemp: Display: Loaded TP WindowsServerTargetPlatform
[2018.04.27-04.01.21:615][  0]LogTemp: Display: Loaded TP WindowsTargetPlatform
[2018.04.27-04.01.21:625][  0]LogTemp: Display: Loaded TP Android_ASTCTargetPlatform
[2018.04.27-04.01.21:635][  0]LogTemp: Display: Loaded TP Android_ATCTargetPlatform
[2018.04.27-04.01.21:645][  0]LogTemp: Display: Loaded TP Android_DXTTargetPlatform
[2018.04.27-04.01.21:656][  0]LogTemp: Display: Loaded TP Android_ETC1aTargetPlatform
[2018.04.27-04.01.21:666][  0]LogTemp: Display: Loaded TP Android_ETC1TargetPlatform
[2018.04.27-04.01.21:676][  0]LogTemp: Display: Loaded TP Android_ETC2TargetPlatform
[2018.04.27-04.01.21:697][  0]LogTemp: Display: Loaded TP Android_MultiTargetPlatform
[2018.04.27-04.01.21:697][  0]LogTemp: Display: Loaded TP Android_PVRTCTargetPlatform
[2018.04.27-04.01.21:707][  0]LogTemp: Display: Loaded TP AndroidTargetPlatform
[2018.04.27-04.01.21:708][  0]LogTemp: Display: Loaded TP HTML5TargetPlatform
[2018.04.27-04.01.21:741][  0]LogTemp: Display: Loaded TP IOSTargetPlatform
[2018.04.27-04.01.21:750][  0]LogTemp: Display: Loaded TP TVOSTargetPlatform
[2018.04.27-04.01.21:761][  0]LogTemp: Display: Loaded TP LinuxClientTargetPlatform
[2018.04.27-04.01.21:771][  0]LogTemp: Display: Loaded TP LinuxNoEditorTargetPlatform
[2018.04.27-04.01.21:782][  0]LogTemp: Display: Loaded TP LinuxServerTargetPlatform
[2018.04.27-04.01.21:793][  0]LogTemp: Display: Loaded TP LinuxTargetPlatform
[2018.04.27-04.01.21:794][  0]LogTargetPlatformManager: Display: Building Assets For Windows
[2018.04.27-04.01.21:859][  0]LogXGEController: Cannot use XGE Controller as Incredibuild is not installed on this machine.
[2018.04.27-04.01.21:859][  0]LogShaderCompilers: Cannot use XGE Shader Compiler as Incredibuild is not installed on this machine.
[2018.04.27-04.01.21:859][  0]LogShaderCompilers: Display: Using Local Shader Compiler.
[2018.04.27-04.01.22:462][  0]LogDerivedDataCache: Display: Max Cache Size: 512 MB
[2018.04.27-04.01.22:517][  0]LogDerivedDataCache: Loaded boot cache 0.06s 74MB C:/Users/Hamilton Coke/AppData/Local/UnrealEngine/4.19/DerivedDataCache/Boot.ddc.
[2018.04.27-04.01.22:517][  0]LogDerivedDataCache: Display: Loaded Boot cache: C:/Users/Hamilton Coke/AppData/Local/UnrealEngine/4.19/DerivedDataCache/Boot.ddc
[2018.04.27-04.01.22:517][  0]LogDerivedDataCache: FDerivedDataBackendGraph:  Pak pak cache file ../../../../Developer/PresentVR/SeniorDesignV1 4.19/DerivedDataCache/DDC.ddp not found, will not use a pak cache.
[2018.04.27-04.01.22:517][  0]LogDerivedDataCache: Unable to find inner node Pak for hierarchical cache Hierarchy.
[2018.04.27-04.01.22:517][  0]LogDerivedDataCache: FDerivedDataBackendGraph:  CompressedPak pak cache file ../../../../Developer/PresentVR/SeniorDesignV1 4.19/DerivedDataCache/Compressed.ddp not found, will not use a pak cache.
[2018.04.27-04.01.22:517][  0]LogDerivedDataCache: Unable to find inner node CompressedPak for hierarchical cache Hierarchy.
[2018.04.27-04.01.22:532][  0]LogDerivedDataCache: Display: Pak cache opened for reading ../../../Engine/DerivedDataCache/Compressed.ddp.
[2018.04.27-04.01.22:545][  0]LogDerivedDataCache: Using Local data cache path C:/Users/Hamilton Coke/AppData/Local/UnrealEngine/Common/DerivedDataCache: Writable
[2018.04.27-04.01.22:556][  0]LogMaterial: Verifying Global Shaders for PCD3D_SM5
[2018.04.27-04.01.22:556][  0]LogSlate: Using Freetype 2.6.0
[2018.04.27-04.01.22:556][  0]LogSlate: SlateFontCache - WITH_FREETYPE: 1, WITH_HARFBUZZ: 1
[2018.04.27-04.01.22:557][  0]LogSlate: SlateFontCache - WITH_FREETYPE: 1, WITH_HARFBUZZ: 1
[2018.04.27-04.01.22:651][  0]LogAssetRegistry: FAssetRegistry took 0.0257 seconds to start up
[2018.04.27-04.01.22:933][  0]LogInit: Selected Device Profile: [Windows]
[2018.04.27-04.01.23:049][  0]LogSimplygon: Simplygon DLL not present - disabling.
[2018.04.27-04.01.23:051][  0]LogMeshReduction: Using SimplygonSwarm for distributed automatic mesh merging
[2018.04.27-04.01.23:051][  0]LogMeshReduction: Using QuadricMeshReduction for automatic static mesh reduction
[2018.04.27-04.01.23:051][  0]LogMeshReduction: No automatic skeletal mesh reduction module available
[2018.04.27-04.01.23:051][  0]LogMeshReduction: No automatic mesh merging module available
[2018.04.27-04.01.23:051][  0]LogMeshMerging: No automatic mesh merging module available
[2018.04.27-04.01.23:074][  0]LogNetVersion: SeniorDesignV1 , NetCL: 3944462, EngineNetVer: 2, GameNetVer: 0 (Checksum: 838868365)
[2018.04.27-04.01.23:438][  0]LogPackageLocalizationCache: Processed 9 localized package path(s) for 2 prioritized culture(s) in 0.061442 seconds
[2018.04.27-04.01.23:443][  0]LogUObjectArray: 36728 objects as part of root set at end of initial load.
[2018.04.27-04.01.23:443][  0]LogUObjectAllocator: 7314304 out of 0 bytes used by permanent object pool.
[2018.04.27-04.01.23:443][  0]LogUObjectArray: CloseDisregardForGC: 0/0 objects in disregard for GC pool
[2018.04.27-04.01.24:707][  0]LogTcpMessaging: Initializing TcpMessaging bridge
[2018.04.27-04.01.24:730][  0]LogUdpMessaging: Initializing bridge on interface 0.0.0.0:0 to multicast group 230.0.0.1:6666.
[2018.04.27-04.01.24:986][  0]SourceControl: Source control is disabled
[2018.04.27-04.01.24:986][  0]SourceControl: Source control is disabled
[2018.04.27-04.01.24:996][  0]SourceControl: Source control is disabled
[2018.04.27-04.01.25:006][  0]SourceControl: Source control is disabled
[2018.04.27-04.01.25:314][  0]LogAndroidPermission: UAndroidPermissionCallbackProxy::GetInstance
[2018.04.27-04.01.25:448][  0]LogOcInput: OculusInput pre-init called
[2018.04.27-04.01.25:543][  0]LogEngine: Initializing Engine...
[2018.04.27-04.01.25:544][  0]LogHMD: Failed to initialize OpenVR with code 110
[2018.04.27-04.01.25:545][  0]LogStats: UGameplayTagsManager::ConstructGameplayTagTree: Construct from data asset -  0.000 s
[2018.04.27-04.01.25:545][  0]LogStats: UGameplayTagsManager::ConstructGameplayTagTree: GameplayTagTreeChangedEvent.Broadcast -  0.000 s
[2018.04.27-04.01.25:731][  0]LogAIModule: Creating AISystem for world Untitled
[2018.04.27-04.01.25:787][  0]LogInit: XAudio2 using 'Speakers (Realtek High Definition Audio)' : 2 channels at 48 kHz using 32 bits per sample (channel mask 0x3)
[2018.04.27-04.01.25:860][  0]LogInit: FAudioDevice initialized.
[2018.04.27-04.01.25:947][  0]LogDerivedDataCache: Saved boot cache 0.09s 74MB C:/Users/Hamilton Coke/AppData/Local/UnrealEngine/4.19/DerivedDataCache/Boot.ddc.
[2018.04.27-04.01.25:959][  0]LogInit: Texture streaming: Enabled
[2018.04.27-04.01.25:969][  0]LogEngineSessionManager: EngineSessionManager initialized
[2018.04.27-04.01.25:982][  0]LogInit: Transaction tracking system initialized
[2018.04.27-04.01.25:999][  0]BlueprintLog: New page: Editor Load
[2018.04.27-04.01.26:045][  0]LocalizationService: Localization service is disabled
[2018.04.27-04.01.26:109][  0]LogConsoleResponse: Display: 
[2018.04.27-04.01.26:227][  0]LogCook: Display: Max memory allowance for cook 16384mb min free memory 0mb
[2018.04.27-04.01.26:227][  0]LogCook: Display: Mobile HDR setting 1
[2018.04.27-04.01.26:227][  0]LogGameplayTags: Display: UGameplayTagsManager::DoneAddingNativeTags. DelegateIsBound: 0
[2018.04.27-04.01.26:227][  0]LogStats: UGameplayTagsManager::ConstructGameplayTagTree: Construct from data asset -  0.000 s
[2018.04.27-04.01.26:227][  0]LogStats: UGameplayTagsManager::ConstructGameplayTagTree: GameplayTagTreeChangedEvent.Broadcast -  0.000 s
[2018.04.27-04.01.26:476][  0]LogFileCache: Scanning file cache for directory 'D:/Developer/PresentVR/SeniorDesignV1 4.19/Content/' took 0.01s
[2018.04.27-04.01.26:476][  0]SourceControl: Source control is disabled
[2018.04.27-04.01.26:476][  0]Cmd: MAP LOAD FILE="../../../Engine/Content/Maps/Templates/Template_Default.umap" TEMPLATE=1 SHOWPROGRESS=1 FEATURELEVEL=3
[2018.04.27-04.01.26:476][  0]LightingResults: New page: Lighting Build
[2018.04.27-04.01.26:478][  0]MapCheck: New page: Map Check
[2018.04.27-04.01.26:478][  0]LightingResults: New page: Lighting Build
[2018.04.27-04.01.26:648][  0]LogAIModule: Creating AISystem for world Untitled_1
[2018.04.27-04.01.26:654][  0]LogEditorServer: Finished looking for orphan Actors (0.000 secs)
[2018.04.27-04.01.26:665][  0]Cmd: MAP CHECKDEP NOCLEARLOG
[2018.04.27-04.01.26:693][  0]MapCheck: Map check complete: 0 Error(s), 0 Warning(s), took 27.498ms to complete.
[2018.04.27-04.01.26:693][  0]LogFileHelpers: Loading map 'Template_Default' took 0.217
[2018.04.27-04.01.26:888][  0]LogCollectionManager: Loaded 0 collections in 0.000840 seconds
[2018.04.27-04.01.26:930][  0]LogFileCache: Scanning file cache for directory 'D:/Developer/PresentVR/SeniorDesignV1 4.19/Saved/Collections/' took 0.01s
[2018.04.27-04.01.26:930][  0]LogFileCache: Scanning file cache for directory 'D:/Developer/PresentVR/SeniorDesignV1 4.19/Content/Developers/HamiltonCoke/Collections/' took 0.01s
[2018.04.27-04.01.26:930][  0]LogFileCache: Scanning file cache for directory 'D:/Developer/PresentVR/SeniorDesignV1 4.19/Content/Collections/' took 0.01s
[2018.04.27-04.01.26:930][  0]LogCollectionManager: Rebuilt the GUID cache for 0 collections in 0.000000 seconds
[2018.04.27-04.01.26:939][  0]LogContentBrowser: Native class hierarchy populated in 0.0092 seconds. Added 2462 classes and 567 folders.
[2018.04.27-04.01.26:944][  0]LogContentBrowser: Native class hierarchy updated for 'WidgetCarousel' in 0.0003 seconds. Added 0 classes and 0 folders.
[2018.04.27-04.01.28:219][  0]LogContentBrowser: Native class hierarchy updated for 'AddContentDialog' in 0.0004 seconds. Added 0 classes and 0 folders.
[2018.04.27-04.01.28:269][  0]LogContentBrowser: Native class hierarchy updated for 'SceneOutliner' in 0.0004 seconds. Added 1 classes and 2 folders.
[2018.04.27-04.01.28:293][  0]LogSlate: Took 0.000176 seconds to synchronously load lazily loaded font '../../../Engine/Content/Slate/Fonts/Roboto-Regular.ttf' (155K)
[2018.04.27-04.01.28:295][  0]LogSlate: Took 0.000135 seconds to synchronously load lazily loaded font '../../../Engine/Content/Slate/Fonts/Roboto-Bold.ttf' (160K)
[2018.04.27-04.01.28:320][  0]LogSlate: Took 0.019510 seconds to synchronously load lazily loaded font '../../../Engine/Content/Editor/Slate/Fonts/FontAwesome.ttf' (139K)
[2018.04.27-04.01.28:514][  0]LogRenderer: Reallocating scene render targets to support 1208x576 Format 10 NumSamples 1 (Frame:1).
[2018.04.27-04.01.28:742][  0]LogSlate: FSceneViewport::OnFocusLost() reason 2
[2018.04.27-04.01.29:084][  0]LogSlate: Window 'Tutorials' being destroyed
[2018.04.27-04.01.29:113][  0]LogContentBrowser: Native class hierarchy updated for 'HierarchicalLODOutliner' in 0.0005 seconds. Added 0 classes and 0 folders.
[2018.04.27-04.01.29:113][  0]LogLoad: (Engine Initialization) Total time: 10.26 seconds
[2018.04.27-04.01.29:113][  0]LogLoad: (Engine Initialization) Total Blueprint compile time: 0.00 seconds
[2018.04.27-04.01.29:122][  0]LogWindowsTextInputMethodSystem: Display: IME system now deactivated.
[2018.04.27-04.01.29:134][  0]LogContentStreaming: Texture pool size now 1000 MB
[2018.04.27-04.01.33:187][474]LogSlate: Took 0.015864 seconds to synchronously load lazily loaded font '../../../Engine/Content/Slate/Fonts/Roboto-Light.ttf' (167K)
[2018.04.27-04.01.37:329][921]LogAssetRegistry: Asset discovery search completed in 14.7002 seconds
[2018.04.27-04.01.37:331][921]LogCollectionManager: Rebuilt the object cache for 0 collections in 0.000000 seconds (found 0 objects)
[2018.04.27-04.01.37:331][921]LogCollectionManager: Fixed up redirectors for 0 collections in 0.000059 seconds (updated 0 objects)
[2018.04.27-04.01.55:319][166]LogSlate: FSceneViewport::OnFocusLost() reason 0
[2018.04.27-04.01.56:116][249]LogSlate: Window 'SeniorDesignV1 - Unreal Editor' being destroyed
[2018.04.27-04.01.56:117][249]LogWindowsTextInputMethodSystem: Display: IME system now deactivated.
[2018.04.27-04.01.56:299][250]Cmd: QUIT_EDITOR
[2018.04.27-04.01.56:326][250]LogSlate: Slate User Destroyed.  User Index 0, Is Virtual User: 0
[2018.04.27-04.01.56:326][250]LogExit: Preparing to exit.
[2018.04.27-04.01.56:786][250]LogDirectoryWatcher: A directory notification for 'D:/Developer/PresentVR/SeniorDesignV1 4.19/Content/' was aborted.
[2018.04.27-04.01.56:809][250]LogExit: Editor shut down
[2018.04.27-04.01.56:811][250]LogExit: Transaction tracking system shut down
[2018.04.27-04.01.56:968][250]LogDirectoryWatcher: A directory notification for '../../../Engine/Content/' was aborted.
[2018.04.27-04.01.56:968][250]LogDirectoryWatcher: A directory notification for '../../../../Developer/PresentVR/SeniorDesignV1 4.19/Content/' was aborted.
[2018.04.27-04.01.56:969][250]LogDirectoryWatcher: A directory notification for '../../Plugins/2D/Paper2D/Content/' was aborted.
[2018.04.27-04.01.56:969][250]LogDirectoryWatcher: A directory notification for '../../Plugins/Enterprise/DatasmithContent/Content/' was aborted.
[2018.04.27-04.01.56:969][250]LogDirectoryWatcher: A directory notification for '../../Plugins/Media/MediaCompositing/Content/' was aborted.
[2018.04.27-04.01.56:969][250]LogDirectoryWatcher: A directory notification for '../../Plugins/Runtime/AppleARKit/Content/' was aborted.
[2018.04.27-04.01.56:969][250]LogDirectoryWatcher: A directory notification for '../../Plugins/Runtime/Oculus/OculusVR/Content/' was aborted.
[2018.04.27-04.01.56:969][250]LogDirectoryWatcher: A directory notification for '../../Plugins/Runtime/Steam/SteamVR/Content/' was aborted.
[2018.04.27-04.01.57:018][250]LogExit: Object subsystem successfully closed.
[2018.04.27-04.01.57:114][250]LogShaderCompilers: Display: Shaders left to compile 0
[2018.04.27-04.01.57:117][250]LogD3D11RHI: Shutdown
[2018.04.27-04.01.57:117][250]LogD3D11RHI: CleanupD3DDevice
[2018.04.27-04.01.57:128][250]LogD3D11RHI: ~FD3D11DynamicRHI
[2018.04.27-04.01.57:138][250]LogModuleManager: Shutting down and abandoning module HierarchicalLODOutliner (586)
[2018.04.27-04.01.57:138][250]LogModuleManager: Shutting down and abandoning module DesktopPlatform (584)
[2018.04.27-04.01.57:138][250]LogModuleManager: Shutting down and abandoning module SceneOutliner (582)
[2018.04.27-04.01.57:155][250]LogModuleManager: Shutting down and abandoning module AddContentDialog (580)
[2018.04.27-04.01.57:155][250]LogDirectoryWatcher: A directory notification for 'D:/UE_4.19/FeaturePacks/' was aborted.
[2018.04.27-04.01.57:157][250]LogModuleManager: Shutting down and abandoning module WidgetCarousel (579)
[2018.04.27-04.01.57:157][250]LogModuleManager: Shutting down and abandoning module EditorWidgets (576)
[2018.04.27-04.01.57:157][250]LogModuleManager: Shutting down and abandoning module CollectionManager (574)
[2018.04.27-04.01.57:157][250]LogDirectoryWatcher: A directory notification for 'D:/Developer/PresentVR/SeniorDesignV1 4.19/Content/Collections/' was aborted.
[2018.04.27-04.01.57:157][250]LogDirectoryWatcher: A directory notification for 'D:/Developer/PresentVR/SeniorDesignV1 4.19/Content/Developers/HamiltonCoke/Collections/' was aborted.
[2018.04.27-04.01.57:157][250]LogDirectoryWatcher: A directory notification for 'D:/Developer/PresentVR/SeniorDesignV1 4.19/Saved/Collections/' was aborted.
[2018.04.27-04.01.57:157][250]LogModuleManager: Shutting down and abandoning module HierarchicalLODUtilities (572)
[2018.04.27-04.01.57:157][250]LogModuleManager: Shutting down and abandoning module StatsViewer (570)
[2018.04.27-04.01.57:157][250]LogModuleManager: Shutting down and abandoning module FoliageEdit (568)
[2018.04.27-04.01.57:157][250]LogModuleManager: Shutting down and abandoning module LandscapeEditor (566)
[2018.04.27-04.01.57:157][250]LogModuleManager: Shutting down and abandoning module MeshPaintMode (564)
[2018.04.27-04.01.57:157][250]LogModuleManager: Shutting down and abandoning module SceneDepthPickerMode (562)
[2018.04.27-04.01.57:157][250]LogModuleManager: Shutting down and abandoning module ActorPickerMode (560)
[2018.04.27-04.01.57:157][250]LogModuleManager: Shutting down and abandoning module GeometryMode (558)
[2018.04.27-04.01.57:157][250]LogModuleManager: Shutting down and abandoning module TextureAlignMode (556)
[2018.04.27-04.01.57:157][250]LogModuleManager: Shutting down and abandoning module BspMode (554)
[2018.04.27-04.01.57:158][250]LogModuleManager: Shutting down and abandoning module PIEPreviewDeviceProfileSelector (552)
[2018.04.27-04.01.57:158][250]LogModuleManager: Shutting down and abandoning module HardwareSurvey (550)
[2018.04.27-04.01.57:158][250]LogModuleManager: Shutting down and abandoning module SequenceRecorderSections (548)
[2018.04.27-04.01.57:158][250]LogModuleManager: Shutting down and abandoning module AutomationWorker (546)
[2018.04.27-04.01.57:158][250]LogModuleManager: Shutting down and abandoning module AudioCaptureEditor (544)
[2018.04.27-04.01.57:158][250]LogModuleManager: Shutting down and abandoning module SequenceRecorder (543)
[2018.04.27-04.01.57:158][250]LogModuleManager: Shutting down and abandoning module MatineeToLevelSequence (540)
[2018.04.27-04.01.57:158][250]LogModuleManager: Shutting down and abandoning module LevelSequenceEditor (538)
[2018.04.27-04.01.57:158][250]LogModuleManager: Shutting down and abandoning module PlacementMode (537)
[2018.04.27-04.01.57:158][250]LogModuleManager: Shutting down and abandoning module MaterialEditor (536)
[2018.04.27-04.01.57:158][250]LogModuleManager: Shutting down and abandoning module WmfMediaFactory (532)
[2018.04.27-04.01.57:158][250]LogModuleManager: Shutting down and abandoning module WmfMediaEditor (530)
[2018.04.27-04.01.57:158][250]LogModuleManager: Shutting down and abandoning module MediaPlayerEditor (528)
[2018.04.27-04.01.57:158][250]LogModuleManager: Shutting down and abandoning module OpenExrWrapper (526)
[2018.04.27-04.01.57:158][250]LogModuleManager: Shutting down and abandoning module ImgMediaFactory (524)
[2018.04.27-04.01.57:158][250]LogModuleManager: Shutting down and abandoning module ImgMediaEditor (522)
[2018.04.27-04.01.57:158][250]LogModuleManager: Shutting down and abandoning module AvfMediaFactory (520)
[2018.04.27-04.01.57:158][250]LogModuleManager: Shutting down and abandoning module AvfMediaEditor (518)
[2018.04.27-04.01.57:158][250]LogModuleManager: Shutting down and abandoning module AndroidMediaFactory (516)
[2018.04.27-04.01.57:158][250]LogModuleManager: Shutting down and abandoning module AndroidMediaEditor (514)
[2018.04.27-04.01.57:158][250]LogModuleManager: Shutting down and abandoning module CharacterAI (512)
[2018.04.27-04.01.57:158][250]LogModuleManager: Shutting down and abandoning module SmartSnapping (510)
[2018.04.27-04.01.57:158][250]LogModuleManager: Shutting down and abandoning module SessionServices (508)
[2018.04.27-04.01.57:158][250]LogModuleManager: Shutting down and abandoning module ViewportSnapping (506)
[2018.04.27-04.01.57:158][250]LogModuleManager: Shutting down and abandoning module ViewportInteraction (504)
[2018.04.27-04.01.57:158][250]LogModuleManager: Shutting down and abandoning module ClothPainter (502)
[2018.04.27-04.01.57:158][250]LogModuleManager: Shutting down and abandoning module SkeletalMeshEditor (501)
[2018.04.27-04.01.57:158][250]LogModuleManager: Shutting down and abandoning module LogVisualizer (498)
[2018.04.27-04.01.57:158][250]LogModuleManager: Shutting down and abandoning module IntroTutorials (496)
[2018.04.27-04.01.57:158][250]LogModuleManager: Shutting down and abandoning module GameProjectGeneration (495)
[2018.04.27-04.01.57:158][250]LogModuleManager: Shutting down and abandoning module IOSPlatformEditor (492)
[2018.04.27-04.01.57:158][250]LogModuleManager: Shutting down and abandoning module HTML5PlatformEditor (490)
[2018.04.27-04.01.57:158][250]LogModuleManager: Shutting down and abandoning module AndroidPlatformEditor (488)
[2018.04.27-04.01.57:158][250]LogModuleManager: Shutting down and abandoning module AndroidDeviceDetection (487)
[2018.04.27-04.01.58:086][250]LogModuleManager: Shutting down and abandoning module WindowsPlatformEditor (484)
[2018.04.27-04.01.58:086][250]LogModuleManager: Shutting down and abandoning module IOSRuntimeSettings (482)
[2018.04.27-04.01.58:086][250]LogModuleManager: Shutting down and abandoning module AndroidRuntimeSettings (480)
[2018.04.27-04.01.58:086][250]LogModuleManager: Shutting down and abandoning module InputBindingEditor (478)
[2018.04.27-04.01.58:086][250]LogModuleManager: Shutting down and abandoning module MergeActors (476)
[2018.04.27-04.01.58:086][250]LogModuleManager: Shutting down and abandoning module LocalizationDashboard (474)
[2018.04.27-04.01.58:086][250]LogModuleManager: Shutting down and abandoning module LocalizationService (473)
[2018.04.27-04.01.58:086][250]LogModuleManager: Shutting down and abandoning module HardwareTargeting (470)
[2018.04.27-04.01.58:086][250]LogModuleManager: Shutting down and abandoning module DeviceProfileEditor (468)
[2018.04.27-04.01.58:086][250]LogModuleManager: Shutting down and abandoning module UndoHistory (466)
[2018.04.27-04.01.58:086][250]LogModuleManager: Shutting down and abandoning module XmlParser (464)
[2018.04.27-04.01.58:086][250]LogModuleManager: Shutting down and abandoning module Blutility (462)
[2018.04.27-04.01.58:086][250]LogModuleManager: Shutting down and abandoning module ProjectSettingsViewer (460)
[2018.04.27-04.01.58:087][250]LogModuleManager: Shutting down and abandoning module ProjectTargetPlatformEditor (459)
[2018.04.27-04.01.58:087][250]LogModuleManager: Shutting down and abandoning module EditorSettingsViewer (456)
[2018.04.27-04.01.58:087][250]LogModuleManager: Shutting down and abandoning module SettingsEditor (454)
[2018.04.27-04.01.58:087][250]LogModuleManager: Shutting down and abandoning module ProjectLauncher (452)
[2018.04.27-04.01.58:087][250]LogModuleManager: Shutting down and abandoning module SessionFrontend (450)
[2018.04.27-04.01.58:087][250]LogModuleManager: Shutting down and abandoning module ProfilerClient (448)
[2018.04.27-04.01.58:087][250]LogModuleManager: Shutting down and abandoning module DeviceManager (446)
[2018.04.27-04.01.58:087][250]LogModuleManager: Shutting down and abandoning module TargetDeviceServices (445)
[2018.04.27-04.01.58:141][250]LogModuleManager: Shutting down and abandoning module AutomationController (442)
[2018.04.27-04.01.58:141][250]LogModuleManager: Shutting down and abandoning module AutomationWindow (440)
[2018.04.27-04.01.58:141][250]LogModuleManager: Shutting down and abandoning module Layers (438)
[2018.04.27-04.01.58:141][250]LogModuleManager: Shutting down and abandoning module ComponentVisualizers (436)
[2018.04.27-04.01.58:141][250]LogModuleManager: Shutting down and abandoning module DetailCustomizations (434)
[2018.04.27-04.01.58:141][250]LogModuleManager: Shutting down and abandoning module PackagesDialog (432)
[2018.04.27-04.01.58:141][250]LogModuleManager: Shutting down and abandoning module Persona (430)
[2018.04.27-04.01.58:141][250]LogModuleManager: Shutting down and abandoning module AdvancedPreviewScene (429)
[2018.04.27-04.01.58:141][250]LogModuleManager: Shutting down and abandoning module AnimGraph (427)
[2018.04.27-04.01.58:141][250]LogModuleManager: Shutting down and abandoning module Kismet (424)
[2018.04.27-04.01.58:141][250]LogModuleManager: Shutting down and abandoning module GraphEditor (422)
[2018.04.27-04.01.58:141][250]LogModuleManager: Shutting down and abandoning module ClassViewer (420)
[2018.04.27-04.01.58:141][250]LogModuleManager: Shutting down and abandoning module Toolbox (418)
[2018.04.27-04.01.58:141][250]LogModuleManager: Shutting down and abandoning module ModuleUI (416)
[2018.04.27-04.01.58:141][250]LogModuleManager: Shutting down and abandoning module MovieSceneTools (414)
[2018.04.27-04.01.58:141][250]LogModuleManager: Shutting down and abandoning module OutputLog (412)
[2018.04.27-04.01.58:141][250]LogModuleManager: Shutting down and abandoning module GammaUI (410)
[2018.04.27-04.01.58:142][250]LogModuleManager: Shutting down and abandoning module Documentation (408)
[2018.04.27-04.01.58:142][250]LogModuleManager: Shutting down and abandoning module MovieSceneTracks (406)
[2018.04.27-04.01.58:142][250]LogModuleManager: Shutting down and abandoning module MovieScene (404)
[2018.04.27-04.01.58:142][250]LogModuleManager: Shutting down and abandoning module StreamingPauseRendering (402)
[2018.04.27-04.01.58:142][250]LogModuleManager: Shutting down and abandoning module LauncherPlatform (400)
[2018.04.27-04.01.58:142][250]LogModuleManager: Shutting down and abandoning module AnalyticsET (398)
[2018.04.27-04.01.58:142][250]LogModuleManager: Shutting down and abandoning module PortalServices (396)
[2018.04.27-04.01.58:142][250]LogModuleManager: Shutting down and abandoning module PortalRpc (394)
[2018.04.27-04.01.58:142][250]LogModuleManager: Shutting down and abandoning module MessagingRpc (392)
[2018.04.27-04.01.58:142][250]LogModuleManager: Shutting down and abandoning module AIModule (390)
[2018.04.27-04.01.58:142][250]LogModuleManager: Shutting down and abandoning module GameplayDebugger (389)
[2018.04.27-04.01.58:142][250]LogModuleManager: Shutting down and abandoning module AITestSuite (387)
[2018.04.27-04.01.58:142][250]LogModuleManager: Shutting down and abandoning module ProfilerService (384)
[2018.04.27-04.01.58:293][250]LogModuleManager: Shutting down and abandoning module TaskGraph (382)
[2018.04.27-04.01.58:293][250]LogModuleManager: Shutting down and abandoning module SIOJEditorPlugin (380)
[2018.04.27-04.01.58:293][250]LogModuleManager: Shutting down and abandoning module SocketIOClient (378)
[2018.04.27-04.01.58:293][250]LogModuleManager: Shutting down and abandoning module SteamVRController (376)
[2018.04.27-04.01.58:293][250]LogModuleManager: Shutting down and abandoning module ProceduralMeshComponentEditor (374)
[2018.04.27-04.01.58:293][250]LogModuleManager: Shutting down and abandoning module ProceduralMeshComponent (372)
[2018.04.27-04.01.58:293][250]LogModuleManager: Shutting down and abandoning module OculusInput (370)
[2018.04.27-04.01.58:293][250]LogModuleManager: Shutting down and abandoning module MobilePatchingUtils (368)
[2018.04.27-04.01.58:293][250]LogModuleManager: Shutting down and abandoning module CustomMeshComponent (366)
[2018.04.27-04.01.58:293][250]LogModuleManager: Shutting down and abandoning module CableComponent (364)
[2018.04.27-04.01.58:293][250]LogModuleManager: Shutting down and abandoning module AudioCapture (362)
[2018.04.27-04.01.58:293][250]LogModuleManager: Shutting down and abandoning module ArchVisCharacter (360)
[2018.04.27-04.01.58:293][250]LogModuleManager: Shutting down and abandoning module AndroidPermission (358)
[2018.04.27-04.01.58:293][250]LogModuleManager: Shutting down and abandoning module NUTUnrealEngine4 (354)
[2018.04.27-04.01.58:293][250]LogModuleManager: Shutting down and abandoning module NetcodeUnitTest (352)
[2018.04.27-04.01.58:293][250]LogModuleManager: Shutting down and abandoning module MediaCompositingEditor (350)
[2018.04.27-04.01.58:294][250]LogModuleManager: Shutting down and abandoning module MediaCompositing (348)
[2018.04.27-04.01.58:294][250]LogModuleManager: Shutting down and abandoning module LinearTimecode (346)
[2018.04.27-04.01.58:294][250]LogModuleManager: Shutting down and abandoning module ImgMedia (344)
[2018.04.27-04.01.58:297][250]LogModuleManager: Shutting down and abandoning module HTML5Networking (342)
[2018.04.27-04.01.58:297][250]LogModuleManager: Shutting down and abandoning module AlembicImporter (340)
[2018.04.27-04.01.58:297][250]LogModuleManager: Shutting down and abandoning module AlembicLibrary (339)
[2018.04.27-04.01.58:297][250]LogModuleManager: Shutting down and abandoning module GeometryCache (338)
[2018.04.27-04.01.58:297][250]LogModuleManager: Shutting down and abandoning module GeometryCacheEd (337)
[2018.04.27-04.01.58:297][250]LogModuleManager: Shutting down and abandoning module DatasmithContent (332)
[2018.04.27-04.01.58:297][250]LogModuleManager: Shutting down and abandoning module SpeedTreeImporter (330)
[2018.04.27-04.01.58:297][250]LogModuleManager: Shutting down and abandoning module PluginBrowser (328)
[2018.04.27-04.01.58:297][250]LogModuleManager: Shutting down and abandoning module MobileLauncherProfileWizard (326)
[2018.04.27-04.01.58:297][250]LogModuleManager: Shutting down and abandoning module CryptoKeysOpenSSL (324)
[2018.04.27-04.01.58:297][250]LogModuleManager: Shutting down and abandoning module CryptoKeys (322)
[2018.04.27-04.01.58:297][250]LogModuleManager: Shutting down and abandoning module VisualStudioSourceCodeAccess (320)
[2018.04.27-04.01.58:297][250]LogModuleManager: Shutting down and abandoning module VisualStudioCodeSourceCodeAccess (318)
[2018.04.27-04.01.58:297][250]LogModuleManager: Shutting down and abandoning module UObjectPlugin (316)
[2018.04.27-04.01.58:297][250]LogModuleManager: Shutting down and abandoning module SubversionSourceControl (314)
[2018.04.27-04.01.58:297][250]LogModuleManager: Shutting down and abandoning module PerforceSourceControl (312)
[2018.04.27-04.01.58:297][250]LogModuleManager: Shutting down and abandoning module GitSourceControl (310)
[2018.04.27-04.01.58:297][250]LogModuleManager: Shutting down and abandoning module SourceControl (309)
[2018.04.27-04.01.58:297][250]LogModuleManager: Shutting down and abandoning module CLionSourceCodeAccess (306)
[2018.04.27-04.01.58:297][250]LogModuleManager: Shutting down and abandoning module LightPropagationVolumeEditor (304)
[2018.04.27-04.01.58:297][250]LogModuleManager: Shutting down and abandoning module PaperTiledImporter (302)
[2018.04.27-04.01.58:297][250]LogModuleManager: Shutting down and abandoning module PaperSpriteSheetImporter (300)
[2018.04.27-04.01.58:297][250]LogModuleManager: Shutting down and abandoning module Paper2DEditor (298)
[2018.04.27-04.01.58:297][250]LogModuleManager: Shutting down and abandoning module MeshPaint (297)
[2018.04.27-04.01.58:297][250]LogModuleManager: Shutting down and abandoning module SeniorDesignV1 (294)
[2018.04.27-04.01.58:297][250]LogModuleManager: Shutting down and abandoning module CoreUtility (292)
[2018.04.27-04.01.58:297][250]LogModuleManager: Shutting down and abandoning module SIOJson (290)
[2018.04.27-04.01.58:297][250]LogModuleManager: Shutting down and abandoning module RuntimePhysXCooking (288)
[2018.04.27-04.01.58:297][250]LogModuleManager: Shutting down and abandoning module PhysXVehiclesEditor (286)
[2018.04.27-04.01.58:297][250]LogModuleManager: Shutting down and abandoning module PhysXVehicles (284)
[2018.04.27-04.01.58:297][250]LogModuleManager: Shutting down and abandoning module OculusEditor (282)
[2018.04.27-04.01.58:297][250]LogModuleManager: Shutting down and abandoning module LocationServicesBPLibrary (280)
[2018.04.27-04.01.58:297][250]LogModuleManager: Shutting down and abandoning module ImmediatePhysicsEditor (278)
[2018.04.27-04.01.58:297][250]LogModuleManager: Shutting down and abandoning module ImmediatePhysics (276)
[2018.04.27-04.01.58:297][250]LogModuleManager: Shutting down and abandoning module ActorSequence (274)
[2018.04.27-04.01.58:297][250]LogModuleManager: Shutting down and abandoning module UdpMessaging (272)
[2018.04.27-04.01.58:398][250]LogModuleManager: Shutting down and abandoning module TcpMessaging (270)
[2018.04.27-04.01.58:498][250]LogModuleManager: Shutting down and abandoning module GameplayTagsEditor (268)
[2018.04.27-04.01.58:498][250]LogModuleManager: Shutting down and abandoning module FacialAnimationEditor (266)
[2018.04.27-04.01.58:498][250]LogModuleManager: Shutting down and abandoning module FacialAnimation (264)
[2018.04.27-04.01.58:498][250]LogModuleManager: Shutting down and abandoning module DataValidation (262)
[2018.04.27-04.01.58:498][250]LogModuleManager: Shutting down and abandoning module AssetManagerEditor (260)
[2018.04.27-04.01.58:498][250]LogModuleManager: Shutting down and abandoning module LevelEditor (259)
[2018.04.27-04.01.58:498][250]LogModuleManager: Shutting down and abandoning module PixelInspectorModule (258)
[2018.04.27-04.01.58:498][250]LogModuleManager: Shutting down and abandoning module CommonMenuExtensions (256)
[2018.04.27-04.01.58:498][250]LogModuleManager: Shutting down and abandoning module MainFrame (254)
[2018.04.27-04.01.58:499][250]LogModuleManager: Shutting down and abandoning module HotReload (253)
[2018.04.27-04.01.58:499][250]LogDirectoryWatcher: A directory notification for 'D:/Developer/PresentVR/SeniorDesignV1 4.19/Binaries/Win64' was aborted.
[2018.04.27-04.01.58:499][250]LogDirectoryWatcher: A directory notification for 'D:/Developer/PresentVR/SeniorDesignV1 4.19/Plugins/socketio-client-ue4/Binaries/Win64' was aborted.
[2018.04.27-04.01.58:499][250]LogModuleManager: Shutting down and abandoning module ContentBrowser (249)
[2018.04.27-04.01.58:500][250]LogModuleManager: Shutting down and abandoning module TreeMap (247)
[2018.04.27-04.01.58:500][250]LogModuleManager: Shutting down and abandoning module LightPropagationVolumeRuntime (244)
[2018.04.27-04.01.58:500][250]LogModuleManager: Shutting down and abandoning module LiveLinkEditor (242)
[2018.04.27-04.01.58:500][250]LogModuleManager: Shutting down and abandoning module LiveLink (240)
[2018.04.27-04.01.58:509][250]LogModuleManager: Shutting down and abandoning module Paper2D (238)
[2018.04.27-04.01.58:509][250]LogModuleManager: Shutting down and abandoning module WindowsMoviePlayer (236)
[2018.04.27-04.01.58:509][250]LogModuleManager: Shutting down and abandoning module WmfMedia (234)
[2018.04.27-04.01.58:510][250]LogModuleManager: Shutting down and abandoning module Media (233)
[2018.04.27-04.01.58:516][250]LogModuleManager: Shutting down and abandoning module PacketHandler (230)
[2018.04.27-04.01.58:516][250]LogModuleManager: Shutting down and abandoning module ClothingSystemEditor (228)
[2018.04.27-04.01.58:516][250]LogModuleManager: Shutting down and abandoning module ClothingSystemRuntime (226)
[2018.04.27-04.01.58:516][250]LogModuleManager: Shutting down and abandoning module MediaAssets (224)
[2018.04.27-04.01.58:516][250]LogModuleManager: Shutting down and abandoning module Overlay (222)
[2018.04.27-04.01.58:516][250]LogModuleManager: Shutting down and abandoning module OverlayEditor (221)
[2018.04.27-04.01.58:516][250]LogModuleManager: Shutting down and abandoning module VREditor (218)
[2018.04.27-04.01.58:516][250]LogModuleManager: Shutting down and abandoning module StringTableEditor (216)
[2018.04.27-04.01.58:517][250]LogModuleManager: Shutting down and abandoning module GameplayTasksEditor (214)
[2018.04.27-04.01.58:517][250]LogModuleManager: Shutting down and abandoning module BehaviorTreeEditor (212)
[2018.04.27-04.01.58:517][250]LogModuleManager: Shutting down and abandoning module FunctionalTesting (210)
[2018.04.27-04.01.58:517][250]LogModuleManager: Shutting down and abandoning module CollisionAnalyzer (208)
[2018.04.27-04.01.58:517][250]LogModuleManager: Shutting down and abandoning module WorkspaceMenuStructure (207)
[2018.04.27-04.01.58:517][250]LogModuleManager: Shutting down and abandoning module UMG (204)
[2018.04.27-04.01.58:517][250]LogModuleManager: Shutting down and abandoning module UMGEditor (203)
[2018.04.27-04.01.58:517][250]LogModuleManager: Shutting down and abandoning module Sequencer (202)
[2018.04.27-04.01.58:517][250]LogModuleManager: Shutting down and abandoning module MessageLog (199)
[2018.04.27-04.01.58:517][250]LogModuleManager: Shutting down and abandoning module SlateReflector (194)
[2018.04.27-04.01.58:517][250]LogModuleManager: Shutting down and abandoning module Slate (192)
[2018.04.27-04.01.58:517][250]LogModuleManager: Shutting down and abandoning module EditorStyle (190)
[2018.04.27-04.01.58:519][250]LogModuleManager: Shutting down and abandoning module MRMesh (188)
[2018.04.27-04.01.58:519][250]LogModuleManager: Shutting down and abandoning module SourceCodeAccess (186)
[2018.04.27-04.01.58:519][250]LogModuleManager: Shutting down and abandoning module HeadMountedDisplay (184)
[2018.04.27-04.01.58:519][250]LogModuleManager: Shutting down and abandoning module XAudio2 (182)
[2018.04.27-04.01.58:519][250]LogModuleManager: Shutting down and abandoning module Networking (180)
[2018.04.27-04.01.58:519][250]LogModuleManager: Shutting down and abandoning module Core (178)
[2018.04.27-04.01.58:519][250]LogModuleManager: Shutting down and abandoning module LevelSequence (176)
[2018.04.27-04.01.58:519][250]LogModuleManager: Shutting down and abandoning module KismetCompiler (174)
[2018.04.27-04.01.58:519][250]LogModuleManager: Shutting down and abandoning module MeshUtilities (172)
[2018.04.27-04.01.58:519][250]LogModuleManager: Shutting down and abandoning module MeshMergeUtilities (171)
[2018.04.27-04.01.58:519][250]LogModuleManager: Shutting down and abandoning module MeshReductionInterface (170)
[2018.04.27-04.01.58:519][250]LogModuleManager: Shutting down and abandoning module SimplygonSwarm (169)
[2018.04.27-04.01.58:519][250]LogModuleManager: Shutting down and abandoning module SimplygonMeshReduction (167)
[2018.04.27-04.01.58:519][250]LogModuleManager: Shutting down and abandoning module QuadricMeshReduction (165)
[2018.04.27-04.01.58:519][250]LogModuleManager: Shutting down and abandoning module MaterialBaking (161)
[2018.04.27-04.01.58:519][250]LogModuleManager: Shutting down and abandoning module DirectoryWatcher (157)
[2018.04.27-04.01.58:519][250]LogModuleManager: Shutting down and abandoning module DerivedDataCache (154)
[2018.04.27-04.01.58:561][250]LogDerivedDataCache: Shutdown
[2018.04.27-04.01.58:561][250]LogModuleManager: Shutting down and abandoning module XGEController (152)
[2018.04.27-04.01.58:561][250]LogModuleManager: Shutting down and abandoning module TargetPlatform (150)
[2018.04.27-04.01.58:561][250]LogModuleManager: Shutting down and abandoning module VulkanShaderFormat (149)
[2018.04.27-04.01.58:561][250]LogModuleManager: Shutting down and abandoning module ShaderFormatVectorVM (147)
[2018.04.27-04.01.58:561][250]LogModuleManager: Shutting down and abandoning module ShaderFormatOpenGL (145)
[2018.04.27-04.01.58:561][250]LogModuleManager: Shutting down and abandoning module ShaderFormatD3D (143)
[2018.04.27-04.01.58:561][250]LogModuleManager: Shutting down and abandoning module MetalShaderFormat (141)
[2018.04.27-04.01.58:561][250]LogModuleManager: Shutting down and abandoning module TextureFormatUncompressed (139)
[2018.04.27-04.01.58:561][250]LogModuleManager: Shutting down and abandoning module TextureFormatPVR (137)
[2018.04.27-04.01.58:562][250]LogModuleManager: Shutting down and abandoning module TextureFormatDXT (135)
[2018.04.27-04.01.58:562][250]LogModuleManager: Shutting down and abandoning module TextureFormatIntelISPCTexComp (133)
[2018.04.27-04.01.58:562][250]LogModuleManager: Shutting down and abandoning module TextureFormatASTC (131)
[2018.04.27-04.01.58:562][250]LogModuleManager: Shutting down and abandoning module ImageWrapper (130)
[2018.04.27-04.01.58:562][250]LogModuleManager: Shutting down and abandoning module TextureFormatAndroid (127)
[2018.04.27-04.01.58:562][250]LogModuleManager: Shutting down and abandoning module AudioFormatOpus (125)
[2018.04.27-04.01.58:562][250]LogModuleManager: Shutting down and abandoning module AudioFormatOgg (123)
[2018.04.27-04.01.58:562][250]LogModuleManager: Shutting down and abandoning module AudioFormatADPCM (121)
[2018.04.27-04.01.58:562][250]LogModuleManager: Shutting down and abandoning module LinuxTargetPlatform (119)
[2018.04.27-04.01.58:562][250]LogModuleManager: Shutting down and abandoning module LinuxServerTargetPlatform (117)
[2018.04.27-04.01.58:562][250]LogModuleManager: Shutting down and abandoning module LinuxNoEditorTargetPlatform (115)
[2018.04.27-04.01.58:562][250]LogModuleManager: Shutting down and abandoning module LinuxClientTargetPlatform (113)
[2018.04.27-04.01.58:562][250]LogModuleManager: Shutting down and abandoning module TVOSTargetPlatform (111)
[2018.04.27-04.01.58:562][250]LogModuleManager: Shutting down and abandoning module Messaging (109)
[2018.04.27-04.01.58:562][250]LogModuleManager: Shutting down and abandoning module IOSTargetPlatform (107)
[2018.04.27-04.01.58:562][250]LogModuleManager: Shutting down and abandoning module HTML5TargetPlatform (105)
[2018.04.27-04.01.58:562][250]LogModuleManager: Shutting down and abandoning module AndroidTargetPlatform (103)
[2018.04.27-04.01.58:562][250]LogModuleManager: Shutting down and abandoning module Android_PVRTCTargetPlatform (101)
[2018.04.27-04.01.58:562][250]LogModuleManager: Shutting down and abandoning module Android_MultiTargetPlatform (99)
[2018.04.27-04.01.58:562][250]LogModuleManager: Shutting down and abandoning module Android_ETC2TargetPlatform (97)
[2018.04.27-04.01.58:562][250]LogModuleManager: Shutting down and abandoning module Android_ETC1TargetPlatform (95)
[2018.04.27-04.01.58:562][250]LogModuleManager: Shutting down and abandoning module Android_ETC1aTargetPlatform (93)
[2018.04.27-04.01.58:562][250]LogModuleManager: Shutting down and abandoning module Android_DXTTargetPlatform (91)
[2018.04.27-04.01.58:562][250]LogModuleManager: Shutting down and abandoning module Android_ATCTargetPlatform (89)
[2018.04.27-04.01.58:562][250]LogModuleManager: Shutting down and abandoning module Android_ASTCTargetPlatform (87)
[2018.04.27-04.01.58:562][250]LogModuleManager: Shutting down and abandoning module WindowsTargetPlatform (85)
[2018.04.27-04.01.58:562][250]LogModuleManager: Shutting down and abandoning module WindowsServerTargetPlatform (83)
[2018.04.27-04.01.58:562][250]LogModuleManager: Shutting down and abandoning module WindowsNoEditorTargetPlatform (81)
[2018.04.27-04.01.58:562][250]LogModuleManager: Shutting down and abandoning module WindowsClientTargetPlatform (79)
[2018.04.27-04.01.58:562][250]LogModuleManager: Shutting down and abandoning module MacTargetPlatform (77)
[2018.04.27-04.01.58:562][250]LogModuleManager: Shutting down and abandoning module MacServerTargetPlatform (75)
[2018.04.27-04.01.58:562][250]LogModuleManager: Shutting down and abandoning module MacNoEditorTargetPlatform (73)
[2018.04.27-04.01.58:562][250]LogModuleManager: Shutting down and abandoning module MacClientTargetPlatform (71)
[2018.04.27-04.01.58:562][250]LogModuleManager: Shutting down and abandoning module AllDesktopTargetPlatform (69)
[2018.04.27-04.01.58:562][250]LogModuleManager: Shutting down and abandoning module InputCore (66)
[2018.04.27-04.01.58:562][250]LogModuleManager: Shutting down and abandoning module Settings (64)
[2018.04.27-04.01.58:562][250]LogModuleManager: Shutting down and abandoning module PhysXCooking (62)
[2018.04.27-04.01.58:562][250]LogModuleManager: Shutting down and abandoning module SteamVR (60)
[2018.04.27-04.01.58:562][250]LogModuleManager: Shutting down and abandoning module OculusHMD (58)
[2018.04.27-04.01.58:562][250]LogModuleManager: Shutting down and abandoning module ExampleDeviceProfileSelector (56)
[2018.04.27-04.01.58:562][250]LogModuleManager: Shutting down and abandoning module AppleARKit (54)
[2018.04.27-04.01.58:562][250]LogModuleManager: Shutting down and abandoning module AugmentedReality (51)
[2018.04.27-04.01.58:562][250]LogModuleManager: Shutting down and abandoning module OnlineBlueprintSupport (48)
[2018.04.27-04.01.58:562][250]LogModuleManager: Shutting down and abandoning module OnlineSubsystem (44)
[2018.04.27-04.01.58:562][250]LogModuleManager: Shutting down and abandoning module XMPP (43)
[2018.04.27-04.01.58:562][250]LogModuleManager: Shutting down and abandoning module HTTP (41)
[2018.04.27-04.01.58:562][250]LogHttp: Display: Http module shutting down, but needs to wait on 1 outstanding Http requests:
[2018.04.27-04.01.58:562][250]LogHttp: Display: 	verb=[POST] url=[https://datarouter.ol.epicgames.com/datarouter/api/v1/public/data?SessionID=%7B56BE6C95-49EB-6A6B-9803-5F9D5ACCE8DB%7D&AppID=UEEditor.Rocket.Release&AppVersion=4.19.1-3989454%2B%2B%2BUE4%2BRelease-4.19&UserID=9e405da14e1bbbbf52c30d8c158ce43a%7C19a1a0f693994d52904b28bb67690e12%7Cb746aec2-ea8c-41b0-89e4-2570a5519573&AppEnvironment=datacollector-binary&UploadType=eteventstream] status=Processing
[2018.04.27-04.01.58:578][250]LogModuleManager: Shutting down and abandoning module SSL (40)
[2018.04.27-04.01.58:579][250]LogModuleManager: Shutting down and abandoning module AnimationModifiers (36)
[2018.04.27-04.01.58:579][250]LogModuleManager: Shutting down and abandoning module PropertyEditor (35)
[2018.04.27-04.01.58:579][250]LogModuleManager: Shutting down and abandoning module AudioEditor (32)
[2018.04.27-04.01.58:579][250]LogModuleManager: Shutting down and abandoning module TextureCompressor (30)
[2018.04.27-04.01.58:579][250]LogModuleManager: Shutting down and abandoning module ShaderCore (28)
[2018.04.27-04.01.58:579][250]LogModuleManager: Shutting down and abandoning module Landscape (26)
[2018.04.27-04.01.58:579][250]LogModuleManager: Shutting down and abandoning module SlateRHIRenderer (24)
[2018.04.27-04.01.58:579][250]LogModuleManager: Shutting down and abandoning module OpenGLDrv (22)
[2018.04.27-04.01.58:579][250]LogModuleManager: Shutting down and abandoning module D3D11RHI (20)
[2018.04.27-04.01.58:579][250]LogModuleManager: Shutting down and abandoning module AnimGraphRuntime (18)
[2018.04.27-04.01.58:579][250]LogModuleManager: Shutting down and abandoning module Renderer (16)
[2018.04.27-04.01.58:579][250]LogModuleManager: Shutting down and abandoning module Engine (14)
[2018.04.27-04.01.58:579][250]LogModuleManager: Shutting down and abandoning module CoreUObject (12)
[2018.04.27-04.01.58:579][250]LogModuleManager: Shutting down and abandoning module NetworkFile (10)
[2018.04.27-04.01.58:579][250]LogModuleManager: Shutting down and abandoning module CookedIterativeFile (8)
[2018.04.27-04.01.58:579][250]LogModuleManager: Shutting down and abandoning module StreamingFile (6)
[2018.04.27-04.01.58:579][250]LogModuleManager: Shutting down and abandoning module SandboxFile (4)
[2018.04.27-04.01.58:579][250]LogModuleManager: Shutting down and abandoning module PakFile (2)
[2018.04.27-04.01.58:583][250]LogExit: Exiting.
[2018.04.27-04.01.58:594][250]Log file closed, 04/26/18 21:01:58
