Log file open, 05/10/18 12:32:56
LogWindows: Failed to load 'aqProf.dll' (GetLastError=126)
LogWindows: File 'aqProf.dll' does not exist
LogWindows: Failed to load 'VSPerf140.dll' (GetLastError=126)
LogWindows: File 'VSPerf140.dll' does not exist
LogWindows: Failed to load 'VtuneApi.dll' (GetLastError=126)
LogWindows: File 'VtuneApi.dll' does not exist
LogWindows: Failed to load 'VtuneApi32e.dll' (GetLastError=126)
LogWindows: File 'VtuneApi32e.dll' does not exist
LogInit: Display: Running engine for game: SeniorDesignV1
LogPlatformFile: Not using cached read wrapper
LogInit: Display: RandInit(-1937272080) SRandInit(-1937272080).
LogInit: Read version file with build ID '3944462'
LogInit: Overriding engine version to CL 3944462, compatible CL 3944462
LogInit: Registered custom module enumerator with build ID '3944462'
LogTaskGraph: Started task graph with 5 named threads and 23 total threads with 3 sets of task threads.
LogStats: Stats thread started at 0.313281
LogD3D11RHI: Aftermath initialized
LogICUInternationalization: Display: ICU TimeZone Detection - Raw Offset: -8:00, Platform Override: ''
LogPluginManager: Mounting plugin Paper2D
LogPluginManager: Mounting plugin LiveLink
LogPluginManager: Mounting plugin LightPropagationVolume
LogPluginManager: Mounting plugin CLionSourceCodeAccess
LogPluginManager: Mounting plugin CodeLiteSourceCodeAccess
LogPluginManager: Mounting plugin GitSourceControl
LogPluginManager: Mounting plugin KDevelopSourceCodeAccess
LogPluginManager: Mounting plugin NullSourceCodeAccess
LogPluginManager: Mounting plugin PerforceSourceControl
LogPluginManager: Mounting plugin SubversionSourceControl
LogPluginManager: Mounting plugin UObjectPlugin
LogPluginManager: Mounting plugin VisualStudioCodeSourceCodeAccess
LogPluginManager: Mounting plugin VisualStudioSourceCodeAccess
LogPluginManager: Mounting plugin XCodeSourceCodeAccess
LogPluginManager: Mounting plugin AssetManagerEditor
LogPluginManager: Mounting plugin CryptoKeys
LogPluginManager: Mounting plugin DataValidation
LogPluginManager: Mounting plugin FacialAnimation
LogPluginManager: Mounting plugin GameplayTagsEditor
LogPluginManager: Mounting plugin MobileLauncherProfileWizard
LogPluginManager: Mounting plugin PluginBrowser
LogPluginManager: Mounting plugin SpeedTreeImporter
LogPluginManager: Mounting plugin DatasmithContent
LogPluginManager: Mounting plugin AlembicImporter
LogPluginManager: Mounting plugin CharacterAI
LogPluginManager: Mounting plugin HTML5Networking
LogPluginManager: Mounting plugin AndroidMedia
LogPluginManager: Mounting plugin AvfMedia
LogPluginManager: Mounting plugin ImgMedia
LogPluginManager: Mounting plugin LinearTimecode
LogPluginManager: Mounting plugin MediaCompositing
LogPluginManager: Mounting plugin MediaPlayerEditor
LogPluginManager: Mounting plugin WmfMedia
LogPluginManager: Mounting plugin TcpMessaging
LogPluginManager: Mounting plugin UdpMessaging
LogPluginManager: Mounting plugin ActorSequence
LogPluginManager: Mounting plugin LevelSequenceEditor
LogPluginManager: Mounting plugin MatineeToLevelSequence
LogPluginManager: Mounting plugin NetcodeUnitTest
LogPluginManager: Mounting plugin NUTUnrealEngine4
LogPluginManager: Mounting plugin OnlineSubsystemGooglePlay
LogPluginManager: Mounting plugin OnlineSubsystemIOS
LogPluginManager: Mounting plugin OnlineSubsystem
LogPluginManager: Mounting plugin OnlineSubsystemNull
LogPluginManager: Mounting plugin OnlineSubsystemUtils
LogPluginManager: Mounting plugin AndroidDeviceProfileSelector
LogPluginManager: Mounting plugin AndroidMoviePlayer
LogPluginManager: Mounting plugin AndroidPermission
LogPluginManager: Mounting plugin AppleARKit
LogPluginManager: Mounting plugin AppleMoviePlayer
LogPluginManager: Mounting plugin ArchVisCharacter
LogPluginManager: Mounting plugin AudioCapture
LogPluginManager: Mounting plugin CableComponent
LogPluginManager: Mounting plugin CustomMeshComponent
LogPluginManager: Mounting plugin ExampleDeviceProfileSelector
LogPluginManager: Mounting plugin GoogleCloudMessaging
LogPluginManager: Mounting plugin ImmediatePhysics
LogPluginManager: Mounting plugin IOSDeviceProfileSelector
LogPluginManager: Mounting plugin LinuxDeviceProfileSelector
LogPluginManager: Mounting plugin LocationServicesBPLibrary
LogPluginManager: Mounting plugin MobilePatchingUtils
LogPluginManager: Mounting plugin OculusVR
LogPluginManager: Plugin shader directory ../../../Engine/Plugins/Runtime/Oculus/OculusVR/Shaders found
LogPluginManager: Mapping shader source directory ../../../Engine/Plugins/Runtime/Oculus/OculusVR/Shaders to virtual directory /Plugin/OculusVR
LogPluginManager: Mounting plugin PhysXVehicles
LogPluginManager: Mounting plugin ProceduralMeshComponent
LogPluginManager: Mounting plugin RuntimePhysXCooking
LogPluginManager: Mounting plugin SteamVR
LogPluginManager: Mounting plugin WindowsMoviePlayer
LogPluginManager: Mounting plugin SocketIOClient
LogStreaming: Display: Took  0.385s to configure plugins.
LogModuleManager: Display: Found up-to-date module file ../../../../../../Users/VRBC/Desktop/rjackson/PresentVR/SeniorDesignV1 4.19/Binaries/Win64/UE4Editor-SeniorDesignV1.dll (API version 3944462).
LogModuleManager: Display: Found up-to-date module file ../../../Engine/Plugins/2D/Paper2D/Binaries/Win64/UE4Editor-Paper2D.dll (API version 3944462).
LogModuleManager: Display: Found up-to-date module file ../../../Engine/Plugins/2D/Paper2D/Binaries/Win64/UE4Editor-Paper2DEditor.dll (API version 3944462).
LogModuleManager: Display: Found up-to-date module file ../../../Engine/Plugins/2D/Paper2D/Binaries/Win64/UE4Editor-PaperSpriteSheetImporter.dll (API version 3944462).
LogModuleManager: Display: Found up-to-date module file ../../../Engine/Plugins/2D/Paper2D/Binaries/Win64/UE4Editor-PaperTiledImporter.dll (API version 3944462).
LogModuleManager: Display: Found up-to-date module file ../../../Engine/Plugins/2D/Paper2D/Binaries/Win64/UE4Editor-SmartSnapping.dll (API version 3944462).
LogModuleManager: Display: Found up-to-date module file ../../../Engine/Plugins/Animation/LiveLink/Binaries/Win64/UE4Editor-LiveLink.dll (API version 3944462).
LogModuleManager: Display: Found up-to-date module file ../../../Engine/Plugins/Animation/LiveLink/Binaries/Win64/UE4Editor-LiveLinkEditor.dll (API version 3944462).
LogModuleManager: Display: Found up-to-date module file ../../../Engine/Plugins/Blendables/LightPropagationVolume/Binaries/Win64/UE4Editor-LightPropagationVolumeRuntime.dll (API version 3944462).
LogModuleManager: Display: Found up-to-date module file ../../../Engine/Plugins/Blendables/LightPropagationVolume/Binaries/Win64/UE4Editor-LightPropagationVolumeEditor.dll (API version 3944462).
LogModuleManager: Display: Found up-to-date module file ../../../Engine/Plugins/Developer/CLionSourceCodeAccess/Binaries/Win64/UE4Editor-CLionSourceCodeAccess.dll (API version 3944462).
LogModuleManager: Display: Found up-to-date module file ../../../Engine/Plugins/Developer/GitSourceControl/Binaries/Win64/UE4Editor-GitSourceControl.dll (API version 3944462).
LogModuleManager: Display: Found up-to-date module file ../../../Engine/Plugins/Developer/PerforceSourceControl/Binaries/Win64/UE4Editor-PerforceSourceControl.dll (API version 3944462).
LogModuleManager: Display: Found up-to-date module file ../../../Engine/Plugins/Developer/SubversionSourceControl/Binaries/Win64/UE4Editor-SubversionSourceControl.dll (API version 3944462).
LogModuleManager: Display: Found up-to-date module file ../../../Engine/Plugins/Developer/UObjectPlugin/Binaries/Win64/UE4Editor-UObjectPlugin.dll (API version 3944462).
LogModuleManager: Display: Found up-to-date module file ../../../Engine/Plugins/Developer/VisualStudioCodeSourceCodeAccess/Binaries/Win64/UE4Editor-VisualStudioCodeSourceCodeAccess.dll (API version 3944462).
LogModuleManager: Display: Found up-to-date module file ../../../Engine/Plugins/Developer/VisualStudioSourceCodeAccess/Binaries/Win64/UE4Editor-VisualStudioSourceCodeAccess.dll (API version 3944462).
LogModuleManager: Display: Found up-to-date module file ../../../Engine/Plugins/Editor/AssetManagerEditor/Binaries/Win64/UE4Editor-AssetManagerEditor.dll (API version 3944462).
LogModuleManager: Display: Found up-to-date module file ../../../Engine/Plugins/Editor/CryptoKeys/Binaries/Win64/UE4Editor-CryptoKeys.dll (API version 3944462).
LogModuleManager: Display: Found up-to-date module file ../../../Engine/Plugins/Editor/CryptoKeys/Binaries/Win64/UE4Editor-CryptoKeysOpenSSL.dll (API version 3944462).
LogModuleManager: Display: Found up-to-date module file ../../../Engine/Plugins/Editor/DataValidation/Binaries/Win64/UE4Editor-DataValidation.dll (API version 3944462).
LogModuleManager: Display: Found up-to-date module file ../../../Engine/Plugins/Editor/FacialAnimation/Binaries/Win64/UE4Editor-FacialAnimation.dll (API version 3944462).
LogModuleManager: Display: Found up-to-date module file ../../../Engine/Plugins/Editor/FacialAnimation/Binaries/Win64/UE4Editor-FacialAnimationEditor.dll (API version 3944462).
LogModuleManager: Display: Found up-to-date module file ../../../Engine/Plugins/Editor/GameplayTagsEditor/Binaries/Win64/UE4Editor-GameplayTagsEditor.dll (API version 3944462).
LogModuleManager: Display: Found up-to-date module file ../../../Engine/Plugins/Editor/MobileLauncherProfileWizard/Binaries/Win64/UE4Editor-MobileLauncherProfileWizard.dll (API version 3944462).
LogModuleManager: Display: Found up-to-date module file ../../../Engine/Plugins/Editor/PluginBrowser/Binaries/Win64/UE4Editor-PluginBrowser.dll (API version 3944462).
LogModuleManager: Display: Found up-to-date module file ../../../Engine/Plugins/Editor/SpeedTreeImporter/Binaries/Win64/UE4Editor-SpeedTreeImporter.dll (API version 3944462).
LogModuleManager: Display: Found up-to-date module file ../../../Engine/Plugins/Enterprise/DatasmithContent/Binaries/Win64/UE4Editor-DatasmithContent.dll (API version 3944462).
LogModuleManager: Display: Found up-to-date module file ../../../Engine/Plugins/Experimental/AlembicImporter/Binaries/Win64/UE4Editor-AlembicImporter.dll (API version 3944462).
LogModuleManager: Display: Found up-to-date module file ../../../Engine/Plugins/Experimental/AlembicImporter/Binaries/Win64/UE4Editor-AlembicLibrary.dll (API version 3944462).
LogModuleManager: Display: Found up-to-date module file ../../../Engine/Plugins/Experimental/CharacterAI/Binaries/Win64/UE4Editor-CharacterAI.dll (API version 3944462).
LogModuleManager: Display: Found up-to-date module file ../../../Engine/Plugins/Experimental/HTML5Networking/Binaries/Win64/UE4Editor-HTML5Networking.dll (API version 3944462).
LogModuleManager: Display: Found up-to-date module file ../../../Engine/Plugins/Media/AndroidMedia/Binaries/Win64/UE4Editor-AndroidMediaEditor.dll (API version 3944462).
LogModuleManager: Display: Found up-to-date module file ../../../Engine/Plugins/Media/AndroidMedia/Binaries/Win64/UE4Editor-AndroidMediaFactory.dll (API version 3944462).
LogModuleManager: Display: Found up-to-date module file ../../../Engine/Plugins/Media/AvfMedia/Binaries/Win64/UE4Editor-AvfMediaEditor.dll (API version 3944462).
LogModuleManager: Display: Found up-to-date module file ../../../Engine/Plugins/Media/AvfMedia/Binaries/Win64/UE4Editor-AvfMediaFactory.dll (API version 3944462).
LogModuleManager: Display: Found up-to-date module file ../../../Engine/Plugins/Media/AvfMedia/Binaries/Win64/UE4Editor-AvfMediaFactory.dll (API version 3944462).
LogModuleManager: Display: Found up-to-date module file ../../../Engine/Plugins/Media/ImgMedia/Binaries/Win64/UE4Editor-ImgMedia.dll (API version 3944462).
LogModuleManager: Display: Found up-to-date module file ../../../Engine/Plugins/Media/ImgMedia/Binaries/Win64/UE4Editor-ImgMediaEditor.dll (API version 3944462).
LogModuleManager: Display: Found up-to-date module file ../../../Engine/Plugins/Media/ImgMedia/Binaries/Win64/UE4Editor-ImgMediaFactory.dll (API version 3944462).
LogModuleManager: Display: Found up-to-date module file ../../../Engine/Plugins/Media/ImgMedia/Binaries/Win64/UE4Editor-ImgMediaFactory.dll (API version 3944462).
LogModuleManager: Display: Found up-to-date module file ../../../Engine/Plugins/Media/ImgMedia/Binaries/Win64/UE4Editor-OpenExrWrapper.dll (API version 3944462).
LogModuleManager: Display: Found up-to-date module file ../../../Engine/Plugins/Media/LinearTimecode/Binaries/Win64/UE4Editor-LinearTimecode.dll (API version 3944462).
LogModuleManager: Display: Found up-to-date module file ../../../Engine/Plugins/Media/MediaCompositing/Binaries/Win64/UE4Editor-MediaCompositing.dll (API version 3944462).
LogModuleManager: Display: Found up-to-date module file ../../../Engine/Plugins/Media/MediaCompositing/Binaries/Win64/UE4Editor-MediaCompositingEditor.dll (API version 3944462).
LogModuleManager: Display: Found up-to-date module file ../../../Engine/Plugins/Media/MediaPlayerEditor/Binaries/Win64/UE4Editor-MediaPlayerEditor.dll (API version 3944462).
LogModuleManager: Display: Found up-to-date module file ../../../Engine/Plugins/Media/WmfMedia/Binaries/Win64/UE4Editor-WmfMedia.dll (API version 3944462).
LogModuleManager: Display: Found up-to-date module file ../../../Engine/Plugins/Media/WmfMedia/Binaries/Win64/UE4Editor-WmfMediaEditor.dll (API version 3944462).
LogModuleManager: Display: Found up-to-date module file ../../../Engine/Plugins/Media/WmfMedia/Binaries/Win64/UE4Editor-WmfMediaFactory.dll (API version 3944462).
LogModuleManager: Display: Found up-to-date module file ../../../Engine/Plugins/Media/WmfMedia/Binaries/Win64/UE4Editor-WmfMediaFactory.dll (API version 3944462).
LogModuleManager: Display: Found up-to-date module file ../../../Engine/Plugins/Messaging/TcpMessaging/Binaries/Win64/UE4Editor-TcpMessaging.dll (API version 3944462).
LogModuleManager: Display: Found up-to-date module file ../../../Engine/Plugins/Messaging/UdpMessaging/Binaries/Win64/UE4Editor-UdpMessaging.dll (API version 3944462).
LogModuleManager: Display: Found up-to-date module file ../../../Engine/Plugins/MovieScene/ActorSequence/Binaries/Win64/UE4Editor-ActorSequence.dll (API version 3944462).
LogModuleManager: Display: Found up-to-date module file ../../../Engine/Plugins/MovieScene/LevelSequenceEditor/Binaries/Win64/UE4Editor-LevelSequenceEditor.dll (API version 3944462).
LogModuleManager: Display: Found up-to-date module file ../../../Engine/Plugins/MovieScene/MatineeToLevelSequence/Binaries/Win64/UE4Editor-MatineeToLevelSequence.dll (API version 3944462).
LogModuleManager: Display: Found up-to-date module file ../../../Engine/Plugins/NetcodeUnitTest/NetcodeUnitTest/Binaries/Win64/UE4Editor-NetcodeUnitTest.dll (API version 3944462).
LogModuleManager: Display: Found up-to-date module file ../../../Engine/Plugins/NetcodeUnitTest/NUTUnrealEngine4/Binaries/Win64/UE4Editor-NUTUnrealEngine4.dll (API version 3944462).
LogModuleManager: Display: Found up-to-date module file ../../../Engine/Plugins/Online/OnlineSubsystem/Binaries/Win64/UE4Editor-OnlineSubsystem.dll (API version 3944462).
LogModuleManager: Display: Found up-to-date module file ../../../Engine/Plugins/Online/OnlineSubsystemNull/Binaries/Win64/UE4Editor-OnlineSubsystemNull.dll (API version 3944462).
LogModuleManager: Display: Found up-to-date module file ../../../Engine/Plugins/Online/OnlineSubsystemUtils/Binaries/Win64/UE4Editor-OnlineSubsystemUtils.dll (API version 3944462).
LogModuleManager: Display: Found up-to-date module file ../../../Engine/Plugins/Online/OnlineSubsystemUtils/Binaries/Win64/UE4Editor-OnlineBlueprintSupport.dll (API version 3944462).
LogModuleManager: Display: Found up-to-date module file ../../../Engine/Plugins/Runtime/AndroidDeviceProfileSelector/Binaries/Win64/UE4Editor-AndroidDeviceProfileSelector.dll (API version 3944462).
LogModuleManager: Display: Found up-to-date module file ../../../Engine/Plugins/Runtime/AndroidPermission/Binaries/Win64/UE4Editor-AndroidPermission.dll (API version 3944462).
LogModuleManager: Display: Found up-to-date module file ../../../Engine/Plugins/Runtime/AppleARKit/Binaries/Win64/UE4Editor-AppleARKit.dll (API version 3944462).
LogModuleManager: Display: Found up-to-date module file ../../../Engine/Plugins/Runtime/ArchVisCharacter/Binaries/Win64/UE4Editor-ArchVisCharacter.dll (API version 3944462).
LogModuleManager: Display: Found up-to-date module file ../../../Engine/Plugins/Runtime/AudioCapture/Binaries/Win64/UE4Editor-AudioCapture.dll (API version 3944462).
LogModuleManager: Display: Found up-to-date module file ../../../Engine/Plugins/Runtime/AudioCapture/Binaries/Win64/UE4Editor-AudioCaptureEditor.dll (API version 3944462).
LogModuleManager: Display: Found up-to-date module file ../../../Engine/Plugins/Runtime/CableComponent/Binaries/Win64/UE4Editor-CableComponent.dll (API version 3944462).
LogModuleManager: Display: Found up-to-date module file ../../../Engine/Plugins/Runtime/CustomMeshComponent/Binaries/Win64/UE4Editor-CustomMeshComponent.dll (API version 3944462).
LogModuleManager: Display: Found up-to-date module file ../../../Engine/Plugins/Runtime/ExampleDeviceProfileSelector/Binaries/Win64/UE4Editor-ExampleDeviceProfileSelector.dll (API version 3944462).
LogModuleManager: Display: Found up-to-date module file ../../../Engine/Plugins/Runtime/ImmediatePhysics/Binaries/Win64/UE4Editor-ImmediatePhysics.dll (API version 3944462).
LogModuleManager: Display: Found up-to-date module file ../../../Engine/Plugins/Runtime/ImmediatePhysics/Binaries/Win64/UE4Editor-ImmediatePhysicsEditor.dll (API version 3944462).
LogModuleManager: Display: Found up-to-date module file ../../../Engine/Plugins/Runtime/LocationServicesBPLibrary/Binaries/Win64/UE4Editor-LocationServicesBPLibrary.dll (API version 3944462).
LogModuleManager: Display: Found up-to-date module file ../../../Engine/Plugins/Runtime/MobilePatchingUtils/Binaries/Win64/UE4Editor-MobilePatchingUtils.dll (API version 3944462).
LogModuleManager: Display: Found up-to-date module file ../../../Engine/Plugins/Runtime/Oculus/OculusVR/Binaries/Win64/UE4Editor-OculusHMD.dll (API version 3944462).
LogModuleManager: Display: Found up-to-date module file ../../../Engine/Plugins/Runtime/Oculus/OculusVR/Binaries/Win64/UE4Editor-OculusInput.dll (API version 3944462).
LogModuleManager: Display: Found up-to-date module file ../../../Engine/Plugins/Runtime/Oculus/OculusVR/Binaries/Win64/UE4Editor-OculusEditor.dll (API version 3944462).
LogModuleManager: Display: Found up-to-date module file ../../../Engine/Plugins/Runtime/PhysXVehicles/Binaries/Win64/UE4Editor-PhysXVehicles.dll (API version 3944462).
LogModuleManager: Display: Found up-to-date module file ../../../Engine/Plugins/Runtime/PhysXVehicles/Binaries/Win64/UE4Editor-PhysXVehiclesEditor.dll (API version 3944462).
LogModuleManager: Display: Found up-to-date module file ../../../Engine/Plugins/Runtime/ProceduralMeshComponent/Binaries/Win64/UE4Editor-ProceduralMeshComponent.dll (API version 3944462).
LogModuleManager: Display: Found up-to-date module file ../../../Engine/Plugins/Runtime/ProceduralMeshComponent/Binaries/Win64/UE4Editor-ProceduralMeshComponentEditor.dll (API version 3944462).
LogModuleManager: Display: Found up-to-date module file ../../../Engine/Plugins/Runtime/RuntimePhysXCooking/Binaries/Win64/UE4Editor-RuntimePhysXCooking.dll (API version 3944462).
LogModuleManager: Display: Found up-to-date module file ../../../Engine/Plugins/Runtime/Steam/SteamVR/Binaries/Win64/UE4Editor-SteamVR.dll (API version 3944462).
LogModuleManager: Display: Found up-to-date module file ../../../Engine/Plugins/Runtime/Steam/SteamVR/Binaries/Win64/UE4Editor-SteamVRController.dll (API version 3944462).
LogModuleManager: Display: Found up-to-date module file ../../../Engine/Plugins/Runtime/WindowsMoviePlayer/Binaries/Win64/UE4Editor-WindowsMoviePlayer.dll (API version 3944462).
LogModuleManager: Display: Found up-to-date module file ../../../../../../Users/VRBC/Desktop/rjackson/PresentVR/SeniorDesignV1 4.19/Plugins/socketio-client-ue4/Binaries/Win64/UE4Editor-SocketIOClient.dll (API version 3944462).
LogModuleManager: Display: Found up-to-date module file ../../../../../../Users/VRBC/Desktop/rjackson/PresentVR/SeniorDesignV1 4.19/Plugins/socketio-client-ue4/Binaries/Win64/UE4Editor-SIOJson.dll (API version 3944462).
LogModuleManager: Display: Found up-to-date module file ../../../../../../Users/VRBC/Desktop/rjackson/PresentVR/SeniorDesignV1 4.19/Plugins/socketio-client-ue4/Binaries/Win64/UE4Editor-CoreUtility.dll (API version 3944462).
LogModuleManager: Display: Found up-to-date module file ../../../../../../Users/VRBC/Desktop/rjackson/PresentVR/SeniorDesignV1 4.19/Plugins/socketio-client-ue4/Binaries/Win64/UE4Editor-SIOJEditorPlugin.dll (API version 3944462).
LogInit: Using libcurl 7.47.1
LogInit:  - built for x86_64-pc-win32
LogInit:  - supports SSL with OpenSSL/1.0.2g
LogInit:  - supports HTTP deflate (compression) using libz 1.2.8
LogInit:  - other features:
LogInit:      CURL_VERSION_SSL
LogInit:      CURL_VERSION_LIBZ
LogInit:      CURL_VERSION_IPV6
LogInit:      CURL_VERSION_ASYNCHDNS
LogInit:      CURL_VERSION_LARGEFILE
LogInit:      CURL_VERSION_IDN
LogInit:  CurlRequestOptions (configurable via config and command line):
LogInit:  - bVerifyPeer = false  - Libcurl will NOT verify peer certificate
LogInit:  - bUseHttpProxy = false  - Libcurl will NOT use HTTP proxy
LogInit:  - bDontReuseConnections = false  - Libcurl will reuse connections
LogInit:  - CertBundlePath = nullptr  - Libcurl will use whatever was configured at build time.
LogInit:  - MaxHostConnections = 16  - Libcurl will limit the number of connections to a host
LogInit:  - LocalHostAddr = Default
LogInit: WinSock: version 1.1 (2.2), MaxSocks=32767, MaxUdp=65467
LogInit: WinSock: I am ART-D-01010 (172.21.0.216:0)
LogInit: Build: ++UE4+Release-4.19-CL-3944462
LogInit: Engine Version: 4.19.0-3944462+++UE4+Release-4.19
LogInit: Compatible Engine Version: 4.19.0-3944462+++UE4+Release-4.19
LogInit: Net CL: 3944462
LogDevObjectVersion: Number of dev versions registered: 18
LogDevObjectVersion:   Dev-Blueprints (B0D832E4-1F89-4F0D-ACCF-7EB736FD4AA2): 10
LogDevObjectVersion:   Dev-Build (E1C64328-A22C-4D53-A36C-8E866417BD8C): 0
LogDevObjectVersion:   Dev-Core (375EC13C-06E4-48FB-B500-84F0262A717E): 2
LogDevObjectVersion:   Dev-Editor (E4B068ED-F494-42E9-A231-DA0B2E46BB41): 23
LogDevObjectVersion:   Dev-Framework (CFFC743F-43B0-4480-9391-14DF171D2073): 33
LogDevObjectVersion:   Dev-Mobile (B02B49B5-BB20-44E9-A304-32B752E40360): 2
LogDevObjectVersion:   Dev-Networking (A4E4105C-59A1-49B5-A7C5-40C4547EDFEE): 0
LogDevObjectVersion:   Dev-Online (39C831C9-5AE6-47DC-9A44-9C173E1C8E7C): 0
LogDevObjectVersion:   Dev-Physics (78F01B33-EBEA-4F98-B9B4-84EACCB95AA2): 0
LogDevObjectVersion:   Dev-Platform (6631380F-2D4D-43E0-8009-CF276956A95A): 0
LogDevObjectVersion:   Dev-Rendering (12F88B9F-8875-4AFC-A67C-D90C383ABD29): 25
LogDevObjectVersion:   Dev-Sequencer (7B5AE74C-D270-4C10-A958-57980B212A5A): 6
LogDevObjectVersion:   Dev-VR (D7296918-1DD6-4BDD-9DE2-64A83CC13884): 1
LogDevObjectVersion:   Dev-LoadTimes (C2A15278-BFE7-4AFE-6C17-90FF531DF755): 1
LogDevObjectVersion:   Private-Geometry (6EACA3D4-40EC-4CC1-B786-8BED09428FC5): 2
LogDevObjectVersion:   Dev-AnimPhys (29E575DD-E0A3-4627-9D10-D276232CDCEA): 16
LogDevObjectVersion:   Dev-ReflectionCapture (6B266CEC-1EC7-4B8F-A30B-E4D90942FC07): 1
LogDevObjectVersion:   Dev-Automation (0DF73D61-A23F-47EA-B727-89E90C41499A): 1
LogInit: Compiled (64-bit): Mar 13 2018 23:12:32
LogInit: Compiled with Visual C++: 19.00.24215.01
LogInit: Build Configuration: Development
LogInit: Branch Name: ++UE4+Release-4.19
LogInit: Command Line:  
LogInit: Base Directory: C:/Program Files/Epic Games/UE_4.19/Engine/Binaries/Win64/
LogInit: Installed Engine Build: 1
LogStreaming: Display: Took  0.008s to delete old logs.
LogInit: Presizing for max 8388607 objects, including 0 objects not considered by GC, pre-allocating 0 bytes for permanent pool.
LogInit: Object subsystem initialized
[2018.05.10-19.33.00:436][  0]LogInit: Selected Device Profile: [Windows]
[2018.05.10-19.33.00:436][  0]LogInit: Applying CVar settings loaded from the selected device profile: [Windows]
[2018.05.10-19.33.00:454][  0]LogInit: Computer: ART-D-01010
[2018.05.10-19.33.00:454][  0]LogInit: User: VRBC
[2018.05.10-19.33.00:454][  0]LogInit: CPU Page size=4096, Cores=4
[2018.05.10-19.33.00:454][  0]LogInit: High frequency timer resolution =3.604936 MHz
[2018.05.10-19.33.00:454][  0]LogMemory: Memory total: Physical=15.9GB (16GB approx)
[2018.05.10-19.33.00:454][  0]LogMemory: Platform Memory Stats for Windows
[2018.05.10-19.33.00:454][  0]LogMemory: Process Physical Memory: 282.71 MB used, 282.71 MB peak
[2018.05.10-19.33.00:454][  0]LogMemory: Process Virtual Memory: 278.93 MB used, 278.93 MB peak
[2018.05.10-19.33.00:454][  0]LogMemory: Physical Memory: 4694.50 MB used,  11611.63 MB free, 16306.14 MB total
[2018.05.10-19.33.00:454][  0]LogMemory: Virtual Memory: 725.13 MB used,  11611.63 MB free, 134217728.00 MB total
[2018.05.10-19.33.00:478][  0]LogInit: Using OS detected language (en-US).
[2018.05.10-19.33.00:478][  0]LogInit: Using OS detected locale (en-US).
[2018.05.10-19.33.00:486][  0]LogTextLocalizationManager: No specific localization for 'en-US' exists, so the 'en' localization will be used.
[2018.05.10-19.33.00:944][  0]LogStreaming: Display: Took  0.466s to EndInitTextLocalization.
[2018.05.10-19.33.00:944][  0]LogInit: Setting process to per monitor DPI aware
[2018.05.10-19.33.00:984][  0]LogSlate: New Slate User Created.  User Index 0, Is Virtual User: 0
[2018.05.10-19.33.00:984][  0]LogSlate: Slate User Registered.  User Index 0, Is Virtual User: 0
[2018.05.10-19.33.01:423][  0]LogD3D11RHI: D3D11 adapters:
[2018.05.10-19.33.01:467][  0]LogD3D11RHI:    0. 'NVIDIA Quadro P4000' (Feature Level 11_0)
[2018.05.10-19.33.01:467][  0]LogD3D11RHI:       8121/0/8153 MB DedicatedVideo/DedicatedSystem/SharedSystem, Outputs:1, VendorId:0x10de
[2018.05.10-19.33.01:469][  0]LogD3D11RHI:    1. 'Microsoft Basic Render Driver' (Feature Level 11_0)
[2018.05.10-19.33.01:469][  0]LogD3D11RHI:       0/0/8153 MB DedicatedVideo/DedicatedSystem/SharedSystem, Outputs:0, VendorId:0x1414
[2018.05.10-19.33.01:469][  0]LogD3D11RHI: Chosen D3D11 Adapter: 0
[2018.05.10-19.33.01:483][  0]LogD3D11RHI: Creating new Direct3DDevice
[2018.05.10-19.33.01:483][  0]LogD3D11RHI:     GPU DeviceId: 0x1bb1 (for the marketing name, search the web for "GPU Device Id")
[2018.05.10-19.33.01:483][  0]LogWindows: EnumDisplayDevices:
[2018.05.10-19.33.01:483][  0]LogWindows:    0. 'NVIDIA Quadro P4000' (P:1 D:1)
[2018.05.10-19.33.01:483][  0]LogWindows:    1. 'NVIDIA Quadro P4000' (P:0 D:0)
[2018.05.10-19.33.01:484][  0]LogWindows:    2. 'NVIDIA Quadro P4000' (P:0 D:0)
[2018.05.10-19.33.01:484][  0]LogWindows:    3. 'NVIDIA Quadro P4000' (P:0 D:0)
[2018.05.10-19.33.01:484][  0]LogWindows: DebugString: FoundDriverCount:4 
[2018.05.10-19.33.01:484][  0]LogD3D11RHI:     Adapter Name: NVIDIA Quadro P4000
[2018.05.10-19.33.01:484][  0]LogD3D11RHI:   Driver Version: 381.65 (internal:22.21.13.8165, unified:381.65)
[2018.05.10-19.33.01:484][  0]LogD3D11RHI:      Driver Date: 3-31-2017
[2018.05.10-19.33.01:484][  0]LogRHI: Texture pool is 5685 MB (70% of 8121 MB)
[2018.05.10-19.33.01:519][  0]LogD3D11RHI: [Aftermath] Aftermath enabled but failed to initialize
[2018.05.10-19.33.01:519][  0]LogD3D11RHI: Async texture creation enabled
[2018.05.10-19.33.01:532][  0]LogD3D11RHI: GPU Timing Frequency: 1000.000000 (Debug: 2 1)
[2018.05.10-19.33.01:576][  0]LogShaderCompilers: Guid format shader working directory is -30 characters bigger than the processId version (../../../../../../Users/VRBC/Desktop/rjackson/PresentVR/SeniorDesignV1 4.19/Intermediate/Shaders/WorkingDirectory/4324/).
[2018.05.10-19.33.01:576][  0]LogShaderCompilers: Cleaned the shader compiler working directory 'C:/Users/VRBC/AppData/Local/Temp/UnrealShaderWorkingDir/8E19BA754FCB53A09CF293A5819F882A/'.
[2018.05.10-19.33.02:008][  0]LogTemp: Display: Loaded TP AllDesktopTargetPlatform
[2018.05.10-19.33.02:024][  0]LogTemp: Display: Loaded TP MacClientTargetPlatform
[2018.05.10-19.33.02:039][  0]LogTemp: Display: Loaded TP MacNoEditorTargetPlatform
[2018.05.10-19.33.02:055][  0]LogTemp: Display: Loaded TP MacServerTargetPlatform
[2018.05.10-19.33.02:072][  0]LogTemp: Display: Loaded TP MacTargetPlatform
[2018.05.10-19.33.02:089][  0]LogTemp: Display: Loaded TP WindowsClientTargetPlatform
[2018.05.10-19.33.02:106][  0]LogTemp: Display: Loaded TP WindowsNoEditorTargetPlatform
[2018.05.10-19.33.02:122][  0]LogTemp: Display: Loaded TP WindowsServerTargetPlatform
[2018.05.10-19.33.02:131][  0]LogTemp: Display: Loaded TP WindowsTargetPlatform
[2018.05.10-19.33.02:145][  0]LogTemp: Display: Loaded TP Android_ASTCTargetPlatform
[2018.05.10-19.33.02:158][  0]LogTemp: Display: Loaded TP Android_ATCTargetPlatform
[2018.05.10-19.33.02:172][  0]LogTemp: Display: Loaded TP Android_DXTTargetPlatform
[2018.05.10-19.33.02:186][  0]LogTemp: Display: Loaded TP Android_ETC1aTargetPlatform
[2018.05.10-19.33.02:201][  0]LogTemp: Display: Loaded TP Android_ETC1TargetPlatform
[2018.05.10-19.33.02:215][  0]LogTemp: Display: Loaded TP Android_ETC2TargetPlatform
[2018.05.10-19.33.02:243][  0]LogTemp: Display: Loaded TP Android_MultiTargetPlatform
[2018.05.10-19.33.02:243][  0]LogTemp: Display: Loaded TP Android_PVRTCTargetPlatform
[2018.05.10-19.33.02:258][  0]LogTemp: Display: Loaded TP AndroidTargetPlatform
[2018.05.10-19.33.02:260][  0]LogTemp: Display: Loaded TP HTML5TargetPlatform
[2018.05.10-19.33.02:300][  0]LogTemp: Display: Loaded TP IOSTargetPlatform
[2018.05.10-19.33.02:315][  0]LogTemp: Display: Loaded TP TVOSTargetPlatform
[2018.05.10-19.33.02:329][  0]LogTemp: Display: Loaded TP LinuxClientTargetPlatform
[2018.05.10-19.33.02:345][  0]LogTemp: Display: Loaded TP LinuxNoEditorTargetPlatform
[2018.05.10-19.33.02:360][  0]LogTemp: Display: Loaded TP LinuxServerTargetPlatform
[2018.05.10-19.33.02:377][  0]LogTemp: Display: Loaded TP LinuxTargetPlatform
[2018.05.10-19.33.02:377][  0]LogTargetPlatformManager: Display: Building Assets For Windows
[2018.05.10-19.33.02:582][  0]LogXGEController: Cannot use XGE Controller as Incredibuild is not installed on this machine.
[2018.05.10-19.33.02:582][  0]LogShaderCompilers: Cannot use XGE Shader Compiler as Incredibuild is not installed on this machine.
[2018.05.10-19.33.02:582][  0]LogShaderCompilers: Display: Using Local Shader Compiler.
[2018.05.10-19.33.03:550][  0]LogDerivedDataCache: Display: Max Cache Size: 512 MB
[2018.05.10-19.33.03:698][  0]LogDerivedDataCache: Loaded boot cache 0.15s 74MB C:/Users/VRBC/AppData/Local/UnrealEngine/4.19/DerivedDataCache/Boot.ddc.
[2018.05.10-19.33.03:698][  0]LogDerivedDataCache: Display: Loaded Boot cache: C:/Users/VRBC/AppData/Local/UnrealEngine/4.19/DerivedDataCache/Boot.ddc
[2018.05.10-19.33.03:698][  0]LogDerivedDataCache: FDerivedDataBackendGraph:  Pak pak cache file ../../../../../../Users/VRBC/Desktop/rjackson/PresentVR/SeniorDesignV1 4.19/DerivedDataCache/DDC.ddp not found, will not use a pak cache.
[2018.05.10-19.33.03:698][  0]LogDerivedDataCache: Unable to find inner node Pak for hierarchical cache Hierarchy.
[2018.05.10-19.33.03:698][  0]LogDerivedDataCache: FDerivedDataBackendGraph:  CompressedPak pak cache file ../../../../../../Users/VRBC/Desktop/rjackson/PresentVR/SeniorDesignV1 4.19/DerivedDataCache/Compressed.ddp not found, will not use a pak cache.
[2018.05.10-19.33.03:698][  0]LogDerivedDataCache: Unable to find inner node CompressedPak for hierarchical cache Hierarchy.
[2018.05.10-19.33.03:715][  0]LogDerivedDataCache: Display: Pak cache opened for reading ../../../Engine/DerivedDataCache/Compressed.ddp.
[2018.05.10-19.33.03:729][  0]LogDerivedDataCache: Using Local data cache path C:/Users/VRBC/AppData/Local/UnrealEngine/Common/DerivedDataCache: Writable
[2018.05.10-19.33.03:741][  0]LogMaterial: Verifying Global Shaders for PCD3D_SM5
[2018.05.10-19.33.03:742][  0]LogSlate: Using Freetype 2.6.0
[2018.05.10-19.33.03:744][  0]LogSlate: SlateFontCache - WITH_FREETYPE: 1, WITH_HARFBUZZ: 1
[2018.05.10-19.33.03:744][  0]LogSlate: SlateFontCache - WITH_FREETYPE: 1, WITH_HARFBUZZ: 1
[2018.05.10-19.33.03:941][  0]LogAssetRegistry: FAssetRegistry took 0.0265 seconds to start up
[2018.05.10-19.33.04:320][  0]LogInit: Selected Device Profile: [Windows]
[2018.05.10-19.33.04:493][  0]LogSimplygon: Simplygon DLL not present - disabling.
[2018.05.10-19.33.04:497][  0]LogMeshReduction: Using SimplygonSwarm for distributed automatic mesh merging
[2018.05.10-19.33.04:497][  0]LogMeshReduction: Using QuadricMeshReduction for automatic static mesh reduction
[2018.05.10-19.33.04:497][  0]LogMeshReduction: No automatic skeletal mesh reduction module available
[2018.05.10-19.33.04:497][  0]LogMeshReduction: No automatic mesh merging module available
[2018.05.10-19.33.04:497][  0]LogMeshMerging: No automatic mesh merging module available
[2018.05.10-19.33.04:542][  0]LogNetVersion: SeniorDesignV1 , NetCL: 3944462, EngineNetVer: 2, GameNetVer: 0 (Checksum: 838868365)
[2018.05.10-19.33.05:077][  0]LogPackageLocalizationCache: Processed 9 localized package path(s) for 2 prioritized culture(s) in 0.091401 seconds
[2018.05.10-19.33.05:083][  0]LogUObjectArray: 36728 objects as part of root set at end of initial load.
[2018.05.10-19.33.05:083][  0]LogUObjectAllocator: 7314312 out of 0 bytes used by permanent object pool.
[2018.05.10-19.33.05:083][  0]LogUObjectArray: CloseDisregardForGC: 0/0 objects in disregard for GC pool
[2018.05.10-19.33.07:293][  0]LogTcpMessaging: Initializing TcpMessaging bridge
[2018.05.10-19.33.07:339][  0]LogUdpMessaging: Initializing bridge on interface 0.0.0.0:0 to multicast group 230.0.0.1:6666.
[2018.05.10-19.33.08:025][  0]SourceControl: Source control is disabled
[2018.05.10-19.33.08:026][  0]SourceControl: Source control is disabled
[2018.05.10-19.33.08:061][  0]SourceControl: Source control is disabled
[2018.05.10-19.33.08:096][  0]SourceControl: Source control is disabled
[2018.05.10-19.33.08:955][  0]LogAndroidPermission: UAndroidPermissionCallbackProxy::GetInstance
[2018.05.10-19.33.09:285][  0]LogOcInput: OculusInput pre-init called
[2018.05.10-19.33.09:540][  0]LogEngine: Initializing Engine...
[2018.05.10-19.33.09:540][  0]LogHMD: Oculus plugin initialized. Version: 4.19.0-3944462+++UE4+Release-4.19, OVRPlugin: 1.21.0
[2018.05.10-19.33.09:543][  0]LogStats: UGameplayTagsManager::ConstructGameplayTagTree: Construct from data asset -  0.000 s
[2018.05.10-19.33.09:543][  0]LogStats: UGameplayTagsManager::ConstructGameplayTagTree: GameplayTagTreeChangedEvent.Broadcast -  0.000 s
[2018.05.10-19.33.09:837][  0]LogAIModule: Creating AISystem for world Untitled
[2018.05.10-19.33.09:881][  0]LogInit: XAudio2 using 'Speakers / Headphones (Realtek Audio)' : 2 channels at 48 kHz using 32 bits per sample (channel mask 0x3)
[2018.05.10-19.33.10:075][  0]LogInit: FAudioDevice initialized.
[2018.05.10-19.33.10:200][  0]LogDerivedDataCache: Saved boot cache 0.13s 74MB C:/Users/VRBC/AppData/Local/UnrealEngine/4.19/DerivedDataCache/Boot.ddc.
[2018.05.10-19.33.10:221][  0]LogInit: Texture streaming: Enabled
[2018.05.10-19.33.10:244][  0]LogEngineSessionManager: EngineSessionManager initialized
[2018.05.10-19.33.10:264][  0]LogInit: Transaction tracking system initialized
[2018.05.10-19.33.10:295][  0]BlueprintLog: New page: Editor Load
[2018.05.10-19.33.10:393][  0]LocalizationService: Localization service is disabled
[2018.05.10-19.33.10:551][  0]LogConsoleResponse: Display: 
[2018.05.10-19.33.10:734][  0]LogCook: Display: Max memory allowance for cook 16384mb min free memory 0mb
[2018.05.10-19.33.10:734][  0]LogCook: Display: Mobile HDR setting 1
[2018.05.10-19.33.10:734][  0]LogGameplayTags: Display: UGameplayTagsManager::DoneAddingNativeTags. DelegateIsBound: 0
[2018.05.10-19.33.10:734][  0]LogStats: UGameplayTagsManager::ConstructGameplayTagTree: Construct from data asset -  0.000 s
[2018.05.10-19.33.10:734][  0]LogStats: UGameplayTagsManager::ConstructGameplayTagTree: GameplayTagTreeChangedEvent.Broadcast -  0.000 s
[2018.05.10-19.33.11:375][  0]LogFileCache: Scanning file cache for directory 'C:/Users/VRBC/Desktop/rjackson/PresentVR/SeniorDesignV1 4.19/Content/' took 0.02s
[2018.05.10-19.33.11:384][  0]SourceControl: Source control is disabled
[2018.05.10-19.33.11:384][  0]Cmd: MAP LOAD FILE="../../../Engine/Content/Maps/Templates/Template_Default.umap" TEMPLATE=1 SHOWPROGRESS=1 FEATURELEVEL=3
[2018.05.10-19.33.11:385][  0]LightingResults: New page: Lighting Build
[2018.05.10-19.33.11:388][  0]MapCheck: New page: Map Check
[2018.05.10-19.33.11:388][  0]LightingResults: New page: Lighting Build
[2018.05.10-19.33.11:547][  0]LogAIModule: Creating AISystem for world Untitled_1
[2018.05.10-19.33.11:555][  0]LogEditorServer: Finished looking for orphan Actors (0.000 secs)
[2018.05.10-19.33.11:566][  0]Cmd: MAP CHECKDEP NOCLEARLOG
[2018.05.10-19.33.11:696][  0]MapCheck: Map check complete: 0 Error(s), 0 Warning(s), took 129.597ms to complete.
[2018.05.10-19.33.11:696][  0]LogFileHelpers: Loading map 'Template_Default' took 0.311
[2018.05.10-19.33.11:839][  0]LogCollectionManager: Loaded 0 collections in 0.002422 seconds
[2018.05.10-19.33.11:886][  0]LogFileCache: Scanning file cache for directory 'C:/Users/VRBC/Desktop/rjackson/PresentVR/SeniorDesignV1 4.19/Saved/Collections/' took 0.01s
[2018.05.10-19.33.11:886][  0]LogFileCache: Scanning file cache for directory 'C:/Users/VRBC/Desktop/rjackson/PresentVR/SeniorDesignV1 4.19/Content/Developers/VRBC/Collections/' took 0.01s
[2018.05.10-19.33.11:886][  0]LogFileCache: Scanning file cache for directory 'C:/Users/VRBC/Desktop/rjackson/PresentVR/SeniorDesignV1 4.19/Content/Collections/' took 0.01s
[2018.05.10-19.33.11:886][  0]LogCollectionManager: Rebuilt the GUID cache for 0 collections in 0.000000 seconds
[2018.05.10-19.33.11:896][  0]LogContentBrowser: Native class hierarchy populated in 0.0100 seconds. Added 2462 classes and 567 folders.
[2018.05.10-19.33.11:905][  0]LogContentBrowser: Native class hierarchy updated for 'WidgetCarousel' in 0.0007 seconds. Added 0 classes and 0 folders.
[2018.05.10-19.33.11:973][  0]LogContentBrowser: Native class hierarchy updated for 'AddContentDialog' in 0.0007 seconds. Added 0 classes and 0 folders.
[2018.05.10-19.33.11:979][  0]LogContentBrowser: Native class hierarchy updated for 'SceneOutliner' in 0.0007 seconds. Added 1 classes and 2 folders.
[2018.05.10-19.33.12:050][  0]LogSlate: Took 0.000917 seconds to synchronously load lazily loaded font '../../../Engine/Content/Slate/Fonts/Roboto-Regular.ttf' (155K)
[2018.05.10-19.33.12:054][  0]LogSlate: Took 0.000946 seconds to synchronously load lazily loaded font '../../../Engine/Content/Slate/Fonts/Roboto-Bold.ttf' (160K)
[2018.05.10-19.33.12:060][  0]LogSlate: Took 0.001012 seconds to synchronously load lazily loaded font '../../../Engine/Content/Editor/Slate/Fonts/FontAwesome.ttf' (139K)
[2018.05.10-19.33.12:152][  0]LogRenderer: Reallocating scene render targets to support 1080x440 Format 10 NumSamples 1 (Frame:1).
[2018.05.10-19.33.12:285][  0]LogContentBrowser: Native class hierarchy updated for 'HierarchicalLODOutliner' in 0.0007 seconds. Added 0 classes and 0 folders.
[2018.05.10-19.33.12:285][  0]LogLoad: (Engine Initialization) Total time: 16.89 seconds
[2018.05.10-19.33.12:285][  0]LogLoad: (Engine Initialization) Total Blueprint compile time: 0.00 seconds
[2018.05.10-19.33.12:295][  0]LogWindowsTextInputMethodSystem: Display: IME system now deactivated.
[2018.05.10-19.33.12:296][  0]LogOcInput: OculusInput is initialized
[2018.05.10-19.33.12:316][  0]LogContentStreaming: Texture pool size now 1000 MB
[2018.05.10-19.33.12:389][  2]LogAssetRegistry: Asset discovery search completed in 8.4698 seconds
[2018.05.10-19.33.12:392][  2]LogCollectionManager: Rebuilt the object cache for 0 collections in 0.000000 seconds (found 0 objects)
[2018.05.10-19.33.12:392][  2]LogCollectionManager: Fixed up redirectors for 0 collections in 0.000087 seconds (updated 0 objects)
[2018.05.10-19.33.16:354][473]LogSlate: Took 0.000374 seconds to synchronously load lazily loaded font '../../../Engine/Content/Slate/Fonts/Roboto-Light.ttf' (167K)
[2018.05.10-19.37.41:153][187]LogSlate: FSceneViewport::OnFocusLost() reason 0
[2018.05.10-19.37.43:512][435]LogSlate: Took 0.000252 seconds to synchronously load lazily loaded font '../../../Engine/Content/Slate/Fonts/Roboto-Light.ttf' (167K)
[2018.05.10-19.37.43:765][435]LogBlueprint: Warning: [Compiler Male1_AnimationBP] Interested to Lean Forward  will never be taken, please connect something to  Can Enter Transition
[2018.05.10-19.37.43:833][435]LogBlueprint: Warning: [Compiler Male1_AnimationBP] Node  Transform (Modify) Bone - Bone: Head  uses potentially thread-unsafe call  Get Player Character . Disable threaded update or use a thread-safe call. Function may need BlueprintThreadSafe metadata adding.
[2018.05.10-19.37.43:833][435]LogBlueprint: Warning: [Compiler Male1_AnimationBP] Node  Transform (Modify) Bone - Bone: Head  uses potentially thread-unsafe call  Get Player Character . Disable threaded update or use a thread-safe call. Function may need BlueprintThreadSafe metadata adding.
[2018.05.10-19.37.43:833][435]LogBlueprint: Warning: [Compiler Male1_AnimationBP] Node  Transform (Modify) Bone - Bone: Head  uses potentially thread-unsafe call  Get Owning Actor . Disable threaded update or use a thread-safe call. Function may need BlueprintThreadSafe metadata adding.
[2018.05.10-19.37.43:834][435]LogBlueprint: Warning: [Compiler Male1_AnimationBP] Node  Transform (Modify) Bone - Bone: Head  uses potentially thread-unsafe call  Get Owning Actor . Disable threaded update or use a thread-safe call. Function may need BlueprintThreadSafe metadata adding.
[2018.05.10-19.37.43:834][435]LogBlueprint: Warning: [Compiler Male1_AnimationBP] Node  Transform (Modify) Bone - Bone: Head  uses potentially thread-unsafe call  Get Player Character . Disable threaded update or use a thread-safe call. Function may need BlueprintThreadSafe metadata adding.
[2018.05.10-19.37.43:834][435]LogBlueprint: Warning: [Compiler Male1_AnimationBP] Node  Transform (Modify) Bone - Bone: Head  uses potentially thread-unsafe call  Get Player Character . Disable threaded update or use a thread-safe call. Function may need BlueprintThreadSafe metadata adding.
[2018.05.10-19.37.43:834][435]LogBlueprint: Warning: [Compiler Male1_AnimationBP] Node  Transform (Modify) Bone - Bone: Head  uses potentially thread-unsafe call  Get Owning Actor . Disable threaded update or use a thread-safe call. Function may need BlueprintThreadSafe metadata adding.
[2018.05.10-19.37.43:834][435]LogBlueprint: Warning: [Compiler Male1_AnimationBP] Node  Transform (Modify) Bone - Bone: Head  uses potentially thread-unsafe call  Get Owning Actor . Disable threaded update or use a thread-safe call. Function may need BlueprintThreadSafe metadata adding.
[2018.05.10-19.37.43:834][435]LogBlueprint: Warning: [Compiler Male1_AnimationBP] Node  Transform (Modify) Bone - Bone: Head  uses potentially thread-unsafe call  Get Player Character . Disable threaded update or use a thread-safe call. Function may need BlueprintThreadSafe metadata adding.
[2018.05.10-19.37.43:834][435]LogBlueprint: Warning: [Compiler Male1_AnimationBP] Node  Transform (Modify) Bone - Bone: Head  uses potentially thread-unsafe call  Get Player Character . Disable threaded update or use a thread-safe call. Function may need BlueprintThreadSafe metadata adding.
[2018.05.10-19.37.43:834][435]LogBlueprint: Warning: [Compiler Male1_AnimationBP] Node  Transform (Modify) Bone - Bone: Head  uses potentially thread-unsafe call  Get Owning Actor . Disable threaded update or use a thread-safe call. Function may need BlueprintThreadSafe metadata adding.
[2018.05.10-19.37.43:834][435]LogBlueprint: Warning: [Compiler Male1_AnimationBP] Node  Transform (Modify) Bone - Bone: Head  uses potentially thread-unsafe call  Get Owning Actor . Disable threaded update or use a thread-safe call. Function may need BlueprintThreadSafe metadata adding.
[2018.05.10-19.37.43:834][435]LogBlueprint: Warning: [Compiler Male1_AnimationBP] Node  Transform (Modify) Bone - Bone: Head  uses potentially thread-unsafe call  Get Player Character . Disable threaded update or use a thread-safe call. Function may need BlueprintThreadSafe metadata adding.
[2018.05.10-19.37.43:834][435]LogBlueprint: Warning: [Compiler Male1_AnimationBP] Node  Transform (Modify) Bone - Bone: Head  uses potentially thread-unsafe call  Get Player Character . Disable threaded update or use a thread-safe call. Function may need BlueprintThreadSafe metadata adding.
[2018.05.10-19.37.43:834][435]LogBlueprint: Warning: [Compiler Male1_AnimationBP] Node  Transform (Modify) Bone - Bone: Head  uses potentially thread-unsafe call  Get Owning Actor . Disable threaded update or use a thread-safe call. Function may need BlueprintThreadSafe metadata adding.
[2018.05.10-19.37.43:835][435]LogBlueprint: Warning: [Compiler Male1_AnimationBP] Node  Transform (Modify) Bone - Bone: Head  uses potentially thread-unsafe call  Get Owning Actor . Disable threaded update or use a thread-safe call. Function may need BlueprintThreadSafe metadata adding.
[2018.05.10-19.37.43:835][435]LogBlueprint: Warning: [Compiler Male1_AnimationBP] Node  Transform (Modify) Bone - Bone: Head  uses potentially thread-unsafe call  Get Owning Actor . Disable threaded update or use a thread-safe call. Function may need BlueprintThreadSafe metadata adding.
[2018.05.10-19.37.43:835][435]LogBlueprint: Warning: [Compiler Male1_AnimationBP] Node  Transform (Modify) Bone - Bone: Head  uses potentially thread-unsafe call  Get Owning Actor . Disable threaded update or use a thread-safe call. Function may need BlueprintThreadSafe metadata adding.
[2018.05.10-19.37.43:835][435]LogBlueprint: Warning: [Compiler Male1_AnimationBP] Node  Transform (Modify) Bone - Bone: Head  uses potentially thread-unsafe call  Get Player Character . Disable threaded update or use a thread-safe call. Function may need BlueprintThreadSafe metadata adding.
[2018.05.10-19.37.43:835][435]LogBlueprint: Warning: [Compiler Male1_AnimationBP] Node  Transform (Modify) Bone - Bone: Head  uses potentially thread-unsafe call  Get Player Character . Disable threaded update or use a thread-safe call. Function may need BlueprintThreadSafe metadata adding.
[2018.05.10-19.37.43:837][435]LogBlueprint: Warning: [Compiler Male1_AnimationBP] [0288.44] Compile of Male1_AnimationBP successful, but with 21 Warning(s) [in 118 ms] (/Game/people/testmale/animation/Male1_AnimationBP.Male1_AnimationBP)
[2018.05.10-19.37.44:049][435]LogSkeletalMesh: Skeletal Mesh found in DDC [8.250355ms] /Game/people/testmale/mesh/male1.male1
[2018.05.10-19.37.44:118][435]LogAIModule: Creating AISystem for world MainMenu
[2018.05.10-19.37.44:146][435]Cmd: MAP LOAD FILE="../../../../../../Users/VRBC/Desktop/rjackson/PresentVR/SeniorDesignV1 4.19/Content/levels/MainMenu.umap" TEMPLATE=0 SHOWPROGRESS=1 FEATURELEVEL=3
[2018.05.10-19.37.44:146][435]LightingResults: New page: Lighting Build
[2018.05.10-19.37.44:147][435]LoadErrors: New page: Loading map: MainMenu.umap
[2018.05.10-19.37.44:148][435]MapCheck: New page: Map Check
[2018.05.10-19.37.44:148][435]LightingResults: New page: Lighting Build
[2018.05.10-19.37.44:232][435]LogEditorServer: Finished looking for orphan Actors (0.000 secs)
[2018.05.10-19.37.44:271][435]Cmd: MAP CHECKDEP NOCLEARLOG
[2018.05.10-19.37.44:379][435]MapCheck: Map check complete: 0 Error(s), 0 Warning(s), took 108.109ms to complete.
[2018.05.10-19.37.44:380][435]LogFileHelpers: Loading map 'MainMenu' took 0.234
[2018.05.10-19.49.43:615][323]LogTemp: Repeating last play command: VR Preview
[2018.05.10-19.49.43:634][323]LogBlueprintUserMessages: Early PlayInEditor Detection: Level '/Game/levels/MainMenu.MainMenu:PersistentLevel' has LevelScriptBlueprint '/Game/levels/MainMenu.MainMenu:PersistentLevel.MainMenu' with GeneratedClass '/Game/levels/MainMenu.MainMenu_C' with ClassGeneratedBy '/Game/levels/MainMenu.MainMenu:PersistentLevel.MainMenu'
[2018.05.10-19.49.43:634][323]LogPlayLevel: PlayLevel: No blueprints needed recompiling
[2018.05.10-19.49.43:634][323]LogHMD: Initializing OVRPlugin session
[2018.05.10-19.49.43:755][323]PIE: New page: PIE session: MainMenu (May 10, 2018, 5:49:43 AM)
[2018.05.10-19.49.43:755][323]LogPlayLevel: Creating play world package: /Game/levels/UEDPIE_0_MainMenu
[2018.05.10-19.49.43:757][323]LogPlayLevel: PIE: StaticDuplicateObject took: (0.001648s)
[2018.05.10-19.49.43:757][323]LogAIModule: Creating AISystem for world MainMenu
[2018.05.10-19.49.43:758][323]LogPlayLevel: PIE: World Init took: (0.001032s)
[2018.05.10-19.49.43:758][323]LogPlayLevel: PIE: Created PIE world by copying editor world from /Game/levels/MainMenu.MainMenu to /Game/levels/UEDPIE_0_MainMenu.MainMenu (0.002807s)
[2018.05.10-19.49.43:791][323]LogInit: XAudio2 using 'Headphones (2- Rift Audio)' : 2 channels at 48 kHz using 16 bits per sample (channel mask 0x3)
[2018.05.10-19.49.43:808][323]LogInit: FAudioDevice initialized.
[2018.05.10-19.49.43:901][323]LogHMD: Allocating Oculus 2720 x 1600 rendertarget swapchain
[2018.05.10-19.49.43:939][323]LogLoad: Game class is 'MyGameMode_C'
[2018.05.10-19.49.43:941][323]LogWorld: Bringing World /Game/levels/UEDPIE_0_MainMenu.MainMenu up for play (max tick rate 0) at 2018.05.10-12.49.43
[2018.05.10-19.49.43:942][323]LogWorld: Bringing up level for play took: 0.001231
[2018.05.10-19.49.43:948][323]LogContentBrowser: Native class hierarchy updated for 'MovieSceneCapture' in 0.0010 seconds. Added 11 classes and 0 folders.
[2018.05.10-19.49.43:950][323]LogSlate: New Slate User Created.  User Index 8, Is Virtual User: 1
[2018.05.10-19.49.43:950][323]LogSlate: Slate User Registered.  User Index 8, Is Virtual User: 1
[2018.05.10-19.49.43:955][323]PIE: Play in editor start time for /Game/levels/UEDPIE_0_MainMenu 0.842
[2018.05.10-19.49.43:956][323]LogBlueprintUserMessages: Late PlayInEditor Detection: Level '/Game/levels/MainMenu.MainMenu:PersistentLevel' has LevelScriptBlueprint '/Game/levels/MainMenu.MainMenu:PersistentLevel.MainMenu' with GeneratedClass '/Game/levels/MainMenu.MainMenu_C' with ClassGeneratedBy '/Game/levels/MainMenu.MainMenu:PersistentLevel.MainMenu'
[2018.05.10-19.49.43:956][323]LogEngine: Changing dynamic resolution state.
[2018.05.10-19.49.43:959][323]LogRenderer: Reallocating scene render targets to support 2720x1600 Format 10 NumSamples 1 (Frame:1).
[2018.05.10-19.49.43:959][323]LogHMD: Allocating Oculus 2720 x 1600 depth rendertarget swapchain
[2018.05.10-19.49.50:635][984]LogBlueprintUserMessages: [SpeakerPlayerCharacter_C_0] Hello
[2018.05.10-19.49.51:080][ 24]LogNet: Browse: /Game/levels/conferenceRoomSelect
[2018.05.10-19.49.51:080][ 24]LogLoadingSplash: Loading begins
[2018.05.10-19.49.51:089][ 24]LogHMD: FSplash::OnShow
[2018.05.10-19.49.51:089][ 24]LogLoad: LoadMap: /Game/levels/conferenceRoomSelect
[2018.05.10-19.49.51:101][ 24]LogSlate: Slate User Unregistered.  User Index 8
[2018.05.10-19.49.51:101][ 24]LogSlate: Slate User Destroyed.  User Index 8, Is Virtual User: 1
[2018.05.10-19.49.51:114][ 24]LogLinker: Warning: Can't find file '/Game/StarterContent/Textures/T_MacroVariation'
[2018.05.10-19.49.51:114][ 24]LogLinker: Warning: Can't find file for asset '/Game/StarterContent/Textures/T_MacroVariation' while loading ../../../../../../Users/VRBC/Desktop/rjackson/PresentVR/SeniorDesignV1 4.19/Content/Assets/ConferenceRoom/Materials/M_Rock_Sandstone.uasset.
[2018.05.10-19.49.51:114][ 24]LoadErrors: Error: /Game/Assets/ConferenceRoom/Materials/M_Rock_Sandstone : Can't find file for asset. /Game/StarterContent/Textures/T_MacroVariation
[2018.05.10-19.49.51:114][ 24]LogLinker: Warning: Can't find file '/Game/StarterContent/Textures/T_Perlin_Noise_M'
[2018.05.10-19.49.51:115][ 24]LogLinker: Warning: Can't find file for asset '/Game/StarterContent/Textures/T_Perlin_Noise_M' while loading ../../../../../../Users/VRBC/Desktop/rjackson/PresentVR/SeniorDesignV1 4.19/Content/Assets/ConferenceRoom/Materials/M_Rock_Sandstone.uasset.
[2018.05.10-19.49.51:115][ 24]LoadErrors: Error: /Game/Assets/ConferenceRoom/Materials/M_Rock_Sandstone : Can't find file for asset. /Game/StarterContent/Textures/T_Perlin_Noise_M
[2018.05.10-19.49.51:115][ 24]LogLinker: Warning: Can't find file '/Game/StarterContent/Textures/T_Rock_Sandstone_D'
[2018.05.10-19.49.51:115][ 24]LogLinker: Warning: Can't find file for asset '/Game/StarterContent/Textures/T_Rock_Sandstone_D' while loading ../../../../../../Users/VRBC/Desktop/rjackson/PresentVR/SeniorDesignV1 4.19/Content/Assets/ConferenceRoom/Materials/M_Rock_Sandstone.uasset.
[2018.05.10-19.49.51:115][ 24]LoadErrors: Error: /Game/Assets/ConferenceRoom/Materials/M_Rock_Sandstone : Can't find file for asset. /Game/StarterContent/Textures/T_Rock_Sandstone_D
[2018.05.10-19.49.51:115][ 24]LogLinker: Warning: Can't find file '/Game/StarterContent/Textures/T_Rock_Sandstone_N'
[2018.05.10-19.49.51:115][ 24]LogLinker: Warning: Can't find file for asset '/Game/StarterContent/Textures/T_Rock_Sandstone_N' while loading ../../../../../../Users/VRBC/Desktop/rjackson/PresentVR/SeniorDesignV1 4.19/Content/Assets/ConferenceRoom/Materials/M_Rock_Sandstone.uasset.
[2018.05.10-19.49.51:115][ 24]LoadErrors: Error: /Game/Assets/ConferenceRoom/Materials/M_Rock_Sandstone : Can't find file for asset. /Game/StarterContent/Textures/T_Rock_Sandstone_N
[2018.05.10-19.49.51:116][ 24]LogLinker: Warning: Can't find file '/Game/StarterContent/Textures/T_MacroVariation'
[2018.05.10-19.49.51:116][ 24]LogLinker: Warning: Can't find file for asset '/Game/StarterContent/Textures/T_MacroVariation' while loading ../../../../../../Users/VRBC/Desktop/rjackson/PresentVR/SeniorDesignV1 4.19/Content/Assets/ConferenceRoom/Materials/M_Rock_Sandstone.uasset.
[2018.05.10-19.49.51:116][ 24]LogLinker: Warning: Can't find file '/Game/StarterContent/Textures/T_Perlin_Noise_M'
[2018.05.10-19.49.51:116][ 24]LogLinker: Warning: Can't find file for asset '/Game/StarterContent/Textures/T_Perlin_Noise_M' while loading ../../../../../../Users/VRBC/Desktop/rjackson/PresentVR/SeniorDesignV1 4.19/Content/Assets/ConferenceRoom/Materials/M_Rock_Sandstone.uasset.
[2018.05.10-19.49.51:116][ 24]LogLinker: Warning: Can't find file '/Game/StarterContent/Textures/T_Rock_Sandstone_D'
[2018.05.10-19.49.51:116][ 24]LogLinker: Warning: Can't find file for asset '/Game/StarterContent/Textures/T_Rock_Sandstone_D' while loading ../../../../../../Users/VRBC/Desktop/rjackson/PresentVR/SeniorDesignV1 4.19/Content/Assets/ConferenceRoom/Materials/M_Rock_Sandstone.uasset.
[2018.05.10-19.49.51:116][ 24]LogLinker: Warning: Can't find file '/Game/StarterContent/Textures/T_Rock_Sandstone_N'
[2018.05.10-19.49.51:117][ 24]LogLinker: Warning: Can't find file for asset '/Game/StarterContent/Textures/T_Rock_Sandstone_N' while loading ../../../../../../Users/VRBC/Desktop/rjackson/PresentVR/SeniorDesignV1 4.19/Content/Assets/ConferenceRoom/Materials/M_Rock_Sandstone.uasset.
[2018.05.10-19.49.51:155][ 24]LogLinker: Warning: Can't find file '/Game/StarterContent/Textures/T_Rock_Sandstone_D'
[2018.05.10-19.49.51:155][ 24]LoadErrors: Failed to load /Game/StarterContent/Textures/T_Rock_Sandstone_D.T_Rock_Sandstone_D Referenced by MaterialExpressionTextureSample_1
[2018.05.10-19.49.51:155][ 24]LogLinker: Warning: Can't find file for asset '/Game/StarterContent/Textures/T_Rock_Sandstone_D' while loading NULL.
[2018.05.10-19.49.51:155][ 24]LogLinker: Warning: Can't find file '/Game/StarterContent/Textures/T_Rock_Sandstone_D'
[2018.05.10-19.49.51:155][ 24]LoadErrors: Failed to load /Game/StarterContent/Textures/T_Rock_Sandstone_D.T_Rock_Sandstone_D Referenced by MaterialExpressionTextureSample_2
[2018.05.10-19.49.51:156][ 24]LogLinker: Warning: Can't find file for asset '/Game/StarterContent/Textures/T_Rock_Sandstone_D' while loading NULL.
[2018.05.10-19.49.51:156][ 24]LogLinker: Warning: Can't find file '/Game/StarterContent/Textures/T_Rock_Sandstone_N'
[2018.05.10-19.49.51:156][ 24]LoadErrors: Failed to load /Game/StarterContent/Textures/T_Rock_Sandstone_N.T_Rock_Sandstone_N Referenced by MaterialExpressionTextureSample_4
[2018.05.10-19.49.51:156][ 24]LogLinker: Warning: Can't find file for asset '/Game/StarterContent/Textures/T_Rock_Sandstone_N' while loading NULL.
[2018.05.10-19.49.51:156][ 24]LogLinker: Warning: Can't find file '/Game/StarterContent/Textures/T_Rock_Sandstone_N'
[2018.05.10-19.49.51:156][ 24]LoadErrors: Failed to load /Game/StarterContent/Textures/T_Rock_Sandstone_N.T_Rock_Sandstone_N Referenced by MaterialExpressionTextureSample_5
[2018.05.10-19.49.51:156][ 24]LogLinker: Warning: Can't find file for asset '/Game/StarterContent/Textures/T_Rock_Sandstone_N' while loading NULL.
[2018.05.10-19.49.51:157][ 24]LogLinker: Warning: Can't find file '/Game/StarterContent/Textures/T_Perlin_Noise_M'
[2018.05.10-19.49.51:157][ 24]LoadErrors: Failed to load /Game/StarterContent/Textures/T_Perlin_Noise_M.T_Perlin_Noise_M Referenced by MaterialExpressionTextureSample_62
[2018.05.10-19.49.51:157][ 24]LogLinker: Warning: Can't find file for asset '/Game/StarterContent/Textures/T_Perlin_Noise_M' while loading NULL.
[2018.05.10-19.49.51:157][ 24]LogLinker: Warning: Can't find file '/Game/StarterContent/Textures/T_MacroVariation'
[2018.05.10-19.49.51:157][ 24]LoadErrors: Failed to load /Game/StarterContent/Textures/T_MacroVariation.T_MacroVariation Referenced by MaterialExpressionTextureSample_63
[2018.05.10-19.49.51:157][ 24]LogLinker: Warning: Can't find file for asset '/Game/StarterContent/Textures/T_MacroVariation' while loading NULL.
[2018.05.10-19.49.51:157][ 24]LogLinker: Warning: Can't find file '/Game/StarterContent/Textures/T_MacroVariation'
[2018.05.10-19.49.51:157][ 24]LoadErrors: Failed to load /Game/StarterContent/Textures/T_MacroVariation.T_MacroVariation Referenced by MaterialExpressionTextureSample_64
[2018.05.10-19.49.51:158][ 24]LogLinker: Warning: Can't find file for asset '/Game/StarterContent/Textures/T_MacroVariation' while loading NULL.
[2018.05.10-19.49.51:158][ 24]LogLinker: Warning: Can't find file '/Game/StarterContent/Textures/T_MacroVariation'
[2018.05.10-19.49.51:158][ 24]LoadErrors: Failed to load /Game/StarterContent/Textures/T_MacroVariation.T_MacroVariation Referenced by MaterialExpressionTextureSample_65
[2018.05.10-19.49.51:158][ 24]LogLinker: Warning: Can't find file for asset '/Game/StarterContent/Textures/T_MacroVariation' while loading NULL.
[2018.05.10-19.49.51:178][ 24]LogMaterial: Missing cached shader map for material M_Rock_Sandstone, compiling. 
[2018.05.10-19.49.51:179][ 24]LogMaterial: Warning: C:\Users\VRBC\Desktop\rjackson\PresentVR\SeniorDesignV1 4.19\Content\Assets\ConferenceRoom\Materials\M_Rock_Sandstone.uasset: Failed to compile Material for platform PCD3D_SM5, Default Material will be used in game.
[2018.05.10-19.49.51:179][ 24]LogMaterial: 	(Node TextureSample) Texture Sample> Missing input texture
[2018.05.10-19.49.51:752][ 24]LogAIModule: Creating AISystem for world conferenceRoomSelect
[2018.05.10-19.49.51:752][ 24]LogLoad: Game class is 'MyGameMode_C'
[2018.05.10-19.49.51:757][ 24]LogWorld: Bringing World /Game/levels/UEDPIE_0_conferenceRoomSelect.conferenceRoomSelect up for play (max tick rate 0) at 2018.05.10-12.49.51
[2018.05.10-19.49.51:757][ 24]LogWorld: Bringing up level for play took: 0.004413
[2018.05.10-19.49.51:759][ 24]LogSlate: New Slate User Created.  User Index 8, Is Virtual User: 1
[2018.05.10-19.49.51:759][ 24]LogSlate: Slate User Registered.  User Index 8, Is Virtual User: 1
[2018.05.10-19.49.51:762][ 24]LogLoadingSplash: Loading ends
[2018.05.10-19.49.51:762][ 24]LogHMD: FSplash::OnHide
[2018.05.10-19.49.51:781][ 24]LogLoad: Took 0.691271 seconds to LoadMap(/Game/levels/conferenceRoomSelect)
[2018.05.10-19.49.55:905][392]LogBlueprintUserMessages: Early EndPlayMap Detection: Level '/Game/levels/MainMenu.MainMenu:PersistentLevel' has LevelScriptBlueprint '/Game/levels/MainMenu.MainMenu:PersistentLevel.MainMenu' with GeneratedClass '/Game/levels/MainMenu.MainMenu_C' with ClassGeneratedBy '/Game/levels/MainMenu.MainMenu:PersistentLevel.MainMenu'
[2018.05.10-19.49.56:026][392]LogSlate: Window 'SeniorDesignV1 Game Preview Standalone (64-bit/PCD3D_SM5)' being destroyed
[2018.05.10-19.49.56:055][392]LogBlueprintUserMessages: Late EndPlayMap Detection: Level '/Game/levels/MainMenu.MainMenu:PersistentLevel' has LevelScriptBlueprint '/Game/levels/MainMenu.MainMenu:PersistentLevel.MainMenu' with GeneratedClass '/Game/levels/MainMenu.MainMenu_C' with ClassGeneratedBy '/Game/levels/MainMenu.MainMenu:PersistentLevel.MainMenu'
[2018.05.10-19.49.56:076][392]LogSlate: Slate User Unregistered.  User Index 8
[2018.05.10-19.49.56:076][392]LogSlate: Slate User Destroyed.  User Index 8, Is Virtual User: 1
[2018.05.10-19.49.56:102][393]LogEngine: Changing dynamic resolution state.
[2018.05.10-19.49.57:767][574]LogSlate: Window 'SeniorDesignV1 - Unreal Editor' being destroyed
[2018.05.10-19.49.58:012][575]Cmd: QUIT_EDITOR
[2018.05.10-19.49.59:001][575]LogWindowsTextInputMethodSystem: Display: IME system now deactivated.
[2018.05.10-19.49.59:016][575]LogSlate: Slate User Destroyed.  User Index 0, Is Virtual User: 0
[2018.05.10-19.49.59:016][575]LogExit: Preparing to exit.
[2018.05.10-19.49.59:674][575]LogDirectoryWatcher: A directory notification for 'C:/Users/VRBC/Desktop/rjackson/PresentVR/SeniorDesignV1 4.19/Content/' was aborted.
[2018.05.10-19.49.59:675][575]PIE: UWidget::RemoveFromParent() called on 'None.MainMenu:None' which has no UMG parent (if it was added directly to a native Slate widget via TakeWidget() then it must be removed explicitly rather than via RemoveFromParent())
[2018.05.10-19.49.59:691][575]LogExit: Editor shut down
[2018.05.10-19.49.59:694][575]LogExit: Transaction tracking system shut down
[2018.05.10-19.49.59:851][575]LogDirectoryWatcher: A directory notification for '../../../Engine/Content/' was aborted.
[2018.05.10-19.49.59:851][575]LogDirectoryWatcher: A directory notification for '../../../../../../Users/VRBC/Desktop/rjackson/PresentVR/SeniorDesignV1 4.19/Content/' was aborted.
[2018.05.10-19.49.59:851][575]LogDirectoryWatcher: A directory notification for '../../Plugins/2D/Paper2D/Content/' was aborted.
[2018.05.10-19.49.59:851][575]LogDirectoryWatcher: A directory notification for '../../Plugins/Enterprise/DatasmithContent/Content/' was aborted.
[2018.05.10-19.49.59:851][575]LogDirectoryWatcher: A directory notification for '../../Plugins/Media/MediaCompositing/Content/' was aborted.
[2018.05.10-19.49.59:851][575]LogDirectoryWatcher: A directory notification for '../../Plugins/Runtime/AppleARKit/Content/' was aborted.
[2018.05.10-19.49.59:851][575]LogDirectoryWatcher: A directory notification for '../../Plugins/Runtime/Oculus/OculusVR/Content/' was aborted.
[2018.05.10-19.49.59:851][575]LogDirectoryWatcher: A directory notification for '../../Plugins/Runtime/Steam/SteamVR/Content/' was aborted.
[2018.05.10-19.49.59:990][575]LogExit: Object subsystem successfully closed.
[2018.05.10-19.50.00:017][575]LogShaderCompilers: Display: Shaders left to compile 0
[2018.05.10-19.50.00:022][575]LogD3D11RHI: Shutdown
[2018.05.10-19.50.00:022][575]LogD3D11RHI: CleanupD3DDevice
[2018.05.10-19.50.00:025][575]LogD3D11RHI: ~FD3D11DynamicRHI
[2018.05.10-19.50.00:061][575]LogModuleManager: Shutting down and abandoning module MovieSceneCapture (588)
[2018.05.10-19.50.00:061][575]LogModuleManager: Shutting down and abandoning module HierarchicalLODOutliner (586)
[2018.05.10-19.50.00:061][575]LogModuleManager: Shutting down and abandoning module DesktopPlatform (584)
[2018.05.10-19.50.00:061][575]LogModuleManager: Shutting down and abandoning module SceneOutliner (582)
[2018.05.10-19.50.00:061][575]LogModuleManager: Shutting down and abandoning module AddContentDialog (580)
[2018.05.10-19.50.00:061][575]LogDirectoryWatcher: A directory notification for 'C:/Program Files/Epic Games/UE_4.19/FeaturePacks/' was aborted.
[2018.05.10-19.50.00:063][575]LogModuleManager: Shutting down and abandoning module WidgetCarousel (579)
[2018.05.10-19.50.00:063][575]LogModuleManager: Shutting down and abandoning module EditorWidgets (576)
[2018.05.10-19.50.00:063][575]LogModuleManager: Shutting down and abandoning module CollectionManager (574)
[2018.05.10-19.50.00:063][575]LogDirectoryWatcher: A directory notification for 'C:/Users/VRBC/Desktop/rjackson/PresentVR/SeniorDesignV1 4.19/Content/Collections/' was aborted.
[2018.05.10-19.50.00:063][575]LogDirectoryWatcher: A directory notification for 'C:/Users/VRBC/Desktop/rjackson/PresentVR/SeniorDesignV1 4.19/Content/Developers/VRBC/Collections/' was aborted.
[2018.05.10-19.50.00:063][575]LogDirectoryWatcher: A directory notification for 'C:/Users/VRBC/Desktop/rjackson/PresentVR/SeniorDesignV1 4.19/Saved/Collections/' was aborted.
[2018.05.10-19.50.00:064][575]LogModuleManager: Shutting down and abandoning module HierarchicalLODUtilities (572)
[2018.05.10-19.50.00:064][575]LogModuleManager: Shutting down and abandoning module StatsViewer (570)
[2018.05.10-19.50.00:064][575]LogModuleManager: Shutting down and abandoning module FoliageEdit (568)
[2018.05.10-19.50.00:064][575]LogModuleManager: Shutting down and abandoning module LandscapeEditor (566)
[2018.05.10-19.50.00:065][575]LogModuleManager: Shutting down and abandoning module MeshPaintMode (564)
[2018.05.10-19.50.00:065][575]LogModuleManager: Shutting down and abandoning module SceneDepthPickerMode (562)
[2018.05.10-19.50.00:065][575]LogModuleManager: Shutting down and abandoning module ActorPickerMode (560)
[2018.05.10-19.50.00:065][575]LogModuleManager: Shutting down and abandoning module GeometryMode (558)
[2018.05.10-19.50.00:065][575]LogModuleManager: Shutting down and abandoning module TextureAlignMode (556)
[2018.05.10-19.50.00:065][575]LogModuleManager: Shutting down and abandoning module BspMode (554)
[2018.05.10-19.50.00:065][575]LogModuleManager: Shutting down and abandoning module PIEPreviewDeviceProfileSelector (552)
[2018.05.10-19.50.00:065][575]LogModuleManager: Shutting down and abandoning module HardwareSurvey (550)
[2018.05.10-19.50.00:065][575]LogModuleManager: Shutting down and abandoning module SequenceRecorderSections (548)
[2018.05.10-19.50.00:065][575]LogModuleManager: Shutting down and abandoning module AutomationWorker (546)
[2018.05.10-19.50.00:065][575]LogModuleManager: Shutting down and abandoning module AudioCaptureEditor (544)
[2018.05.10-19.50.00:065][575]LogModuleManager: Shutting down and abandoning module SequenceRecorder (543)
[2018.05.10-19.50.00:065][575]LogModuleManager: Shutting down and abandoning module MatineeToLevelSequence (540)
[2018.05.10-19.50.00:065][575]LogModuleManager: Shutting down and abandoning module LevelSequenceEditor (538)
[2018.05.10-19.50.00:066][575]LogModuleManager: Shutting down and abandoning module PlacementMode (537)
[2018.05.10-19.50.00:066][575]LogModuleManager: Shutting down and abandoning module MaterialEditor (536)
[2018.05.10-19.50.00:066][575]LogModuleManager: Shutting down and abandoning module WmfMediaFactory (532)
[2018.05.10-19.50.00:066][575]LogModuleManager: Shutting down and abandoning module WmfMediaEditor (530)
[2018.05.10-19.50.00:066][575]LogModuleManager: Shutting down and abandoning module MediaPlayerEditor (528)
[2018.05.10-19.50.00:066][575]LogModuleManager: Shutting down and abandoning module OpenExrWrapper (526)
[2018.05.10-19.50.00:066][575]LogModuleManager: Shutting down and abandoning module ImgMediaFactory (524)
[2018.05.10-19.50.00:066][575]LogModuleManager: Shutting down and abandoning module ImgMediaEditor (522)
[2018.05.10-19.50.00:066][575]LogModuleManager: Shutting down and abandoning module AvfMediaFactory (520)
[2018.05.10-19.50.00:066][575]LogModuleManager: Shutting down and abandoning module AvfMediaEditor (518)
[2018.05.10-19.50.00:066][575]LogModuleManager: Shutting down and abandoning module AndroidMediaFactory (516)
[2018.05.10-19.50.00:066][575]LogModuleManager: Shutting down and abandoning module AndroidMediaEditor (514)
[2018.05.10-19.50.00:066][575]LogModuleManager: Shutting down and abandoning module CharacterAI (512)
[2018.05.10-19.50.00:066][575]LogModuleManager: Shutting down and abandoning module SmartSnapping (510)
[2018.05.10-19.50.00:066][575]LogModuleManager: Shutting down and abandoning module SessionServices (508)
[2018.05.10-19.50.00:066][575]LogModuleManager: Shutting down and abandoning module ViewportSnapping (506)
[2018.05.10-19.50.00:066][575]LogModuleManager: Shutting down and abandoning module ViewportInteraction (504)
[2018.05.10-19.50.00:066][575]LogModuleManager: Shutting down and abandoning module ClothPainter (502)
[2018.05.10-19.50.00:067][575]LogModuleManager: Shutting down and abandoning module SkeletalMeshEditor (501)
[2018.05.10-19.50.00:067][575]LogModuleManager: Shutting down and abandoning module LogVisualizer (498)
[2018.05.10-19.50.00:067][575]LogModuleManager: Shutting down and abandoning module IntroTutorials (496)
[2018.05.10-19.50.00:067][575]LogModuleManager: Shutting down and abandoning module GameProjectGeneration (495)
[2018.05.10-19.50.00:067][575]LogModuleManager: Shutting down and abandoning module IOSPlatformEditor (492)
[2018.05.10-19.50.00:067][575]LogModuleManager: Shutting down and abandoning module HTML5PlatformEditor (490)
[2018.05.10-19.50.00:067][575]LogModuleManager: Shutting down and abandoning module AndroidPlatformEditor (488)
[2018.05.10-19.50.00:067][575]LogModuleManager: Shutting down and abandoning module AndroidDeviceDetection (487)
[2018.05.10-19.50.00:802][575]LogModuleManager: Shutting down and abandoning module WindowsPlatformEditor (484)
[2018.05.10-19.50.00:802][575]LogModuleManager: Shutting down and abandoning module IOSRuntimeSettings (482)
[2018.05.10-19.50.00:803][575]LogModuleManager: Shutting down and abandoning module AndroidRuntimeSettings (480)
[2018.05.10-19.50.00:803][575]LogModuleManager: Shutting down and abandoning module InputBindingEditor (478)
[2018.05.10-19.50.00:803][575]LogModuleManager: Shutting down and abandoning module MergeActors (476)
[2018.05.10-19.50.00:803][575]LogModuleManager: Shutting down and abandoning module LocalizationDashboard (474)
[2018.05.10-19.50.00:803][575]LogModuleManager: Shutting down and abandoning module LocalizationService (473)
[2018.05.10-19.50.00:803][575]LogModuleManager: Shutting down and abandoning module HardwareTargeting (470)
[2018.05.10-19.50.00:803][575]LogModuleManager: Shutting down and abandoning module DeviceProfileEditor (468)
[2018.05.10-19.50.00:803][575]LogModuleManager: Shutting down and abandoning module UndoHistory (466)
[2018.05.10-19.50.00:803][575]LogModuleManager: Shutting down and abandoning module XmlParser (464)
[2018.05.10-19.50.00:803][575]LogModuleManager: Shutting down and abandoning module Blutility (462)
[2018.05.10-19.50.00:803][575]LogModuleManager: Shutting down and abandoning module ProjectSettingsViewer (460)
[2018.05.10-19.50.00:803][575]LogModuleManager: Shutting down and abandoning module ProjectTargetPlatformEditor (459)
[2018.05.10-19.50.00:803][575]LogModuleManager: Shutting down and abandoning module EditorSettingsViewer (456)
[2018.05.10-19.50.00:803][575]LogModuleManager: Shutting down and abandoning module SettingsEditor (454)
[2018.05.10-19.50.00:803][575]LogModuleManager: Shutting down and abandoning module ProjectLauncher (452)
[2018.05.10-19.50.00:803][575]LogModuleManager: Shutting down and abandoning module SessionFrontend (450)
[2018.05.10-19.50.00:803][575]LogModuleManager: Shutting down and abandoning module ProfilerClient (448)
[2018.05.10-19.50.00:803][575]LogModuleManager: Shutting down and abandoning module DeviceManager (446)
[2018.05.10-19.50.00:803][575]LogModuleManager: Shutting down and abandoning module TargetDeviceServices (445)
[2018.05.10-19.50.00:867][575]LogModuleManager: Shutting down and abandoning module AutomationController (442)
[2018.05.10-19.50.00:867][575]LogModuleManager: Shutting down and abandoning module AutomationWindow (440)
[2018.05.10-19.50.00:867][575]LogModuleManager: Shutting down and abandoning module Layers (438)
[2018.05.10-19.50.00:867][575]LogModuleManager: Shutting down and abandoning module ComponentVisualizers (436)
[2018.05.10-19.50.00:867][575]LogModuleManager: Shutting down and abandoning module DetailCustomizations (434)
[2018.05.10-19.50.00:868][575]LogModuleManager: Shutting down and abandoning module PackagesDialog (432)
[2018.05.10-19.50.00:868][575]LogModuleManager: Shutting down and abandoning module Persona (430)
[2018.05.10-19.50.00:868][575]LogModuleManager: Shutting down and abandoning module AdvancedPreviewScene (429)
[2018.05.10-19.50.00:868][575]LogModuleManager: Shutting down and abandoning module AnimGraph (427)
[2018.05.10-19.50.00:868][575]LogModuleManager: Shutting down and abandoning module Kismet (424)
[2018.05.10-19.50.00:869][575]LogModuleManager: Shutting down and abandoning module GraphEditor (422)
[2018.05.10-19.50.00:869][575]LogModuleManager: Shutting down and abandoning module ClassViewer (420)
[2018.05.10-19.50.00:869][575]LogModuleManager: Shutting down and abandoning module Toolbox (418)
[2018.05.10-19.50.00:869][575]LogModuleManager: Shutting down and abandoning module ModuleUI (416)
[2018.05.10-19.50.00:869][575]LogModuleManager: Shutting down and abandoning module MovieSceneTools (414)
[2018.05.10-19.50.00:869][575]LogModuleManager: Shutting down and abandoning module OutputLog (412)
[2018.05.10-19.50.00:869][575]LogModuleManager: Shutting down and abandoning module GammaUI (410)
[2018.05.10-19.50.00:869][575]LogModuleManager: Shutting down and abandoning module Documentation (408)
[2018.05.10-19.50.00:869][575]LogModuleManager: Shutting down and abandoning module MovieSceneTracks (406)
[2018.05.10-19.50.00:869][575]LogModuleManager: Shutting down and abandoning module MovieScene (404)
[2018.05.10-19.50.00:869][575]LogModuleManager: Shutting down and abandoning module StreamingPauseRendering (402)
[2018.05.10-19.50.00:869][575]LogModuleManager: Shutting down and abandoning module LauncherPlatform (400)
[2018.05.10-19.50.00:869][575]LogModuleManager: Shutting down and abandoning module AnalyticsET (398)
[2018.05.10-19.50.00:869][575]LogModuleManager: Shutting down and abandoning module PortalServices (396)
[2018.05.10-19.50.00:869][575]LogModuleManager: Shutting down and abandoning module PortalRpc (394)
[2018.05.10-19.50.00:869][575]LogModuleManager: Shutting down and abandoning module MessagingRpc (392)
[2018.05.10-19.50.00:869][575]LogModuleManager: Shutting down and abandoning module AIModule (390)
[2018.05.10-19.50.00:869][575]LogModuleManager: Shutting down and abandoning module GameplayDebugger (389)
[2018.05.10-19.50.00:869][575]LogModuleManager: Shutting down and abandoning module AITestSuite (387)
[2018.05.10-19.50.00:869][575]LogModuleManager: Shutting down and abandoning module ProfilerService (384)
[2018.05.10-19.50.00:892][575]LogModuleManager: Shutting down and abandoning module TaskGraph (382)
[2018.05.10-19.50.00:892][575]LogModuleManager: Shutting down and abandoning module SIOJEditorPlugin (380)
[2018.05.10-19.50.00:892][575]LogModuleManager: Shutting down and abandoning module SocketIOClient (378)
[2018.05.10-19.50.00:892][575]LogModuleManager: Shutting down and abandoning module SteamVRController (376)
[2018.05.10-19.50.00:892][575]LogModuleManager: Shutting down and abandoning module ProceduralMeshComponentEditor (374)
[2018.05.10-19.50.00:892][575]LogModuleManager: Shutting down and abandoning module ProceduralMeshComponent (372)
[2018.05.10-19.50.00:892][575]LogModuleManager: Shutting down and abandoning module OculusInput (370)
[2018.05.10-19.50.00:892][575]LogModuleManager: Shutting down and abandoning module MobilePatchingUtils (368)
[2018.05.10-19.50.00:892][575]LogModuleManager: Shutting down and abandoning module CustomMeshComponent (366)
[2018.05.10-19.50.00:892][575]LogModuleManager: Shutting down and abandoning module CableComponent (364)
[2018.05.10-19.50.00:892][575]LogModuleManager: Shutting down and abandoning module AudioCapture (362)
[2018.05.10-19.50.00:892][575]LogModuleManager: Shutting down and abandoning module ArchVisCharacter (360)
[2018.05.10-19.50.00:892][575]LogModuleManager: Shutting down and abandoning module AndroidPermission (358)
[2018.05.10-19.50.00:892][575]LogModuleManager: Shutting down and abandoning module NUTUnrealEngine4 (354)
[2018.05.10-19.50.00:892][575]LogModuleManager: Shutting down and abandoning module NetcodeUnitTest (352)
[2018.05.10-19.50.00:893][575]LogModuleManager: Shutting down and abandoning module MediaCompositingEditor (350)
[2018.05.10-19.50.00:893][575]LogModuleManager: Shutting down and abandoning module MediaCompositing (348)
[2018.05.10-19.50.00:893][575]LogModuleManager: Shutting down and abandoning module LinearTimecode (346)
[2018.05.10-19.50.00:893][575]LogModuleManager: Shutting down and abandoning module ImgMedia (344)
[2018.05.10-19.50.00:895][575]LogModuleManager: Shutting down and abandoning module HTML5Networking (342)
[2018.05.10-19.50.00:895][575]LogModuleManager: Shutting down and abandoning module AlembicImporter (340)
[2018.05.10-19.50.00:895][575]LogModuleManager: Shutting down and abandoning module AlembicLibrary (339)
[2018.05.10-19.50.00:896][575]LogModuleManager: Shutting down and abandoning module GeometryCache (338)
[2018.05.10-19.50.00:896][575]LogModuleManager: Shutting down and abandoning module GeometryCacheEd (337)
[2018.05.10-19.50.00:896][575]LogModuleManager: Shutting down and abandoning module DatasmithContent (332)
[2018.05.10-19.50.00:896][575]LogModuleManager: Shutting down and abandoning module SpeedTreeImporter (330)
[2018.05.10-19.50.00:896][575]LogModuleManager: Shutting down and abandoning module PluginBrowser (328)
[2018.05.10-19.50.00:896][575]LogModuleManager: Shutting down and abandoning module MobileLauncherProfileWizard (326)
[2018.05.10-19.50.00:896][575]LogModuleManager: Shutting down and abandoning module CryptoKeysOpenSSL (324)
[2018.05.10-19.50.00:896][575]LogModuleManager: Shutting down and abandoning module CryptoKeys (322)
[2018.05.10-19.50.00:896][575]LogModuleManager: Shutting down and abandoning module VisualStudioSourceCodeAccess (320)
[2018.05.10-19.50.00:896][575]LogModuleManager: Shutting down and abandoning module VisualStudioCodeSourceCodeAccess (318)
[2018.05.10-19.50.00:896][575]LogModuleManager: Shutting down and abandoning module UObjectPlugin (316)
[2018.05.10-19.50.00:896][575]LogModuleManager: Shutting down and abandoning module SubversionSourceControl (314)
[2018.05.10-19.50.00:896][575]LogModuleManager: Shutting down and abandoning module PerforceSourceControl (312)
[2018.05.10-19.50.00:896][575]LogModuleManager: Shutting down and abandoning module GitSourceControl (310)
[2018.05.10-19.50.00:897][575]LogModuleManager: Shutting down and abandoning module SourceControl (309)
[2018.05.10-19.50.00:897][575]LogModuleManager: Shutting down and abandoning module CLionSourceCodeAccess (306)
[2018.05.10-19.50.00:897][575]LogModuleManager: Shutting down and abandoning module LightPropagationVolumeEditor (304)
[2018.05.10-19.50.00:897][575]LogModuleManager: Shutting down and abandoning module PaperTiledImporter (302)
[2018.05.10-19.50.00:897][575]LogModuleManager: Shutting down and abandoning module PaperSpriteSheetImporter (300)
[2018.05.10-19.50.00:897][575]LogModuleManager: Shutting down and abandoning module Paper2DEditor (298)
[2018.05.10-19.50.00:898][575]LogModuleManager: Shutting down and abandoning module MeshPaint (297)
[2018.05.10-19.50.00:898][575]LogModuleManager: Shutting down and abandoning module SeniorDesignV1 (294)
[2018.05.10-19.50.00:898][575]LogModuleManager: Shutting down and abandoning module CoreUtility (292)
[2018.05.10-19.50.00:898][575]LogModuleManager: Shutting down and abandoning module SIOJson (290)
[2018.05.10-19.50.00:898][575]LogModuleManager: Shutting down and abandoning module RuntimePhysXCooking (288)
[2018.05.10-19.50.00:898][575]LogModuleManager: Shutting down and abandoning module PhysXVehiclesEditor (286)
[2018.05.10-19.50.00:898][575]LogModuleManager: Shutting down and abandoning module PhysXVehicles (284)
[2018.05.10-19.50.00:898][575]LogModuleManager: Shutting down and abandoning module OculusEditor (282)
[2018.05.10-19.50.00:898][575]LogModuleManager: Shutting down and abandoning module LocationServicesBPLibrary (280)
[2018.05.10-19.50.00:898][575]LogModuleManager: Shutting down and abandoning module ImmediatePhysicsEditor (278)
[2018.05.10-19.50.00:898][575]LogModuleManager: Shutting down and abandoning module ImmediatePhysics (276)
[2018.05.10-19.50.00:898][575]LogModuleManager: Shutting down and abandoning module ActorSequence (274)
[2018.05.10-19.50.00:898][575]LogModuleManager: Shutting down and abandoning module UdpMessaging (272)
[2018.05.10-19.50.00:999][575]LogModuleManager: Shutting down and abandoning module TcpMessaging (270)
[2018.05.10-19.50.01:099][575]LogModuleManager: Shutting down and abandoning module GameplayTagsEditor (268)
[2018.05.10-19.50.01:099][575]LogModuleManager: Shutting down and abandoning module FacialAnimationEditor (266)
[2018.05.10-19.50.01:099][575]LogModuleManager: Shutting down and abandoning module FacialAnimation (264)
[2018.05.10-19.50.01:099][575]LogModuleManager: Shutting down and abandoning module DataValidation (262)
[2018.05.10-19.50.01:099][575]LogModuleManager: Shutting down and abandoning module AssetManagerEditor (260)
[2018.05.10-19.50.01:099][575]LogModuleManager: Shutting down and abandoning module LevelEditor (259)
[2018.05.10-19.50.01:101][575]LogModuleManager: Shutting down and abandoning module PixelInspectorModule (258)
[2018.05.10-19.50.01:101][575]LogModuleManager: Shutting down and abandoning module CommonMenuExtensions (256)
[2018.05.10-19.50.01:101][575]LogModuleManager: Shutting down and abandoning module MainFrame (254)
[2018.05.10-19.50.01:102][575]LogModuleManager: Shutting down and abandoning module HotReload (253)
[2018.05.10-19.50.01:102][575]LogDirectoryWatcher: A directory notification for 'C:/Users/VRBC/Desktop/rjackson/PresentVR/SeniorDesignV1 4.19/Binaries/Win64' was aborted.
[2018.05.10-19.50.01:102][575]LogDirectoryWatcher: A directory notification for 'C:/Users/VRBC/Desktop/rjackson/PresentVR/SeniorDesignV1 4.19/Plugins/socketio-client-ue4/Binaries/Win64' was aborted.
[2018.05.10-19.50.01:102][575]LogModuleManager: Shutting down and abandoning module ContentBrowser (249)
[2018.05.10-19.50.01:104][575]LogModuleManager: Shutting down and abandoning module TreeMap (247)
[2018.05.10-19.50.01:104][575]LogModuleManager: Shutting down and abandoning module LightPropagationVolumeRuntime (244)
[2018.05.10-19.50.01:105][575]LogModuleManager: Shutting down and abandoning module LiveLinkEditor (242)
[2018.05.10-19.50.01:105][575]LogModuleManager: Shutting down and abandoning module LiveLink (240)
[2018.05.10-19.50.01:183][575]LogModuleManager: Shutting down and abandoning module Paper2D (238)
[2018.05.10-19.50.01:183][575]LogModuleManager: Shutting down and abandoning module WindowsMoviePlayer (236)
[2018.05.10-19.50.01:183][575]LogModuleManager: Shutting down and abandoning module WmfMedia (234)
[2018.05.10-19.50.01:183][575]LogModuleManager: Shutting down and abandoning module PacketHandler (232)
[2018.05.10-19.50.01:183][575]LogModuleManager: Shutting down and abandoning module ClothingSystemEditor (230)
[2018.05.10-19.50.01:183][575]LogModuleManager: Shutting down and abandoning module ClothingSystemRuntime (228)
[2018.05.10-19.50.01:183][575]LogModuleManager: Shutting down and abandoning module MediaAssets (226)
[2018.05.10-19.50.01:183][575]LogModuleManager: Shutting down and abandoning module Media (225)
[2018.05.10-19.50.01:189][575]LogModuleManager: Shutting down and abandoning module Overlay (222)
[2018.05.10-19.50.01:189][575]LogModuleManager: Shutting down and abandoning module OverlayEditor (221)
[2018.05.10-19.50.01:189][575]LogModuleManager: Shutting down and abandoning module VREditor (218)
[2018.05.10-19.50.01:189][575]LogModuleManager: Shutting down and abandoning module StringTableEditor (216)
[2018.05.10-19.50.01:190][575]LogModuleManager: Shutting down and abandoning module GameplayTasksEditor (214)
[2018.05.10-19.50.01:190][575]LogModuleManager: Shutting down and abandoning module BehaviorTreeEditor (212)
[2018.05.10-19.50.01:190][575]LogModuleManager: Shutting down and abandoning module FunctionalTesting (210)
[2018.05.10-19.50.01:190][575]LogModuleManager: Shutting down and abandoning module CollisionAnalyzer (208)
[2018.05.10-19.50.01:190][575]LogModuleManager: Shutting down and abandoning module WorkspaceMenuStructure (207)
[2018.05.10-19.50.01:190][575]LogModuleManager: Shutting down and abandoning module UMG (204)
[2018.05.10-19.50.01:190][575]LogModuleManager: Shutting down and abandoning module UMGEditor (203)
[2018.05.10-19.50.01:190][575]LogModuleManager: Shutting down and abandoning module Sequencer (202)
[2018.05.10-19.50.01:190][575]LogModuleManager: Shutting down and abandoning module MessageLog (199)
[2018.05.10-19.50.01:190][575]LogModuleManager: Shutting down and abandoning module SlateReflector (194)
[2018.05.10-19.50.01:191][575]LogModuleManager: Shutting down and abandoning module Slate (192)
[2018.05.10-19.50.01:191][575]LogModuleManager: Shutting down and abandoning module EditorStyle (190)
[2018.05.10-19.50.01:192][575]LogModuleManager: Shutting down and abandoning module MRMesh (188)
[2018.05.10-19.50.01:192][575]LogModuleManager: Shutting down and abandoning module SourceCodeAccess (186)
[2018.05.10-19.50.01:192][575]LogModuleManager: Shutting down and abandoning module HeadMountedDisplay (184)
[2018.05.10-19.50.01:192][575]LogModuleManager: Shutting down and abandoning module XAudio2 (182)
[2018.05.10-19.50.01:192][575]LogModuleManager: Shutting down and abandoning module Networking (180)
[2018.05.10-19.50.01:192][575]LogModuleManager: Shutting down and abandoning module Core (178)
[2018.05.10-19.50.01:192][575]LogModuleManager: Shutting down and abandoning module LevelSequence (176)
[2018.05.10-19.50.01:192][575]LogModuleManager: Shutting down and abandoning module KismetCompiler (174)
[2018.05.10-19.50.01:192][575]LogModuleManager: Shutting down and abandoning module MeshUtilities (172)
[2018.05.10-19.50.01:192][575]LogModuleManager: Shutting down and abandoning module MeshMergeUtilities (171)
[2018.05.10-19.50.01:192][575]LogModuleManager: Shutting down and abandoning module MeshReductionInterface (170)
[2018.05.10-19.50.01:192][575]LogModuleManager: Shutting down and abandoning module SimplygonSwarm (169)
[2018.05.10-19.50.01:192][575]LogModuleManager: Shutting down and abandoning module SimplygonMeshReduction (167)
[2018.05.10-19.50.01:192][575]LogModuleManager: Shutting down and abandoning module QuadricMeshReduction (165)
[2018.05.10-19.50.01:192][575]LogModuleManager: Shutting down and abandoning module MaterialBaking (161)
[2018.05.10-19.50.01:192][575]LogModuleManager: Shutting down and abandoning module DirectoryWatcher (157)
[2018.05.10-19.50.01:195][575]LogModuleManager: Shutting down and abandoning module DerivedDataCache (154)
[2018.05.10-19.50.01:214][575]LogDerivedDataCache: Shutdown
[2018.05.10-19.50.01:214][575]LogModuleManager: Shutting down and abandoning module XGEController (152)
[2018.05.10-19.50.01:214][575]LogModuleManager: Shutting down and abandoning module TargetPlatform (150)
[2018.05.10-19.50.01:215][575]LogModuleManager: Shutting down and abandoning module VulkanShaderFormat (149)
[2018.05.10-19.50.01:215][575]LogModuleManager: Shutting down and abandoning module ShaderFormatVectorVM (147)
[2018.05.10-19.50.01:215][575]LogModuleManager: Shutting down and abandoning module ShaderFormatOpenGL (145)
[2018.05.10-19.50.01:215][575]LogModuleManager: Shutting down and abandoning module ShaderFormatD3D (143)
[2018.05.10-19.50.01:215][575]LogModuleManager: Shutting down and abandoning module MetalShaderFormat (141)
[2018.05.10-19.50.01:215][575]LogModuleManager: Shutting down and abandoning module TextureFormatUncompressed (139)
[2018.05.10-19.50.01:215][575]LogModuleManager: Shutting down and abandoning module TextureFormatPVR (137)
[2018.05.10-19.50.01:215][575]LogModuleManager: Shutting down and abandoning module TextureFormatDXT (135)
[2018.05.10-19.50.01:215][575]LogModuleManager: Shutting down and abandoning module TextureFormatIntelISPCTexComp (133)
[2018.05.10-19.50.01:215][575]LogModuleManager: Shutting down and abandoning module TextureFormatASTC (131)
[2018.05.10-19.50.01:215][575]LogModuleManager: Shutting down and abandoning module ImageWrapper (130)
[2018.05.10-19.50.01:215][575]LogModuleManager: Shutting down and abandoning module TextureFormatAndroid (127)
[2018.05.10-19.50.01:215][575]LogModuleManager: Shutting down and abandoning module AudioFormatOpus (125)
[2018.05.10-19.50.01:215][575]LogModuleManager: Shutting down and abandoning module AudioFormatOgg (123)
[2018.05.10-19.50.01:215][575]LogModuleManager: Shutting down and abandoning module AudioFormatADPCM (121)
[2018.05.10-19.50.01:215][575]LogModuleManager: Shutting down and abandoning module LinuxTargetPlatform (119)
[2018.05.10-19.50.01:215][575]LogModuleManager: Shutting down and abandoning module LinuxServerTargetPlatform (117)
[2018.05.10-19.50.01:215][575]LogModuleManager: Shutting down and abandoning module LinuxNoEditorTargetPlatform (115)
[2018.05.10-19.50.01:215][575]LogModuleManager: Shutting down and abandoning module LinuxClientTargetPlatform (113)
[2018.05.10-19.50.01:215][575]LogModuleManager: Shutting down and abandoning module TVOSTargetPlatform (111)
[2018.05.10-19.50.01:215][575]LogModuleManager: Shutting down and abandoning module Messaging (109)
[2018.05.10-19.50.01:215][575]LogModuleManager: Shutting down and abandoning module IOSTargetPlatform (107)
[2018.05.10-19.50.01:215][575]LogModuleManager: Shutting down and abandoning module HTML5TargetPlatform (105)
[2018.05.10-19.50.01:216][575]LogModuleManager: Shutting down and abandoning module AndroidTargetPlatform (103)
[2018.05.10-19.50.01:216][575]LogModuleManager: Shutting down and abandoning module Android_PVRTCTargetPlatform (101)
[2018.05.10-19.50.01:216][575]LogModuleManager: Shutting down and abandoning module Android_MultiTargetPlatform (99)
[2018.05.10-19.50.01:216][575]LogModuleManager: Shutting down and abandoning module Android_ETC2TargetPlatform (97)
[2018.05.10-19.50.01:216][575]LogModuleManager: Shutting down and abandoning module Android_ETC1TargetPlatform (95)
[2018.05.10-19.50.01:216][575]LogModuleManager: Shutting down and abandoning module Android_ETC1aTargetPlatform (93)
[2018.05.10-19.50.01:216][575]LogModuleManager: Shutting down and abandoning module Android_DXTTargetPlatform (91)
[2018.05.10-19.50.01:216][575]LogModuleManager: Shutting down and abandoning module Android_ATCTargetPlatform (89)
[2018.05.10-19.50.01:216][575]LogModuleManager: Shutting down and abandoning module Android_ASTCTargetPlatform (87)
[2018.05.10-19.50.01:216][575]LogModuleManager: Shutting down and abandoning module WindowsTargetPlatform (85)
[2018.05.10-19.50.01:216][575]LogModuleManager: Shutting down and abandoning module WindowsServerTargetPlatform (83)
[2018.05.10-19.50.01:216][575]LogModuleManager: Shutting down and abandoning module WindowsNoEditorTargetPlatform (81)
[2018.05.10-19.50.01:216][575]LogModuleManager: Shutting down and abandoning module WindowsClientTargetPlatform (79)
[2018.05.10-19.50.01:216][575]LogModuleManager: Shutting down and abandoning module MacTargetPlatform (77)
[2018.05.10-19.50.01:216][575]LogModuleManager: Shutting down and abandoning module MacServerTargetPlatform (75)
[2018.05.10-19.50.01:216][575]LogModuleManager: Shutting down and abandoning module MacNoEditorTargetPlatform (73)
[2018.05.10-19.50.01:216][575]LogModuleManager: Shutting down and abandoning module MacClientTargetPlatform (71)
[2018.05.10-19.50.01:216][575]LogModuleManager: Shutting down and abandoning module AllDesktopTargetPlatform (69)
[2018.05.10-19.50.01:216][575]LogModuleManager: Shutting down and abandoning module InputCore (66)
[2018.05.10-19.50.01:216][575]LogModuleManager: Shutting down and abandoning module Settings (64)
[2018.05.10-19.50.01:216][575]LogModuleManager: Shutting down and abandoning module PhysXCooking (62)
[2018.05.10-19.50.01:216][575]LogModuleManager: Shutting down and abandoning module SteamVR (60)
[2018.05.10-19.50.01:216][575]LogModuleManager: Shutting down and abandoning module OculusHMD (58)
[2018.05.10-19.50.01:216][575]LogModuleManager: Shutting down and abandoning module ExampleDeviceProfileSelector (56)
[2018.05.10-19.50.01:216][575]LogModuleManager: Shutting down and abandoning module AppleARKit (54)
[2018.05.10-19.50.01:216][575]LogModuleManager: Shutting down and abandoning module AugmentedReality (51)
[2018.05.10-19.50.01:216][575]LogModuleManager: Shutting down and abandoning module OnlineBlueprintSupport (48)
[2018.05.10-19.50.01:216][575]LogModuleManager: Shutting down and abandoning module OnlineSubsystem (44)
[2018.05.10-19.50.01:216][575]LogModuleManager: Shutting down and abandoning module XMPP (43)
[2018.05.10-19.50.01:216][575]LogModuleManager: Shutting down and abandoning module HTTP (41)
[2018.05.10-19.50.01:216][575]LogHttp: Display: Http module shutting down, but needs to wait on 1 outstanding Http requests:
[2018.05.10-19.50.01:216][575]LogHttp: Display: 	verb=[POST] url=[https://datarouter.ol.epicgames.com/datarouter/api/v1/public/data?SessionID=%7B8899A065-4711-4D80-58D2-D5ACEB26CD9D%7D&AppID=UEEditor.Rocket.Release&AppVersion=4.19.0-3944462%2B%2B%2BUE4%2BRelease-4.19&UserID=5245bdf2471e9772f34ac098b3a28d99%7C52bcfe2acb834894a8be6e6710c7acce%7C5f889a8f-1922-410f-b420-5d26ef1cb997&AppEnvironment=datacollector-binary&UploadType=eteventstream] status=Processing
[2018.05.10-19.50.01:233][575]LogModuleManager: Shutting down and abandoning module SSL (40)
[2018.05.10-19.50.01:235][575]LogModuleManager: Shutting down and abandoning module AnimationModifiers (36)
[2018.05.10-19.50.01:235][575]LogModuleManager: Shutting down and abandoning module PropertyEditor (35)
[2018.05.10-19.50.01:235][575]LogModuleManager: Shutting down and abandoning module AudioEditor (32)
[2018.05.10-19.50.01:235][575]LogModuleManager: Shutting down and abandoning module TextureCompressor (30)
[2018.05.10-19.50.01:235][575]LogModuleManager: Shutting down and abandoning module ShaderCore (28)
[2018.05.10-19.50.01:235][575]LogModuleManager: Shutting down and abandoning module Landscape (26)
[2018.05.10-19.50.01:235][575]LogModuleManager: Shutting down and abandoning module SlateRHIRenderer (24)
[2018.05.10-19.50.01:236][575]LogModuleManager: Shutting down and abandoning module OpenGLDrv (22)
[2018.05.10-19.50.01:236][575]LogModuleManager: Shutting down and abandoning module D3D11RHI (20)
[2018.05.10-19.50.01:236][575]LogModuleManager: Shutting down and abandoning module AnimGraphRuntime (18)
[2018.05.10-19.50.01:236][575]LogModuleManager: Shutting down and abandoning module Renderer (16)
[2018.05.10-19.50.01:236][575]LogModuleManager: Shutting down and abandoning module Engine (14)
[2018.05.10-19.50.01:236][575]LogModuleManager: Shutting down and abandoning module CoreUObject (12)
[2018.05.10-19.50.01:236][575]LogModuleManager: Shutting down and abandoning module NetworkFile (10)
[2018.05.10-19.50.01:236][575]LogModuleManager: Shutting down and abandoning module CookedIterativeFile (8)
[2018.05.10-19.50.01:236][575]LogModuleManager: Shutting down and abandoning module StreamingFile (6)
[2018.05.10-19.50.01:236][575]LogModuleManager: Shutting down and abandoning module SandboxFile (4)
[2018.05.10-19.50.01:236][575]LogModuleManager: Shutting down and abandoning module PakFile (2)
[2018.05.10-19.50.01:243][575]LogExit: Exiting.
[2018.05.10-19.50.01:262][575]Log file closed, 05/10/18 12:50:01
