Log file open, 04/25/18 16:54:50
LogWindows: Failed to load 'aqProf.dll' (GetLastError=126)
LogWindows: File 'aqProf.dll' does not exist
LogWindows: Failed to load 'VSPerf140.dll' (GetLastError=126)
LogWindows: File 'VSPerf140.dll' does not exist
LogWindows: Failed to load 'VtuneApi.dll' (GetLastError=126)
LogWindows: File 'VtuneApi.dll' does not exist
LogWindows: Failed to load 'VtuneApi32e.dll' (GetLastError=126)
LogWindows: File 'VtuneApi32e.dll' does not exist
LogInit: Display: Running engine for game: SeniorDesignV1
LogPlatformFile: Not using cached read wrapper
LogInit: Display: RandInit(433148816) SRandInit(433148816).
LogInit: Read version file with build ID '3944462'
LogInit: Overriding engine version to CL 3944462, compatible CL 3944462
LogInit: Registered custom module enumerator with build ID '3944462'
LogTaskGraph: Started task graph with 5 named threads and 23 total threads with 3 sets of task threads.
LogStats: Stats thread started at 0.284903
LogD3D11RHI: Aftermath initialized
LogICUInternationalization: Display: ICU TimeZone Detection - Raw Offset: -8:00, Platform Override: ''
LogPluginManager: Mounting plugin Paper2D
LogPluginManager: Mounting plugin LiveLink
LogPluginManager: Mounting plugin LightPropagationVolume
LogPluginManager: Mounting plugin CLionSourceCodeAccess
LogPluginManager: Mounting plugin CodeLiteSourceCodeAccess
LogPluginManager: Mounting plugin GitSourceControl
LogPluginManager: Mounting plugin KDevelopSourceCodeAccess
LogPluginManager: Mounting plugin NullSourceCodeAccess
LogPluginManager: Mounting plugin PerforceSourceControl
LogPluginManager: Mounting plugin SubversionSourceControl
LogPluginManager: Mounting plugin UObjectPlugin
LogPluginManager: Mounting plugin VisualStudioCodeSourceCodeAccess
LogPluginManager: Mounting plugin VisualStudioSourceCodeAccess
LogPluginManager: Mounting plugin XCodeSourceCodeAccess
LogPluginManager: Mounting plugin AssetManagerEditor
LogPluginManager: Mounting plugin CryptoKeys
LogPluginManager: Mounting plugin DataValidation
LogPluginManager: Mounting plugin FacialAnimation
LogPluginManager: Mounting plugin GameplayTagsEditor
LogPluginManager: Mounting plugin MobileLauncherProfileWizard
LogPluginManager: Mounting plugin PluginBrowser
LogPluginManager: Mounting plugin SpeedTreeImporter
LogPluginManager: Mounting plugin DatasmithContent
LogPluginManager: Mounting plugin AlembicImporter
LogPluginManager: Mounting plugin CharacterAI
LogPluginManager: Mounting plugin HTML5Networking
LogPluginManager: Mounting plugin AndroidMedia
LogPluginManager: Mounting plugin AvfMedia
LogPluginManager: Mounting plugin ImgMedia
LogPluginManager: Mounting plugin LinearTimecode
LogPluginManager: Mounting plugin MediaCompositing
LogPluginManager: Mounting plugin MediaPlayerEditor
LogPluginManager: Mounting plugin WmfMedia
LogPluginManager: Mounting plugin TcpMessaging
LogPluginManager: Mounting plugin UdpMessaging
LogPluginManager: Mounting plugin ActorSequence
LogPluginManager: Mounting plugin LevelSequenceEditor
LogPluginManager: Mounting plugin MatineeToLevelSequence
LogPluginManager: Mounting plugin NetcodeUnitTest
LogPluginManager: Mounting plugin NUTUnrealEngine4
LogPluginManager: Mounting plugin OnlineSubsystemGooglePlay
LogPluginManager: Mounting plugin OnlineSubsystemIOS
LogPluginManager: Mounting plugin OnlineSubsystem
LogPluginManager: Mounting plugin OnlineSubsystemNull
LogPluginManager: Mounting plugin OnlineSubsystemUtils
LogPluginManager: Mounting plugin AndroidDeviceProfileSelector
LogPluginManager: Mounting plugin AndroidMoviePlayer
LogPluginManager: Mounting plugin AndroidPermission
LogPluginManager: Mounting plugin AppleARKit
LogPluginManager: Mounting plugin AppleMoviePlayer
LogPluginManager: Mounting plugin ArchVisCharacter
LogPluginManager: Mounting plugin AudioCapture
LogPluginManager: Mounting plugin CableComponent
LogPluginManager: Mounting plugin CustomMeshComponent
LogPluginManager: Mounting plugin ExampleDeviceProfileSelector
LogPluginManager: Mounting plugin GoogleCloudMessaging
LogPluginManager: Mounting plugin ImmediatePhysics
LogPluginManager: Mounting plugin IOSDeviceProfileSelector
LogPluginManager: Mounting plugin LinuxDeviceProfileSelector
LogPluginManager: Mounting plugin LocationServicesBPLibrary
LogPluginManager: Mounting plugin MobilePatchingUtils
LogPluginManager: Mounting plugin OculusVR
LogPluginManager: Plugin shader directory ../../../Engine/Plugins/Runtime/Oculus/OculusVR/Shaders found
LogPluginManager: Mapping shader source directory ../../../Engine/Plugins/Runtime/Oculus/OculusVR/Shaders to virtual directory /Plugin/OculusVR
LogPluginManager: Mounting plugin PhysXVehicles
LogPluginManager: Mounting plugin ProceduralMeshComponent
LogPluginManager: Mounting plugin RuntimePhysXCooking
LogPluginManager: Mounting plugin SteamVR
LogPluginManager: Mounting plugin WindowsMoviePlayer
LogPluginManager: Mounting plugin SocketIOClient
LogStreaming: Display: Took  0.152s to configure plugins.
LogModuleManager: Display: Found up-to-date module file ../../../../../../Users/VRBC/Desktop/rjackson/PresentVR/SeniorDesignV1 4.19/Binaries/Win64/UE4Editor-SeniorDesignV1.dll (API version 3944462).
LogModuleManager: Display: Found up-to-date module file ../../../Engine/Plugins/2D/Paper2D/Binaries/Win64/UE4Editor-Paper2D.dll (API version 3944462).
LogModuleManager: Display: Found up-to-date module file ../../../Engine/Plugins/2D/Paper2D/Binaries/Win64/UE4Editor-Paper2DEditor.dll (API version 3944462).
LogModuleManager: Display: Found up-to-date module file ../../../Engine/Plugins/2D/Paper2D/Binaries/Win64/UE4Editor-PaperSpriteSheetImporter.dll (API version 3944462).
LogModuleManager: Display: Found up-to-date module file ../../../Engine/Plugins/2D/Paper2D/Binaries/Win64/UE4Editor-PaperTiledImporter.dll (API version 3944462).
LogModuleManager: Display: Found up-to-date module file ../../../Engine/Plugins/2D/Paper2D/Binaries/Win64/UE4Editor-SmartSnapping.dll (API version 3944462).
LogModuleManager: Display: Found up-to-date module file ../../../Engine/Plugins/Animation/LiveLink/Binaries/Win64/UE4Editor-LiveLink.dll (API version 3944462).
LogModuleManager: Display: Found up-to-date module file ../../../Engine/Plugins/Animation/LiveLink/Binaries/Win64/UE4Editor-LiveLinkEditor.dll (API version 3944462).
LogModuleManager: Display: Found up-to-date module file ../../../Engine/Plugins/Blendables/LightPropagationVolume/Binaries/Win64/UE4Editor-LightPropagationVolumeRuntime.dll (API version 3944462).
LogModuleManager: Display: Found up-to-date module file ../../../Engine/Plugins/Blendables/LightPropagationVolume/Binaries/Win64/UE4Editor-LightPropagationVolumeEditor.dll (API version 3944462).
LogModuleManager: Display: Found up-to-date module file ../../../Engine/Plugins/Developer/CLionSourceCodeAccess/Binaries/Win64/UE4Editor-CLionSourceCodeAccess.dll (API version 3944462).
LogModuleManager: Display: Found up-to-date module file ../../../Engine/Plugins/Developer/GitSourceControl/Binaries/Win64/UE4Editor-GitSourceControl.dll (API version 3944462).
LogModuleManager: Display: Found up-to-date module file ../../../Engine/Plugins/Developer/PerforceSourceControl/Binaries/Win64/UE4Editor-PerforceSourceControl.dll (API version 3944462).
LogModuleManager: Display: Found up-to-date module file ../../../Engine/Plugins/Developer/SubversionSourceControl/Binaries/Win64/UE4Editor-SubversionSourceControl.dll (API version 3944462).
LogModuleManager: Display: Found up-to-date module file ../../../Engine/Plugins/Developer/UObjectPlugin/Binaries/Win64/UE4Editor-UObjectPlugin.dll (API version 3944462).
LogModuleManager: Display: Found up-to-date module file ../../../Engine/Plugins/Developer/VisualStudioCodeSourceCodeAccess/Binaries/Win64/UE4Editor-VisualStudioCodeSourceCodeAccess.dll (API version 3944462).
LogModuleManager: Display: Found up-to-date module file ../../../Engine/Plugins/Developer/VisualStudioSourceCodeAccess/Binaries/Win64/UE4Editor-VisualStudioSourceCodeAccess.dll (API version 3944462).
LogModuleManager: Display: Found up-to-date module file ../../../Engine/Plugins/Editor/AssetManagerEditor/Binaries/Win64/UE4Editor-AssetManagerEditor.dll (API version 3944462).
LogModuleManager: Display: Found up-to-date module file ../../../Engine/Plugins/Editor/CryptoKeys/Binaries/Win64/UE4Editor-CryptoKeys.dll (API version 3944462).
LogModuleManager: Display: Found up-to-date module file ../../../Engine/Plugins/Editor/CryptoKeys/Binaries/Win64/UE4Editor-CryptoKeysOpenSSL.dll (API version 3944462).
LogModuleManager: Display: Found up-to-date module file ../../../Engine/Plugins/Editor/DataValidation/Binaries/Win64/UE4Editor-DataValidation.dll (API version 3944462).
LogModuleManager: Display: Found up-to-date module file ../../../Engine/Plugins/Editor/FacialAnimation/Binaries/Win64/UE4Editor-FacialAnimation.dll (API version 3944462).
LogModuleManager: Display: Found up-to-date module file ../../../Engine/Plugins/Editor/FacialAnimation/Binaries/Win64/UE4Editor-FacialAnimationEditor.dll (API version 3944462).
LogModuleManager: Display: Found up-to-date module file ../../../Engine/Plugins/Editor/GameplayTagsEditor/Binaries/Win64/UE4Editor-GameplayTagsEditor.dll (API version 3944462).
LogModuleManager: Display: Found up-to-date module file ../../../Engine/Plugins/Editor/MobileLauncherProfileWizard/Binaries/Win64/UE4Editor-MobileLauncherProfileWizard.dll (API version 3944462).
LogModuleManager: Display: Found up-to-date module file ../../../Engine/Plugins/Editor/PluginBrowser/Binaries/Win64/UE4Editor-PluginBrowser.dll (API version 3944462).
LogModuleManager: Display: Found up-to-date module file ../../../Engine/Plugins/Editor/SpeedTreeImporter/Binaries/Win64/UE4Editor-SpeedTreeImporter.dll (API version 3944462).
LogModuleManager: Display: Found up-to-date module file ../../../Engine/Plugins/Enterprise/DatasmithContent/Binaries/Win64/UE4Editor-DatasmithContent.dll (API version 3944462).
LogModuleManager: Display: Found up-to-date module file ../../../Engine/Plugins/Experimental/AlembicImporter/Binaries/Win64/UE4Editor-AlembicImporter.dll (API version 3944462).
LogModuleManager: Display: Found up-to-date module file ../../../Engine/Plugins/Experimental/AlembicImporter/Binaries/Win64/UE4Editor-AlembicLibrary.dll (API version 3944462).
LogModuleManager: Display: Found up-to-date module file ../../../Engine/Plugins/Experimental/CharacterAI/Binaries/Win64/UE4Editor-CharacterAI.dll (API version 3944462).
LogModuleManager: Display: Found up-to-date module file ../../../Engine/Plugins/Experimental/HTML5Networking/Binaries/Win64/UE4Editor-HTML5Networking.dll (API version 3944462).
LogModuleManager: Display: Found up-to-date module file ../../../Engine/Plugins/Media/AndroidMedia/Binaries/Win64/UE4Editor-AndroidMediaEditor.dll (API version 3944462).
LogModuleManager: Display: Found up-to-date module file ../../../Engine/Plugins/Media/AndroidMedia/Binaries/Win64/UE4Editor-AndroidMediaFactory.dll (API version 3944462).
LogModuleManager: Display: Found up-to-date module file ../../../Engine/Plugins/Media/AvfMedia/Binaries/Win64/UE4Editor-AvfMediaEditor.dll (API version 3944462).
LogModuleManager: Display: Found up-to-date module file ../../../Engine/Plugins/Media/AvfMedia/Binaries/Win64/UE4Editor-AvfMediaFactory.dll (API version 3944462).
LogModuleManager: Display: Found up-to-date module file ../../../Engine/Plugins/Media/AvfMedia/Binaries/Win64/UE4Editor-AvfMediaFactory.dll (API version 3944462).
LogModuleManager: Display: Found up-to-date module file ../../../Engine/Plugins/Media/ImgMedia/Binaries/Win64/UE4Editor-ImgMedia.dll (API version 3944462).
LogModuleManager: Display: Found up-to-date module file ../../../Engine/Plugins/Media/ImgMedia/Binaries/Win64/UE4Editor-ImgMediaEditor.dll (API version 3944462).
LogModuleManager: Display: Found up-to-date module file ../../../Engine/Plugins/Media/ImgMedia/Binaries/Win64/UE4Editor-ImgMediaFactory.dll (API version 3944462).
LogModuleManager: Display: Found up-to-date module file ../../../Engine/Plugins/Media/ImgMedia/Binaries/Win64/UE4Editor-ImgMediaFactory.dll (API version 3944462).
LogModuleManager: Display: Found up-to-date module file ../../../Engine/Plugins/Media/ImgMedia/Binaries/Win64/UE4Editor-OpenExrWrapper.dll (API version 3944462).
LogModuleManager: Display: Found up-to-date module file ../../../Engine/Plugins/Media/LinearTimecode/Binaries/Win64/UE4Editor-LinearTimecode.dll (API version 3944462).
LogModuleManager: Display: Found up-to-date module file ../../../Engine/Plugins/Media/MediaCompositing/Binaries/Win64/UE4Editor-MediaCompositing.dll (API version 3944462).
LogModuleManager: Display: Found up-to-date module file ../../../Engine/Plugins/Media/MediaCompositing/Binaries/Win64/UE4Editor-MediaCompositingEditor.dll (API version 3944462).
LogModuleManager: Display: Found up-to-date module file ../../../Engine/Plugins/Media/MediaPlayerEditor/Binaries/Win64/UE4Editor-MediaPlayerEditor.dll (API version 3944462).
LogModuleManager: Display: Found up-to-date module file ../../../Engine/Plugins/Media/WmfMedia/Binaries/Win64/UE4Editor-WmfMedia.dll (API version 3944462).
LogModuleManager: Display: Found up-to-date module file ../../../Engine/Plugins/Media/WmfMedia/Binaries/Win64/UE4Editor-WmfMediaEditor.dll (API version 3944462).
LogModuleManager: Display: Found up-to-date module file ../../../Engine/Plugins/Media/WmfMedia/Binaries/Win64/UE4Editor-WmfMediaFactory.dll (API version 3944462).
LogModuleManager: Display: Found up-to-date module file ../../../Engine/Plugins/Media/WmfMedia/Binaries/Win64/UE4Editor-WmfMediaFactory.dll (API version 3944462).
LogModuleManager: Display: Found up-to-date module file ../../../Engine/Plugins/Messaging/TcpMessaging/Binaries/Win64/UE4Editor-TcpMessaging.dll (API version 3944462).
LogModuleManager: Display: Found up-to-date module file ../../../Engine/Plugins/Messaging/UdpMessaging/Binaries/Win64/UE4Editor-UdpMessaging.dll (API version 3944462).
LogModuleManager: Display: Found up-to-date module file ../../../Engine/Plugins/MovieScene/ActorSequence/Binaries/Win64/UE4Editor-ActorSequence.dll (API version 3944462).
LogModuleManager: Display: Found up-to-date module file ../../../Engine/Plugins/MovieScene/LevelSequenceEditor/Binaries/Win64/UE4Editor-LevelSequenceEditor.dll (API version 3944462).
LogModuleManager: Display: Found up-to-date module file ../../../Engine/Plugins/MovieScene/MatineeToLevelSequence/Binaries/Win64/UE4Editor-MatineeToLevelSequence.dll (API version 3944462).
LogModuleManager: Display: Found up-to-date module file ../../../Engine/Plugins/NetcodeUnitTest/NetcodeUnitTest/Binaries/Win64/UE4Editor-NetcodeUnitTest.dll (API version 3944462).
LogModuleManager: Display: Found up-to-date module file ../../../Engine/Plugins/NetcodeUnitTest/NUTUnrealEngine4/Binaries/Win64/UE4Editor-NUTUnrealEngine4.dll (API version 3944462).
LogModuleManager: Display: Found up-to-date module file ../../../Engine/Plugins/Online/OnlineSubsystem/Binaries/Win64/UE4Editor-OnlineSubsystem.dll (API version 3944462).
LogModuleManager: Display: Found up-to-date module file ../../../Engine/Plugins/Online/OnlineSubsystemNull/Binaries/Win64/UE4Editor-OnlineSubsystemNull.dll (API version 3944462).
LogModuleManager: Display: Found up-to-date module file ../../../Engine/Plugins/Online/OnlineSubsystemUtils/Binaries/Win64/UE4Editor-OnlineSubsystemUtils.dll (API version 3944462).
LogModuleManager: Display: Found up-to-date module file ../../../Engine/Plugins/Online/OnlineSubsystemUtils/Binaries/Win64/UE4Editor-OnlineBlueprintSupport.dll (API version 3944462).
LogModuleManager: Display: Found up-to-date module file ../../../Engine/Plugins/Runtime/AndroidDeviceProfileSelector/Binaries/Win64/UE4Editor-AndroidDeviceProfileSelector.dll (API version 3944462).
LogModuleManager: Display: Found up-to-date module file ../../../Engine/Plugins/Runtime/AndroidPermission/Binaries/Win64/UE4Editor-AndroidPermission.dll (API version 3944462).
LogModuleManager: Display: Found up-to-date module file ../../../Engine/Plugins/Runtime/AppleARKit/Binaries/Win64/UE4Editor-AppleARKit.dll (API version 3944462).
LogModuleManager: Display: Found up-to-date module file ../../../Engine/Plugins/Runtime/ArchVisCharacter/Binaries/Win64/UE4Editor-ArchVisCharacter.dll (API version 3944462).
LogModuleManager: Display: Found up-to-date module file ../../../Engine/Plugins/Runtime/AudioCapture/Binaries/Win64/UE4Editor-AudioCapture.dll (API version 3944462).
LogModuleManager: Display: Found up-to-date module file ../../../Engine/Plugins/Runtime/AudioCapture/Binaries/Win64/UE4Editor-AudioCaptureEditor.dll (API version 3944462).
LogModuleManager: Display: Found up-to-date module file ../../../Engine/Plugins/Runtime/CableComponent/Binaries/Win64/UE4Editor-CableComponent.dll (API version 3944462).
LogModuleManager: Display: Found up-to-date module file ../../../Engine/Plugins/Runtime/CustomMeshComponent/Binaries/Win64/UE4Editor-CustomMeshComponent.dll (API version 3944462).
LogModuleManager: Display: Found up-to-date module file ../../../Engine/Plugins/Runtime/ExampleDeviceProfileSelector/Binaries/Win64/UE4Editor-ExampleDeviceProfileSelector.dll (API version 3944462).
LogModuleManager: Display: Found up-to-date module file ../../../Engine/Plugins/Runtime/ImmediatePhysics/Binaries/Win64/UE4Editor-ImmediatePhysics.dll (API version 3944462).
LogModuleManager: Display: Found up-to-date module file ../../../Engine/Plugins/Runtime/ImmediatePhysics/Binaries/Win64/UE4Editor-ImmediatePhysicsEditor.dll (API version 3944462).
LogModuleManager: Display: Found up-to-date module file ../../../Engine/Plugins/Runtime/LocationServicesBPLibrary/Binaries/Win64/UE4Editor-LocationServicesBPLibrary.dll (API version 3944462).
LogModuleManager: Display: Found up-to-date module file ../../../Engine/Plugins/Runtime/MobilePatchingUtils/Binaries/Win64/UE4Editor-MobilePatchingUtils.dll (API version 3944462).
LogModuleManager: Display: Found up-to-date module file ../../../Engine/Plugins/Runtime/Oculus/OculusVR/Binaries/Win64/UE4Editor-OculusHMD.dll (API version 3944462).
LogModuleManager: Display: Found up-to-date module file ../../../Engine/Plugins/Runtime/Oculus/OculusVR/Binaries/Win64/UE4Editor-OculusInput.dll (API version 3944462).
LogModuleManager: Display: Found up-to-date module file ../../../Engine/Plugins/Runtime/Oculus/OculusVR/Binaries/Win64/UE4Editor-OculusEditor.dll (API version 3944462).
LogModuleManager: Display: Found up-to-date module file ../../../Engine/Plugins/Runtime/PhysXVehicles/Binaries/Win64/UE4Editor-PhysXVehicles.dll (API version 3944462).
LogModuleManager: Display: Found up-to-date module file ../../../Engine/Plugins/Runtime/PhysXVehicles/Binaries/Win64/UE4Editor-PhysXVehiclesEditor.dll (API version 3944462).
LogModuleManager: Display: Found up-to-date module file ../../../Engine/Plugins/Runtime/ProceduralMeshComponent/Binaries/Win64/UE4Editor-ProceduralMeshComponent.dll (API version 3944462).
LogModuleManager: Display: Found up-to-date module file ../../../Engine/Plugins/Runtime/ProceduralMeshComponent/Binaries/Win64/UE4Editor-ProceduralMeshComponentEditor.dll (API version 3944462).
LogModuleManager: Display: Found up-to-date module file ../../../Engine/Plugins/Runtime/RuntimePhysXCooking/Binaries/Win64/UE4Editor-RuntimePhysXCooking.dll (API version 3944462).
LogModuleManager: Display: Found up-to-date module file ../../../Engine/Plugins/Runtime/Steam/SteamVR/Binaries/Win64/UE4Editor-SteamVR.dll (API version 3944462).
LogModuleManager: Display: Found up-to-date module file ../../../Engine/Plugins/Runtime/Steam/SteamVR/Binaries/Win64/UE4Editor-SteamVRController.dll (API version 3944462).
LogModuleManager: Display: Found up-to-date module file ../../../Engine/Plugins/Runtime/WindowsMoviePlayer/Binaries/Win64/UE4Editor-WindowsMoviePlayer.dll (API version 3944462).
LogModuleManager: Display: Found up-to-date module file ../../../../../../Users/VRBC/Desktop/rjackson/PresentVR/SeniorDesignV1 4.19/Plugins/socketio-client-ue4/Binaries/Win64/UE4Editor-SocketIOClient.dll (API version 3944462).
LogModuleManager: Display: Found up-to-date module file ../../../../../../Users/VRBC/Desktop/rjackson/PresentVR/SeniorDesignV1 4.19/Plugins/socketio-client-ue4/Binaries/Win64/UE4Editor-SIOJson.dll (API version 3944462).
LogModuleManager: Display: Found up-to-date module file ../../../../../../Users/VRBC/Desktop/rjackson/PresentVR/SeniorDesignV1 4.19/Plugins/socketio-client-ue4/Binaries/Win64/UE4Editor-CoreUtility.dll (API version 3944462).
LogModuleManager: Display: Found up-to-date module file ../../../../../../Users/VRBC/Desktop/rjackson/PresentVR/SeniorDesignV1 4.19/Plugins/socketio-client-ue4/Binaries/Win64/UE4Editor-SIOJEditorPlugin.dll (API version 3944462).
LogInit: Using libcurl 7.47.1
LogInit:  - built for x86_64-pc-win32
LogInit:  - supports SSL with OpenSSL/1.0.2g
LogInit:  - supports HTTP deflate (compression) using libz 1.2.8
LogInit:  - other features:
LogInit:      CURL_VERSION_SSL
LogInit:      CURL_VERSION_LIBZ
LogInit:      CURL_VERSION_IPV6
LogInit:      CURL_VERSION_ASYNCHDNS
LogInit:      CURL_VERSION_LARGEFILE
LogInit:      CURL_VERSION_IDN
LogInit:  CurlRequestOptions (configurable via config and command line):
LogInit:  - bVerifyPeer = false  - Libcurl will NOT verify peer certificate
LogInit:  - bUseHttpProxy = false  - Libcurl will NOT use HTTP proxy
LogInit:  - bDontReuseConnections = false  - Libcurl will reuse connections
LogInit:  - CertBundlePath = nullptr  - Libcurl will use whatever was configured at build time.
LogInit:  - MaxHostConnections = 16  - Libcurl will limit the number of connections to a host
LogInit:  - LocalHostAddr = Default
LogInit: WinSock: version 1.1 (2.2), MaxSocks=32767, MaxUdp=65467
LogInit: WinSock: I am ART-D-01010 (172.21.0.216:0)
LogInit: Build: ++UE4+Release-4.19-CL-3944462
LogInit: Engine Version: 4.19.0-3944462+++UE4+Release-4.19
LogInit: Compatible Engine Version: 4.19.0-3944462+++UE4+Release-4.19
LogInit: Net CL: 3944462
LogDevObjectVersion: Number of dev versions registered: 18
LogDevObjectVersion:   Dev-Blueprints (B0D832E4-1F89-4F0D-ACCF-7EB736FD4AA2): 10
LogDevObjectVersion:   Dev-Build (E1C64328-A22C-4D53-A36C-8E866417BD8C): 0
LogDevObjectVersion:   Dev-Core (375EC13C-06E4-48FB-B500-84F0262A717E): 2
LogDevObjectVersion:   Dev-Editor (E4B068ED-F494-42E9-A231-DA0B2E46BB41): 23
LogDevObjectVersion:   Dev-Framework (CFFC743F-43B0-4480-9391-14DF171D2073): 33
LogDevObjectVersion:   Dev-Mobile (B02B49B5-BB20-44E9-A304-32B752E40360): 2
LogDevObjectVersion:   Dev-Networking (A4E4105C-59A1-49B5-A7C5-40C4547EDFEE): 0
LogDevObjectVersion:   Dev-Online (39C831C9-5AE6-47DC-9A44-9C173E1C8E7C): 0
LogDevObjectVersion:   Dev-Physics (78F01B33-EBEA-4F98-B9B4-84EACCB95AA2): 0
LogDevObjectVersion:   Dev-Platform (6631380F-2D4D-43E0-8009-CF276956A95A): 0
LogDevObjectVersion:   Dev-Rendering (12F88B9F-8875-4AFC-A67C-D90C383ABD29): 25
LogDevObjectVersion:   Dev-Sequencer (7B5AE74C-D270-4C10-A958-57980B212A5A): 6
LogDevObjectVersion:   Dev-VR (D7296918-1DD6-4BDD-9DE2-64A83CC13884): 1
LogDevObjectVersion:   Dev-LoadTimes (C2A15278-BFE7-4AFE-6C17-90FF531DF755): 1
LogDevObjectVersion:   Private-Geometry (6EACA3D4-40EC-4CC1-B786-8BED09428FC5): 2
LogDevObjectVersion:   Dev-AnimPhys (29E575DD-E0A3-4627-9D10-D276232CDCEA): 16
LogDevObjectVersion:   Dev-ReflectionCapture (6B266CEC-1EC7-4B8F-A30B-E4D90942FC07): 1
LogDevObjectVersion:   Dev-Automation (0DF73D61-A23F-47EA-B727-89E90C41499A): 1
LogInit: Compiled (64-bit): Mar 13 2018 23:12:32
LogInit: Compiled with Visual C++: 19.00.24215.01
LogInit: Build Configuration: Development
LogInit: Branch Name: ++UE4+Release-4.19
LogInit: Command Line: 
LogInit: Base Directory: C:/Program Files/Epic Games/UE_4.19/Engine/Binaries/Win64/
LogInit: Installed Engine Build: 1
LogStreaming: Display: Took  0.000s to delete old logs.
LogInit: Presizing for max 8388607 objects, including 0 objects not considered by GC, pre-allocating 0 bytes for permanent pool.
LogInit: Object subsystem initialized
[2018.04.25-23.54.54:566][  0]LogInit: Selected Device Profile: [Windows]
[2018.04.25-23.54.54:566][  0]LogInit: Applying CVar settings loaded from the selected device profile: [Windows]
[2018.04.25-23.54.54:580][  0]LogInit: Computer: ART-D-01010
[2018.04.25-23.54.54:581][  0]LogInit: User: VRBC
[2018.04.25-23.54.54:581][  0]LogInit: CPU Page size=4096, Cores=4
[2018.04.25-23.54.54:581][  0]LogInit: High frequency timer resolution =3.604941 MHz
[2018.04.25-23.54.54:581][  0]LogMemory: Memory total: Physical=15.9GB (16GB approx)
[2018.04.25-23.54.54:581][  0]LogMemory: Platform Memory Stats for Windows
[2018.04.25-23.54.54:581][  0]LogMemory: Process Physical Memory: 280.56 MB used, 280.56 MB peak
[2018.04.25-23.54.54:581][  0]LogMemory: Process Virtual Memory: 270.85 MB used, 270.85 MB peak
[2018.04.25-23.54.54:581][  0]LogMemory: Physical Memory: 8686.95 MB used,  7619.19 MB free, 16306.14 MB total
[2018.04.25-23.54.54:581][  0]LogMemory: Virtual Memory: 717.13 MB used,  7619.19 MB free, 134217728.00 MB total
[2018.04.25-23.54.54:605][  0]LogInit: Using OS detected language (en-US).
[2018.04.25-23.54.54:605][  0]LogInit: Using OS detected locale (en-US).
[2018.04.25-23.54.54:613][  0]LogTextLocalizationManager: No specific localization for 'en-US' exists, so the 'en' localization will be used.
[2018.04.25-23.54.55:081][  0]LogStreaming: Display: Took  0.475s to EndInitTextLocalization.
[2018.04.25-23.54.55:081][  0]LogInit: Setting process to per monitor DPI aware
[2018.04.25-23.54.55:108][  0]LogSlate: New Slate User Created.  User Index 0, Is Virtual User: 0
[2018.04.25-23.54.55:109][  0]LogSlate: Slate User Registered.  User Index 0, Is Virtual User: 0
[2018.04.25-23.54.55:547][  0]LogD3D11RHI: D3D11 adapters:
[2018.04.25-23.54.55:596][  0]LogD3D11RHI:    0. 'NVIDIA Quadro P4000' (Feature Level 11_0)
[2018.04.25-23.54.55:596][  0]LogD3D11RHI:       8121/0/8153 MB DedicatedVideo/DedicatedSystem/SharedSystem, Outputs:1, VendorId:0x10de
[2018.04.25-23.54.55:598][  0]LogD3D11RHI:    1. 'Microsoft Basic Render Driver' (Feature Level 11_0)
[2018.04.25-23.54.55:598][  0]LogD3D11RHI:       0/0/8153 MB DedicatedVideo/DedicatedSystem/SharedSystem, Outputs:0, VendorId:0x1414
[2018.04.25-23.54.55:598][  0]LogD3D11RHI: Chosen D3D11 Adapter: 0
[2018.04.25-23.54.55:613][  0]LogD3D11RHI: Creating new Direct3DDevice
[2018.04.25-23.54.55:613][  0]LogD3D11RHI:     GPU DeviceId: 0x1bb1 (for the marketing name, search the web for "GPU Device Id")
[2018.04.25-23.54.55:613][  0]LogWindows: EnumDisplayDevices:
[2018.04.25-23.54.55:613][  0]LogWindows:    0. 'NVIDIA Quadro P4000' (P:1 D:1)
[2018.04.25-23.54.55:614][  0]LogWindows:    1. 'NVIDIA Quadro P4000' (P:0 D:0)
[2018.04.25-23.54.55:614][  0]LogWindows:    2. 'NVIDIA Quadro P4000' (P:0 D:0)
[2018.04.25-23.54.55:614][  0]LogWindows:    3. 'NVIDIA Quadro P4000' (P:0 D:0)
[2018.04.25-23.54.55:615][  0]LogWindows: DebugString: FoundDriverCount:4 
[2018.04.25-23.54.55:615][  0]LogD3D11RHI:     Adapter Name: NVIDIA Quadro P4000
[2018.04.25-23.54.55:615][  0]LogD3D11RHI:   Driver Version: 381.65 (internal:22.21.13.8165, unified:381.65)
[2018.04.25-23.54.55:615][  0]LogD3D11RHI:      Driver Date: 3-31-2017
[2018.04.25-23.54.55:615][  0]LogRHI: Texture pool is 5685 MB (70% of 8121 MB)
[2018.04.25-23.54.55:648][  0]LogD3D11RHI: [Aftermath] Aftermath enabled but failed to initialize
[2018.04.25-23.54.55:648][  0]LogD3D11RHI: Async texture creation enabled
[2018.04.25-23.54.55:660][  0]LogD3D11RHI: GPU Timing Frequency: 1000.000000 (Debug: 2 1)
[2018.04.25-23.54.55:704][  0]LogShaderCompilers: Guid format shader working directory is -31 characters bigger than the processId version (../../../../../../Users/VRBC/Desktop/rjackson/PresentVR/SeniorDesignV1 4.19/Intermediate/Shaders/WorkingDirectory/12008/).
[2018.04.25-23.54.55:704][  0]LogShaderCompilers: Cleaned the shader compiler working directory 'C:/Users/VRBC/AppData/Local/Temp/UnrealShaderWorkingDir/CF4C3C2F492571BA4DD482821354369D/'.
[2018.04.25-23.54.56:149][  0]LogTemp: Display: Loaded TP AllDesktopTargetPlatform
[2018.04.25-23.54.56:163][  0]LogTemp: Display: Loaded TP MacClientTargetPlatform
[2018.04.25-23.54.56:178][  0]LogTemp: Display: Loaded TP MacNoEditorTargetPlatform
[2018.04.25-23.54.56:195][  0]LogTemp: Display: Loaded TP MacServerTargetPlatform
[2018.04.25-23.54.56:211][  0]LogTemp: Display: Loaded TP MacTargetPlatform
[2018.04.25-23.54.56:227][  0]LogTemp: Display: Loaded TP WindowsClientTargetPlatform
[2018.04.25-23.54.56:243][  0]LogTemp: Display: Loaded TP WindowsNoEditorTargetPlatform
[2018.04.25-23.54.56:258][  0]LogTemp: Display: Loaded TP WindowsServerTargetPlatform
[2018.04.25-23.54.56:267][  0]LogTemp: Display: Loaded TP WindowsTargetPlatform
[2018.04.25-23.54.56:280][  0]LogTemp: Display: Loaded TP Android_ASTCTargetPlatform
[2018.04.25-23.54.56:293][  0]LogTemp: Display: Loaded TP Android_ATCTargetPlatform
[2018.04.25-23.54.56:308][  0]LogTemp: Display: Loaded TP Android_DXTTargetPlatform
[2018.04.25-23.54.56:321][  0]LogTemp: Display: Loaded TP Android_ETC1aTargetPlatform
[2018.04.25-23.54.56:334][  0]LogTemp: Display: Loaded TP Android_ETC1TargetPlatform
[2018.04.25-23.54.56:359][  0]LogTemp: Display: Loaded TP Android_ETC2TargetPlatform
[2018.04.25-23.54.56:388][  0]LogTemp: Display: Loaded TP Android_MultiTargetPlatform
[2018.04.25-23.54.56:388][  0]LogTemp: Display: Loaded TP Android_PVRTCTargetPlatform
[2018.04.25-23.54.56:402][  0]LogTemp: Display: Loaded TP AndroidTargetPlatform
[2018.04.25-23.54.56:404][  0]LogTemp: Display: Loaded TP HTML5TargetPlatform
[2018.04.25-23.54.56:444][  0]LogTemp: Display: Loaded TP IOSTargetPlatform
[2018.04.25-23.54.56:456][  0]LogTemp: Display: Loaded TP TVOSTargetPlatform
[2018.04.25-23.54.56:470][  0]LogTemp: Display: Loaded TP LinuxClientTargetPlatform
[2018.04.25-23.54.56:485][  0]LogTemp: Display: Loaded TP LinuxNoEditorTargetPlatform
[2018.04.25-23.54.56:499][  0]LogTemp: Display: Loaded TP LinuxServerTargetPlatform
[2018.04.25-23.54.56:514][  0]LogTemp: Display: Loaded TP LinuxTargetPlatform
[2018.04.25-23.54.56:514][  0]LogTargetPlatformManager: Display: Building Assets For Windows
[2018.04.25-23.54.56:706][  0]LogXGEController: Cannot use XGE Controller as Incredibuild is not installed on this machine.
[2018.04.25-23.54.56:706][  0]LogShaderCompilers: Cannot use XGE Shader Compiler as Incredibuild is not installed on this machine.
[2018.04.25-23.54.56:706][  0]LogShaderCompilers: Display: Using Local Shader Compiler.
[2018.04.25-23.54.57:734][  0]LogDerivedDataCache: Display: Max Cache Size: 512 MB
[2018.04.25-23.54.57:883][  0]LogDerivedDataCache: Loaded boot cache 0.15s 74MB C:/Users/VRBC/AppData/Local/UnrealEngine/4.19/DerivedDataCache/Boot.ddc.
[2018.04.25-23.54.57:883][  0]LogDerivedDataCache: Display: Loaded Boot cache: C:/Users/VRBC/AppData/Local/UnrealEngine/4.19/DerivedDataCache/Boot.ddc
[2018.04.25-23.54.57:883][  0]LogDerivedDataCache: FDerivedDataBackendGraph:  Pak pak cache file ../../../../../../Users/VRBC/Desktop/rjackson/PresentVR/SeniorDesignV1 4.19/DerivedDataCache/DDC.ddp not found, will not use a pak cache.
[2018.04.25-23.54.57:883][  0]LogDerivedDataCache: Unable to find inner node Pak for hierarchical cache Hierarchy.
[2018.04.25-23.54.57:883][  0]LogDerivedDataCache: FDerivedDataBackendGraph:  CompressedPak pak cache file ../../../../../../Users/VRBC/Desktop/rjackson/PresentVR/SeniorDesignV1 4.19/DerivedDataCache/Compressed.ddp not found, will not use a pak cache.
[2018.04.25-23.54.57:883][  0]LogDerivedDataCache: Unable to find inner node CompressedPak for hierarchical cache Hierarchy.
[2018.04.25-23.54.57:903][  0]LogDerivedDataCache: Display: Pak cache opened for reading ../../../Engine/DerivedDataCache/Compressed.ddp.
[2018.04.25-23.54.57:917][  0]LogDerivedDataCache: Using Local data cache path C:/Users/VRBC/AppData/Local/UnrealEngine/Common/DerivedDataCache: Writable
[2018.04.25-23.54.57:930][  0]LogMaterial: Verifying Global Shaders for PCD3D_SM5
[2018.04.25-23.54.57:931][  0]LogSlate: Using Freetype 2.6.0
[2018.04.25-23.54.57:932][  0]LogSlate: SlateFontCache - WITH_FREETYPE: 1, WITH_HARFBUZZ: 1
[2018.04.25-23.54.57:933][  0]LogSlate: SlateFontCache - WITH_FREETYPE: 1, WITH_HARFBUZZ: 1
[2018.04.25-23.54.58:141][  0]LogAssetRegistry: FAssetRegistry took 0.0261 seconds to start up
[2018.04.25-23.54.58:537][  0]LogInit: Selected Device Profile: [Windows]
[2018.04.25-23.54.58:715][  0]LogSimplygon: Simplygon DLL not present - disabling.
[2018.04.25-23.54.58:719][  0]LogMeshReduction: Using SimplygonSwarm for distributed automatic mesh merging
[2018.04.25-23.54.58:719][  0]LogMeshReduction: Using QuadricMeshReduction for automatic static mesh reduction
[2018.04.25-23.54.58:719][  0]LogMeshReduction: No automatic skeletal mesh reduction module available
[2018.04.25-23.54.58:719][  0]LogMeshReduction: No automatic mesh merging module available
[2018.04.25-23.54.58:719][  0]LogMeshMerging: No automatic mesh merging module available
[2018.04.25-23.54.58:762][  0]LogNetVersion: SeniorDesignV1 , NetCL: 3944462, EngineNetVer: 2, GameNetVer: 0 (Checksum: 838868365)
[2018.04.25-23.54.59:273][  0]LogPackageLocalizationCache: Processed 9 localized package path(s) for 2 prioritized culture(s) in 0.089671 seconds
[2018.04.25-23.54.59:280][  0]LogUObjectArray: 36728 objects as part of root set at end of initial load.
[2018.04.25-23.54.59:280][  0]LogUObjectAllocator: 7314304 out of 0 bytes used by permanent object pool.
[2018.04.25-23.54.59:280][  0]LogUObjectArray: CloseDisregardForGC: 0/0 objects in disregard for GC pool
[2018.04.25-23.55.01:558][  0]LogTcpMessaging: Initializing TcpMessaging bridge
[2018.04.25-23.55.01:603][  0]LogUdpMessaging: Initializing bridge on interface 0.0.0.0:0 to multicast group 230.0.0.1:6666.
[2018.04.25-23.55.02:318][  0]SourceControl: Source control is disabled
[2018.04.25-23.55.02:318][  0]SourceControl: Source control is disabled
[2018.04.25-23.55.02:359][  0]SourceControl: Source control is disabled
[2018.04.25-23.55.02:394][  0]SourceControl: Source control is disabled
[2018.04.25-23.55.03:314][  0]LogAndroidPermission: UAndroidPermissionCallbackProxy::GetInstance
[2018.04.25-23.55.03:658][  0]LogOcInput: OculusInput pre-init called
[2018.04.25-23.55.03:916][  0]LogEngine: Initializing Engine...
[2018.04.25-23.55.03:917][  0]LogHMD: Oculus plugin initialized. Version: 4.19.0-3944462+++UE4+Release-4.19, OVRPlugin: 1.21.0
[2018.04.25-23.55.03:919][  0]LogStats: UGameplayTagsManager::ConstructGameplayTagTree: Construct from data asset -  0.000 s
[2018.04.25-23.55.03:919][  0]LogStats: UGameplayTagsManager::ConstructGameplayTagTree: GameplayTagTreeChangedEvent.Broadcast -  0.000 s
[2018.04.25-23.55.04:207][  0]LogAIModule: Creating AISystem for world Untitled
[2018.04.25-23.55.04:267][  0]LogInit: XAudio2 using 'Speakers / Headphones (Realtek Audio)' : 2 channels at 48 kHz using 32 bits per sample (channel mask 0x3)
[2018.04.25-23.55.04:309][  0]LogInit: FAudioDevice initialized.
[2018.04.25-23.55.04:434][  0]LogDerivedDataCache: Saved boot cache 0.12s 74MB C:/Users/VRBC/AppData/Local/UnrealEngine/4.19/DerivedDataCache/Boot.ddc.
[2018.04.25-23.55.04:454][  0]LogInit: Texture streaming: Enabled
[2018.04.25-23.55.04:479][  0]LogEngineSessionManager: EngineSessionManager initialized
[2018.04.25-23.55.04:500][  0]LogInit: Transaction tracking system initialized
[2018.04.25-23.55.04:536][  0]BlueprintLog: New page: Editor Load
[2018.04.25-23.55.04:642][  0]LocalizationService: Localization service is disabled
[2018.04.25-23.55.04:791][  0]LogConsoleResponse: Display: 
[2018.04.25-23.55.04:970][  0]LogCook: Display: Max memory allowance for cook 16384mb min free memory 0mb
[2018.04.25-23.55.04:970][  0]LogCook: Display: Mobile HDR setting 1
[2018.04.25-23.55.04:970][  0]LogGameplayTags: Display: UGameplayTagsManager::DoneAddingNativeTags. DelegateIsBound: 0
[2018.04.25-23.55.04:970][  0]LogStats: UGameplayTagsManager::ConstructGameplayTagTree: Construct from data asset -  0.000 s
[2018.04.25-23.55.04:970][  0]LogStats: UGameplayTagsManager::ConstructGameplayTagTree: GameplayTagTreeChangedEvent.Broadcast -  0.000 s
[2018.04.25-23.55.05:650][  0]LogFileCache: Scanning file cache for directory 'C:/Users/VRBC/Desktop/rjackson/PresentVR/SeniorDesignV1 4.19/Content/' took 0.01s
[2018.04.25-23.55.05:658][  0]SourceControl: Source control is disabled
[2018.04.25-23.55.05:658][  0]Cmd: MAP LOAD FILE="../../../Engine/Content/Maps/Templates/Template_Default.umap" TEMPLATE=1 SHOWPROGRESS=1 FEATURELEVEL=3
[2018.04.25-23.55.05:659][  0]LightingResults: New page: Lighting Build
[2018.04.25-23.55.05:662][  0]MapCheck: New page: Map Check
[2018.04.25-23.55.05:662][  0]LightingResults: New page: Lighting Build
[2018.04.25-23.55.05:880][  0]LogAIModule: Creating AISystem for world Untitled_1
[2018.04.25-23.55.05:888][  0]LogEditorServer: Finished looking for orphan Actors (0.000 secs)
[2018.04.25-23.55.05:899][  0]Cmd: MAP CHECKDEP NOCLEARLOG
[2018.04.25-23.55.06:030][  0]MapCheck: Map check complete: 0 Error(s), 0 Warning(s), took 130.564ms to complete.
[2018.04.25-23.55.06:030][  0]LogFileHelpers: Loading map 'Template_Default' took 0.372
[2018.04.25-23.55.06:163][  0]LogCollectionManager: Loaded 0 collections in 0.002410 seconds
[2018.04.25-23.55.06:206][  0]LogFileCache: Scanning file cache for directory 'C:/Users/VRBC/Desktop/rjackson/PresentVR/SeniorDesignV1 4.19/Saved/Collections/' took 0.01s
[2018.04.25-23.55.06:206][  0]LogFileCache: Scanning file cache for directory 'C:/Users/VRBC/Desktop/rjackson/PresentVR/SeniorDesignV1 4.19/Content/Developers/VRBC/Collections/' took 0.01s
[2018.04.25-23.55.06:206][  0]LogFileCache: Scanning file cache for directory 'C:/Users/VRBC/Desktop/rjackson/PresentVR/SeniorDesignV1 4.19/Content/Collections/' took 0.01s
[2018.04.25-23.55.06:206][  0]LogCollectionManager: Rebuilt the GUID cache for 0 collections in 0.000000 seconds
[2018.04.25-23.55.06:216][  0]LogContentBrowser: Native class hierarchy populated in 0.0098 seconds. Added 2462 classes and 567 folders.
[2018.04.25-23.55.06:225][  0]LogContentBrowser: Native class hierarchy updated for 'WidgetCarousel' in 0.0007 seconds. Added 0 classes and 0 folders.
[2018.04.25-23.55.06:299][  0]LogContentBrowser: Native class hierarchy updated for 'AddContentDialog' in 0.0007 seconds. Added 0 classes and 0 folders.
[2018.04.25-23.55.06:307][  0]LogContentBrowser: Native class hierarchy updated for 'SceneOutliner' in 0.0007 seconds. Added 1 classes and 2 folders.
[2018.04.25-23.55.06:330][  0]LogSlate: Took 0.001360 seconds to synchronously load lazily loaded font '../../../Engine/Content/Slate/Fonts/Roboto-Regular.ttf' (155K)
[2018.04.25-23.55.06:333][  0]LogSlate: Took 0.000924 seconds to synchronously load lazily loaded font '../../../Engine/Content/Slate/Fonts/Roboto-Bold.ttf' (160K)
[2018.04.25-23.55.06:341][  0]LogSlate: Took 0.000907 seconds to synchronously load lazily loaded font '../../../Engine/Content/Editor/Slate/Fonts/FontAwesome.ttf' (139K)
[2018.04.25-23.55.06:436][  0]LogRenderer: Reallocating scene render targets to support 1208x416 Format 10 NumSamples 1 (Frame:1).
[2018.04.25-23.55.06:615][  0]LogSlate: FSceneViewport::OnFocusLost() reason 2
[2018.04.25-23.55.06:633][  0]LogSlate: Window 'Tutorials' being destroyed
[2018.04.25-23.55.06:664][  0]LogContentBrowser: Native class hierarchy updated for 'HierarchicalLODOutliner' in 0.0007 seconds. Added 0 classes and 0 folders.
[2018.04.25-23.55.06:664][  0]LogLoad: (Engine Initialization) Total time: 17.08 seconds
[2018.04.25-23.55.06:664][  0]LogLoad: (Engine Initialization) Total Blueprint compile time: 0.00 seconds
[2018.04.25-23.55.06:674][  0]LogWindowsTextInputMethodSystem: Display: IME system now deactivated.
[2018.04.25-23.55.06:675][  0]LogOcInput: OculusInput is initialized
[2018.04.25-23.55.06:694][  0]LogContentStreaming: Texture pool size now 1000 MB
[2018.04.25-23.55.06:780][  1]LogAssetRegistry: Asset discovery search completed in 8.6607 seconds
[2018.04.25-23.55.06:783][  1]LogCollectionManager: Rebuilt the object cache for 0 collections in 0.000001 seconds (found 0 objects)
[2018.04.25-23.55.06:783][  1]LogCollectionManager: Fixed up redirectors for 0 collections in 0.000067 seconds (updated 0 objects)
[2018.04.25-23.55.59:384][905]LogSlate: FSceneViewport::OnFocusLost() reason 0
[2018.04.25-23.56.00:185][986]LogSlate: Took 0.000363 seconds to synchronously load lazily loaded font '../../../Engine/Content/Slate/Fonts/Roboto-Light.ttf' (167K)
[2018.04.25-23.56.00:652][986]LogSkeletalMesh: Skeletal Mesh found in DDC [2.222783ms] /Game/people/male4/male4_sitting.male4_sitting
[2018.04.25-23.56.00:654][986]LogSkeletalMesh: Skeletal Mesh found in DDC [1.100157ms] /Game/people/male5/male5_sitting.male5_sitting
[2018.04.25-23.56.00:655][986]LogSkeletalMesh: Skeletal Mesh found in DDC [1.048838ms] /Game/people/male2/male2_sitting.male2_sitting
[2018.04.25-23.56.00:700][986]LogSkeletalMesh: Skeletal Mesh found in DDC [1.191420ms] /Game/people/female5/female5_sitting.female5_sitting
[2018.04.25-23.56.00:729][986]LogSkeletalMesh: Skeletal Mesh found in DDC [3.377309ms] /Game/female1_sitting.female1_sitting
[2018.04.25-23.56.00:748][986]LogSkeletalMesh: Skeletal Mesh found in DDC [1.110143ms] /Game/people/female2/female2_sitting.female2_sitting
[2018.04.25-23.56.00:755][986]LogSkeletalMesh: Skeletal Mesh found in DDC [1.960088ms] /Game/people/female3/female3_sitting.female3_sitting
[2018.04.25-23.56.00:793][986]LogSkeletalMesh: Skeletal Mesh found in DDC [0.960349ms] /Game/people/female4/female4_sitting.female4_sitting
[2018.04.25-23.56.00:806][986]LogSkeletalMesh: Skeletal Mesh found in DDC [0.904314ms] /Game/male1_sitting.male1_sitting
[2018.04.25-23.56.00:808][986]LogSkeletalMesh: Skeletal Mesh found in DDC [1.264931ms] /Game/people/male3/male3_sitting.male3_sitting
[2018.04.25-23.56.00:821][986]LogAIModule: Creating AISystem for world Clsasroom
[2018.04.25-23.56.00:864][986]Cmd: MAP LOAD FILE="../../../../../../Users/VRBC/Desktop/rjackson/PresentVR/SeniorDesignV1 4.19/Content/Clsasroom.umap" TEMPLATE=0 SHOWPROGRESS=1 FEATURELEVEL=3
[2018.04.25-23.56.00:865][986]LightingResults: New page: Lighting Build
[2018.04.25-23.56.00:866][986]LoadErrors: New page: Loading map: Clsasroom.umap
[2018.04.25-23.56.00:866][986]MapCheck: New page: Map Check
[2018.04.25-23.56.00:866][986]LightingResults: New page: Lighting Build
[2018.04.25-23.56.00:892][986]LogEditorServer: Finished looking for orphan Actors (0.000 secs)
[2018.04.25-23.56.00:916][986]Cmd: MAP CHECKDEP NOCLEARLOG
[2018.04.25-23.56.01:030][986]MapCheck: Map check complete: 0 Error(s), 0 Warning(s), took 113.811ms to complete.
[2018.04.25-23.56.01:030][986]LogFileHelpers: Loading map 'Clsasroom' took 0.167
[2018.04.25-23.56.01:108][987]LogRenderer: Reallocating scene render targets to support 1208x496 Format 10 NumSamples 1 (Frame:1).
[2018.04.25-23.56.04:443][286]LogTemp: Repeating last play command: Selected Viewport
[2018.04.25-23.56.04:452][286]LogPlayLevel: PlayLevel: No blueprints needed recompiling
[2018.04.25-23.56.04:452][286]LogHMD: Initializing OVRPlugin session
[2018.04.25-23.56.04:525][286]PIE: New page: PIE session: Clsasroom (Apr 25, 2018, 9:56:04 AM)
[2018.04.25-23.56.04:525][286]LogPlayLevel: Creating play world package: /Game/UEDPIE_0_Clsasroom
[2018.04.25-23.56.04:537][286]LogPlayLevel: PIE: StaticDuplicateObject took: (0.011964s)
[2018.04.25-23.56.04:538][286]LogAIModule: Creating AISystem for world Clsasroom
[2018.04.25-23.56.04:538][286]LogPlayLevel: PIE: World Init took: (0.000662s)
[2018.04.25-23.56.04:538][286]LogPlayLevel: PIE: Created PIE world by copying editor world from /Game/Clsasroom.Clsasroom to /Game/UEDPIE_0_Clsasroom.Clsasroom (0.012822s)
[2018.04.25-23.56.04:566][286]LogInit: XAudio2 using 'Speakers / Headphones (Realtek Audio)' : 2 channels at 48 kHz using 32 bits per sample (channel mask 0x3)
[2018.04.25-23.56.04:597][286]LogInit: FAudioDevice initialized.
[2018.04.25-23.56.04:667][286]LogLoad: Game class is 'MyGameMode_C'
[2018.04.25-23.56.04:676][286]LogWorld: Bringing World /Game/UEDPIE_0_Clsasroom.Clsasroom up for play (max tick rate 0) at 2018.04.25-16.56.04
[2018.04.25-23.56.04:678][286]LogWorld: Bringing up level for play took: 0.010289
[2018.04.25-23.56.04:685][286]LogContentBrowser: Native class hierarchy updated for 'MovieSceneCapture' in 0.0007 seconds. Added 11 classes and 0 folders.
[2018.04.25-23.56.04:698][286]PIE: Play in editor start time for /Game/UEDPIE_0_Clsasroom -0.506
[2018.04.25-23.56.06:700][501]SocketIOLog: SocketIO Invalid appears to have lost connection, reconnecting attempt 0 with delay 5000
[2018.04.25-23.56.13:706][268]SocketIOLog: SocketIO Invalid appears to have lost connection, reconnecting attempt 1 with delay 7500
[2018.04.25-23.56.23:206][224]SocketIOLog: SocketIO Invalid appears to have lost connection, reconnecting attempt 2 with delay 11250
[2018.04.25-23.56.31:470][ 61]SocketIOLog: SocketIO None disconnected from namespace: /
[2018.04.25-23.56.39:625][457]LogSlate: Took 0.000274 seconds to synchronously load lazily loaded font '../../../Engine/Content/Slate/Fonts/Roboto-Light.ttf' (167K)
[2018.04.25-23.56.45:093][966]LogContentBrowser: Native class hierarchy updated for 'BlueprintGraph' in 0.0011 seconds. Added 116 classes and 0 folders.
[2018.04.25-23.56.45:922][966]LogSlate: Took 0.000269 seconds to synchronously load lazily loaded font '../../../Engine/Content/Slate/Fonts/Roboto-BoldCondensed.ttf' (158K)
[2018.04.25-23.56.46:034][967]LogSlate: Took 0.000355 seconds to synchronously load lazily loaded font '../../../Engine/Content/Slate/Fonts/Roboto-Italic.ttf' (157K)
[2018.04.25-23.56.56:691][719]LogUObjectGlobals: Warning: Failed to find object 'Class None.SIOJJsonObject'
[2018.04.25-23.56.56:691][719]LogUObjectGlobals: Warning: Failed to find object 'Class None.SIOJJsonObject'
[2018.04.25-23.57.33:241][356]BlueprintLog: New page: Compile SpeakerPlayerCharacter
[2018.04.25-23.57.34:094][397]LogSavePackage: Save=23.75ms
[2018.04.25-23.57.34:094][397]LogSavePackage: Moving '../../../../../../Users/VRBC/Desktop/rjackson/PresentVR/SeniorDesignV1 4.19/Saved/SpeakerPlayerCharacter1F4AE5E343BFBE57550E48B6A8963DAF.tmp' to '../../../../../../Users/VRBC/Desktop/rjackson/PresentVR/SeniorDesignV1 4.19/Content/Blueprints/SpeakerPlayerCharacter.uasset'
[2018.04.25-23.57.34:094][397]LogFileManager: Warning: DeleteFile was unable to delete '../../../../../../Users/VRBC/Desktop/rjackson/PresentVR/SeniorDesignV1 4.19/Content/Blueprints/SpeakerPlayerCharacter.uasset', retrying in .5s...
[2018.04.25-23.57.34:595][397]LogFileManager: Error: Error deleting file '../../../../../../Users/VRBC/Desktop/rjackson/PresentVR/SeniorDesignV1 4.19/Content/Blueprints/SpeakerPlayerCharacter.uasset'.
[2018.04.25-23.57.34:595][397]LogSavePackage: Error: Error saving '../../../../../../Users/VRBC/Desktop/rjackson/PresentVR/SeniorDesignV1 4.19/Content/Blueprints/SpeakerPlayerCharacter.uasset'
[2018.04.25-23.57.34:596][397]LogSavePackage: Display: Finished SavePackage ../../../../../../Users/VRBC/Desktop/rjackson/PresentVR/SeniorDesignV1 4.19/Content/Blueprints/SpeakerPlayerCharacter.uasset
[2018.04.25-23.57.37:929][397]LogSlate: Window 'Message' being destroyed
[2018.04.25-23.57.37:961][397]LogSavePackage: Save=24.70ms
[2018.04.25-23.57.37:961][397]LogSavePackage: Moving '../../../../../../Users/VRBC/Desktop/rjackson/PresentVR/SeniorDesignV1 4.19/Saved/SpeakerPlayerCharacterD2B7F2494AE6827C0B8DD09A2F82FA79.tmp' to '../../../../../../Users/VRBC/Desktop/rjackson/PresentVR/SeniorDesignV1 4.19/Content/Blueprints/SpeakerPlayerCharacter.uasset'
[2018.04.25-23.57.37:962][397]LogFileManager: Warning: DeleteFile was unable to delete '../../../../../../Users/VRBC/Desktop/rjackson/PresentVR/SeniorDesignV1 4.19/Content/Blueprints/SpeakerPlayerCharacter.uasset', retrying in .5s...
[2018.04.25-23.57.38:463][397]LogFileManager: Error: Error deleting file '../../../../../../Users/VRBC/Desktop/rjackson/PresentVR/SeniorDesignV1 4.19/Content/Blueprints/SpeakerPlayerCharacter.uasset'.
[2018.04.25-23.57.38:463][397]LogSavePackage: Error: Error saving '../../../../../../Users/VRBC/Desktop/rjackson/PresentVR/SeniorDesignV1 4.19/Content/Blueprints/SpeakerPlayerCharacter.uasset'
[2018.04.25-23.57.38:464][397]LogSavePackage: Display: Finished SavePackage ../../../../../../Users/VRBC/Desktop/rjackson/PresentVR/SeniorDesignV1 4.19/Content/Blueprints/SpeakerPlayerCharacter.uasset
[2018.04.25-23.57.47:564][397]LogSlate: Window 'Message' being destroyed
[2018.04.25-23.57.47:596][397]LogSavePackage: Save=23.63ms
[2018.04.25-23.57.47:596][397]LogSavePackage: Moving '../../../../../../Users/VRBC/Desktop/rjackson/PresentVR/SeniorDesignV1 4.19/Saved/SpeakerPlayerCharacter3AB47D6F45F7E98D596F72BE0FDB6360.tmp' to '../../../../../../Users/VRBC/Desktop/rjackson/PresentVR/SeniorDesignV1 4.19/Content/Blueprints/SpeakerPlayerCharacter.uasset'
[2018.04.25-23.57.47:597][397]LogFileManager: Warning: DeleteFile was unable to delete '../../../../../../Users/VRBC/Desktop/rjackson/PresentVR/SeniorDesignV1 4.19/Content/Blueprints/SpeakerPlayerCharacter.uasset', retrying in .5s...
[2018.04.25-23.57.48:097][397]LogFileManager: Error: Error deleting file '../../../../../../Users/VRBC/Desktop/rjackson/PresentVR/SeniorDesignV1 4.19/Content/Blueprints/SpeakerPlayerCharacter.uasset'.
[2018.04.25-23.57.48:097][397]LogSavePackage: Error: Error saving '../../../../../../Users/VRBC/Desktop/rjackson/PresentVR/SeniorDesignV1 4.19/Content/Blueprints/SpeakerPlayerCharacter.uasset'
[2018.04.25-23.57.48:098][397]LogSavePackage: Display: Finished SavePackage ../../../../../../Users/VRBC/Desktop/rjackson/PresentVR/SeniorDesignV1 4.19/Content/Blueprints/SpeakerPlayerCharacter.uasset
[2018.04.25-23.57.48:882][397]LogSlate: Window 'Message' being destroyed
[2018.04.25-23.57.48:886][397]EditorErrors: New page: Save Output
[2018.04.25-23.57.48:886][397]EditorErrors: Warning: Error saving '../../../../../../Users/VRBC/Desktop/rjackson/PresentVR/SeniorDesignV1 4.19/Content/Blueprints/SpeakerPlayerCharacter.uasset'
[2018.04.25-23.57.48:887][397]EditorErrors: Warning: Error saving '../../../../../../Users/VRBC/Desktop/rjackson/PresentVR/SeniorDesignV1 4.19/Content/Blueprints/SpeakerPlayerCharacter.uasset'
[2018.04.25-23.57.48:887][397]EditorErrors: Warning: Error saving '../../../../../../Users/VRBC/Desktop/rjackson/PresentVR/SeniorDesignV1 4.19/Content/Blueprints/SpeakerPlayerCharacter.uasset'
[2018.04.25-23.57.50:238][397]LogSlate: Window 'Packages Failed To Save' being destroyed
[2018.04.25-23.57.51:880][525]LogSlate: Window 'SpeakerPlayerCharacter*' being destroyed
[2018.04.25-23.57.51:883][525]LogSlate: Window 'SpeakerPlayerCharacter*' being destroyed
[2018.04.25-23.57.55:254][679]LogSlate: Window 'Save Content' being destroyed
[2018.04.25-23.57.55:296][679]LogSavePackage: Save=21.44ms
[2018.04.25-23.57.55:296][679]LogSavePackage: Moving '../../../../../../Users/VRBC/Desktop/rjackson/PresentVR/SeniorDesignV1 4.19/Saved/SpeakerPlayerCharacterFA3FBEF14210DFC5A60245AF2E1D743C.tmp' to '../../../../../../Users/VRBC/Desktop/rjackson/PresentVR/SeniorDesignV1 4.19/Content/Blueprints/SpeakerPlayerCharacter.uasset'
[2018.04.25-23.57.55:297][679]LogFileManager: Warning: DeleteFile was unable to delete '../../../../../../Users/VRBC/Desktop/rjackson/PresentVR/SeniorDesignV1 4.19/Content/Blueprints/SpeakerPlayerCharacter.uasset', retrying in .5s...
[2018.04.25-23.57.55:797][679]LogFileManager: Error: Error deleting file '../../../../../../Users/VRBC/Desktop/rjackson/PresentVR/SeniorDesignV1 4.19/Content/Blueprints/SpeakerPlayerCharacter.uasset'.
[2018.04.25-23.57.55:797][679]LogSavePackage: Error: Error saving '../../../../../../Users/VRBC/Desktop/rjackson/PresentVR/SeniorDesignV1 4.19/Content/Blueprints/SpeakerPlayerCharacter.uasset'
[2018.04.25-23.57.55:799][679]LogSavePackage: Display: Finished SavePackage ../../../../../../Users/VRBC/Desktop/rjackson/PresentVR/SeniorDesignV1 4.19/Content/Blueprints/SpeakerPlayerCharacter.uasset
[2018.04.25-23.57.57:342][679]LogSlate: Window 'Message' being destroyed
[2018.04.25-23.57.57:374][679]LogSavePackage: Save=25.22ms
[2018.04.25-23.57.57:374][679]LogSavePackage: Moving '../../../../../../Users/VRBC/Desktop/rjackson/PresentVR/SeniorDesignV1 4.19/Saved/SpeakerPlayerCharacterBD580EC646D515272DCC6BA437CAF5AB.tmp' to '../../../../../../Users/VRBC/Desktop/rjackson/PresentVR/SeniorDesignV1 4.19/Content/Blueprints/SpeakerPlayerCharacter.uasset'
[2018.04.25-23.57.57:375][679]LogFileManager: Warning: DeleteFile was unable to delete '../../../../../../Users/VRBC/Desktop/rjackson/PresentVR/SeniorDesignV1 4.19/Content/Blueprints/SpeakerPlayerCharacter.uasset', retrying in .5s...
[2018.04.25-23.57.57:876][679]LogFileManager: Error: Error deleting file '../../../../../../Users/VRBC/Desktop/rjackson/PresentVR/SeniorDesignV1 4.19/Content/Blueprints/SpeakerPlayerCharacter.uasset'.
[2018.04.25-23.57.57:876][679]LogSavePackage: Error: Error saving '../../../../../../Users/VRBC/Desktop/rjackson/PresentVR/SeniorDesignV1 4.19/Content/Blueprints/SpeakerPlayerCharacter.uasset'
[2018.04.25-23.57.57:877][679]LogSavePackage: Display: Finished SavePackage ../../../../../../Users/VRBC/Desktop/rjackson/PresentVR/SeniorDesignV1 4.19/Content/Blueprints/SpeakerPlayerCharacter.uasset
[2018.04.25-23.57.58:348][679]LogSlate: Window 'Message' being destroyed
[2018.04.25-23.57.58:353][679]EditorErrors: New page: Save Output
[2018.04.25-23.57.58:353][679]EditorErrors: Warning: Error saving '../../../../../../Users/VRBC/Desktop/rjackson/PresentVR/SeniorDesignV1 4.19/Content/Blueprints/SpeakerPlayerCharacter.uasset'
[2018.04.25-23.57.58:353][679]EditorErrors: Warning: Error saving '../../../../../../Users/VRBC/Desktop/rjackson/PresentVR/SeniorDesignV1 4.19/Content/Blueprints/SpeakerPlayerCharacter.uasset'
[2018.04.25-23.58.02:860][679]LogSlate: Window 'Packages Failed To Save' being destroyed
[2018.04.25-23.58.02:899][679]LogSlate: Window 'Message Log' being destroyed
[2018.04.25-23.58.02:901][679]LogSlate: Window 'SeniorDesignV1 - Unreal Editor' being destroyed
[2018.04.25-23.58.02:901][679]LogWindowsTextInputMethodSystem: Display: IME system now deactivated.
[2018.04.25-23.58.03:121][680]Cmd: QUIT_EDITOR
[2018.04.25-23.58.03:347][680]LogSlate: Slate User Destroyed.  User Index 0, Is Virtual User: 0
[2018.04.25-23.58.03:347][680]LogExit: Preparing to exit.
[2018.04.25-23.58.03:700][680]LogDirectoryWatcher: A directory notification failed for 'C:/Users/VRBC/Desktop/rjackson/PresentVR/SeniorDesignV1 4.19/Content/', and we were unable to create a new request.
[2018.04.25-23.58.03:747][680]LogExit: Editor shut down
[2018.04.25-23.58.03:752][680]LogExit: Transaction tracking system shut down
[2018.04.25-23.58.03:959][680]LogDirectoryWatcher: A directory notification for '../../../Engine/Content/' was aborted.
[2018.04.25-23.58.03:959][680]LogDirectoryWatcher: A directory notification for '../../../../../../Users/VRBC/Desktop/rjackson/PresentVR/SeniorDesignV1 4.19/Content/' was aborted.
[2018.04.25-23.58.03:959][680]LogDirectoryWatcher: A directory notification for '../../Plugins/2D/Paper2D/Content/' was aborted.
[2018.04.25-23.58.03:959][680]LogDirectoryWatcher: A directory notification for '../../Plugins/Enterprise/DatasmithContent/Content/' was aborted.
[2018.04.25-23.58.03:960][680]LogDirectoryWatcher: A directory notification for '../../Plugins/Media/MediaCompositing/Content/' was aborted.
[2018.04.25-23.58.03:960][680]LogDirectoryWatcher: A directory notification for '../../Plugins/Runtime/AppleARKit/Content/' was aborted.
[2018.04.25-23.58.03:960][680]LogDirectoryWatcher: A directory notification for '../../Plugins/Runtime/Oculus/OculusVR/Content/' was aborted.
[2018.04.25-23.58.03:960][680]LogDirectoryWatcher: A directory notification for '../../Plugins/Runtime/Steam/SteamVR/Content/' was aborted.
[2018.04.25-23.58.04:101][680]LogExit: Object subsystem successfully closed.
[2018.04.25-23.58.04:121][680]LogShaderCompilers: Display: Shaders left to compile 0
[2018.04.25-23.58.04:125][680]LogD3D11RHI: Shutdown
[2018.04.25-23.58.04:125][680]LogD3D11RHI: CleanupD3DDevice
[2018.04.25-23.58.04:128][680]LogD3D11RHI: ~FD3D11DynamicRHI
[2018.04.25-23.58.04:161][680]LogModuleManager: Shutting down and abandoning module BlueprintGraph (590)
[2018.04.25-23.58.04:161][680]LogModuleManager: Shutting down and abandoning module MovieSceneCapture (588)
[2018.04.25-23.58.04:161][680]LogModuleManager: Shutting down and abandoning module HierarchicalLODOutliner (586)
[2018.04.25-23.58.04:161][680]LogModuleManager: Shutting down and abandoning module DesktopPlatform (584)
[2018.04.25-23.58.04:161][680]LogModuleManager: Shutting down and abandoning module SceneOutliner (582)
[2018.04.25-23.58.04:161][680]LogModuleManager: Shutting down and abandoning module AddContentDialog (580)
[2018.04.25-23.58.04:161][680]LogDirectoryWatcher: A directory notification for 'C:/Program Files/Epic Games/UE_4.19/FeaturePacks/' was aborted.
[2018.04.25-23.58.04:162][680]LogModuleManager: Shutting down and abandoning module WidgetCarousel (579)
[2018.04.25-23.58.04:162][680]LogModuleManager: Shutting down and abandoning module EditorWidgets (576)
[2018.04.25-23.58.04:162][680]LogModuleManager: Shutting down and abandoning module CollectionManager (574)
[2018.04.25-23.58.04:162][680]LogDirectoryWatcher: A directory notification for 'C:/Users/VRBC/Desktop/rjackson/PresentVR/SeniorDesignV1 4.19/Content/Collections/' was aborted.
[2018.04.25-23.58.04:162][680]LogDirectoryWatcher: A directory notification for 'C:/Users/VRBC/Desktop/rjackson/PresentVR/SeniorDesignV1 4.19/Content/Developers/VRBC/Collections/' was aborted.
[2018.04.25-23.58.04:162][680]LogDirectoryWatcher: A directory notification for 'C:/Users/VRBC/Desktop/rjackson/PresentVR/SeniorDesignV1 4.19/Saved/Collections/' was aborted.
[2018.04.25-23.58.04:162][680]LogModuleManager: Shutting down and abandoning module HierarchicalLODUtilities (572)
[2018.04.25-23.58.04:162][680]LogModuleManager: Shutting down and abandoning module StatsViewer (570)
[2018.04.25-23.58.04:162][680]LogModuleManager: Shutting down and abandoning module FoliageEdit (568)
[2018.04.25-23.58.04:162][680]LogModuleManager: Shutting down and abandoning module LandscapeEditor (566)
[2018.04.25-23.58.04:162][680]LogModuleManager: Shutting down and abandoning module MeshPaintMode (564)
[2018.04.25-23.58.04:162][680]LogModuleManager: Shutting down and abandoning module SceneDepthPickerMode (562)
[2018.04.25-23.58.04:162][680]LogModuleManager: Shutting down and abandoning module ActorPickerMode (560)
[2018.04.25-23.58.04:162][680]LogModuleManager: Shutting down and abandoning module GeometryMode (558)
[2018.04.25-23.58.04:162][680]LogModuleManager: Shutting down and abandoning module TextureAlignMode (556)
[2018.04.25-23.58.04:162][680]LogModuleManager: Shutting down and abandoning module BspMode (554)
[2018.04.25-23.58.04:162][680]LogModuleManager: Shutting down and abandoning module PIEPreviewDeviceProfileSelector (552)
[2018.04.25-23.58.04:162][680]LogModuleManager: Shutting down and abandoning module HardwareSurvey (550)
[2018.04.25-23.58.04:162][680]LogModuleManager: Shutting down and abandoning module SequenceRecorderSections (548)
[2018.04.25-23.58.04:162][680]LogModuleManager: Shutting down and abandoning module AutomationWorker (546)
[2018.04.25-23.58.04:162][680]LogModuleManager: Shutting down and abandoning module AudioCaptureEditor (544)
[2018.04.25-23.58.04:162][680]LogModuleManager: Shutting down and abandoning module SequenceRecorder (543)
[2018.04.25-23.58.04:162][680]LogModuleManager: Shutting down and abandoning module MatineeToLevelSequence (540)
[2018.04.25-23.58.04:162][680]LogModuleManager: Shutting down and abandoning module LevelSequenceEditor (538)
[2018.04.25-23.58.04:162][680]LogModuleManager: Shutting down and abandoning module PlacementMode (537)
[2018.04.25-23.58.04:162][680]LogModuleManager: Shutting down and abandoning module MaterialEditor (536)
[2018.04.25-23.58.04:162][680]LogModuleManager: Shutting down and abandoning module WmfMediaFactory (532)
[2018.04.25-23.58.04:162][680]LogModuleManager: Shutting down and abandoning module WmfMediaEditor (530)
[2018.04.25-23.58.04:162][680]LogModuleManager: Shutting down and abandoning module MediaPlayerEditor (528)
[2018.04.25-23.58.04:163][680]LogModuleManager: Shutting down and abandoning module OpenExrWrapper (526)
[2018.04.25-23.58.04:163][680]LogModuleManager: Shutting down and abandoning module ImgMediaFactory (524)
[2018.04.25-23.58.04:163][680]LogModuleManager: Shutting down and abandoning module ImgMediaEditor (522)
[2018.04.25-23.58.04:163][680]LogModuleManager: Shutting down and abandoning module AvfMediaFactory (520)
[2018.04.25-23.58.04:163][680]LogModuleManager: Shutting down and abandoning module AvfMediaEditor (518)
[2018.04.25-23.58.04:163][680]LogModuleManager: Shutting down and abandoning module AndroidMediaFactory (516)
[2018.04.25-23.58.04:163][680]LogModuleManager: Shutting down and abandoning module AndroidMediaEditor (514)
[2018.04.25-23.58.04:163][680]LogModuleManager: Shutting down and abandoning module CharacterAI (512)
[2018.04.25-23.58.04:163][680]LogModuleManager: Shutting down and abandoning module SmartSnapping (510)
[2018.04.25-23.58.04:163][680]LogModuleManager: Shutting down and abandoning module SessionServices (508)
[2018.04.25-23.58.04:163][680]LogModuleManager: Shutting down and abandoning module ViewportSnapping (506)
[2018.04.25-23.58.04:163][680]LogModuleManager: Shutting down and abandoning module ViewportInteraction (504)
[2018.04.25-23.58.04:163][680]LogModuleManager: Shutting down and abandoning module ClothPainter (502)
[2018.04.25-23.58.04:163][680]LogModuleManager: Shutting down and abandoning module SkeletalMeshEditor (501)
[2018.04.25-23.58.04:163][680]LogModuleManager: Shutting down and abandoning module LogVisualizer (498)
[2018.04.25-23.58.04:163][680]LogModuleManager: Shutting down and abandoning module IntroTutorials (496)
[2018.04.25-23.58.04:163][680]LogModuleManager: Shutting down and abandoning module GameProjectGeneration (495)
[2018.04.25-23.58.04:163][680]LogModuleManager: Shutting down and abandoning module IOSPlatformEditor (492)
[2018.04.25-23.58.04:163][680]LogModuleManager: Shutting down and abandoning module HTML5PlatformEditor (490)
[2018.04.25-23.58.04:163][680]LogModuleManager: Shutting down and abandoning module AndroidPlatformEditor (488)
[2018.04.25-23.58.04:163][680]LogModuleManager: Shutting down and abandoning module AndroidDeviceDetection (487)
[2018.04.25-23.58.04:800][680]LogModuleManager: Shutting down and abandoning module WindowsPlatformEditor (484)
[2018.04.25-23.58.04:800][680]LogModuleManager: Shutting down and abandoning module IOSRuntimeSettings (482)
[2018.04.25-23.58.04:800][680]LogModuleManager: Shutting down and abandoning module AndroidRuntimeSettings (480)
[2018.04.25-23.58.04:800][680]LogModuleManager: Shutting down and abandoning module InputBindingEditor (478)
[2018.04.25-23.58.04:800][680]LogModuleManager: Shutting down and abandoning module MergeActors (476)
[2018.04.25-23.58.04:800][680]LogModuleManager: Shutting down and abandoning module LocalizationDashboard (474)
[2018.04.25-23.58.04:800][680]LogModuleManager: Shutting down and abandoning module LocalizationService (473)
[2018.04.25-23.58.04:800][680]LogModuleManager: Shutting down and abandoning module HardwareTargeting (470)
[2018.04.25-23.58.04:800][680]LogModuleManager: Shutting down and abandoning module DeviceProfileEditor (468)
[2018.04.25-23.58.04:800][680]LogModuleManager: Shutting down and abandoning module UndoHistory (466)
[2018.04.25-23.58.04:800][680]LogModuleManager: Shutting down and abandoning module XmlParser (464)
[2018.04.25-23.58.04:800][680]LogModuleManager: Shutting down and abandoning module Blutility (462)
[2018.04.25-23.58.04:800][680]LogModuleManager: Shutting down and abandoning module ProjectSettingsViewer (460)
[2018.04.25-23.58.04:800][680]LogModuleManager: Shutting down and abandoning module ProjectTargetPlatformEditor (459)
[2018.04.25-23.58.04:800][680]LogModuleManager: Shutting down and abandoning module EditorSettingsViewer (456)
[2018.04.25-23.58.04:800][680]LogModuleManager: Shutting down and abandoning module SettingsEditor (454)
[2018.04.25-23.58.04:800][680]LogModuleManager: Shutting down and abandoning module ProjectLauncher (452)
[2018.04.25-23.58.04:800][680]LogModuleManager: Shutting down and abandoning module SessionFrontend (450)
[2018.04.25-23.58.04:800][680]LogModuleManager: Shutting down and abandoning module ProfilerClient (448)
[2018.04.25-23.58.04:800][680]LogModuleManager: Shutting down and abandoning module DeviceManager (446)
[2018.04.25-23.58.04:800][680]LogModuleManager: Shutting down and abandoning module TargetDeviceServices (445)
[2018.04.25-23.58.04:864][680]LogModuleManager: Shutting down and abandoning module AutomationController (442)
[2018.04.25-23.58.04:864][680]LogModuleManager: Shutting down and abandoning module AutomationWindow (440)
[2018.04.25-23.58.04:864][680]LogModuleManager: Shutting down and abandoning module Layers (438)
[2018.04.25-23.58.04:864][680]LogModuleManager: Shutting down and abandoning module ComponentVisualizers (436)
[2018.04.25-23.58.04:864][680]LogModuleManager: Shutting down and abandoning module DetailCustomizations (434)
[2018.04.25-23.58.04:864][680]LogModuleManager: Shutting down and abandoning module PackagesDialog (432)
[2018.04.25-23.58.04:864][680]LogModuleManager: Shutting down and abandoning module Persona (430)
[2018.04.25-23.58.04:864][680]LogModuleManager: Shutting down and abandoning module AdvancedPreviewScene (429)
[2018.04.25-23.58.04:864][680]LogModuleManager: Shutting down and abandoning module AnimGraph (427)
[2018.04.25-23.58.04:864][680]LogModuleManager: Shutting down and abandoning module Kismet (424)
[2018.04.25-23.58.04:869][680]LogModuleManager: Shutting down and abandoning module GraphEditor (422)
[2018.04.25-23.58.04:869][680]LogModuleManager: Shutting down and abandoning module ClassViewer (420)
[2018.04.25-23.58.04:869][680]LogModuleManager: Shutting down and abandoning module Toolbox (418)
[2018.04.25-23.58.04:869][680]LogModuleManager: Shutting down and abandoning module ModuleUI (416)
[2018.04.25-23.58.04:869][680]LogModuleManager: Shutting down and abandoning module MovieSceneTools (414)
[2018.04.25-23.58.04:869][680]LogModuleManager: Shutting down and abandoning module OutputLog (412)
[2018.04.25-23.58.04:869][680]LogModuleManager: Shutting down and abandoning module GammaUI (410)
[2018.04.25-23.58.04:869][680]LogModuleManager: Shutting down and abandoning module Documentation (408)
[2018.04.25-23.58.04:869][680]LogModuleManager: Shutting down and abandoning module MovieSceneTracks (406)
[2018.04.25-23.58.04:869][680]LogModuleManager: Shutting down and abandoning module MovieScene (404)
[2018.04.25-23.58.04:869][680]LogModuleManager: Shutting down and abandoning module StreamingPauseRendering (402)
[2018.04.25-23.58.04:869][680]LogModuleManager: Shutting down and abandoning module LauncherPlatform (400)
[2018.04.25-23.58.04:869][680]LogModuleManager: Shutting down and abandoning module AnalyticsET (398)
[2018.04.25-23.58.04:869][680]LogModuleManager: Shutting down and abandoning module PortalServices (396)
[2018.04.25-23.58.04:869][680]LogModuleManager: Shutting down and abandoning module PortalRpc (394)
[2018.04.25-23.58.04:869][680]LogModuleManager: Shutting down and abandoning module MessagingRpc (392)
[2018.04.25-23.58.04:869][680]LogModuleManager: Shutting down and abandoning module AIModule (390)
[2018.04.25-23.58.04:869][680]LogModuleManager: Shutting down and abandoning module GameplayDebugger (389)
[2018.04.25-23.58.04:869][680]LogModuleManager: Shutting down and abandoning module AITestSuite (387)
[2018.04.25-23.58.04:869][680]LogModuleManager: Shutting down and abandoning module ProfilerService (384)
[2018.04.25-23.58.05:070][680]LogModuleManager: Shutting down and abandoning module TaskGraph (382)
[2018.04.25-23.58.05:070][680]LogModuleManager: Shutting down and abandoning module SIOJEditorPlugin (380)
[2018.04.25-23.58.05:070][680]LogModuleManager: Shutting down and abandoning module SocketIOClient (378)
[2018.04.25-23.58.05:070][680]LogModuleManager: Shutting down and abandoning module SteamVRController (376)
[2018.04.25-23.58.05:070][680]LogModuleManager: Shutting down and abandoning module ProceduralMeshComponentEditor (374)
[2018.04.25-23.58.05:070][680]LogModuleManager: Shutting down and abandoning module ProceduralMeshComponent (372)
[2018.04.25-23.58.05:070][680]LogModuleManager: Shutting down and abandoning module OculusInput (370)
[2018.04.25-23.58.05:070][680]LogModuleManager: Shutting down and abandoning module MobilePatchingUtils (368)
[2018.04.25-23.58.05:070][680]LogModuleManager: Shutting down and abandoning module CustomMeshComponent (366)
[2018.04.25-23.58.05:070][680]LogModuleManager: Shutting down and abandoning module CableComponent (364)
[2018.04.25-23.58.05:070][680]LogModuleManager: Shutting down and abandoning module AudioCapture (362)
[2018.04.25-23.58.05:070][680]LogModuleManager: Shutting down and abandoning module ArchVisCharacter (360)
[2018.04.25-23.58.05:070][680]LogModuleManager: Shutting down and abandoning module AndroidPermission (358)
[2018.04.25-23.58.05:070][680]LogModuleManager: Shutting down and abandoning module NUTUnrealEngine4 (354)
[2018.04.25-23.58.05:070][680]LogModuleManager: Shutting down and abandoning module NetcodeUnitTest (352)
[2018.04.25-23.58.05:070][680]LogModuleManager: Shutting down and abandoning module MediaCompositingEditor (350)
[2018.04.25-23.58.05:070][680]LogModuleManager: Shutting down and abandoning module MediaCompositing (348)
[2018.04.25-23.58.05:070][680]LogModuleManager: Shutting down and abandoning module LinearTimecode (346)
[2018.04.25-23.58.05:070][680]LogModuleManager: Shutting down and abandoning module ImgMedia (344)
[2018.04.25-23.58.05:074][680]LogModuleManager: Shutting down and abandoning module HTML5Networking (342)
[2018.04.25-23.58.05:074][680]LogModuleManager: Shutting down and abandoning module AlembicImporter (340)
[2018.04.25-23.58.05:074][680]LogModuleManager: Shutting down and abandoning module AlembicLibrary (339)
[2018.04.25-23.58.05:074][680]LogModuleManager: Shutting down and abandoning module GeometryCache (338)
[2018.04.25-23.58.05:074][680]LogModuleManager: Shutting down and abandoning module GeometryCacheEd (337)
[2018.04.25-23.58.05:074][680]LogModuleManager: Shutting down and abandoning module DatasmithContent (332)
[2018.04.25-23.58.05:074][680]LogModuleManager: Shutting down and abandoning module SpeedTreeImporter (330)
[2018.04.25-23.58.05:074][680]LogModuleManager: Shutting down and abandoning module PluginBrowser (328)
[2018.04.25-23.58.05:074][680]LogModuleManager: Shutting down and abandoning module MobileLauncherProfileWizard (326)
[2018.04.25-23.58.05:074][680]LogModuleManager: Shutting down and abandoning module CryptoKeysOpenSSL (324)
[2018.04.25-23.58.05:074][680]LogModuleManager: Shutting down and abandoning module CryptoKeys (322)
[2018.04.25-23.58.05:074][680]LogModuleManager: Shutting down and abandoning module VisualStudioSourceCodeAccess (320)
[2018.04.25-23.58.05:074][680]LogModuleManager: Shutting down and abandoning module VisualStudioCodeSourceCodeAccess (318)
[2018.04.25-23.58.05:074][680]LogModuleManager: Shutting down and abandoning module UObjectPlugin (316)
[2018.04.25-23.58.05:074][680]LogModuleManager: Shutting down and abandoning module SubversionSourceControl (314)
[2018.04.25-23.58.05:074][680]LogModuleManager: Shutting down and abandoning module PerforceSourceControl (312)
[2018.04.25-23.58.05:074][680]LogModuleManager: Shutting down and abandoning module GitSourceControl (310)
[2018.04.25-23.58.05:074][680]LogModuleManager: Shutting down and abandoning module SourceControl (309)
[2018.04.25-23.58.05:074][680]LogModuleManager: Shutting down and abandoning module CLionSourceCodeAccess (306)
[2018.04.25-23.58.05:074][680]LogModuleManager: Shutting down and abandoning module LightPropagationVolumeEditor (304)
[2018.04.25-23.58.05:074][680]LogModuleManager: Shutting down and abandoning module PaperTiledImporter (302)
[2018.04.25-23.58.05:074][680]LogModuleManager: Shutting down and abandoning module PaperSpriteSheetImporter (300)
[2018.04.25-23.58.05:074][680]LogModuleManager: Shutting down and abandoning module Paper2DEditor (298)
[2018.04.25-23.58.05:074][680]LogModuleManager: Shutting down and abandoning module MeshPaint (297)
[2018.04.25-23.58.05:074][680]LogModuleManager: Shutting down and abandoning module SeniorDesignV1 (294)
[2018.04.25-23.58.05:074][680]LogModuleManager: Shutting down and abandoning module CoreUtility (292)
[2018.04.25-23.58.05:074][680]LogModuleManager: Shutting down and abandoning module SIOJson (290)
[2018.04.25-23.58.05:074][680]LogModuleManager: Shutting down and abandoning module RuntimePhysXCooking (288)
[2018.04.25-23.58.05:074][680]LogModuleManager: Shutting down and abandoning module PhysXVehiclesEditor (286)
[2018.04.25-23.58.05:074][680]LogModuleManager: Shutting down and abandoning module PhysXVehicles (284)
[2018.04.25-23.58.05:074][680]LogModuleManager: Shutting down and abandoning module OculusEditor (282)
[2018.04.25-23.58.05:074][680]LogModuleManager: Shutting down and abandoning module LocationServicesBPLibrary (280)
[2018.04.25-23.58.05:074][680]LogModuleManager: Shutting down and abandoning module ImmediatePhysicsEditor (278)
[2018.04.25-23.58.05:074][680]LogModuleManager: Shutting down and abandoning module ImmediatePhysics (276)
[2018.04.25-23.58.05:074][680]LogModuleManager: Shutting down and abandoning module ActorSequence (274)
[2018.04.25-23.58.05:074][680]LogModuleManager: Shutting down and abandoning module UdpMessaging (272)
[2018.04.25-23.58.05:175][680]LogModuleManager: Shutting down and abandoning module TcpMessaging (270)
[2018.04.25-23.58.05:275][680]LogModuleManager: Shutting down and abandoning module GameplayTagsEditor (268)
[2018.04.25-23.58.05:275][680]LogModuleManager: Shutting down and abandoning module FacialAnimationEditor (266)
[2018.04.25-23.58.05:275][680]LogModuleManager: Shutting down and abandoning module FacialAnimation (264)
[2018.04.25-23.58.05:275][680]LogModuleManager: Shutting down and abandoning module DataValidation (262)
[2018.04.25-23.58.05:275][680]LogModuleManager: Shutting down and abandoning module AssetManagerEditor (260)
[2018.04.25-23.58.05:275][680]LogModuleManager: Shutting down and abandoning module LevelEditor (259)
[2018.04.25-23.58.05:276][680]LogModuleManager: Shutting down and abandoning module PixelInspectorModule (258)
[2018.04.25-23.58.05:276][680]LogModuleManager: Shutting down and abandoning module CommonMenuExtensions (256)
[2018.04.25-23.58.05:276][680]LogModuleManager: Shutting down and abandoning module MainFrame (254)
[2018.04.25-23.58.05:276][680]LogModuleManager: Shutting down and abandoning module HotReload (253)
[2018.04.25-23.58.05:276][680]LogDirectoryWatcher: A directory notification for 'C:/Users/VRBC/Desktop/rjackson/PresentVR/SeniorDesignV1 4.19/Binaries/Win64' was aborted.
[2018.04.25-23.58.05:276][680]LogDirectoryWatcher: A directory notification for 'C:/Users/VRBC/Desktop/rjackson/PresentVR/SeniorDesignV1 4.19/Plugins/socketio-client-ue4/Binaries/Win64' was aborted.
[2018.04.25-23.58.05:277][680]LogModuleManager: Shutting down and abandoning module ContentBrowser (249)
[2018.04.25-23.58.05:278][680]LogModuleManager: Shutting down and abandoning module TreeMap (247)
[2018.04.25-23.58.05:278][680]LogModuleManager: Shutting down and abandoning module LightPropagationVolumeRuntime (244)
[2018.04.25-23.58.05:278][680]LogModuleManager: Shutting down and abandoning module LiveLinkEditor (242)
[2018.04.25-23.58.05:278][680]LogModuleManager: Shutting down and abandoning module LiveLink (240)
[2018.04.25-23.58.06:167][680]LogModuleManager: Shutting down and abandoning module Paper2D (238)
[2018.04.25-23.58.06:167][680]LogModuleManager: Shutting down and abandoning module WindowsMoviePlayer (236)
[2018.04.25-23.58.06:167][680]LogModuleManager: Shutting down and abandoning module WmfMedia (234)
[2018.04.25-23.58.06:167][680]LogModuleManager: Shutting down and abandoning module PacketHandler (232)
[2018.04.25-23.58.06:167][680]LogModuleManager: Shutting down and abandoning module ClothingSystemEditor (230)
[2018.04.25-23.58.06:167][680]LogModuleManager: Shutting down and abandoning module ClothingSystemRuntime (228)
[2018.04.25-23.58.06:168][680]LogModuleManager: Shutting down and abandoning module MediaAssets (226)
[2018.04.25-23.58.06:168][680]LogModuleManager: Shutting down and abandoning module Media (225)
[2018.04.25-23.58.06:175][680]LogModuleManager: Shutting down and abandoning module Overlay (222)
[2018.04.25-23.58.06:175][680]LogModuleManager: Shutting down and abandoning module OverlayEditor (221)
[2018.04.25-23.58.06:175][680]LogModuleManager: Shutting down and abandoning module VREditor (218)
[2018.04.25-23.58.06:175][680]LogModuleManager: Shutting down and abandoning module StringTableEditor (216)
[2018.04.25-23.58.06:175][680]LogModuleManager: Shutting down and abandoning module GameplayTasksEditor (214)
[2018.04.25-23.58.06:175][680]LogModuleManager: Shutting down and abandoning module BehaviorTreeEditor (212)
[2018.04.25-23.58.06:175][680]LogModuleManager: Shutting down and abandoning module FunctionalTesting (210)
[2018.04.25-23.58.06:175][680]LogModuleManager: Shutting down and abandoning module CollisionAnalyzer (208)
[2018.04.25-23.58.06:175][680]LogModuleManager: Shutting down and abandoning module WorkspaceMenuStructure (207)
[2018.04.25-23.58.06:175][680]LogModuleManager: Shutting down and abandoning module UMG (204)
[2018.04.25-23.58.06:175][680]LogModuleManager: Shutting down and abandoning module UMGEditor (203)
[2018.04.25-23.58.06:175][680]LogModuleManager: Shutting down and abandoning module Sequencer (202)
[2018.04.25-23.58.06:175][680]LogModuleManager: Shutting down and abandoning module MessageLog (199)
[2018.04.25-23.58.06:175][680]LogModuleManager: Shutting down and abandoning module SlateReflector (194)
[2018.04.25-23.58.06:175][680]LogModuleManager: Shutting down and abandoning module Slate (192)
[2018.04.25-23.58.06:175][680]LogModuleManager: Shutting down and abandoning module EditorStyle (190)
[2018.04.25-23.58.06:176][680]LogModuleManager: Shutting down and abandoning module MRMesh (188)
[2018.04.25-23.58.06:176][680]LogModuleManager: Shutting down and abandoning module SourceCodeAccess (186)
[2018.04.25-23.58.06:176][680]LogModuleManager: Shutting down and abandoning module HeadMountedDisplay (184)
[2018.04.25-23.58.06:177][680]LogModuleManager: Shutting down and abandoning module XAudio2 (182)
[2018.04.25-23.58.06:177][680]LogModuleManager: Shutting down and abandoning module Networking (180)
[2018.04.25-23.58.06:177][680]LogModuleManager: Shutting down and abandoning module Core (178)
[2018.04.25-23.58.06:177][680]LogModuleManager: Shutting down and abandoning module LevelSequence (176)
[2018.04.25-23.58.06:177][680]LogModuleManager: Shutting down and abandoning module KismetCompiler (174)
[2018.04.25-23.58.06:177][680]LogModuleManager: Shutting down and abandoning module MeshUtilities (172)
[2018.04.25-23.58.06:177][680]LogModuleManager: Shutting down and abandoning module MeshMergeUtilities (171)
[2018.04.25-23.58.06:177][680]LogModuleManager: Shutting down and abandoning module MeshReductionInterface (170)
[2018.04.25-23.58.06:177][680]LogModuleManager: Shutting down and abandoning module SimplygonSwarm (169)
[2018.04.25-23.58.06:177][680]LogModuleManager: Shutting down and abandoning module SimplygonMeshReduction (167)
[2018.04.25-23.58.06:177][680]LogModuleManager: Shutting down and abandoning module QuadricMeshReduction (165)
[2018.04.25-23.58.06:177][680]LogModuleManager: Shutting down and abandoning module MaterialBaking (161)
[2018.04.25-23.58.06:177][680]LogModuleManager: Shutting down and abandoning module DirectoryWatcher (157)
[2018.04.25-23.58.06:178][680]LogModuleManager: Shutting down and abandoning module DerivedDataCache (154)
[2018.04.25-23.58.06:241][680]LogDerivedDataCache: Shutdown
[2018.04.25-23.58.06:241][680]LogModuleManager: Shutting down and abandoning module XGEController (152)
[2018.04.25-23.58.06:241][680]LogModuleManager: Shutting down and abandoning module TargetPlatform (150)
[2018.04.25-23.58.06:241][680]LogModuleManager: Shutting down and abandoning module VulkanShaderFormat (149)
[2018.04.25-23.58.06:241][680]LogModuleManager: Shutting down and abandoning module ShaderFormatVectorVM (147)
[2018.04.25-23.58.06:241][680]LogModuleManager: Shutting down and abandoning module ShaderFormatOpenGL (145)
[2018.04.25-23.58.06:241][680]LogModuleManager: Shutting down and abandoning module ShaderFormatD3D (143)
[2018.04.25-23.58.06:241][680]LogModuleManager: Shutting down and abandoning module MetalShaderFormat (141)
[2018.04.25-23.58.06:242][680]LogModuleManager: Shutting down and abandoning module TextureFormatUncompressed (139)
[2018.04.25-23.58.06:242][680]LogModuleManager: Shutting down and abandoning module TextureFormatPVR (137)
[2018.04.25-23.58.06:242][680]LogModuleManager: Shutting down and abandoning module TextureFormatDXT (135)
[2018.04.25-23.58.06:242][680]LogModuleManager: Shutting down and abandoning module TextureFormatIntelISPCTexComp (133)
[2018.04.25-23.58.06:242][680]LogModuleManager: Shutting down and abandoning module TextureFormatASTC (131)
[2018.04.25-23.58.06:242][680]LogModuleManager: Shutting down and abandoning module ImageWrapper (130)
[2018.04.25-23.58.06:242][680]LogModuleManager: Shutting down and abandoning module TextureFormatAndroid (127)
[2018.04.25-23.58.06:242][680]LogModuleManager: Shutting down and abandoning module AudioFormatOpus (125)
[2018.04.25-23.58.06:242][680]LogModuleManager: Shutting down and abandoning module AudioFormatOgg (123)
[2018.04.25-23.58.06:242][680]LogModuleManager: Shutting down and abandoning module AudioFormatADPCM (121)
[2018.04.25-23.58.06:242][680]LogModuleManager: Shutting down and abandoning module LinuxTargetPlatform (119)
[2018.04.25-23.58.06:242][680]LogModuleManager: Shutting down and abandoning module LinuxServerTargetPlatform (117)
[2018.04.25-23.58.06:242][680]LogModuleManager: Shutting down and abandoning module LinuxNoEditorTargetPlatform (115)
[2018.04.25-23.58.06:242][680]LogModuleManager: Shutting down and abandoning module LinuxClientTargetPlatform (113)
[2018.04.25-23.58.06:242][680]LogModuleManager: Shutting down and abandoning module TVOSTargetPlatform (111)
[2018.04.25-23.58.06:242][680]LogModuleManager: Shutting down and abandoning module Messaging (109)
[2018.04.25-23.58.06:242][680]LogModuleManager: Shutting down and abandoning module IOSTargetPlatform (107)
[2018.04.25-23.58.06:242][680]LogModuleManager: Shutting down and abandoning module HTML5TargetPlatform (105)
[2018.04.25-23.58.06:242][680]LogModuleManager: Shutting down and abandoning module AndroidTargetPlatform (103)
[2018.04.25-23.58.06:242][680]LogModuleManager: Shutting down and abandoning module Android_PVRTCTargetPlatform (101)
[2018.04.25-23.58.06:242][680]LogModuleManager: Shutting down and abandoning module Android_MultiTargetPlatform (99)
[2018.04.25-23.58.06:242][680]LogModuleManager: Shutting down and abandoning module Android_ETC2TargetPlatform (97)
[2018.04.25-23.58.06:242][680]LogModuleManager: Shutting down and abandoning module Android_ETC1TargetPlatform (95)
[2018.04.25-23.58.06:242][680]LogModuleManager: Shutting down and abandoning module Android_ETC1aTargetPlatform (93)
[2018.04.25-23.58.06:242][680]LogModuleManager: Shutting down and abandoning module Android_DXTTargetPlatform (91)
[2018.04.25-23.58.06:242][680]LogModuleManager: Shutting down and abandoning module Android_ATCTargetPlatform (89)
[2018.04.25-23.58.06:242][680]LogModuleManager: Shutting down and abandoning module Android_ASTCTargetPlatform (87)
[2018.04.25-23.58.06:242][680]LogModuleManager: Shutting down and abandoning module WindowsTargetPlatform (85)
[2018.04.25-23.58.06:242][680]LogModuleManager: Shutting down and abandoning module WindowsServerTargetPlatform (83)
[2018.04.25-23.58.06:242][680]LogModuleManager: Shutting down and abandoning module WindowsNoEditorTargetPlatform (81)
[2018.04.25-23.58.06:242][680]LogModuleManager: Shutting down and abandoning module WindowsClientTargetPlatform (79)
[2018.04.25-23.58.06:242][680]LogModuleManager: Shutting down and abandoning module MacTargetPlatform (77)
[2018.04.25-23.58.06:242][680]LogModuleManager: Shutting down and abandoning module MacServerTargetPlatform (75)
[2018.04.25-23.58.06:242][680]LogModuleManager: Shutting down and abandoning module MacNoEditorTargetPlatform (73)
[2018.04.25-23.58.06:242][680]LogModuleManager: Shutting down and abandoning module MacClientTargetPlatform (71)
[2018.04.25-23.58.06:242][680]LogModuleManager: Shutting down and abandoning module AllDesktopTargetPlatform (69)
[2018.04.25-23.58.06:242][680]LogModuleManager: Shutting down and abandoning module InputCore (66)
[2018.04.25-23.58.06:242][680]LogModuleManager: Shutting down and abandoning module Settings (64)
[2018.04.25-23.58.06:242][680]LogModuleManager: Shutting down and abandoning module PhysXCooking (62)
[2018.04.25-23.58.06:242][680]LogModuleManager: Shutting down and abandoning module SteamVR (60)
[2018.04.25-23.58.06:242][680]LogModuleManager: Shutting down and abandoning module OculusHMD (58)
[2018.04.25-23.58.06:242][680]LogModuleManager: Shutting down and abandoning module ExampleDeviceProfileSelector (56)
[2018.04.25-23.58.06:242][680]LogModuleManager: Shutting down and abandoning module AppleARKit (54)
[2018.04.25-23.58.06:242][680]LogModuleManager: Shutting down and abandoning module AugmentedReality (51)
[2018.04.25-23.58.06:242][680]LogModuleManager: Shutting down and abandoning module OnlineBlueprintSupport (48)
[2018.04.25-23.58.06:242][680]LogModuleManager: Shutting down and abandoning module OnlineSubsystem (44)
[2018.04.25-23.58.06:242][680]LogModuleManager: Shutting down and abandoning module XMPP (43)
[2018.04.25-23.58.06:242][680]LogModuleManager: Shutting down and abandoning module HTTP (41)
[2018.04.25-23.58.06:242][680]LogHttp: Display: Http module shutting down, but needs to wait on 1 outstanding Http requests:
[2018.04.25-23.58.06:242][680]LogHttp: Display: 	verb=[POST] url=[https://datarouter.ol.epicgames.com/datarouter/api/v1/public/data?SessionID=%7B9BF46C9D-4A50-2360-89FC-F9AA7413E514%7D&AppID=UEEditor.Rocket.Release&AppVersion=4.19.0-3944462%2B%2B%2BUE4%2BRelease-4.19&UserID=5245bdf2471e9772f34ac098b3a28d99%7C2ec215d0ae9848e6ac277a00bf148616%7C5f889a8f-1922-410f-b420-5d26ef1cb997&AppEnvironment=datacollector-binary&UploadType=eteventstream] status=Processing
[2018.04.25-23.58.06:254][680]LogModuleManager: Shutting down and abandoning module SSL (40)
[2018.04.25-23.58.06:256][680]LogModuleManager: Shutting down and abandoning module AnimationModifiers (36)
[2018.04.25-23.58.06:256][680]LogModuleManager: Shutting down and abandoning module PropertyEditor (35)
[2018.04.25-23.58.06:256][680]LogModuleManager: Shutting down and abandoning module AudioEditor (32)
[2018.04.25-23.58.06:256][680]LogModuleManager: Shutting down and abandoning module TextureCompressor (30)
[2018.04.25-23.58.06:256][680]LogModuleManager: Shutting down and abandoning module ShaderCore (28)
[2018.04.25-23.58.06:256][680]LogModuleManager: Shutting down and abandoning module Landscape (26)
[2018.04.25-23.58.06:257][680]LogModuleManager: Shutting down and abandoning module SlateRHIRenderer (24)
[2018.04.25-23.58.06:258][680]LogModuleManager: Shutting down and abandoning module OpenGLDrv (22)
[2018.04.25-23.58.06:258][680]LogModuleManager: Shutting down and abandoning module D3D11RHI (20)
[2018.04.25-23.58.06:259][680]LogModuleManager: Shutting down and abandoning module AnimGraphRuntime (18)
[2018.04.25-23.58.06:259][680]LogModuleManager: Shutting down and abandoning module Renderer (16)
[2018.04.25-23.58.06:259][680]LogModuleManager: Shutting down and abandoning module Engine (14)
[2018.04.25-23.58.06:259][680]LogModuleManager: Shutting down and abandoning module CoreUObject (12)
[2018.04.25-23.58.06:259][680]LogModuleManager: Shutting down and abandoning module NetworkFile (10)
[2018.04.25-23.58.06:259][680]LogModuleManager: Shutting down and abandoning module CookedIterativeFile (8)
[2018.04.25-23.58.06:259][680]LogModuleManager: Shutting down and abandoning module StreamingFile (6)
[2018.04.25-23.58.06:259][680]LogModuleManager: Shutting down and abandoning module SandboxFile (4)
[2018.04.25-23.58.06:259][680]LogModuleManager: Shutting down and abandoning module PakFile (2)
[2018.04.25-23.58.06:265][680]LogExit: Exiting.
[2018.04.25-23.58.06:276][680]Log file closed, 04/25/18 16:58:06
