Log file open, 05/07/18 15:21:20
LogWindows: Failed to load 'aqProf.dll' (GetLastError=126)
LogWindows: File 'aqProf.dll' does not exist
LogWindows: Failed to load 'VSPerf140.dll' (GetLastError=126)
LogWindows: File 'VSPerf140.dll' does not exist
LogWindows: Failed to load 'VtuneApi.dll' (GetLastError=126)
LogWindows: File 'VtuneApi.dll' does not exist
LogWindows: Failed to load 'VtuneApi32e.dll' (GetLastError=126)
LogWindows: File 'VtuneApi32e.dll' does not exist
LogInit: Display: Running engine for game: SeniorDesignV1
LogPlatformFile: Not using cached read wrapper
LogInit: Display: RandInit(-605018760) SRandInit(-605018760).
LogInit: Read version file with build ID '3944462'
LogInit: Overriding engine version to CL 3944462, compatible CL 3944462
LogInit: Registered custom module enumerator with build ID '3944462'
LogTaskGraph: Started task graph with 5 named threads and 23 total threads with 3 sets of task threads.
LogStats: Stats thread started at 0.555057
LogD3D11RHI: Aftermath initialized
LogICUInternationalization: Display: ICU TimeZone Detection - Raw Offset: -8:00, Platform Override: ''
LogPluginManager: Mounting plugin Paper2D
LogPluginManager: Mounting plugin LiveLink
LogPluginManager: Mounting plugin LightPropagationVolume
LogPluginManager: Mounting plugin CLionSourceCodeAccess
LogPluginManager: Mounting plugin CodeLiteSourceCodeAccess
LogPluginManager: Mounting plugin GitSourceControl
LogPluginManager: Mounting plugin KDevelopSourceCodeAccess
LogPluginManager: Mounting plugin NullSourceCodeAccess
LogPluginManager: Mounting plugin PerforceSourceControl
LogPluginManager: Mounting plugin SubversionSourceControl
LogPluginManager: Mounting plugin UObjectPlugin
LogPluginManager: Mounting plugin VisualStudioCodeSourceCodeAccess
LogPluginManager: Mounting plugin VisualStudioSourceCodeAccess
LogPluginManager: Mounting plugin XCodeSourceCodeAccess
LogPluginManager: Mounting plugin AssetManagerEditor
LogPluginManager: Mounting plugin CryptoKeys
LogPluginManager: Mounting plugin DataValidation
LogPluginManager: Mounting plugin FacialAnimation
LogPluginManager: Mounting plugin GameplayTagsEditor
LogPluginManager: Mounting plugin MobileLauncherProfileWizard
LogPluginManager: Mounting plugin PluginBrowser
LogPluginManager: Mounting plugin SpeedTreeImporter
LogPluginManager: Mounting plugin DatasmithContent
LogPluginManager: Mounting plugin AlembicImporter
LogPluginManager: Mounting plugin CharacterAI
LogPluginManager: Mounting plugin HTML5Networking
LogPluginManager: Mounting plugin AndroidMedia
LogPluginManager: Mounting plugin AvfMedia
LogPluginManager: Mounting plugin ImgMedia
LogPluginManager: Mounting plugin LinearTimecode
LogPluginManager: Mounting plugin MediaCompositing
LogPluginManager: Mounting plugin MediaPlayerEditor
LogPluginManager: Mounting plugin WmfMedia
LogPluginManager: Mounting plugin TcpMessaging
LogPluginManager: Mounting plugin UdpMessaging
LogPluginManager: Mounting plugin ActorSequence
LogPluginManager: Mounting plugin LevelSequenceEditor
LogPluginManager: Mounting plugin MatineeToLevelSequence
LogPluginManager: Mounting plugin NetcodeUnitTest
LogPluginManager: Mounting plugin NUTUnrealEngine4
LogPluginManager: Mounting plugin OnlineSubsystemGooglePlay
LogPluginManager: Mounting plugin OnlineSubsystemIOS
LogPluginManager: Mounting plugin OnlineSubsystem
LogPluginManager: Mounting plugin OnlineSubsystemNull
LogPluginManager: Mounting plugin OnlineSubsystemUtils
LogPluginManager: Mounting plugin AndroidDeviceProfileSelector
LogPluginManager: Mounting plugin AndroidMoviePlayer
LogPluginManager: Mounting plugin AndroidPermission
LogPluginManager: Mounting plugin AppleARKit
LogPluginManager: Mounting plugin AppleMoviePlayer
LogPluginManager: Mounting plugin ArchVisCharacter
LogPluginManager: Mounting plugin AudioCapture
LogPluginManager: Mounting plugin CableComponent
LogPluginManager: Mounting plugin CustomMeshComponent
LogPluginManager: Mounting plugin ExampleDeviceProfileSelector
LogPluginManager: Mounting plugin GoogleCloudMessaging
LogPluginManager: Mounting plugin ImmediatePhysics
LogPluginManager: Mounting plugin IOSDeviceProfileSelector
LogPluginManager: Mounting plugin LinuxDeviceProfileSelector
LogPluginManager: Mounting plugin LocationServicesBPLibrary
LogPluginManager: Mounting plugin MobilePatchingUtils
LogPluginManager: Mounting plugin OculusVR
LogPluginManager: Plugin shader directory ../../../Engine/Plugins/Runtime/Oculus/OculusVR/Shaders found
LogPluginManager: Mapping shader source directory ../../../Engine/Plugins/Runtime/Oculus/OculusVR/Shaders to virtual directory /Plugin/OculusVR
LogPluginManager: Mounting plugin PhysXVehicles
LogPluginManager: Mounting plugin ProceduralMeshComponent
LogPluginManager: Mounting plugin RuntimePhysXCooking
LogPluginManager: Mounting plugin SteamVR
LogPluginManager: Mounting plugin WindowsMoviePlayer
LogPluginManager: Mounting plugin SocketIOClient
LogStreaming: Display: Took  0.216s to configure plugins.
LogModuleManager: Display: Found up-to-date module file ../../../../../../Users/VRBC/Desktop/rjackson/PresentVR/SeniorDesignV1 4.19/Binaries/Win64/UE4Editor-SeniorDesignV1.dll (API version 3944462).
LogModuleManager: Display: Found up-to-date module file ../../../Engine/Plugins/2D/Paper2D/Binaries/Win64/UE4Editor-Paper2D.dll (API version 3944462).
LogModuleManager: Display: Found up-to-date module file ../../../Engine/Plugins/2D/Paper2D/Binaries/Win64/UE4Editor-Paper2DEditor.dll (API version 3944462).
LogModuleManager: Display: Found up-to-date module file ../../../Engine/Plugins/2D/Paper2D/Binaries/Win64/UE4Editor-PaperSpriteSheetImporter.dll (API version 3944462).
LogModuleManager: Display: Found up-to-date module file ../../../Engine/Plugins/2D/Paper2D/Binaries/Win64/UE4Editor-PaperTiledImporter.dll (API version 3944462).
LogModuleManager: Display: Found up-to-date module file ../../../Engine/Plugins/2D/Paper2D/Binaries/Win64/UE4Editor-SmartSnapping.dll (API version 3944462).
LogModuleManager: Display: Found up-to-date module file ../../../Engine/Plugins/Animation/LiveLink/Binaries/Win64/UE4Editor-LiveLink.dll (API version 3944462).
LogModuleManager: Display: Found up-to-date module file ../../../Engine/Plugins/Animation/LiveLink/Binaries/Win64/UE4Editor-LiveLinkEditor.dll (API version 3944462).
LogModuleManager: Display: Found up-to-date module file ../../../Engine/Plugins/Blendables/LightPropagationVolume/Binaries/Win64/UE4Editor-LightPropagationVolumeRuntime.dll (API version 3944462).
LogModuleManager: Display: Found up-to-date module file ../../../Engine/Plugins/Blendables/LightPropagationVolume/Binaries/Win64/UE4Editor-LightPropagationVolumeEditor.dll (API version 3944462).
LogModuleManager: Display: Found up-to-date module file ../../../Engine/Plugins/Developer/CLionSourceCodeAccess/Binaries/Win64/UE4Editor-CLionSourceCodeAccess.dll (API version 3944462).
LogModuleManager: Display: Found up-to-date module file ../../../Engine/Plugins/Developer/GitSourceControl/Binaries/Win64/UE4Editor-GitSourceControl.dll (API version 3944462).
LogModuleManager: Display: Found up-to-date module file ../../../Engine/Plugins/Developer/PerforceSourceControl/Binaries/Win64/UE4Editor-PerforceSourceControl.dll (API version 3944462).
LogModuleManager: Display: Found up-to-date module file ../../../Engine/Plugins/Developer/SubversionSourceControl/Binaries/Win64/UE4Editor-SubversionSourceControl.dll (API version 3944462).
LogModuleManager: Display: Found up-to-date module file ../../../Engine/Plugins/Developer/UObjectPlugin/Binaries/Win64/UE4Editor-UObjectPlugin.dll (API version 3944462).
LogModuleManager: Display: Found up-to-date module file ../../../Engine/Plugins/Developer/VisualStudioCodeSourceCodeAccess/Binaries/Win64/UE4Editor-VisualStudioCodeSourceCodeAccess.dll (API version 3944462).
LogModuleManager: Display: Found up-to-date module file ../../../Engine/Plugins/Developer/VisualStudioSourceCodeAccess/Binaries/Win64/UE4Editor-VisualStudioSourceCodeAccess.dll (API version 3944462).
LogModuleManager: Display: Found up-to-date module file ../../../Engine/Plugins/Editor/AssetManagerEditor/Binaries/Win64/UE4Editor-AssetManagerEditor.dll (API version 3944462).
LogModuleManager: Display: Found up-to-date module file ../../../Engine/Plugins/Editor/CryptoKeys/Binaries/Win64/UE4Editor-CryptoKeys.dll (API version 3944462).
LogModuleManager: Display: Found up-to-date module file ../../../Engine/Plugins/Editor/CryptoKeys/Binaries/Win64/UE4Editor-CryptoKeysOpenSSL.dll (API version 3944462).
LogModuleManager: Display: Found up-to-date module file ../../../Engine/Plugins/Editor/DataValidation/Binaries/Win64/UE4Editor-DataValidation.dll (API version 3944462).
LogModuleManager: Display: Found up-to-date module file ../../../Engine/Plugins/Editor/FacialAnimation/Binaries/Win64/UE4Editor-FacialAnimation.dll (API version 3944462).
LogModuleManager: Display: Found up-to-date module file ../../../Engine/Plugins/Editor/FacialAnimation/Binaries/Win64/UE4Editor-FacialAnimationEditor.dll (API version 3944462).
LogModuleManager: Display: Found up-to-date module file ../../../Engine/Plugins/Editor/GameplayTagsEditor/Binaries/Win64/UE4Editor-GameplayTagsEditor.dll (API version 3944462).
LogModuleManager: Display: Found up-to-date module file ../../../Engine/Plugins/Editor/MobileLauncherProfileWizard/Binaries/Win64/UE4Editor-MobileLauncherProfileWizard.dll (API version 3944462).
LogModuleManager: Display: Found up-to-date module file ../../../Engine/Plugins/Editor/PluginBrowser/Binaries/Win64/UE4Editor-PluginBrowser.dll (API version 3944462).
LogModuleManager: Display: Found up-to-date module file ../../../Engine/Plugins/Editor/SpeedTreeImporter/Binaries/Win64/UE4Editor-SpeedTreeImporter.dll (API version 3944462).
LogModuleManager: Display: Found up-to-date module file ../../../Engine/Plugins/Enterprise/DatasmithContent/Binaries/Win64/UE4Editor-DatasmithContent.dll (API version 3944462).
LogModuleManager: Display: Found up-to-date module file ../../../Engine/Plugins/Experimental/AlembicImporter/Binaries/Win64/UE4Editor-AlembicImporter.dll (API version 3944462).
LogModuleManager: Display: Found up-to-date module file ../../../Engine/Plugins/Experimental/AlembicImporter/Binaries/Win64/UE4Editor-AlembicLibrary.dll (API version 3944462).
LogModuleManager: Display: Found up-to-date module file ../../../Engine/Plugins/Experimental/CharacterAI/Binaries/Win64/UE4Editor-CharacterAI.dll (API version 3944462).
LogModuleManager: Display: Found up-to-date module file ../../../Engine/Plugins/Experimental/HTML5Networking/Binaries/Win64/UE4Editor-HTML5Networking.dll (API version 3944462).
LogModuleManager: Display: Found up-to-date module file ../../../Engine/Plugins/Media/AndroidMedia/Binaries/Win64/UE4Editor-AndroidMediaEditor.dll (API version 3944462).
LogModuleManager: Display: Found up-to-date module file ../../../Engine/Plugins/Media/AndroidMedia/Binaries/Win64/UE4Editor-AndroidMediaFactory.dll (API version 3944462).
LogModuleManager: Display: Found up-to-date module file ../../../Engine/Plugins/Media/AvfMedia/Binaries/Win64/UE4Editor-AvfMediaEditor.dll (API version 3944462).
LogModuleManager: Display: Found up-to-date module file ../../../Engine/Plugins/Media/AvfMedia/Binaries/Win64/UE4Editor-AvfMediaFactory.dll (API version 3944462).
LogModuleManager: Display: Found up-to-date module file ../../../Engine/Plugins/Media/AvfMedia/Binaries/Win64/UE4Editor-AvfMediaFactory.dll (API version 3944462).
LogModuleManager: Display: Found up-to-date module file ../../../Engine/Plugins/Media/ImgMedia/Binaries/Win64/UE4Editor-ImgMedia.dll (API version 3944462).
LogModuleManager: Display: Found up-to-date module file ../../../Engine/Plugins/Media/ImgMedia/Binaries/Win64/UE4Editor-ImgMediaEditor.dll (API version 3944462).
LogModuleManager: Display: Found up-to-date module file ../../../Engine/Plugins/Media/ImgMedia/Binaries/Win64/UE4Editor-ImgMediaFactory.dll (API version 3944462).
LogModuleManager: Display: Found up-to-date module file ../../../Engine/Plugins/Media/ImgMedia/Binaries/Win64/UE4Editor-ImgMediaFactory.dll (API version 3944462).
LogModuleManager: Display: Found up-to-date module file ../../../Engine/Plugins/Media/ImgMedia/Binaries/Win64/UE4Editor-OpenExrWrapper.dll (API version 3944462).
LogModuleManager: Display: Found up-to-date module file ../../../Engine/Plugins/Media/LinearTimecode/Binaries/Win64/UE4Editor-LinearTimecode.dll (API version 3944462).
LogModuleManager: Display: Found up-to-date module file ../../../Engine/Plugins/Media/MediaCompositing/Binaries/Win64/UE4Editor-MediaCompositing.dll (API version 3944462).
LogModuleManager: Display: Found up-to-date module file ../../../Engine/Plugins/Media/MediaCompositing/Binaries/Win64/UE4Editor-MediaCompositingEditor.dll (API version 3944462).
LogModuleManager: Display: Found up-to-date module file ../../../Engine/Plugins/Media/MediaPlayerEditor/Binaries/Win64/UE4Editor-MediaPlayerEditor.dll (API version 3944462).
LogModuleManager: Display: Found up-to-date module file ../../../Engine/Plugins/Media/WmfMedia/Binaries/Win64/UE4Editor-WmfMedia.dll (API version 3944462).
LogModuleManager: Display: Found up-to-date module file ../../../Engine/Plugins/Media/WmfMedia/Binaries/Win64/UE4Editor-WmfMediaEditor.dll (API version 3944462).
LogModuleManager: Display: Found up-to-date module file ../../../Engine/Plugins/Media/WmfMedia/Binaries/Win64/UE4Editor-WmfMediaFactory.dll (API version 3944462).
LogModuleManager: Display: Found up-to-date module file ../../../Engine/Plugins/Media/WmfMedia/Binaries/Win64/UE4Editor-WmfMediaFactory.dll (API version 3944462).
LogModuleManager: Display: Found up-to-date module file ../../../Engine/Plugins/Messaging/TcpMessaging/Binaries/Win64/UE4Editor-TcpMessaging.dll (API version 3944462).
LogModuleManager: Display: Found up-to-date module file ../../../Engine/Plugins/Messaging/UdpMessaging/Binaries/Win64/UE4Editor-UdpMessaging.dll (API version 3944462).
LogModuleManager: Display: Found up-to-date module file ../../../Engine/Plugins/MovieScene/ActorSequence/Binaries/Win64/UE4Editor-ActorSequence.dll (API version 3944462).
LogModuleManager: Display: Found up-to-date module file ../../../Engine/Plugins/MovieScene/LevelSequenceEditor/Binaries/Win64/UE4Editor-LevelSequenceEditor.dll (API version 3944462).
LogModuleManager: Display: Found up-to-date module file ../../../Engine/Plugins/MovieScene/MatineeToLevelSequence/Binaries/Win64/UE4Editor-MatineeToLevelSequence.dll (API version 3944462).
LogModuleManager: Display: Found up-to-date module file ../../../Engine/Plugins/NetcodeUnitTest/NetcodeUnitTest/Binaries/Win64/UE4Editor-NetcodeUnitTest.dll (API version 3944462).
LogModuleManager: Display: Found up-to-date module file ../../../Engine/Plugins/NetcodeUnitTest/NUTUnrealEngine4/Binaries/Win64/UE4Editor-NUTUnrealEngine4.dll (API version 3944462).
LogModuleManager: Display: Found up-to-date module file ../../../Engine/Plugins/Online/OnlineSubsystem/Binaries/Win64/UE4Editor-OnlineSubsystem.dll (API version 3944462).
LogModuleManager: Display: Found up-to-date module file ../../../Engine/Plugins/Online/OnlineSubsystemNull/Binaries/Win64/UE4Editor-OnlineSubsystemNull.dll (API version 3944462).
LogModuleManager: Display: Found up-to-date module file ../../../Engine/Plugins/Online/OnlineSubsystemUtils/Binaries/Win64/UE4Editor-OnlineSubsystemUtils.dll (API version 3944462).
LogModuleManager: Display: Found up-to-date module file ../../../Engine/Plugins/Online/OnlineSubsystemUtils/Binaries/Win64/UE4Editor-OnlineBlueprintSupport.dll (API version 3944462).
LogModuleManager: Display: Found up-to-date module file ../../../Engine/Plugins/Runtime/AndroidDeviceProfileSelector/Binaries/Win64/UE4Editor-AndroidDeviceProfileSelector.dll (API version 3944462).
LogModuleManager: Display: Found up-to-date module file ../../../Engine/Plugins/Runtime/AndroidPermission/Binaries/Win64/UE4Editor-AndroidPermission.dll (API version 3944462).
LogModuleManager: Display: Found up-to-date module file ../../../Engine/Plugins/Runtime/AppleARKit/Binaries/Win64/UE4Editor-AppleARKit.dll (API version 3944462).
LogModuleManager: Display: Found up-to-date module file ../../../Engine/Plugins/Runtime/ArchVisCharacter/Binaries/Win64/UE4Editor-ArchVisCharacter.dll (API version 3944462).
LogModuleManager: Display: Found up-to-date module file ../../../Engine/Plugins/Runtime/AudioCapture/Binaries/Win64/UE4Editor-AudioCapture.dll (API version 3944462).
LogModuleManager: Display: Found up-to-date module file ../../../Engine/Plugins/Runtime/AudioCapture/Binaries/Win64/UE4Editor-AudioCaptureEditor.dll (API version 3944462).
LogModuleManager: Display: Found up-to-date module file ../../../Engine/Plugins/Runtime/CableComponent/Binaries/Win64/UE4Editor-CableComponent.dll (API version 3944462).
LogModuleManager: Display: Found up-to-date module file ../../../Engine/Plugins/Runtime/CustomMeshComponent/Binaries/Win64/UE4Editor-CustomMeshComponent.dll (API version 3944462).
LogModuleManager: Display: Found up-to-date module file ../../../Engine/Plugins/Runtime/ExampleDeviceProfileSelector/Binaries/Win64/UE4Editor-ExampleDeviceProfileSelector.dll (API version 3944462).
LogModuleManager: Display: Found up-to-date module file ../../../Engine/Plugins/Runtime/ImmediatePhysics/Binaries/Win64/UE4Editor-ImmediatePhysics.dll (API version 3944462).
LogModuleManager: Display: Found up-to-date module file ../../../Engine/Plugins/Runtime/ImmediatePhysics/Binaries/Win64/UE4Editor-ImmediatePhysicsEditor.dll (API version 3944462).
LogModuleManager: Display: Found up-to-date module file ../../../Engine/Plugins/Runtime/LocationServicesBPLibrary/Binaries/Win64/UE4Editor-LocationServicesBPLibrary.dll (API version 3944462).
LogModuleManager: Display: Found up-to-date module file ../../../Engine/Plugins/Runtime/MobilePatchingUtils/Binaries/Win64/UE4Editor-MobilePatchingUtils.dll (API version 3944462).
LogModuleManager: Display: Found up-to-date module file ../../../Engine/Plugins/Runtime/Oculus/OculusVR/Binaries/Win64/UE4Editor-OculusHMD.dll (API version 3944462).
LogModuleManager: Display: Found up-to-date module file ../../../Engine/Plugins/Runtime/Oculus/OculusVR/Binaries/Win64/UE4Editor-OculusInput.dll (API version 3944462).
LogModuleManager: Display: Found up-to-date module file ../../../Engine/Plugins/Runtime/Oculus/OculusVR/Binaries/Win64/UE4Editor-OculusEditor.dll (API version 3944462).
LogModuleManager: Display: Found up-to-date module file ../../../Engine/Plugins/Runtime/PhysXVehicles/Binaries/Win64/UE4Editor-PhysXVehicles.dll (API version 3944462).
LogModuleManager: Display: Found up-to-date module file ../../../Engine/Plugins/Runtime/PhysXVehicles/Binaries/Win64/UE4Editor-PhysXVehiclesEditor.dll (API version 3944462).
LogModuleManager: Display: Found up-to-date module file ../../../Engine/Plugins/Runtime/ProceduralMeshComponent/Binaries/Win64/UE4Editor-ProceduralMeshComponent.dll (API version 3944462).
LogModuleManager: Display: Found up-to-date module file ../../../Engine/Plugins/Runtime/ProceduralMeshComponent/Binaries/Win64/UE4Editor-ProceduralMeshComponentEditor.dll (API version 3944462).
LogModuleManager: Display: Found up-to-date module file ../../../Engine/Plugins/Runtime/RuntimePhysXCooking/Binaries/Win64/UE4Editor-RuntimePhysXCooking.dll (API version 3944462).
LogModuleManager: Display: Found up-to-date module file ../../../Engine/Plugins/Runtime/Steam/SteamVR/Binaries/Win64/UE4Editor-SteamVR.dll (API version 3944462).
LogModuleManager: Display: Found up-to-date module file ../../../Engine/Plugins/Runtime/Steam/SteamVR/Binaries/Win64/UE4Editor-SteamVRController.dll (API version 3944462).
LogModuleManager: Display: Found up-to-date module file ../../../Engine/Plugins/Runtime/WindowsMoviePlayer/Binaries/Win64/UE4Editor-WindowsMoviePlayer.dll (API version 3944462).
LogModuleManager: Display: Found up-to-date module file ../../../../../../Users/VRBC/Desktop/rjackson/PresentVR/SeniorDesignV1 4.19/Plugins/socketio-client-ue4/Binaries/Win64/UE4Editor-SocketIOClient.dll (API version 3944462).
LogModuleManager: Display: Found up-to-date module file ../../../../../../Users/VRBC/Desktop/rjackson/PresentVR/SeniorDesignV1 4.19/Plugins/socketio-client-ue4/Binaries/Win64/UE4Editor-SIOJson.dll (API version 3944462).
LogModuleManager: Display: Found up-to-date module file ../../../../../../Users/VRBC/Desktop/rjackson/PresentVR/SeniorDesignV1 4.19/Plugins/socketio-client-ue4/Binaries/Win64/UE4Editor-CoreUtility.dll (API version 3944462).
LogModuleManager: Display: Found up-to-date module file ../../../../../../Users/VRBC/Desktop/rjackson/PresentVR/SeniorDesignV1 4.19/Plugins/socketio-client-ue4/Binaries/Win64/UE4Editor-SIOJEditorPlugin.dll (API version 3944462).
LogInit: Using libcurl 7.47.1
LogInit:  - built for x86_64-pc-win32
LogInit:  - supports SSL with OpenSSL/1.0.2g
LogInit:  - supports HTTP deflate (compression) using libz 1.2.8
LogInit:  - other features:
LogInit:      CURL_VERSION_SSL
LogInit:      CURL_VERSION_LIBZ
LogInit:      CURL_VERSION_IPV6
LogInit:      CURL_VERSION_ASYNCHDNS
LogInit:      CURL_VERSION_LARGEFILE
LogInit:      CURL_VERSION_IDN
LogInit:  CurlRequestOptions (configurable via config and command line):
LogInit:  - bVerifyPeer = false  - Libcurl will NOT verify peer certificate
LogInit:  - bUseHttpProxy = false  - Libcurl will NOT use HTTP proxy
LogInit:  - bDontReuseConnections = false  - Libcurl will reuse connections
LogInit:  - CertBundlePath = nullptr  - Libcurl will use whatever was configured at build time.
LogInit:  - MaxHostConnections = 16  - Libcurl will limit the number of connections to a host
LogInit:  - LocalHostAddr = Default
LogInit: WinSock: version 1.1 (2.2), MaxSocks=32767, MaxUdp=65467
LogInit: WinSock: I am ART-D-01010 (172.21.0.216:0)
LogInit: Build: ++UE4+Release-4.19-CL-3944462
LogInit: Engine Version: 4.19.0-3944462+++UE4+Release-4.19
LogInit: Compatible Engine Version: 4.19.0-3944462+++UE4+Release-4.19
LogInit: Net CL: 3944462
LogDevObjectVersion: Number of dev versions registered: 18
LogDevObjectVersion:   Dev-Blueprints (B0D832E4-1F89-4F0D-ACCF-7EB736FD4AA2): 10
LogDevObjectVersion:   Dev-Build (E1C64328-A22C-4D53-A36C-8E866417BD8C): 0
LogDevObjectVersion:   Dev-Core (375EC13C-06E4-48FB-B500-84F0262A717E): 2
LogDevObjectVersion:   Dev-Editor (E4B068ED-F494-42E9-A231-DA0B2E46BB41): 23
LogDevObjectVersion:   Dev-Framework (CFFC743F-43B0-4480-9391-14DF171D2073): 33
LogDevObjectVersion:   Dev-Mobile (B02B49B5-BB20-44E9-A304-32B752E40360): 2
LogDevObjectVersion:   Dev-Networking (A4E4105C-59A1-49B5-A7C5-40C4547EDFEE): 0
LogDevObjectVersion:   Dev-Online (39C831C9-5AE6-47DC-9A44-9C173E1C8E7C): 0
LogDevObjectVersion:   Dev-Physics (78F01B33-EBEA-4F98-B9B4-84EACCB95AA2): 0
LogDevObjectVersion:   Dev-Platform (6631380F-2D4D-43E0-8009-CF276956A95A): 0
LogDevObjectVersion:   Dev-Rendering (12F88B9F-8875-4AFC-A67C-D90C383ABD29): 25
LogDevObjectVersion:   Dev-Sequencer (7B5AE74C-D270-4C10-A958-57980B212A5A): 6
LogDevObjectVersion:   Dev-VR (D7296918-1DD6-4BDD-9DE2-64A83CC13884): 1
LogDevObjectVersion:   Dev-LoadTimes (C2A15278-BFE7-4AFE-6C17-90FF531DF755): 1
LogDevObjectVersion:   Private-Geometry (6EACA3D4-40EC-4CC1-B786-8BED09428FC5): 2
LogDevObjectVersion:   Dev-AnimPhys (29E575DD-E0A3-4627-9D10-D276232CDCEA): 16
LogDevObjectVersion:   Dev-ReflectionCapture (6B266CEC-1EC7-4B8F-A30B-E4D90942FC07): 1
LogDevObjectVersion:   Dev-Automation (0DF73D61-A23F-47EA-B727-89E90C41499A): 1
LogInit: Compiled (64-bit): Mar 13 2018 23:12:32
LogInit: Compiled with Visual C++: 19.00.24215.01
LogInit: Build Configuration: Development
LogInit: Branch Name: ++UE4+Release-4.19
LogInit: Command Line:  
LogInit: Base Directory: C:/Program Files/Epic Games/UE_4.19/Engine/Binaries/Win64/
LogInit: Installed Engine Build: 1
LogStreaming: Display: Took  0.007s to delete old logs.
LogInit: Presizing for max 8388607 objects, including 0 objects not considered by GC, pre-allocating 0 bytes for permanent pool.
LogInit: Object subsystem initialized
[2018.05.07-22.21.25:738][  0]LogInit: Selected Device Profile: [Windows]
[2018.05.07-22.21.25:738][  0]LogInit: Applying CVar settings loaded from the selected device profile: [Windows]
[2018.05.07-22.21.25:765][  0]LogInit: Computer: ART-D-01010
[2018.05.07-22.21.25:765][  0]LogInit: User: VRBC
[2018.05.07-22.21.25:765][  0]LogInit: CPU Page size=4096, Cores=4
[2018.05.07-22.21.25:765][  0]LogInit: High frequency timer resolution =3.604939 MHz
[2018.05.07-22.21.25:765][  0]LogMemory: Memory total: Physical=15.9GB (16GB approx)
[2018.05.07-22.21.25:765][  0]LogMemory: Platform Memory Stats for Windows
[2018.05.07-22.21.25:765][  0]LogMemory: Process Physical Memory: 281.49 MB used, 281.49 MB peak
[2018.05.07-22.21.25:765][  0]LogMemory: Process Virtual Memory: 270.95 MB used, 270.95 MB peak
[2018.05.07-22.21.25:765][  0]LogMemory: Physical Memory: 7883.79 MB used,  8422.35 MB free, 16306.14 MB total
[2018.05.07-22.21.25:765][  0]LogMemory: Virtual Memory: 717.13 MB used,  8422.35 MB free, 134217728.00 MB total
[2018.05.07-22.21.25:980][  0]LogInit: Using OS detected language (en-US).
[2018.05.07-22.21.25:980][  0]LogInit: Using OS detected locale (en-US).
[2018.05.07-22.21.25:989][  0]LogTextLocalizationManager: No specific localization for 'en-US' exists, so the 'en' localization will be used.
[2018.05.07-22.21.26:599][  0]LogStreaming: Display: Took  0.619s to EndInitTextLocalization.
[2018.05.07-22.21.26:599][  0]LogInit: Setting process to per monitor DPI aware
[2018.05.07-22.21.26:681][  0]LogSlate: New Slate User Created.  User Index 0, Is Virtual User: 0
[2018.05.07-22.21.26:681][  0]LogSlate: Slate User Registered.  User Index 0, Is Virtual User: 0
[2018.05.07-22.21.27:049][  0]LogD3D11RHI: D3D11 adapters:
[2018.05.07-22.21.27:094][  0]LogD3D11RHI:    0. 'NVIDIA Quadro P4000' (Feature Level 11_0)
[2018.05.07-22.21.27:094][  0]LogD3D11RHI:       8121/0/8153 MB DedicatedVideo/DedicatedSystem/SharedSystem, Outputs:1, VendorId:0x10de
[2018.05.07-22.21.27:096][  0]LogD3D11RHI:    1. 'Microsoft Basic Render Driver' (Feature Level 11_0)
[2018.05.07-22.21.27:096][  0]LogD3D11RHI:       0/0/8153 MB DedicatedVideo/DedicatedSystem/SharedSystem, Outputs:0, VendorId:0x1414
[2018.05.07-22.21.27:096][  0]LogD3D11RHI: Chosen D3D11 Adapter: 0
[2018.05.07-22.21.27:108][  0]LogD3D11RHI: Creating new Direct3DDevice
[2018.05.07-22.21.27:108][  0]LogD3D11RHI:     GPU DeviceId: 0x1bb1 (for the marketing name, search the web for "GPU Device Id")
[2018.05.07-22.21.27:108][  0]LogWindows: EnumDisplayDevices:
[2018.05.07-22.21.27:108][  0]LogWindows:    0. 'NVIDIA Quadro P4000' (P:1 D:1)
[2018.05.07-22.21.27:109][  0]LogWindows:    1. 'NVIDIA Quadro P4000' (P:0 D:0)
[2018.05.07-22.21.27:109][  0]LogWindows:    2. 'NVIDIA Quadro P4000' (P:0 D:0)
[2018.05.07-22.21.27:109][  0]LogWindows:    3. 'NVIDIA Quadro P4000' (P:0 D:0)
[2018.05.07-22.21.27:109][  0]LogWindows: DebugString: FoundDriverCount:4 
[2018.05.07-22.21.27:110][  0]LogD3D11RHI:     Adapter Name: NVIDIA Quadro P4000
[2018.05.07-22.21.27:110][  0]LogD3D11RHI:   Driver Version: 381.65 (internal:22.21.13.8165, unified:381.65)
[2018.05.07-22.21.27:110][  0]LogD3D11RHI:      Driver Date: 3-31-2017
[2018.05.07-22.21.27:110][  0]LogRHI: Texture pool is 5685 MB (70% of 8121 MB)
[2018.05.07-22.21.27:146][  0]LogD3D11RHI: [Aftermath] Aftermath enabled but failed to initialize
[2018.05.07-22.21.27:147][  0]LogD3D11RHI: Async texture creation enabled
[2018.05.07-22.21.27:167][  0]LogD3D11RHI: GPU Timing Frequency: 1000.000000 (Debug: 2 1)
[2018.05.07-22.21.27:217][  0]LogShaderCompilers: Guid format shader working directory is -30 characters bigger than the processId version (../../../../../../Users/VRBC/Desktop/rjackson/PresentVR/SeniorDesignV1 4.19/Intermediate/Shaders/WorkingDirectory/3760/).
[2018.05.07-22.21.27:217][  0]LogShaderCompilers: Cleaned the shader compiler working directory 'C:/Users/VRBC/AppData/Local/Temp/UnrealShaderWorkingDir/75AA7BE6445614798B39B69384CC8C99/'.
[2018.05.07-22.21.28:005][  0]LogTemp: Display: Loaded TP AllDesktopTargetPlatform
[2018.05.07-22.21.28:022][  0]LogTemp: Display: Loaded TP MacClientTargetPlatform
[2018.05.07-22.21.28:037][  0]LogTemp: Display: Loaded TP MacNoEditorTargetPlatform
[2018.05.07-22.21.28:053][  0]LogTemp: Display: Loaded TP MacServerTargetPlatform
[2018.05.07-22.21.28:092][  0]LogTemp: Display: Loaded TP MacTargetPlatform
[2018.05.07-22.21.28:107][  0]LogTemp: Display: Loaded TP WindowsClientTargetPlatform
[2018.05.07-22.21.28:121][  0]LogTemp: Display: Loaded TP WindowsNoEditorTargetPlatform
[2018.05.07-22.21.28:136][  0]LogTemp: Display: Loaded TP WindowsServerTargetPlatform
[2018.05.07-22.21.28:144][  0]LogTemp: Display: Loaded TP WindowsTargetPlatform
[2018.05.07-22.21.28:157][  0]LogTemp: Display: Loaded TP Android_ASTCTargetPlatform
[2018.05.07-22.21.28:177][  0]LogTemp: Display: Loaded TP Android_ATCTargetPlatform
[2018.05.07-22.21.28:190][  0]LogTemp: Display: Loaded TP Android_DXTTargetPlatform
[2018.05.07-22.21.28:203][  0]LogTemp: Display: Loaded TP Android_ETC1aTargetPlatform
[2018.05.07-22.21.28:216][  0]LogTemp: Display: Loaded TP Android_ETC1TargetPlatform
[2018.05.07-22.21.28:229][  0]LogTemp: Display: Loaded TP Android_ETC2TargetPlatform
[2018.05.07-22.21.28:254][  0]LogTemp: Display: Loaded TP Android_MultiTargetPlatform
[2018.05.07-22.21.28:255][  0]LogTemp: Display: Loaded TP Android_PVRTCTargetPlatform
[2018.05.07-22.21.28:270][  0]LogTemp: Display: Loaded TP AndroidTargetPlatform
[2018.05.07-22.21.28:272][  0]LogTemp: Display: Loaded TP HTML5TargetPlatform
[2018.05.07-22.21.28:333][  0]LogTemp: Display: Loaded TP IOSTargetPlatform
[2018.05.07-22.21.28:346][  0]LogTemp: Display: Loaded TP TVOSTargetPlatform
[2018.05.07-22.21.28:359][  0]LogTemp: Display: Loaded TP LinuxClientTargetPlatform
[2018.05.07-22.21.28:372][  0]LogTemp: Display: Loaded TP LinuxNoEditorTargetPlatform
[2018.05.07-22.21.28:384][  0]LogTemp: Display: Loaded TP LinuxServerTargetPlatform
[2018.05.07-22.21.28:400][  0]LogTemp: Display: Loaded TP LinuxTargetPlatform
[2018.05.07-22.21.28:400][  0]LogTargetPlatformManager: Display: Building Assets For Windows
[2018.05.07-22.21.28:854][  0]LogXGEController: Cannot use XGE Controller as Incredibuild is not installed on this machine.
[2018.05.07-22.21.28:855][  0]LogShaderCompilers: Cannot use XGE Shader Compiler as Incredibuild is not installed on this machine.
[2018.05.07-22.21.28:855][  0]LogShaderCompilers: Display: Using Local Shader Compiler.
[2018.05.07-22.21.29:952][  0]LogDerivedDataCache: Display: Max Cache Size: 512 MB
[2018.05.07-22.21.30:287][  0]LogDerivedDataCache: Loaded boot cache 0.33s 74MB C:/Users/VRBC/AppData/Local/UnrealEngine/4.19/DerivedDataCache/Boot.ddc.
[2018.05.07-22.21.30:287][  0]LogDerivedDataCache: Display: Loaded Boot cache: C:/Users/VRBC/AppData/Local/UnrealEngine/4.19/DerivedDataCache/Boot.ddc
[2018.05.07-22.21.30:287][  0]LogDerivedDataCache: FDerivedDataBackendGraph:  Pak pak cache file ../../../../../../Users/VRBC/Desktop/rjackson/PresentVR/SeniorDesignV1 4.19/DerivedDataCache/DDC.ddp not found, will not use a pak cache.
[2018.05.07-22.21.30:287][  0]LogDerivedDataCache: Unable to find inner node Pak for hierarchical cache Hierarchy.
[2018.05.07-22.21.30:287][  0]LogDerivedDataCache: FDerivedDataBackendGraph:  CompressedPak pak cache file ../../../../../../Users/VRBC/Desktop/rjackson/PresentVR/SeniorDesignV1 4.19/DerivedDataCache/Compressed.ddp not found, will not use a pak cache.
[2018.05.07-22.21.30:287][  0]LogDerivedDataCache: Unable to find inner node CompressedPak for hierarchical cache Hierarchy.
[2018.05.07-22.21.30:310][  0]LogDerivedDataCache: Display: Pak cache opened for reading ../../../Engine/DerivedDataCache/Compressed.ddp.
[2018.05.07-22.21.30:323][  0]LogDerivedDataCache: Using Local data cache path C:/Users/VRBC/AppData/Local/UnrealEngine/Common/DerivedDataCache: Writable
[2018.05.07-22.21.30:343][  0]LogMaterial: Verifying Global Shaders for PCD3D_SM5
[2018.05.07-22.21.30:344][  0]LogSlate: Using Freetype 2.6.0
[2018.05.07-22.21.30:348][  0]LogSlate: SlateFontCache - WITH_FREETYPE: 1, WITH_HARFBUZZ: 1
[2018.05.07-22.21.30:348][  0]LogSlate: SlateFontCache - WITH_FREETYPE: 1, WITH_HARFBUZZ: 1
[2018.05.07-22.21.36:797][  0]LogAssetRegistry: FAssetRegistry took 0.0256 seconds to start up
[2018.05.07-22.21.37:834][  0]LogInit: Selected Device Profile: [Windows]
[2018.05.07-22.21.38:176][  0]LogSimplygon: Simplygon DLL not present - disabling.
[2018.05.07-22.21.38:182][  0]LogMeshReduction: Using SimplygonSwarm for distributed automatic mesh merging
[2018.05.07-22.21.38:182][  0]LogMeshReduction: Using QuadricMeshReduction for automatic static mesh reduction
[2018.05.07-22.21.38:182][  0]LogMeshReduction: No automatic skeletal mesh reduction module available
[2018.05.07-22.21.38:182][  0]LogMeshReduction: No automatic mesh merging module available
[2018.05.07-22.21.38:182][  0]LogMeshMerging: No automatic mesh merging module available
[2018.05.07-22.21.38:255][  0]LogNetVersion: SeniorDesignV1 , NetCL: 3944462, EngineNetVer: 2, GameNetVer: 0 (Checksum: 838868365)
[2018.05.07-22.21.38:948][  0]LogPackageLocalizationCache: Processed 9 localized package path(s) for 2 prioritized culture(s) in 0.077967 seconds
[2018.05.07-22.21.38:955][  0]LogUObjectArray: 36728 objects as part of root set at end of initial load.
[2018.05.07-22.21.38:955][  0]LogUObjectAllocator: 7314304 out of 0 bytes used by permanent object pool.
[2018.05.07-22.21.38:955][  0]LogUObjectArray: CloseDisregardForGC: 0/0 objects in disregard for GC pool
[2018.05.07-22.21.41:942][  0]LogTcpMessaging: Initializing TcpMessaging bridge
[2018.05.07-22.21.41:979][  0]LogUdpMessaging: Initializing bridge on interface 0.0.0.0:0 to multicast group 230.0.0.1:6666.
[2018.05.07-22.21.42:562][  0]SourceControl: Source control is disabled
[2018.05.07-22.21.42:562][  0]SourceControl: Source control is disabled
[2018.05.07-22.21.42:592][  0]SourceControl: Source control is disabled
[2018.05.07-22.21.42:625][  0]SourceControl: Source control is disabled
[2018.05.07-22.21.43:383][  0]LogAndroidPermission: UAndroidPermissionCallbackProxy::GetInstance
[2018.05.07-22.21.43:674][  0]LogOcInput: OculusInput pre-init called
[2018.05.07-22.21.43:897][  0]LogEngine: Initializing Engine...
[2018.05.07-22.21.43:902][  0]LogHMD: Oculus plugin initialized. Version: 4.19.0-3944462+++UE4+Release-4.19, OVRPlugin: 1.21.0
[2018.05.07-22.21.43:904][  0]LogStats: UGameplayTagsManager::ConstructGameplayTagTree: Construct from data asset -  0.000 s
[2018.05.07-22.21.43:904][  0]LogStats: UGameplayTagsManager::ConstructGameplayTagTree: GameplayTagTreeChangedEvent.Broadcast -  0.000 s
[2018.05.07-22.21.44:244][  0]LogAIModule: Creating AISystem for world Untitled
[2018.05.07-22.21.44:335][  0]LogInit: XAudio2 using 'Speakers / Headphones (Realtek Audio)' : 2 channels at 48 kHz using 32 bits per sample (channel mask 0x3)
[2018.05.07-22.21.44:534][  0]LogInit: FAudioDevice initialized.
[2018.05.07-22.21.44:657][  0]LogDerivedDataCache: Saved boot cache 0.12s 74MB C:/Users/VRBC/AppData/Local/UnrealEngine/4.19/DerivedDataCache/Boot.ddc.
[2018.05.07-22.21.44:669][  0]LogInit: Texture streaming: Enabled
[2018.05.07-22.21.44:697][  0]LogEngineSessionManager: EngineSessionManager initialized
[2018.05.07-22.21.44:717][  0]LogInit: Transaction tracking system initialized
[2018.05.07-22.21.44:748][  0]BlueprintLog: New page: Editor Load
[2018.05.07-22.21.44:881][  0]LocalizationService: Localization service is disabled
[2018.05.07-22.21.45:039][  0]LogConsoleResponse: Display: 
[2018.05.07-22.21.45:242][  0]LogCook: Display: Max memory allowance for cook 16384mb min free memory 0mb
[2018.05.07-22.21.45:242][  0]LogCook: Display: Mobile HDR setting 1
[2018.05.07-22.21.45:242][  0]LogGameplayTags: Display: UGameplayTagsManager::DoneAddingNativeTags. DelegateIsBound: 0
[2018.05.07-22.21.45:242][  0]LogStats: UGameplayTagsManager::ConstructGameplayTagTree: Construct from data asset -  0.000 s
[2018.05.07-22.21.45:242][  0]LogStats: UGameplayTagsManager::ConstructGameplayTagTree: GameplayTagTreeChangedEvent.Broadcast -  0.000 s
[2018.05.07-22.21.45:842][  0]LogFileCache: Scanning file cache for directory 'C:/Users/VRBC/Desktop/rjackson/PresentVR/SeniorDesignV1 4.19/Content/' took 0.02s
[2018.05.07-22.21.45:976][  0]SourceControl: Source control is disabled
[2018.05.07-22.21.45:977][  0]Cmd: MAP LOAD FILE="../../../Engine/Content/Maps/Templates/Template_Default.umap" TEMPLATE=1 SHOWPROGRESS=1 FEATURELEVEL=3
[2018.05.07-22.21.45:981][  0]LightingResults: New page: Lighting Build
[2018.05.07-22.21.46:009][  0]MapCheck: New page: Map Check
[2018.05.07-22.21.46:009][  0]LightingResults: New page: Lighting Build
[2018.05.07-22.21.46:235][  0]LogAIModule: Creating AISystem for world Untitled_1
[2018.05.07-22.21.46:263][  0]LogEditorServer: Finished looking for orphan Actors (0.000 secs)
[2018.05.07-22.21.46:278][  0]Cmd: MAP CHECKDEP NOCLEARLOG
[2018.05.07-22.21.46:415][  0]MapCheck: Map check complete: 0 Error(s), 0 Warning(s), took 137.106ms to complete.
[2018.05.07-22.21.46:415][  0]LogFileHelpers: Loading map 'Template_Default' took 0.439
[2018.05.07-22.21.46:568][  0]LogCollectionManager: Loaded 0 collections in 0.002355 seconds
[2018.05.07-22.21.46:613][  0]LogFileCache: Scanning file cache for directory 'C:/Users/VRBC/Desktop/rjackson/PresentVR/SeniorDesignV1 4.19/Saved/Collections/' took 0.01s
[2018.05.07-22.21.46:613][  0]LogFileCache: Scanning file cache for directory 'C:/Users/VRBC/Desktop/rjackson/PresentVR/SeniorDesignV1 4.19/Content/Developers/VRBC/Collections/' took 0.01s
[2018.05.07-22.21.46:613][  0]LogFileCache: Scanning file cache for directory 'C:/Users/VRBC/Desktop/rjackson/PresentVR/SeniorDesignV1 4.19/Content/Collections/' took 0.01s
[2018.05.07-22.21.46:613][  0]LogCollectionManager: Rebuilt the GUID cache for 0 collections in 0.000000 seconds
[2018.05.07-22.21.46:622][  0]LogContentBrowser: Native class hierarchy populated in 0.0089 seconds. Added 2462 classes and 567 folders.
[2018.05.07-22.21.46:631][  0]LogContentBrowser: Native class hierarchy updated for 'WidgetCarousel' in 0.0007 seconds. Added 0 classes and 0 folders.
[2018.05.07-22.21.46:754][  0]LogContentBrowser: Native class hierarchy updated for 'AddContentDialog' in 0.0008 seconds. Added 0 classes and 0 folders.
[2018.05.07-22.21.46:760][  0]LogContentBrowser: Native class hierarchy updated for 'SceneOutliner' in 0.0008 seconds. Added 1 classes and 2 folders.
[2018.05.07-22.21.46:850][  0]LogSlate: Took 0.001826 seconds to synchronously load lazily loaded font '../../../Engine/Content/Slate/Fonts/Roboto-Regular.ttf' (155K)
[2018.05.07-22.21.46:854][  0]LogSlate: Took 0.001351 seconds to synchronously load lazily loaded font '../../../Engine/Content/Slate/Fonts/Roboto-Bold.ttf' (160K)
[2018.05.07-22.21.46:868][  0]LogSlate: Took 0.001414 seconds to synchronously load lazily loaded font '../../../Engine/Content/Editor/Slate/Fonts/FontAwesome.ttf' (139K)
[2018.05.07-22.21.46:961][  0]LogRenderer: Reallocating scene render targets to support 1080x440 Format 10 NumSamples 1 (Frame:1).
[2018.05.07-22.21.47:159][  0]LogContentBrowser: Native class hierarchy updated for 'HierarchicalLODOutliner' in 0.0008 seconds. Added 0 classes and 0 folders.
[2018.05.07-22.21.47:159][  0]LogLoad: (Engine Initialization) Total time: 29.08 seconds
[2018.05.07-22.21.47:159][  0]LogLoad: (Engine Initialization) Total Blueprint compile time: 0.00 seconds
[2018.05.07-22.21.47:499][  0]LogOcInput: OculusInput is initialized
[2018.05.07-22.21.47:520][  0]LogContentStreaming: Texture pool size now 1000 MB
[2018.05.07-22.21.47:554][  0]LogSlate: Took 0.002153 seconds to synchronously load lazily loaded font '../../../Engine/Content/Slate/Fonts/Roboto-Light.ttf' (167K)
[2018.05.07-22.21.47:838][  1]LogAssetRegistry: Asset discovery search completed in 11.0622 seconds
[2018.05.07-22.21.47:842][  1]LogCollectionManager: Rebuilt the object cache for 0 collections in 0.000000 seconds (found 0 objects)
[2018.05.07-22.21.47:842][  1]LogCollectionManager: Fixed up redirectors for 0 collections in 0.000075 seconds (updated 0 objects)
[2018.05.07-22.21.50:275][286]LogSlate: FSceneViewport::OnFocusLost() reason 0
[2018.05.07-22.21.59:496][323]LogSlate: Took 0.000267 seconds to synchronously load lazily loaded font '../../../Engine/Content/Slate/Fonts/Roboto-Light.ttf' (167K)
[2018.05.07-22.21.59:528][323]LogLinker: Warning: Can't find file '/Game/StarterContent/Textures/T_MacroVariation'
[2018.05.07-22.21.59:528][323]LogLinker: Warning: Can't find file for asset '/Game/StarterContent/Textures/T_MacroVariation' while loading ../../../../../../Users/VRBC/Desktop/rjackson/PresentVR/SeniorDesignV1 4.19/Content/Assets/ConferenceRoom/Materials/M_Rock_Sandstone.uasset.
[2018.05.07-22.21.59:528][323]LoadErrors: Error: /Game/Assets/ConferenceRoom/Materials/M_Rock_Sandstone : Can't find file for asset. /Game/StarterContent/Textures/T_MacroVariation
[2018.05.07-22.21.59:529][323]LogLinker: Warning: Can't find file '/Game/StarterContent/Textures/T_Perlin_Noise_M'
[2018.05.07-22.21.59:529][323]LogLinker: Warning: Can't find file for asset '/Game/StarterContent/Textures/T_Perlin_Noise_M' while loading ../../../../../../Users/VRBC/Desktop/rjackson/PresentVR/SeniorDesignV1 4.19/Content/Assets/ConferenceRoom/Materials/M_Rock_Sandstone.uasset.
[2018.05.07-22.21.59:529][323]LoadErrors: Error: /Game/Assets/ConferenceRoom/Materials/M_Rock_Sandstone : Can't find file for asset. /Game/StarterContent/Textures/T_Perlin_Noise_M
[2018.05.07-22.21.59:529][323]LogLinker: Warning: Can't find file '/Game/StarterContent/Textures/T_Rock_Sandstone_D'
[2018.05.07-22.21.59:529][323]LogLinker: Warning: Can't find file for asset '/Game/StarterContent/Textures/T_Rock_Sandstone_D' while loading ../../../../../../Users/VRBC/Desktop/rjackson/PresentVR/SeniorDesignV1 4.19/Content/Assets/ConferenceRoom/Materials/M_Rock_Sandstone.uasset.
[2018.05.07-22.21.59:529][323]LoadErrors: Error: /Game/Assets/ConferenceRoom/Materials/M_Rock_Sandstone : Can't find file for asset. /Game/StarterContent/Textures/T_Rock_Sandstone_D
[2018.05.07-22.21.59:529][323]LogLinker: Warning: Can't find file '/Game/StarterContent/Textures/T_Rock_Sandstone_N'
[2018.05.07-22.21.59:529][323]LogLinker: Warning: Can't find file for asset '/Game/StarterContent/Textures/T_Rock_Sandstone_N' while loading ../../../../../../Users/VRBC/Desktop/rjackson/PresentVR/SeniorDesignV1 4.19/Content/Assets/ConferenceRoom/Materials/M_Rock_Sandstone.uasset.
[2018.05.07-22.21.59:529][323]LoadErrors: Error: /Game/Assets/ConferenceRoom/Materials/M_Rock_Sandstone : Can't find file for asset. /Game/StarterContent/Textures/T_Rock_Sandstone_N
[2018.05.07-22.21.59:530][323]LogLinker: Warning: Can't find file '/Game/StarterContent/Textures/T_MacroVariation'
[2018.05.07-22.21.59:530][323]LogLinker: Warning: Can't find file for asset '/Game/StarterContent/Textures/T_MacroVariation' while loading ../../../../../../Users/VRBC/Desktop/rjackson/PresentVR/SeniorDesignV1 4.19/Content/Assets/ConferenceRoom/Materials/M_Rock_Sandstone.uasset.
[2018.05.07-22.21.59:530][323]LogLinker: Warning: Can't find file '/Game/StarterContent/Textures/T_Perlin_Noise_M'
[2018.05.07-22.21.59:530][323]LogLinker: Warning: Can't find file for asset '/Game/StarterContent/Textures/T_Perlin_Noise_M' while loading ../../../../../../Users/VRBC/Desktop/rjackson/PresentVR/SeniorDesignV1 4.19/Content/Assets/ConferenceRoom/Materials/M_Rock_Sandstone.uasset.
[2018.05.07-22.21.59:530][323]LogLinker: Warning: Can't find file '/Game/StarterContent/Textures/T_Rock_Sandstone_D'
[2018.05.07-22.21.59:530][323]LogLinker: Warning: Can't find file for asset '/Game/StarterContent/Textures/T_Rock_Sandstone_D' while loading ../../../../../../Users/VRBC/Desktop/rjackson/PresentVR/SeniorDesignV1 4.19/Content/Assets/ConferenceRoom/Materials/M_Rock_Sandstone.uasset.
[2018.05.07-22.21.59:530][323]LogLinker: Warning: Can't find file '/Game/StarterContent/Textures/T_Rock_Sandstone_N'
[2018.05.07-22.21.59:531][323]LogLinker: Warning: Can't find file for asset '/Game/StarterContent/Textures/T_Rock_Sandstone_N' while loading ../../../../../../Users/VRBC/Desktop/rjackson/PresentVR/SeniorDesignV1 4.19/Content/Assets/ConferenceRoom/Materials/M_Rock_Sandstone.uasset.
[2018.05.07-22.21.59:576][323]LogLinker: Warning: Can't find file '/Game/StarterContent/Textures/T_Rock_Sandstone_D'
[2018.05.07-22.21.59:576][323]LoadErrors: Failed to load /Game/StarterContent/Textures/T_Rock_Sandstone_D.T_Rock_Sandstone_D Referenced by MaterialExpressionTextureSample_1
[2018.05.07-22.21.59:576][323]LogLinker: Warning: Can't find file for asset '/Game/StarterContent/Textures/T_Rock_Sandstone_D' while loading NULL.
[2018.05.07-22.21.59:576][323]LogLinker: Warning: Can't find file '/Game/StarterContent/Textures/T_Rock_Sandstone_D'
[2018.05.07-22.21.59:576][323]LoadErrors: Failed to load /Game/StarterContent/Textures/T_Rock_Sandstone_D.T_Rock_Sandstone_D Referenced by MaterialExpressionTextureSample_2
[2018.05.07-22.21.59:576][323]LogLinker: Warning: Can't find file for asset '/Game/StarterContent/Textures/T_Rock_Sandstone_D' while loading NULL.
[2018.05.07-22.21.59:576][323]LogLinker: Warning: Can't find file '/Game/StarterContent/Textures/T_Rock_Sandstone_N'
[2018.05.07-22.21.59:576][323]LoadErrors: Failed to load /Game/StarterContent/Textures/T_Rock_Sandstone_N.T_Rock_Sandstone_N Referenced by MaterialExpressionTextureSample_4
[2018.05.07-22.21.59:577][323]LogLinker: Warning: Can't find file for asset '/Game/StarterContent/Textures/T_Rock_Sandstone_N' while loading NULL.
[2018.05.07-22.21.59:577][323]LogLinker: Warning: Can't find file '/Game/StarterContent/Textures/T_Rock_Sandstone_N'
[2018.05.07-22.21.59:577][323]LoadErrors: Failed to load /Game/StarterContent/Textures/T_Rock_Sandstone_N.T_Rock_Sandstone_N Referenced by MaterialExpressionTextureSample_5
[2018.05.07-22.21.59:577][323]LogLinker: Warning: Can't find file for asset '/Game/StarterContent/Textures/T_Rock_Sandstone_N' while loading NULL.
[2018.05.07-22.21.59:577][323]LogLinker: Warning: Can't find file '/Game/StarterContent/Textures/T_Perlin_Noise_M'
[2018.05.07-22.21.59:577][323]LoadErrors: Failed to load /Game/StarterContent/Textures/T_Perlin_Noise_M.T_Perlin_Noise_M Referenced by MaterialExpressionTextureSample_62
[2018.05.07-22.21.59:577][323]LogLinker: Warning: Can't find file for asset '/Game/StarterContent/Textures/T_Perlin_Noise_M' while loading NULL.
[2018.05.07-22.21.59:578][323]LogLinker: Warning: Can't find file '/Game/StarterContent/Textures/T_MacroVariation'
[2018.05.07-22.21.59:578][323]LoadErrors: Failed to load /Game/StarterContent/Textures/T_MacroVariation.T_MacroVariation Referenced by MaterialExpressionTextureSample_63
[2018.05.07-22.21.59:578][323]LogLinker: Warning: Can't find file for asset '/Game/StarterContent/Textures/T_MacroVariation' while loading NULL.
[2018.05.07-22.21.59:578][323]LogLinker: Warning: Can't find file '/Game/StarterContent/Textures/T_MacroVariation'
[2018.05.07-22.21.59:578][323]LoadErrors: Failed to load /Game/StarterContent/Textures/T_MacroVariation.T_MacroVariation Referenced by MaterialExpressionTextureSample_64
[2018.05.07-22.21.59:578][323]LogLinker: Warning: Can't find file for asset '/Game/StarterContent/Textures/T_MacroVariation' while loading NULL.
[2018.05.07-22.21.59:578][323]LogLinker: Warning: Can't find file '/Game/StarterContent/Textures/T_MacroVariation'
[2018.05.07-22.21.59:578][323]LoadErrors: Failed to load /Game/StarterContent/Textures/T_MacroVariation.T_MacroVariation Referenced by MaterialExpressionTextureSample_65
[2018.05.07-22.21.59:579][323]LogLinker: Warning: Can't find file for asset '/Game/StarterContent/Textures/T_MacroVariation' while loading NULL.
[2018.05.07-22.21.59:645][323]LogMaterial: Missing cached shader map for material M_Rock_Sandstone, compiling. 
[2018.05.07-22.21.59:649][323]LogMaterial: Warning: C:\Users\VRBC\Desktop\rjackson\PresentVR\SeniorDesignV1 4.19\Content\Assets\ConferenceRoom\Materials\M_Rock_Sandstone.uasset: Failed to compile Material for platform PCD3D_SM5, Default Material will be used in game.
[2018.05.07-22.21.59:649][323]LogMaterial: 	(Node TextureSample) Texture Sample> Missing input texture
[2018.05.07-22.21.59:650][323]LogAIModule: Creating AISystem for world conferenceRoom
[2018.05.07-22.21.59:667][323]Cmd: MAP LOAD FILE="../../../../../../Users/VRBC/Desktop/rjackson/PresentVR/SeniorDesignV1 4.19/Content/levels/conferenceRoom.umap" TEMPLATE=0 SHOWPROGRESS=1 FEATURELEVEL=3
[2018.05.07-22.21.59:667][323]LightingResults: New page: Lighting Build
[2018.05.07-22.21.59:667][323]LoadErrors: New page: Loading map: conferenceRoom.umap
[2018.05.07-22.21.59:668][323]MapCheck: New page: Map Check
[2018.05.07-22.21.59:668][323]LightingResults: New page: Lighting Build
[2018.05.07-22.21.59:732][323]LogEditorServer: Finished looking for orphan Actors (0.000 secs)
[2018.05.07-22.21.59:765][323]Cmd: MAP CHECKDEP NOCLEARLOG
[2018.05.07-22.21.59:850][323]MapCheck: Map check complete: 0 Error(s), 0 Warning(s), took 84.624ms to complete.
[2018.05.07-22.21.59:850][323]LogFileHelpers: Loading map 'conferenceRoom' took 0.184
[2018.05.07-22.22.28:784][699]LogSlate: FSceneViewport::OnFocusLost() reason 0
[2018.05.07-22.22.29:301][747]LogBlueprint: Warning: [Compiler Male1_AnimationBP] Transform (Modify) Bone - Bone: Head  - No components to modify selected.  Either Rotation, Translation, or Scale should be set to something other than Ignore
[2018.05.07-22.22.29:308][747]LogBlueprint: Warning: [Compiler Male1_AnimationBP] Node  Transform (Modify) Bone - Bone: Head  uses potentially thread-unsafe call  Get Player Character . Disable threaded update or use a thread-safe call. Function may need BlueprintThreadSafe metadata adding.
[2018.05.07-22.22.29:308][747]LogBlueprint: Warning: [Compiler Male1_AnimationBP] Node  Transform (Modify) Bone - Bone: Head  uses potentially thread-unsafe call  Get Player Character . Disable threaded update or use a thread-safe call. Function may need BlueprintThreadSafe metadata adding.
[2018.05.07-22.22.29:308][747]LogBlueprint: Warning: [Compiler Male1_AnimationBP] Node  Transform (Modify) Bone - Bone: Head  uses potentially thread-unsafe call  Get Owning Actor . Disable threaded update or use a thread-safe call. Function may need BlueprintThreadSafe metadata adding.
[2018.05.07-22.22.29:308][747]LogBlueprint: Warning: [Compiler Male1_AnimationBP] Node  Transform (Modify) Bone - Bone: Head  uses potentially thread-unsafe call  Get Owning Actor . Disable threaded update or use a thread-safe call. Function may need BlueprintThreadSafe metadata adding.
[2018.05.07-22.22.29:308][747]LogBlueprint: Warning: [Compiler Male1_AnimationBP] Node  Transform (Modify) Bone - Bone: Head  uses potentially thread-unsafe call  Get Player Character . Disable threaded update or use a thread-safe call. Function may need BlueprintThreadSafe metadata adding.
[2018.05.07-22.22.29:308][747]LogBlueprint: Warning: [Compiler Male1_AnimationBP] Node  Transform (Modify) Bone - Bone: Head  uses potentially thread-unsafe call  Get Player Character . Disable threaded update or use a thread-safe call. Function may need BlueprintThreadSafe metadata adding.
[2018.05.07-22.22.29:308][747]LogBlueprint: Warning: [Compiler Male1_AnimationBP] Node  Transform (Modify) Bone - Bone: Head  uses potentially thread-unsafe call  Get Owning Actor . Disable threaded update or use a thread-safe call. Function may need BlueprintThreadSafe metadata adding.
[2018.05.07-22.22.29:308][747]LogBlueprint: Warning: [Compiler Male1_AnimationBP] Node  Transform (Modify) Bone - Bone: Head  uses potentially thread-unsafe call  Get Owning Actor . Disable threaded update or use a thread-safe call. Function may need BlueprintThreadSafe metadata adding.
[2018.05.07-22.22.29:308][747]LogBlueprint: Warning: [Compiler Male1_AnimationBP] Node  Transform (Modify) Bone - Bone: Head  uses potentially thread-unsafe call  Get Player Character . Disable threaded update or use a thread-safe call. Function may need BlueprintThreadSafe metadata adding.
[2018.05.07-22.22.29:308][747]LogBlueprint: Warning: [Compiler Male1_AnimationBP] Node  Transform (Modify) Bone - Bone: Head  uses potentially thread-unsafe call  Get Player Character . Disable threaded update or use a thread-safe call. Function may need BlueprintThreadSafe metadata adding.
[2018.05.07-22.22.29:308][747]LogBlueprint: Warning: [Compiler Male1_AnimationBP] Node  Transform (Modify) Bone - Bone: Head  uses potentially thread-unsafe call  Get Owning Actor . Disable threaded update or use a thread-safe call. Function may need BlueprintThreadSafe metadata adding.
[2018.05.07-22.22.29:308][747]LogBlueprint: Warning: [Compiler Male1_AnimationBP] Node  Transform (Modify) Bone - Bone: Head  uses potentially thread-unsafe call  Get Owning Actor . Disable threaded update or use a thread-safe call. Function may need BlueprintThreadSafe metadata adding.
[2018.05.07-22.22.29:309][747]LogBlueprint: Warning: [Compiler Male1_AnimationBP] [0071.23] Compile of Male1_AnimationBP successful, but with 13 Warning(s) [in 18 ms] (/Game/people/testmale/animation/Male1_AnimationBP.Male1_AnimationBP)
[2018.05.07-22.22.30:187][747]LogSkeletalMesh: Skeletal Mesh found in DDC [4.620050ms] /Game/people/male2/male2_sitting.male2_sitting
[2018.05.07-22.22.30:225][747]LogSkeletalMesh: Skeletal Mesh found in DDC [4.483294ms] /Game/people/female5/female5_sitting.female5_sitting
[2018.05.07-22.22.30:269][747]LogSkeletalMesh: Skeletal Mesh found in DDC [15.314267ms] /Game/people/testmale/mesh/male1.male1
[2018.05.07-22.22.30:367][747]LogSkeletalMesh: Skeletal Mesh found in DDC [3.715181ms] /Game/people/female4/female4_sitting.female4_sitting
[2018.05.07-22.22.30:440][747]LogSkeletalMesh: Skeletal Mesh found in DDC [3.811438ms] /Game/people/female3/female3_sitting.female3_sitting
[2018.05.07-22.22.30:453][747]LogSkeletalMesh: Skeletal Mesh found in DDC [4.453889ms] /Game/male1_sitting.male1_sitting
[2018.05.07-22.22.30:458][747]LogSkeletalMesh: Skeletal Mesh found in DDC [4.660551ms] /Game/people/female2/female2_sitting.female2_sitting
[2018.05.07-22.22.30:472][747]LogSkeletalMesh: Skeletal Mesh found in DDC [4.288561ms] /Game/people/male5/male5_sitting.male5_sitting
[2018.05.07-22.22.30:482][747]LogSkeletalMesh: Skeletal Mesh found in DDC [4.234746ms] /Game/people/male4/male4_sitting.male4_sitting
[2018.05.07-22.22.30:493][747]LogSkeletalMesh: Skeletal Mesh found in DDC [5.083026ms] /Game/people/male3/male3_sitting.male3_sitting
[2018.05.07-22.22.30:499][747]LogAIModule: Creating AISystem for world Clsasroom
[2018.05.07-22.22.30:546][747]Cmd: MAP LOAD FILE="../../../../../../Users/VRBC/Desktop/rjackson/PresentVR/SeniorDesignV1 4.19/Content/levels/Clsasroom.umap" TEMPLATE=0 SHOWPROGRESS=1 FEATURELEVEL=3
[2018.05.07-22.22.30:546][747]LightingResults: New page: Lighting Build
[2018.05.07-22.22.30:547][747]LoadErrors: New page: Loading map: Clsasroom.umap
[2018.05.07-22.22.30:547][747]MapCheck: New page: Map Check
[2018.05.07-22.22.30:548][747]LightingResults: New page: Lighting Build
[2018.05.07-22.22.30:579][747]LogScript: Warning: Accessed None trying to read property CallFunc_GetPlayerCharacter_ReturnValue1
	Male1_AnimationBP_C /Game/levels/Clsasroom.Clsasroom:PersistentLevel.AudiencePawn_237.SkeletalMesh.Male1_AnimationBP_C_1
	Function /Game/people/testmale/animation/Male1_AnimationBP.Male1_AnimationBP_C:ExecuteUbergraph_Male1_AnimationBP:04D3
[2018.05.07-22.22.30:585][747]LogScript: Warning: Accessed None trying to read property CallFunc_GetPlayerCharacter_ReturnValue1
	Male1_AnimationBP_C /Game/levels/Clsasroom.Clsasroom:PersistentLevel.AudiencePawn_237.SkeletalMesh.Male1_AnimationBP_C_2
	Function /Game/people/testmale/animation/Male1_AnimationBP.Male1_AnimationBP_C:ExecuteUbergraph_Male1_AnimationBP:04D3
[2018.05.07-22.22.30:705][747]LogEditorServer: Finished looking for orphan Actors (0.000 secs)
[2018.05.07-22.22.30:744][747]Cmd: MAP CHECKDEP NOCLEARLOG
[2018.05.07-22.22.30:860][747]MapCheck: Map check complete: 0 Error(s), 0 Warning(s), took 116.254ms to complete.
[2018.05.07-22.22.30:860][747]LogFileHelpers: Loading map 'Clsasroom' took 0.315
[2018.05.07-22.22.37:212][438]LogSlate: FSceneViewport::OnFocusLost() reason 0
[2018.05.07-22.22.38:110][541]LogAIModule: Creating AISystem for world MainMenu
[2018.05.07-22.22.38:123][541]Cmd: MAP LOAD FILE="../../../../../../Users/VRBC/Desktop/rjackson/PresentVR/SeniorDesignV1 4.19/Content/levels/MainMenu.umap" TEMPLATE=0 SHOWPROGRESS=1 FEATURELEVEL=3
[2018.05.07-22.22.38:123][541]LightingResults: New page: Lighting Build
[2018.05.07-22.22.38:123][541]LoadErrors: New page: Loading map: MainMenu.umap
[2018.05.07-22.22.38:126][541]MapCheck: New page: Map Check
[2018.05.07-22.22.38:126][541]LightingResults: New page: Lighting Build
[2018.05.07-22.22.38:228][541]LogEditorServer: Finished looking for orphan Actors (0.000 secs)
[2018.05.07-22.22.38:261][541]Cmd: MAP CHECKDEP NOCLEARLOG
[2018.05.07-22.22.38:377][541]MapCheck: Map check complete: 0 Error(s), 0 Warning(s), took 115.908ms to complete.
[2018.05.07-22.22.38:378][541]LogFileHelpers: Loading map 'MainMenu' took 0.256
[2018.05.07-22.22.40:918][837]LogSlate: FSceneViewport::OnFocusLost() reason 2
[2018.05.07-22.22.42:846][ 66]LogBlueprintUserMessages: Early PlayInEditor Detection: Level '/Game/levels/MainMenu.MainMenu:PersistentLevel' has LevelScriptBlueprint '/Game/levels/MainMenu.MainMenu:PersistentLevel.MainMenu' with GeneratedClass '/Game/levels/MainMenu.MainMenu_C' with ClassGeneratedBy '/Game/levels/MainMenu.MainMenu:PersistentLevel.MainMenu'
[2018.05.07-22.22.42:846][ 66]LogPlayLevel: PlayLevel: No blueprints needed recompiling
[2018.05.07-22.22.42:846][ 66]LogHMD: Initializing OVRPlugin session
[2018.05.07-22.22.42:913][ 66]PIE: New page: PIE session: MainMenu (May 7, 2018, 8:22:42 AM)
[2018.05.07-22.22.42:914][ 66]LogPlayLevel: Creating play world package: /Game/levels/UEDPIE_0_MainMenu
[2018.05.07-22.22.42:916][ 66]LogPlayLevel: PIE: StaticDuplicateObject took: (0.001972s)
[2018.05.07-22.22.42:917][ 66]LogAIModule: Creating AISystem for world MainMenu
[2018.05.07-22.22.42:917][ 66]LogPlayLevel: PIE: World Init took: (0.000648s)
[2018.05.07-22.22.42:917][ 66]LogPlayLevel: PIE: Created PIE world by copying editor world from /Game/levels/MainMenu.MainMenu to /Game/levels/UEDPIE_0_MainMenu.MainMenu (0.003065s)
[2018.05.07-22.22.42:946][ 66]LogInit: XAudio2 using 'Speakers / Headphones (Realtek Audio)' : 2 channels at 48 kHz using 32 bits per sample (channel mask 0x3)
[2018.05.07-22.22.42:978][ 66]LogInit: FAudioDevice initialized.
[2018.05.07-22.22.42:982][ 66]LogSlate: FSceneViewport::OnFocusLost() reason 2
[2018.05.07-22.22.43:083][ 66]LogLoad: Game class is 'MyGameMode_C'
[2018.05.07-22.22.43:089][ 66]LogWorld: Bringing World /Game/levels/UEDPIE_0_MainMenu.MainMenu up for play (max tick rate 0) at 2018.05.07-15.22.43
[2018.05.07-22.22.43:092][ 66]LogWorld: Bringing up level for play took: 0.003466
[2018.05.07-22.22.43:104][ 66]LogContentBrowser: Native class hierarchy updated for 'MovieSceneCapture' in 0.0008 seconds. Added 11 classes and 0 folders.
[2018.05.07-22.22.43:106][ 66]LogSlate: New Slate User Created.  User Index 8, Is Virtual User: 1
[2018.05.07-22.22.43:106][ 66]LogSlate: Slate User Registered.  User Index 8, Is Virtual User: 1
[2018.05.07-22.22.43:116][ 66]PIE: Play in editor start time for /Game/levels/UEDPIE_0_MainMenu -0.146
[2018.05.07-22.22.43:117][ 66]LogBlueprintUserMessages: Late PlayInEditor Detection: Level '/Game/levels/MainMenu.MainMenu:PersistentLevel' has LevelScriptBlueprint '/Game/levels/MainMenu.MainMenu:PersistentLevel.MainMenu' with GeneratedClass '/Game/levels/MainMenu.MainMenu_C' with ClassGeneratedBy '/Game/levels/MainMenu.MainMenu:PersistentLevel.MainMenu'
[2018.05.07-22.22.45:668][362]LogNet: Browse: /Game/levels/Clsasroom
[2018.05.07-22.22.45:668][362]LogLoadingSplash: Loading begins
[2018.05.07-22.22.45:669][362]LogLoad: LoadMap: /Game/levels/Clsasroom
[2018.05.07-22.22.45:680][362]LogSlate: Slate User Unregistered.  User Index 8
[2018.05.07-22.22.45:680][362]LogSlate: Slate User Destroyed.  User Index 8, Is Virtual User: 1
[2018.05.07-22.22.47:190][362]LogAIModule: Creating AISystem for world Clsasroom
[2018.05.07-22.22.47:190][362]LogLoad: Game class is 'MyGameMode_C'
[2018.05.07-22.22.47:203][362]LogWorld: Bringing World /Game/levels/UEDPIE_0_Clsasroom.Clsasroom up for play (max tick rate 0) at 2018.05.07-15.22.47
[2018.05.07-22.22.47:215][362]LogWorld: Bringing up level for play took: 0.024019
[2018.05.07-22.22.47:216][362]LogSlate: New Slate User Created.  User Index 8, Is Virtual User: 1
[2018.05.07-22.22.47:216][362]LogSlate: Slate User Registered.  User Index 8, Is Virtual User: 1
[2018.05.07-22.22.47:229][362]LogLoadingSplash: Loading ends
[2018.05.07-22.22.47:229][362]LogLoad: Took 1.559816 seconds to LoadMap(/Game/levels/Clsasroom)
[2018.05.07-22.22.47:384][374]SocketIOLog: SocketIO Connected with session: 0SlgvRj5pxYlkM5UAAAA
[2018.05.07-22.22.47:384][374]SocketIOLog: SocketIO 0SlgvRj5pxYlkM5UAAAA connected to namespace: /
[2018.05.07-22.22.47:384][374]LogBlueprintUserMessages: [ConnectionManagerBP_694] Connected
[2018.05.07-22.22.47:418][375]LogScriptCore: Warning: Script Msg: Attempted to access index 0 from array 'CallFunc_GetAllWidgetsOfClass_FoundWidgets' of length 0 in '/Game/Blueprints/SpeakerPlayerCharacter.SpeakerPlayerCharacter_C:ExecuteUbergraph_SpeakerPlayerCharacter'!
[2018.05.07-22.22.53:943][117]LogBlueprintUserMessages: [SpeakerPlayerCharacter_C_0] Next slide
[2018.05.07-22.22.54:091][135]LogHttp: Warning: 000002053F083100: request has been successfully processed. URL: http://104.131.9.190:3000/r/TEST/slides?index=2, HTTP code: 500, content length: 1038, actual payload size: 1038
[2018.05.07-22.22.54:091][135]LogHttp: Warning: 000002053F083100 Response Header X-Powered-By: Express
[2018.05.07-22.22.54:091][135]LogHttp: Warning: 000002053F083100 Response Header Access-Control-Allow-Origin: *
[2018.05.07-22.22.54:091][135]LogHttp: Warning: 000002053F083100 Response Header Content-Security-Policy: default-src 'self'
[2018.05.07-22.22.54:092][135]LogHttp: Warning: 000002053F083100 Response Header X-Content-Type-Options: nosniff
[2018.05.07-22.22.54:092][135]LogHttp: Warning: 000002053F083100 Response Header Content-Type: text/html; charset=utf-8
[2018.05.07-22.22.54:092][135]LogHttp: Warning: 000002053F083100 Response Header Content-Length: 1038
[2018.05.07-22.22.54:092][135]LogHttp: Warning: 000002053F083100 Response Header Date: Mon, 07 May 2018 22:22:54 GMT
[2018.05.07-22.22.54:092][135]LogHttp: Warning: 000002053F083100 Response Header Connection: keep-alive
[2018.05.07-22.22.54:092][135]LogBlueprintUserMessages: [ScreenBP_63] http://104.131.9.190:3000/r/TEST/slides?index=2
[2018.05.07-22.22.54:529][187]LogBlueprintUserMessages: [SpeakerPlayerCharacter_C_0] Next slide
[2018.05.07-22.22.54:628][199]LogHttp: Warning: 000002053F082380: request has been successfully processed. URL: http://104.131.9.190:3000/r/TEST/slides?index=3, HTTP code: 500, content length: 1038, actual payload size: 1038
[2018.05.07-22.22.54:628][199]LogHttp: Warning: 000002053F082380 Response Header X-Powered-By: Express
[2018.05.07-22.22.54:628][199]LogHttp: Warning: 000002053F082380 Response Header Access-Control-Allow-Origin: *
[2018.05.07-22.22.54:628][199]LogHttp: Warning: 000002053F082380 Response Header Content-Security-Policy: default-src 'self'
[2018.05.07-22.22.54:628][199]LogHttp: Warning: 000002053F082380 Response Header X-Content-Type-Options: nosniff
[2018.05.07-22.22.54:628][199]LogHttp: Warning: 000002053F082380 Response Header Content-Type: text/html; charset=utf-8
[2018.05.07-22.22.54:628][199]LogHttp: Warning: 000002053F082380 Response Header Content-Length: 1038
[2018.05.07-22.22.54:628][199]LogHttp: Warning: 000002053F082380 Response Header Date: Mon, 07 May 2018 22:22:54 GMT
[2018.05.07-22.22.54:628][199]LogHttp: Warning: 000002053F082380 Response Header Connection: keep-alive
[2018.05.07-22.22.54:628][199]LogBlueprintUserMessages: [ScreenBP_63] http://104.131.9.190:3000/r/TEST/slides?index=3
[2018.05.07-22.22.55:063][251]LogBlueprintUserMessages: [SpeakerPlayerCharacter_C_0] Previous Slide
[2018.05.07-22.22.55:162][262]LogHttp: Warning: 000002053E084580: request has been successfully processed. URL: http://104.131.9.190:3000/r/TEST/slides?index=2, HTTP code: 500, content length: 1038, actual payload size: 1038
[2018.05.07-22.22.55:162][262]LogHttp: Warning: 000002053E084580 Response Header X-Powered-By: Express
[2018.05.07-22.22.55:162][262]LogHttp: Warning: 000002053E084580 Response Header Access-Control-Allow-Origin: *
[2018.05.07-22.22.55:162][262]LogHttp: Warning: 000002053E084580 Response Header Content-Security-Policy: default-src 'self'
[2018.05.07-22.22.55:162][262]LogHttp: Warning: 000002053E084580 Response Header X-Content-Type-Options: nosniff
[2018.05.07-22.22.55:162][262]LogHttp: Warning: 000002053E084580 Response Header Content-Type: text/html; charset=utf-8
[2018.05.07-22.22.55:162][262]LogHttp: Warning: 000002053E084580 Response Header Content-Length: 1038
[2018.05.07-22.22.55:162][262]LogHttp: Warning: 000002053E084580 Response Header Date: Mon, 07 May 2018 22:22:55 GMT
[2018.05.07-22.22.55:162][262]LogHttp: Warning: 000002053E084580 Response Header Connection: keep-alive
[2018.05.07-22.22.55:162][262]LogBlueprintUserMessages: [ScreenBP_63] http://104.131.9.190:3000/r/TEST/slides?index=2
[2018.05.07-22.22.55:636][318]LogBlueprintUserMessages: [SpeakerPlayerCharacter_C_0] Previous Slide
[2018.05.07-22.22.55:735][330]LogHttp: Warning: 000002053E084280: request has been successfully processed. URL: http://104.131.9.190:3000/r/TEST/slides?index=1, HTTP code: 500, content length: 1038, actual payload size: 1038
[2018.05.07-22.22.55:735][330]LogHttp: Warning: 000002053E084280 Response Header X-Powered-By: Express
[2018.05.07-22.22.55:735][330]LogHttp: Warning: 000002053E084280 Response Header Access-Control-Allow-Origin: *
[2018.05.07-22.22.55:735][330]LogHttp: Warning: 000002053E084280 Response Header Content-Security-Policy: default-src 'self'
[2018.05.07-22.22.55:735][330]LogHttp: Warning: 000002053E084280 Response Header X-Content-Type-Options: nosniff
[2018.05.07-22.22.55:735][330]LogHttp: Warning: 000002053E084280 Response Header Content-Type: text/html; charset=utf-8
[2018.05.07-22.22.55:735][330]LogHttp: Warning: 000002053E084280 Response Header Content-Length: 1038
[2018.05.07-22.22.55:735][330]LogHttp: Warning: 000002053E084280 Response Header Date: Mon, 07 May 2018 22:22:55 GMT
[2018.05.07-22.22.55:735][330]LogHttp: Warning: 000002053E084280 Response Header Connection: keep-alive
[2018.05.07-22.22.55:735][330]LogBlueprintUserMessages: [ScreenBP_63] http://104.131.9.190:3000/r/TEST/slides?index=1
[2018.05.07-22.22.56:423][410]LogBlueprintUserMessages: Early EndPlayMap Detection: Level '/Game/levels/MainMenu.MainMenu:PersistentLevel' has LevelScriptBlueprint '/Game/levels/MainMenu.MainMenu:PersistentLevel.MainMenu' with GeneratedClass '/Game/levels/MainMenu.MainMenu_C' with ClassGeneratedBy '/Game/levels/MainMenu.MainMenu:PersistentLevel.MainMenu'
[2018.05.07-22.22.56:446][410]LogSlate: Window 'SeniorDesignV1 Game Preview Standalone (64-bit/PCD3D_SM5)' being destroyed
[2018.05.07-22.22.56:491][410]LogBlueprintUserMessages: Late EndPlayMap Detection: Level '/Game/levels/MainMenu.MainMenu:PersistentLevel' has LevelScriptBlueprint '/Game/levels/MainMenu.MainMenu:PersistentLevel.MainMenu' with GeneratedClass '/Game/levels/MainMenu.MainMenu_C' with ClassGeneratedBy '/Game/levels/MainMenu.MainMenu:PersistentLevel.MainMenu'
[2018.05.07-22.22.56:505][410]LogSlate: Slate User Unregistered.  User Index 8
[2018.05.07-22.22.56:505][410]LogSlate: Slate User Destroyed.  User Index 8, Is Virtual User: 1
[2018.05.07-22.22.56:525][411]SocketIOLog: SocketIO Disconnected 0SlgvRj5pxYlkM5UAAAA reason: CLOSE_REASON_NORMAL
[2018.05.07-22.22.59:451][760]SocketIOLog: SocketIO 0SlgvRj5pxYlkM5UAAAA disconnected from namespace: /
[2018.05.07-22.23.23:312][591]LogSlate: FSceneViewport::OnFocusLost() reason 0
[2018.05.07-22.23.23:938][627]LogAIModule: Creating AISystem for world Clsasroom
[2018.05.07-22.23.23:959][627]Cmd: MAP LOAD FILE="../../../../../../Users/VRBC/Desktop/rjackson/PresentVR/SeniorDesignV1 4.19/Content/levels/Clsasroom.umap" TEMPLATE=0 SHOWPROGRESS=1 FEATURELEVEL=3
[2018.05.07-22.23.23:959][627]LightingResults: New page: Lighting Build
[2018.05.07-22.23.23:959][627]LoadErrors: New page: Loading map: Clsasroom.umap
[2018.05.07-22.23.23:960][627]MapCheck: New page: Map Check
[2018.05.07-22.23.23:960][627]LightingResults: New page: Lighting Build
[2018.05.07-22.23.23:979][627]LogScript: Warning: Accessed None trying to read property CallFunc_GetPlayerCharacter_ReturnValue1
	Male1_AnimationBP_C /Game/levels/Clsasroom.Clsasroom:PersistentLevel.AudiencePawn_237.SkeletalMesh.Male1_AnimationBP_C_1
	Function /Game/people/testmale/animation/Male1_AnimationBP.Male1_AnimationBP_C:ExecuteUbergraph_Male1_AnimationBP:04D3
[2018.05.07-22.23.23:983][627]LogScript: Warning: Accessed None trying to read property CallFunc_GetPlayerCharacter_ReturnValue1
	Male1_AnimationBP_C /Game/levels/Clsasroom.Clsasroom:PersistentLevel.AudiencePawn_237.SkeletalMesh.Male1_AnimationBP_C_2
	Function /Game/people/testmale/animation/Male1_AnimationBP.Male1_AnimationBP_C:ExecuteUbergraph_Male1_AnimationBP:04D3
[2018.05.07-22.23.24:172][627]LogEditorServer: Finished looking for orphan Actors (0.000 secs)
[2018.05.07-22.23.24:208][627]Cmd: MAP CHECKDEP NOCLEARLOG
[2018.05.07-22.23.24:326][627]MapCheck: Map check complete: 0 Error(s), 0 Warning(s), took 117.628ms to complete.
[2018.05.07-22.23.24:326][627]LogFileHelpers: Loading map 'Clsasroom' took 0.369
[2018.05.07-22.23.25:599][771]LogSlate: FSceneViewport::OnFocusLost() reason 0
[2018.05.07-22.23.25:805][792]LogLinker: Warning: Can't find file '/Game/StarterContent/Textures/T_MacroVariation'
[2018.05.07-22.23.25:805][792]LogLinker: Warning: Can't find file for asset '/Game/StarterContent/Textures/T_MacroVariation' while loading ../../../../../../Users/VRBC/Desktop/rjackson/PresentVR/SeniorDesignV1 4.19/Content/Assets/ConferenceRoom/Materials/M_Rock_Sandstone.uasset.
[2018.05.07-22.23.25:805][792]LoadErrors: Error: /Game/Assets/ConferenceRoom/Materials/M_Rock_Sandstone : Can't find file for asset. /Game/StarterContent/Textures/T_MacroVariation
[2018.05.07-22.23.25:805][792]LogLinker: Warning: Can't find file '/Game/StarterContent/Textures/T_Perlin_Noise_M'
[2018.05.07-22.23.25:806][792]LogLinker: Warning: Can't find file for asset '/Game/StarterContent/Textures/T_Perlin_Noise_M' while loading ../../../../../../Users/VRBC/Desktop/rjackson/PresentVR/SeniorDesignV1 4.19/Content/Assets/ConferenceRoom/Materials/M_Rock_Sandstone.uasset.
[2018.05.07-22.23.25:806][792]LoadErrors: Error: /Game/Assets/ConferenceRoom/Materials/M_Rock_Sandstone : Can't find file for asset. /Game/StarterContent/Textures/T_Perlin_Noise_M
[2018.05.07-22.23.25:806][792]LogLinker: Warning: Can't find file '/Game/StarterContent/Textures/T_Rock_Sandstone_D'
[2018.05.07-22.23.25:806][792]LogLinker: Warning: Can't find file for asset '/Game/StarterContent/Textures/T_Rock_Sandstone_D' while loading ../../../../../../Users/VRBC/Desktop/rjackson/PresentVR/SeniorDesignV1 4.19/Content/Assets/ConferenceRoom/Materials/M_Rock_Sandstone.uasset.
[2018.05.07-22.23.25:806][792]LoadErrors: Error: /Game/Assets/ConferenceRoom/Materials/M_Rock_Sandstone : Can't find file for asset. /Game/StarterContent/Textures/T_Rock_Sandstone_D
[2018.05.07-22.23.25:806][792]LogLinker: Warning: Can't find file '/Game/StarterContent/Textures/T_Rock_Sandstone_N'
[2018.05.07-22.23.25:806][792]LogLinker: Warning: Can't find file for asset '/Game/StarterContent/Textures/T_Rock_Sandstone_N' while loading ../../../../../../Users/VRBC/Desktop/rjackson/PresentVR/SeniorDesignV1 4.19/Content/Assets/ConferenceRoom/Materials/M_Rock_Sandstone.uasset.
[2018.05.07-22.23.25:806][792]LoadErrors: Error: /Game/Assets/ConferenceRoom/Materials/M_Rock_Sandstone : Can't find file for asset. /Game/StarterContent/Textures/T_Rock_Sandstone_N
[2018.05.07-22.23.25:807][792]LogLinker: Warning: Can't find file '/Game/StarterContent/Textures/T_MacroVariation'
[2018.05.07-22.23.25:807][792]LogLinker: Warning: Can't find file for asset '/Game/StarterContent/Textures/T_MacroVariation' while loading ../../../../../../Users/VRBC/Desktop/rjackson/PresentVR/SeniorDesignV1 4.19/Content/Assets/ConferenceRoom/Materials/M_Rock_Sandstone.uasset.
[2018.05.07-22.23.25:807][792]LogLinker: Warning: Can't find file '/Game/StarterContent/Textures/T_Perlin_Noise_M'
[2018.05.07-22.23.25:807][792]LogLinker: Warning: Can't find file for asset '/Game/StarterContent/Textures/T_Perlin_Noise_M' while loading ../../../../../../Users/VRBC/Desktop/rjackson/PresentVR/SeniorDesignV1 4.19/Content/Assets/ConferenceRoom/Materials/M_Rock_Sandstone.uasset.
[2018.05.07-22.23.25:807][792]LogLinker: Warning: Can't find file '/Game/StarterContent/Textures/T_Rock_Sandstone_D'
[2018.05.07-22.23.25:807][792]LogLinker: Warning: Can't find file for asset '/Game/StarterContent/Textures/T_Rock_Sandstone_D' while loading ../../../../../../Users/VRBC/Desktop/rjackson/PresentVR/SeniorDesignV1 4.19/Content/Assets/ConferenceRoom/Materials/M_Rock_Sandstone.uasset.
[2018.05.07-22.23.25:808][792]LogLinker: Warning: Can't find file '/Game/StarterContent/Textures/T_Rock_Sandstone_N'
[2018.05.07-22.23.25:808][792]LogLinker: Warning: Can't find file for asset '/Game/StarterContent/Textures/T_Rock_Sandstone_N' while loading ../../../../../../Users/VRBC/Desktop/rjackson/PresentVR/SeniorDesignV1 4.19/Content/Assets/ConferenceRoom/Materials/M_Rock_Sandstone.uasset.
[2018.05.07-22.23.25:853][792]LogAIModule: Creating AISystem for world conferenceRoom
[2018.05.07-22.23.25:867][792]Cmd: MAP LOAD FILE="../../../../../../Users/VRBC/Desktop/rjackson/PresentVR/SeniorDesignV1 4.19/Content/levels/conferenceRoom.umap" TEMPLATE=0 SHOWPROGRESS=1 FEATURELEVEL=3
[2018.05.07-22.23.25:867][792]LightingResults: New page: Lighting Build
[2018.05.07-22.23.25:868][792]LoadErrors: New page: Loading map: conferenceRoom.umap
[2018.05.07-22.23.25:870][792]MapCheck: New page: Map Check
[2018.05.07-22.23.25:870][792]LightingResults: New page: Lighting Build
[2018.05.07-22.23.26:012][792]LogEditorServer: Finished looking for orphan Actors (0.000 secs)
[2018.05.07-22.23.26:048][792]Cmd: MAP CHECKDEP NOCLEARLOG
[2018.05.07-22.23.26:174][792]MapCheck: Map check complete: 0 Error(s), 0 Warning(s), took 125.816ms to complete.
[2018.05.07-22.23.26:175][792]LogFileHelpers: Loading map 'conferenceRoom' took 0.309
[2018.05.07-22.23.31:792][433]Cmd: SELECT NONE
[2018.05.07-22.24.19:405][842]LogSlate: FSceneViewport::OnFocusLost() reason 0
[2018.05.07-22.24.22:640][222]LogEditorViewport: Clicking on Actor (LMB): SphereReflectionCapture (SphereReflectionCapture)
[2018.05.07-22.24.27:334][755]LogSlate: FSceneViewport::OnFocusLost() reason 0
[2018.05.07-22.25.11:599][653]LogSlate: FSceneViewport::OnFocusLost() reason 0
[2018.05.07-22.25.11:961][671]LogSkeletalMesh: Skeletal Mesh found in DDC [6.000102ms] /Game/female1_sitting.female1_sitting
[2018.05.07-22.25.12:932][766]LogSlate: New Slate User Created.  User Index 8, Is Virtual User: 1
[2018.05.07-22.25.12:933][766]LogSlate: Slate User Registered.  User Index 8, Is Virtual User: 1
[2018.05.07-22.25.23:014][184]LogSlate: Window 'Pick Parent Class' being destroyed
[2018.05.07-22.25.29:353][934]LogRenderer: Reallocating scene render targets to support 1080x496 Format 10 NumSamples 1 (Frame:413).
[2018.05.07-22.25.30:969][ 84]LogContentBrowser: Native class hierarchy updated for 'BlueprintGraph' in 0.0011 seconds. Added 116 classes and 0 folders.
[2018.05.07-22.25.34:456][329]LogSlate: Window 'HUDBP*' being destroyed
[2018.05.07-22.25.34:459][329]LogSlate: Window 'HUDBP*' being destroyed
[2018.05.07-22.25.39:148][838]LogUObjectGlobals: Warning: Failed to find object 'Class None.SIOJJsonObject'
[2018.05.07-22.25.39:148][838]LogUObjectGlobals: Warning: Failed to find object 'Class None.SIOJJsonObject'
[2018.05.07-22.25.41:015][ 38]LogAIModule: Creating AISystem for world Clsasroom
[2018.05.07-22.25.42:443][ 38]LogSlate: Window 'Save Content' being destroyed
[2018.05.07-22.25.42:449][ 38]Cmd: OBJ SAVEPACKAGE PACKAGE="/Game/Blueprints/HUDBP" FILE="../../../../../../Users/VRBC/Desktop/rjackson/PresentVR/SeniorDesignV1 4.19/Content/Blueprints/HUDBP.uasset" SILENT=true
[2018.05.07-22.25.42:458][ 38]LogSavePackage: Save=7.44ms
[2018.05.07-22.25.42:458][ 38]LogSavePackage: Moving '../../../../../../Users/VRBC/Desktop/rjackson/PresentVR/SeniorDesignV1 4.19/Saved/HUDBP9492FB94458C487FF7082EBDC5B0A55D.tmp' to '../../../../../../Users/VRBC/Desktop/rjackson/PresentVR/SeniorDesignV1 4.19/Content/Blueprints/HUDBP.uasset'
[2018.05.07-22.25.42:462][ 38]LogSavePackage: Display: Finished SavePackage ../../../../../../Users/VRBC/Desktop/rjackson/PresentVR/SeniorDesignV1 4.19/Content/Blueprints/HUDBP.uasset
[2018.05.07-22.25.42:463][ 38]Cmd: MAP LOAD FILE="../../../../../../Users/VRBC/Desktop/rjackson/PresentVR/SeniorDesignV1 4.19/Content/levels/Clsasroom.umap" TEMPLATE=0 SHOWPROGRESS=1 FEATURELEVEL=3
[2018.05.07-22.25.42:463][ 38]LightingResults: New page: Lighting Build
[2018.05.07-22.25.42:463][ 38]LoadErrors: New page: Loading map: Clsasroom.umap
[2018.05.07-22.25.42:464][ 38]MapCheck: New page: Map Check
[2018.05.07-22.25.42:464][ 38]LightingResults: New page: Lighting Build
[2018.05.07-22.25.42:492][ 38]LogScript: Warning: Accessed None trying to read property CallFunc_GetPlayerCharacter_ReturnValue1
	Male1_AnimationBP_C /Game/levels/Clsasroom.Clsasroom:PersistentLevel.AudiencePawn_237.SkeletalMesh.Male1_AnimationBP_C_1
	Function /Game/people/testmale/animation/Male1_AnimationBP.Male1_AnimationBP_C:ExecuteUbergraph_Male1_AnimationBP:04D3
[2018.05.07-22.25.42:497][ 38]LogScript: Warning: Accessed None trying to read property CallFunc_GetPlayerCharacter_ReturnValue1
	Male1_AnimationBP_C /Game/levels/Clsasroom.Clsasroom:PersistentLevel.AudiencePawn_237.SkeletalMesh.Male1_AnimationBP_C_2
	Function /Game/people/testmale/animation/Male1_AnimationBP.Male1_AnimationBP_C:ExecuteUbergraph_Male1_AnimationBP:04D3
[2018.05.07-22.25.42:795][ 38]LogEditorServer: Finished looking for orphan Actors (0.000 secs)
[2018.05.07-22.25.42:838][ 38]Cmd: MAP CHECKDEP NOCLEARLOG
[2018.05.07-22.25.42:964][ 38]MapCheck: Map check complete: 0 Error(s), 0 Warning(s), took 125.366ms to complete.
[2018.05.07-22.25.42:964][ 38]LogFileHelpers: Loading map 'Clsasroom' took 0.502
