Log file open, 05/09/18 19:11:02
LogWindows: Failed to load 'aqProf.dll' (GetLastError=126)
LogWindows: File 'aqProf.dll' does not exist
LogWindows: Failed to load 'VSPerf140.dll' (GetLastError=126)
LogWindows: File 'VSPerf140.dll' does not exist
LogWindows: Failed to load 'VtuneApi.dll' (GetLastError=126)
LogWindows: File 'VtuneApi.dll' does not exist
LogWindows: Failed to load 'VtuneApi32e.dll' (GetLastError=126)
LogWindows: File 'VtuneApi32e.dll' does not exist
LogInit: Display: Running engine for game: SeniorDesignV1
LogPlatformFile: Not using cached read wrapper
LogInit: Display: RandInit(336250405) SRandInit(336250405).
LogInit: Read version file with build ID '3944462'
LogInit: Overriding engine version to CL 3944462, compatible CL 3944462
LogInit: Registered custom module enumerator with build ID '3944462'
LogTaskGraph: Started task graph with 5 named threads and 23 total threads with 3 sets of task threads.
LogStats: Stats thread started at 0.279854
LogD3D11RHI: Aftermath initialized
LogICUInternationalization: Display: ICU TimeZone Detection - Raw Offset: -8:00, Platform Override: ''
LogPluginManager: Mounting plugin Paper2D
LogPluginManager: Mounting plugin LiveLink
LogPluginManager: Mounting plugin LightPropagationVolume
LogPluginManager: Mounting plugin CLionSourceCodeAccess
LogPluginManager: Mounting plugin CodeLiteSourceCodeAccess
LogPluginManager: Mounting plugin GitSourceControl
LogPluginManager: Mounting plugin KDevelopSourceCodeAccess
LogPluginManager: Mounting plugin NullSourceCodeAccess
LogPluginManager: Mounting plugin PerforceSourceControl
LogPluginManager: Mounting plugin SubversionSourceControl
LogPluginManager: Mounting plugin UObjectPlugin
LogPluginManager: Mounting plugin VisualStudioCodeSourceCodeAccess
LogPluginManager: Mounting plugin VisualStudioSourceCodeAccess
LogPluginManager: Mounting plugin XCodeSourceCodeAccess
LogPluginManager: Mounting plugin AssetManagerEditor
LogPluginManager: Mounting plugin CryptoKeys
LogPluginManager: Mounting plugin DataValidation
LogPluginManager: Mounting plugin FacialAnimation
LogPluginManager: Mounting plugin GameplayTagsEditor
LogPluginManager: Mounting plugin MobileLauncherProfileWizard
LogPluginManager: Mounting plugin PluginBrowser
LogPluginManager: Mounting plugin SpeedTreeImporter
LogPluginManager: Mounting plugin DatasmithContent
LogPluginManager: Mounting plugin AlembicImporter
LogPluginManager: Mounting plugin CharacterAI
LogPluginManager: Mounting plugin HTML5Networking
LogPluginManager: Mounting plugin AndroidMedia
LogPluginManager: Mounting plugin AvfMedia
LogPluginManager: Mounting plugin ImgMedia
LogPluginManager: Mounting plugin LinearTimecode
LogPluginManager: Mounting plugin MediaCompositing
LogPluginManager: Mounting plugin MediaPlayerEditor
LogPluginManager: Mounting plugin WmfMedia
LogPluginManager: Mounting plugin TcpMessaging
LogPluginManager: Mounting plugin UdpMessaging
LogPluginManager: Mounting plugin ActorSequence
LogPluginManager: Mounting plugin LevelSequenceEditor
LogPluginManager: Mounting plugin MatineeToLevelSequence
LogPluginManager: Mounting plugin NetcodeUnitTest
LogPluginManager: Mounting plugin NUTUnrealEngine4
LogPluginManager: Mounting plugin OnlineSubsystemGooglePlay
LogPluginManager: Mounting plugin OnlineSubsystemIOS
LogPluginManager: Mounting plugin OnlineSubsystem
LogPluginManager: Mounting plugin OnlineSubsystemNull
LogPluginManager: Mounting plugin OnlineSubsystemUtils
LogPluginManager: Mounting plugin AndroidDeviceProfileSelector
LogPluginManager: Mounting plugin AndroidMoviePlayer
LogPluginManager: Mounting plugin AndroidPermission
LogPluginManager: Mounting plugin AppleARKit
LogPluginManager: Mounting plugin AppleMoviePlayer
LogPluginManager: Mounting plugin ArchVisCharacter
LogPluginManager: Mounting plugin AudioCapture
LogPluginManager: Mounting plugin CableComponent
LogPluginManager: Mounting plugin CustomMeshComponent
LogPluginManager: Mounting plugin ExampleDeviceProfileSelector
LogPluginManager: Mounting plugin GoogleCloudMessaging
LogPluginManager: Mounting plugin ImmediatePhysics
LogPluginManager: Mounting plugin IOSDeviceProfileSelector
LogPluginManager: Mounting plugin LinuxDeviceProfileSelector
LogPluginManager: Mounting plugin LocationServicesBPLibrary
LogPluginManager: Mounting plugin MobilePatchingUtils
LogPluginManager: Mounting plugin OculusVR
LogPluginManager: Plugin shader directory ../../../Engine/Plugins/Runtime/Oculus/OculusVR/Shaders found
LogPluginManager: Mapping shader source directory ../../../Engine/Plugins/Runtime/Oculus/OculusVR/Shaders to virtual directory /Plugin/OculusVR
LogPluginManager: Mounting plugin PhysXVehicles
LogPluginManager: Mounting plugin ProceduralMeshComponent
LogPluginManager: Mounting plugin RuntimePhysXCooking
LogPluginManager: Mounting plugin SteamVR
LogPluginManager: Mounting plugin WindowsMoviePlayer
LogPluginManager: Mounting plugin SocketIOClient
LogStreaming: Display: Took  0.170s to configure plugins.
LogModuleManager: Display: Found up-to-date module file ../../../../../../Users/VRBC/Desktop/rjackson/PresentVR/SeniorDesignV1 4.19/Binaries/Win64/UE4Editor-SeniorDesignV1.dll (API version 3944462).
LogModuleManager: Display: Found up-to-date module file ../../../Engine/Plugins/2D/Paper2D/Binaries/Win64/UE4Editor-Paper2D.dll (API version 3944462).
LogModuleManager: Display: Found up-to-date module file ../../../Engine/Plugins/2D/Paper2D/Binaries/Win64/UE4Editor-Paper2DEditor.dll (API version 3944462).
LogModuleManager: Display: Found up-to-date module file ../../../Engine/Plugins/2D/Paper2D/Binaries/Win64/UE4Editor-PaperSpriteSheetImporter.dll (API version 3944462).
LogModuleManager: Display: Found up-to-date module file ../../../Engine/Plugins/2D/Paper2D/Binaries/Win64/UE4Editor-PaperTiledImporter.dll (API version 3944462).
LogModuleManager: Display: Found up-to-date module file ../../../Engine/Plugins/2D/Paper2D/Binaries/Win64/UE4Editor-SmartSnapping.dll (API version 3944462).
LogModuleManager: Display: Found up-to-date module file ../../../Engine/Plugins/Animation/LiveLink/Binaries/Win64/UE4Editor-LiveLink.dll (API version 3944462).
LogModuleManager: Display: Found up-to-date module file ../../../Engine/Plugins/Animation/LiveLink/Binaries/Win64/UE4Editor-LiveLinkEditor.dll (API version 3944462).
LogModuleManager: Display: Found up-to-date module file ../../../Engine/Plugins/Blendables/LightPropagationVolume/Binaries/Win64/UE4Editor-LightPropagationVolumeRuntime.dll (API version 3944462).
LogModuleManager: Display: Found up-to-date module file ../../../Engine/Plugins/Blendables/LightPropagationVolume/Binaries/Win64/UE4Editor-LightPropagationVolumeEditor.dll (API version 3944462).
LogModuleManager: Display: Found up-to-date module file ../../../Engine/Plugins/Developer/CLionSourceCodeAccess/Binaries/Win64/UE4Editor-CLionSourceCodeAccess.dll (API version 3944462).
LogModuleManager: Display: Found up-to-date module file ../../../Engine/Plugins/Developer/GitSourceControl/Binaries/Win64/UE4Editor-GitSourceControl.dll (API version 3944462).
LogModuleManager: Display: Found up-to-date module file ../../../Engine/Plugins/Developer/PerforceSourceControl/Binaries/Win64/UE4Editor-PerforceSourceControl.dll (API version 3944462).
LogModuleManager: Display: Found up-to-date module file ../../../Engine/Plugins/Developer/SubversionSourceControl/Binaries/Win64/UE4Editor-SubversionSourceControl.dll (API version 3944462).
LogModuleManager: Display: Found up-to-date module file ../../../Engine/Plugins/Developer/UObjectPlugin/Binaries/Win64/UE4Editor-UObjectPlugin.dll (API version 3944462).
LogModuleManager: Display: Found up-to-date module file ../../../Engine/Plugins/Developer/VisualStudioCodeSourceCodeAccess/Binaries/Win64/UE4Editor-VisualStudioCodeSourceCodeAccess.dll (API version 3944462).
LogModuleManager: Display: Found up-to-date module file ../../../Engine/Plugins/Developer/VisualStudioSourceCodeAccess/Binaries/Win64/UE4Editor-VisualStudioSourceCodeAccess.dll (API version 3944462).
LogModuleManager: Display: Found up-to-date module file ../../../Engine/Plugins/Editor/AssetManagerEditor/Binaries/Win64/UE4Editor-AssetManagerEditor.dll (API version 3944462).
LogModuleManager: Display: Found up-to-date module file ../../../Engine/Plugins/Editor/CryptoKeys/Binaries/Win64/UE4Editor-CryptoKeys.dll (API version 3944462).
LogModuleManager: Display: Found up-to-date module file ../../../Engine/Plugins/Editor/CryptoKeys/Binaries/Win64/UE4Editor-CryptoKeysOpenSSL.dll (API version 3944462).
LogModuleManager: Display: Found up-to-date module file ../../../Engine/Plugins/Editor/DataValidation/Binaries/Win64/UE4Editor-DataValidation.dll (API version 3944462).
LogModuleManager: Display: Found up-to-date module file ../../../Engine/Plugins/Editor/FacialAnimation/Binaries/Win64/UE4Editor-FacialAnimation.dll (API version 3944462).
LogModuleManager: Display: Found up-to-date module file ../../../Engine/Plugins/Editor/FacialAnimation/Binaries/Win64/UE4Editor-FacialAnimationEditor.dll (API version 3944462).
LogModuleManager: Display: Found up-to-date module file ../../../Engine/Plugins/Editor/GameplayTagsEditor/Binaries/Win64/UE4Editor-GameplayTagsEditor.dll (API version 3944462).
LogModuleManager: Display: Found up-to-date module file ../../../Engine/Plugins/Editor/MobileLauncherProfileWizard/Binaries/Win64/UE4Editor-MobileLauncherProfileWizard.dll (API version 3944462).
LogModuleManager: Display: Found up-to-date module file ../../../Engine/Plugins/Editor/PluginBrowser/Binaries/Win64/UE4Editor-PluginBrowser.dll (API version 3944462).
LogModuleManager: Display: Found up-to-date module file ../../../Engine/Plugins/Editor/SpeedTreeImporter/Binaries/Win64/UE4Editor-SpeedTreeImporter.dll (API version 3944462).
LogModuleManager: Display: Found up-to-date module file ../../../Engine/Plugins/Enterprise/DatasmithContent/Binaries/Win64/UE4Editor-DatasmithContent.dll (API version 3944462).
LogModuleManager: Display: Found up-to-date module file ../../../Engine/Plugins/Experimental/AlembicImporter/Binaries/Win64/UE4Editor-AlembicImporter.dll (API version 3944462).
LogModuleManager: Display: Found up-to-date module file ../../../Engine/Plugins/Experimental/AlembicImporter/Binaries/Win64/UE4Editor-AlembicLibrary.dll (API version 3944462).
LogModuleManager: Display: Found up-to-date module file ../../../Engine/Plugins/Experimental/CharacterAI/Binaries/Win64/UE4Editor-CharacterAI.dll (API version 3944462).
LogModuleManager: Display: Found up-to-date module file ../../../Engine/Plugins/Experimental/HTML5Networking/Binaries/Win64/UE4Editor-HTML5Networking.dll (API version 3944462).
LogModuleManager: Display: Found up-to-date module file ../../../Engine/Plugins/Media/AndroidMedia/Binaries/Win64/UE4Editor-AndroidMediaEditor.dll (API version 3944462).
LogModuleManager: Display: Found up-to-date module file ../../../Engine/Plugins/Media/AndroidMedia/Binaries/Win64/UE4Editor-AndroidMediaFactory.dll (API version 3944462).
LogModuleManager: Display: Found up-to-date module file ../../../Engine/Plugins/Media/AvfMedia/Binaries/Win64/UE4Editor-AvfMediaEditor.dll (API version 3944462).
LogModuleManager: Display: Found up-to-date module file ../../../Engine/Plugins/Media/AvfMedia/Binaries/Win64/UE4Editor-AvfMediaFactory.dll (API version 3944462).
LogModuleManager: Display: Found up-to-date module file ../../../Engine/Plugins/Media/AvfMedia/Binaries/Win64/UE4Editor-AvfMediaFactory.dll (API version 3944462).
LogModuleManager: Display: Found up-to-date module file ../../../Engine/Plugins/Media/ImgMedia/Binaries/Win64/UE4Editor-ImgMedia.dll (API version 3944462).
LogModuleManager: Display: Found up-to-date module file ../../../Engine/Plugins/Media/ImgMedia/Binaries/Win64/UE4Editor-ImgMediaEditor.dll (API version 3944462).
LogModuleManager: Display: Found up-to-date module file ../../../Engine/Plugins/Media/ImgMedia/Binaries/Win64/UE4Editor-ImgMediaFactory.dll (API version 3944462).
LogModuleManager: Display: Found up-to-date module file ../../../Engine/Plugins/Media/ImgMedia/Binaries/Win64/UE4Editor-ImgMediaFactory.dll (API version 3944462).
LogModuleManager: Display: Found up-to-date module file ../../../Engine/Plugins/Media/ImgMedia/Binaries/Win64/UE4Editor-OpenExrWrapper.dll (API version 3944462).
LogModuleManager: Display: Found up-to-date module file ../../../Engine/Plugins/Media/LinearTimecode/Binaries/Win64/UE4Editor-LinearTimecode.dll (API version 3944462).
LogModuleManager: Display: Found up-to-date module file ../../../Engine/Plugins/Media/MediaCompositing/Binaries/Win64/UE4Editor-MediaCompositing.dll (API version 3944462).
LogModuleManager: Display: Found up-to-date module file ../../../Engine/Plugins/Media/MediaCompositing/Binaries/Win64/UE4Editor-MediaCompositingEditor.dll (API version 3944462).
LogModuleManager: Display: Found up-to-date module file ../../../Engine/Plugins/Media/MediaPlayerEditor/Binaries/Win64/UE4Editor-MediaPlayerEditor.dll (API version 3944462).
LogModuleManager: Display: Found up-to-date module file ../../../Engine/Plugins/Media/WmfMedia/Binaries/Win64/UE4Editor-WmfMedia.dll (API version 3944462).
LogModuleManager: Display: Found up-to-date module file ../../../Engine/Plugins/Media/WmfMedia/Binaries/Win64/UE4Editor-WmfMediaEditor.dll (API version 3944462).
LogModuleManager: Display: Found up-to-date module file ../../../Engine/Plugins/Media/WmfMedia/Binaries/Win64/UE4Editor-WmfMediaFactory.dll (API version 3944462).
LogModuleManager: Display: Found up-to-date module file ../../../Engine/Plugins/Media/WmfMedia/Binaries/Win64/UE4Editor-WmfMediaFactory.dll (API version 3944462).
LogModuleManager: Display: Found up-to-date module file ../../../Engine/Plugins/Messaging/TcpMessaging/Binaries/Win64/UE4Editor-TcpMessaging.dll (API version 3944462).
LogModuleManager: Display: Found up-to-date module file ../../../Engine/Plugins/Messaging/UdpMessaging/Binaries/Win64/UE4Editor-UdpMessaging.dll (API version 3944462).
LogModuleManager: Display: Found up-to-date module file ../../../Engine/Plugins/MovieScene/ActorSequence/Binaries/Win64/UE4Editor-ActorSequence.dll (API version 3944462).
LogModuleManager: Display: Found up-to-date module file ../../../Engine/Plugins/MovieScene/LevelSequenceEditor/Binaries/Win64/UE4Editor-LevelSequenceEditor.dll (API version 3944462).
LogModuleManager: Display: Found up-to-date module file ../../../Engine/Plugins/MovieScene/MatineeToLevelSequence/Binaries/Win64/UE4Editor-MatineeToLevelSequence.dll (API version 3944462).
LogModuleManager: Display: Found up-to-date module file ../../../Engine/Plugins/NetcodeUnitTest/NetcodeUnitTest/Binaries/Win64/UE4Editor-NetcodeUnitTest.dll (API version 3944462).
LogModuleManager: Display: Found up-to-date module file ../../../Engine/Plugins/NetcodeUnitTest/NUTUnrealEngine4/Binaries/Win64/UE4Editor-NUTUnrealEngine4.dll (API version 3944462).
LogModuleManager: Display: Found up-to-date module file ../../../Engine/Plugins/Online/OnlineSubsystem/Binaries/Win64/UE4Editor-OnlineSubsystem.dll (API version 3944462).
LogModuleManager: Display: Found up-to-date module file ../../../Engine/Plugins/Online/OnlineSubsystemNull/Binaries/Win64/UE4Editor-OnlineSubsystemNull.dll (API version 3944462).
LogModuleManager: Display: Found up-to-date module file ../../../Engine/Plugins/Online/OnlineSubsystemUtils/Binaries/Win64/UE4Editor-OnlineSubsystemUtils.dll (API version 3944462).
LogModuleManager: Display: Found up-to-date module file ../../../Engine/Plugins/Online/OnlineSubsystemUtils/Binaries/Win64/UE4Editor-OnlineBlueprintSupport.dll (API version 3944462).
LogModuleManager: Display: Found up-to-date module file ../../../Engine/Plugins/Runtime/AndroidDeviceProfileSelector/Binaries/Win64/UE4Editor-AndroidDeviceProfileSelector.dll (API version 3944462).
LogModuleManager: Display: Found up-to-date module file ../../../Engine/Plugins/Runtime/AndroidPermission/Binaries/Win64/UE4Editor-AndroidPermission.dll (API version 3944462).
LogModuleManager: Display: Found up-to-date module file ../../../Engine/Plugins/Runtime/AppleARKit/Binaries/Win64/UE4Editor-AppleARKit.dll (API version 3944462).
LogModuleManager: Display: Found up-to-date module file ../../../Engine/Plugins/Runtime/ArchVisCharacter/Binaries/Win64/UE4Editor-ArchVisCharacter.dll (API version 3944462).
LogModuleManager: Display: Found up-to-date module file ../../../Engine/Plugins/Runtime/AudioCapture/Binaries/Win64/UE4Editor-AudioCapture.dll (API version 3944462).
LogModuleManager: Display: Found up-to-date module file ../../../Engine/Plugins/Runtime/AudioCapture/Binaries/Win64/UE4Editor-AudioCaptureEditor.dll (API version 3944462).
LogModuleManager: Display: Found up-to-date module file ../../../Engine/Plugins/Runtime/CableComponent/Binaries/Win64/UE4Editor-CableComponent.dll (API version 3944462).
LogModuleManager: Display: Found up-to-date module file ../../../Engine/Plugins/Runtime/CustomMeshComponent/Binaries/Win64/UE4Editor-CustomMeshComponent.dll (API version 3944462).
LogModuleManager: Display: Found up-to-date module file ../../../Engine/Plugins/Runtime/ExampleDeviceProfileSelector/Binaries/Win64/UE4Editor-ExampleDeviceProfileSelector.dll (API version 3944462).
LogModuleManager: Display: Found up-to-date module file ../../../Engine/Plugins/Runtime/ImmediatePhysics/Binaries/Win64/UE4Editor-ImmediatePhysics.dll (API version 3944462).
LogModuleManager: Display: Found up-to-date module file ../../../Engine/Plugins/Runtime/ImmediatePhysics/Binaries/Win64/UE4Editor-ImmediatePhysicsEditor.dll (API version 3944462).
LogModuleManager: Display: Found up-to-date module file ../../../Engine/Plugins/Runtime/LocationServicesBPLibrary/Binaries/Win64/UE4Editor-LocationServicesBPLibrary.dll (API version 3944462).
LogModuleManager: Display: Found up-to-date module file ../../../Engine/Plugins/Runtime/MobilePatchingUtils/Binaries/Win64/UE4Editor-MobilePatchingUtils.dll (API version 3944462).
LogModuleManager: Display: Found up-to-date module file ../../../Engine/Plugins/Runtime/Oculus/OculusVR/Binaries/Win64/UE4Editor-OculusHMD.dll (API version 3944462).
LogModuleManager: Display: Found up-to-date module file ../../../Engine/Plugins/Runtime/Oculus/OculusVR/Binaries/Win64/UE4Editor-OculusInput.dll (API version 3944462).
LogModuleManager: Display: Found up-to-date module file ../../../Engine/Plugins/Runtime/Oculus/OculusVR/Binaries/Win64/UE4Editor-OculusEditor.dll (API version 3944462).
LogModuleManager: Display: Found up-to-date module file ../../../Engine/Plugins/Runtime/PhysXVehicles/Binaries/Win64/UE4Editor-PhysXVehicles.dll (API version 3944462).
LogModuleManager: Display: Found up-to-date module file ../../../Engine/Plugins/Runtime/PhysXVehicles/Binaries/Win64/UE4Editor-PhysXVehiclesEditor.dll (API version 3944462).
LogModuleManager: Display: Found up-to-date module file ../../../Engine/Plugins/Runtime/ProceduralMeshComponent/Binaries/Win64/UE4Editor-ProceduralMeshComponent.dll (API version 3944462).
LogModuleManager: Display: Found up-to-date module file ../../../Engine/Plugins/Runtime/ProceduralMeshComponent/Binaries/Win64/UE4Editor-ProceduralMeshComponentEditor.dll (API version 3944462).
LogModuleManager: Display: Found up-to-date module file ../../../Engine/Plugins/Runtime/RuntimePhysXCooking/Binaries/Win64/UE4Editor-RuntimePhysXCooking.dll (API version 3944462).
LogModuleManager: Display: Found up-to-date module file ../../../Engine/Plugins/Runtime/Steam/SteamVR/Binaries/Win64/UE4Editor-SteamVR.dll (API version 3944462).
LogModuleManager: Display: Found up-to-date module file ../../../Engine/Plugins/Runtime/Steam/SteamVR/Binaries/Win64/UE4Editor-SteamVRController.dll (API version 3944462).
LogModuleManager: Display: Found up-to-date module file ../../../Engine/Plugins/Runtime/WindowsMoviePlayer/Binaries/Win64/UE4Editor-WindowsMoviePlayer.dll (API version 3944462).
LogModuleManager: Display: Found up-to-date module file ../../../../../../Users/VRBC/Desktop/rjackson/PresentVR/SeniorDesignV1 4.19/Plugins/socketio-client-ue4/Binaries/Win64/UE4Editor-SocketIOClient.dll (API version 3944462).
LogModuleManager: Display: Found up-to-date module file ../../../../../../Users/VRBC/Desktop/rjackson/PresentVR/SeniorDesignV1 4.19/Plugins/socketio-client-ue4/Binaries/Win64/UE4Editor-SIOJson.dll (API version 3944462).
LogModuleManager: Display: Found up-to-date module file ../../../../../../Users/VRBC/Desktop/rjackson/PresentVR/SeniorDesignV1 4.19/Plugins/socketio-client-ue4/Binaries/Win64/UE4Editor-CoreUtility.dll (API version 3944462).
LogModuleManager: Display: Found up-to-date module file ../../../../../../Users/VRBC/Desktop/rjackson/PresentVR/SeniorDesignV1 4.19/Plugins/socketio-client-ue4/Binaries/Win64/UE4Editor-SIOJEditorPlugin.dll (API version 3944462).
LogInit: Using libcurl 7.47.1
LogInit:  - built for x86_64-pc-win32
LogInit:  - supports SSL with OpenSSL/1.0.2g
LogInit:  - supports HTTP deflate (compression) using libz 1.2.8
LogInit:  - other features:
LogInit:      CURL_VERSION_SSL
LogInit:      CURL_VERSION_LIBZ
LogInit:      CURL_VERSION_IPV6
LogInit:      CURL_VERSION_ASYNCHDNS
LogInit:      CURL_VERSION_LARGEFILE
LogInit:      CURL_VERSION_IDN
LogInit:  CurlRequestOptions (configurable via config and command line):
LogInit:  - bVerifyPeer = false  - Libcurl will NOT verify peer certificate
LogInit:  - bUseHttpProxy = false  - Libcurl will NOT use HTTP proxy
LogInit:  - bDontReuseConnections = false  - Libcurl will reuse connections
LogInit:  - CertBundlePath = nullptr  - Libcurl will use whatever was configured at build time.
LogInit:  - MaxHostConnections = 16  - Libcurl will limit the number of connections to a host
LogInit:  - LocalHostAddr = Default
LogInit: WinSock: version 1.1 (2.2), MaxSocks=32767, MaxUdp=65467
LogInit: WinSock: I am ART-D-01010 (172.21.0.216:0)
LogInit: Build: ++UE4+Release-4.19-CL-3944462
LogInit: Engine Version: 4.19.0-3944462+++UE4+Release-4.19
LogInit: Compatible Engine Version: 4.19.0-3944462+++UE4+Release-4.19
LogInit: Net CL: 3944462
LogDevObjectVersion: Number of dev versions registered: 18
LogDevObjectVersion:   Dev-Blueprints (B0D832E4-1F89-4F0D-ACCF-7EB736FD4AA2): 10
LogDevObjectVersion:   Dev-Build (E1C64328-A22C-4D53-A36C-8E866417BD8C): 0
LogDevObjectVersion:   Dev-Core (375EC13C-06E4-48FB-B500-84F0262A717E): 2
LogDevObjectVersion:   Dev-Editor (E4B068ED-F494-42E9-A231-DA0B2E46BB41): 23
LogDevObjectVersion:   Dev-Framework (CFFC743F-43B0-4480-9391-14DF171D2073): 33
LogDevObjectVersion:   Dev-Mobile (B02B49B5-BB20-44E9-A304-32B752E40360): 2
LogDevObjectVersion:   Dev-Networking (A4E4105C-59A1-49B5-A7C5-40C4547EDFEE): 0
LogDevObjectVersion:   Dev-Online (39C831C9-5AE6-47DC-9A44-9C173E1C8E7C): 0
LogDevObjectVersion:   Dev-Physics (78F01B33-EBEA-4F98-B9B4-84EACCB95AA2): 0
LogDevObjectVersion:   Dev-Platform (6631380F-2D4D-43E0-8009-CF276956A95A): 0
LogDevObjectVersion:   Dev-Rendering (12F88B9F-8875-4AFC-A67C-D90C383ABD29): 25
LogDevObjectVersion:   Dev-Sequencer (7B5AE74C-D270-4C10-A958-57980B212A5A): 6
LogDevObjectVersion:   Dev-VR (D7296918-1DD6-4BDD-9DE2-64A83CC13884): 1
LogDevObjectVersion:   Dev-LoadTimes (C2A15278-BFE7-4AFE-6C17-90FF531DF755): 1
LogDevObjectVersion:   Private-Geometry (6EACA3D4-40EC-4CC1-B786-8BED09428FC5): 2
LogDevObjectVersion:   Dev-AnimPhys (29E575DD-E0A3-4627-9D10-D276232CDCEA): 16
LogDevObjectVersion:   Dev-ReflectionCapture (6B266CEC-1EC7-4B8F-A30B-E4D90942FC07): 1
LogDevObjectVersion:   Dev-Automation (0DF73D61-A23F-47EA-B727-89E90C41499A): 1
LogInit: Compiled (64-bit): Mar 13 2018 23:12:32
LogInit: Compiled with Visual C++: 19.00.24215.01
LogInit: Build Configuration: Development
LogInit: Branch Name: ++UE4+Release-4.19
LogInit: Command Line:  
LogInit: Base Directory: C:/Program Files/Epic Games/UE_4.19/Engine/Binaries/Win64/
LogInit: Installed Engine Build: 1
LogStreaming: Display: Took  0.006s to delete old logs.
LogInit: Presizing for max 8388607 objects, including 0 objects not considered by GC, pre-allocating 0 bytes for permanent pool.
LogInit: Object subsystem initialized
[2018.05.10-02.11.06:040][  0]LogInit: Selected Device Profile: [Windows]
[2018.05.10-02.11.06:040][  0]LogInit: Applying CVar settings loaded from the selected device profile: [Windows]
[2018.05.10-02.11.06:062][  0]LogInit: Computer: ART-D-01010
[2018.05.10-02.11.06:062][  0]LogInit: User: VRBC
[2018.05.10-02.11.06:062][  0]LogInit: CPU Page size=4096, Cores=4
[2018.05.10-02.11.06:062][  0]LogInit: High frequency timer resolution =3.604936 MHz
[2018.05.10-02.11.06:062][  0]LogMemory: Memory total: Physical=15.9GB (16GB approx)
[2018.05.10-02.11.06:062][  0]LogMemory: Platform Memory Stats for Windows
[2018.05.10-02.11.06:062][  0]LogMemory: Process Physical Memory: 281.52 MB used, 281.52 MB peak
[2018.05.10-02.11.06:063][  0]LogMemory: Process Virtual Memory: 271.01 MB used, 271.01 MB peak
[2018.05.10-02.11.06:063][  0]LogMemory: Physical Memory: 7685.52 MB used,  8620.61 MB free, 16306.14 MB total
[2018.05.10-02.11.06:063][  0]LogMemory: Virtual Memory: 717.13 MB used,  8620.61 MB free, 134217728.00 MB total
[2018.05.10-02.11.06:092][  0]LogInit: Using OS detected language (en-US).
[2018.05.10-02.11.06:092][  0]LogInit: Using OS detected locale (en-US).
[2018.05.10-02.11.06:101][  0]LogTextLocalizationManager: No specific localization for 'en-US' exists, so the 'en' localization will be used.
[2018.05.10-02.11.06:686][  0]LogStreaming: Display: Took  0.594s to EndInitTextLocalization.
[2018.05.10-02.11.06:686][  0]LogInit: Setting process to per monitor DPI aware
[2018.05.10-02.11.06:730][  0]LogSlate: New Slate User Created.  User Index 0, Is Virtual User: 0
[2018.05.10-02.11.06:730][  0]LogSlate: Slate User Registered.  User Index 0, Is Virtual User: 0
[2018.05.10-02.11.07:140][  0]LogD3D11RHI: D3D11 adapters:
[2018.05.10-02.11.07:188][  0]LogD3D11RHI:    0. 'NVIDIA Quadro P4000' (Feature Level 11_0)
[2018.05.10-02.11.07:188][  0]LogD3D11RHI:       8121/0/8153 MB DedicatedVideo/DedicatedSystem/SharedSystem, Outputs:1, VendorId:0x10de
[2018.05.10-02.11.07:189][  0]LogD3D11RHI:    1. 'Microsoft Basic Render Driver' (Feature Level 11_0)
[2018.05.10-02.11.07:189][  0]LogD3D11RHI:       0/0/8153 MB DedicatedVideo/DedicatedSystem/SharedSystem, Outputs:0, VendorId:0x1414
[2018.05.10-02.11.07:189][  0]LogD3D11RHI: Chosen D3D11 Adapter: 0
[2018.05.10-02.11.07:201][  0]LogD3D11RHI: Creating new Direct3DDevice
[2018.05.10-02.11.07:202][  0]LogD3D11RHI:     GPU DeviceId: 0x1bb1 (for the marketing name, search the web for "GPU Device Id")
[2018.05.10-02.11.07:202][  0]LogWindows: EnumDisplayDevices:
[2018.05.10-02.11.07:202][  0]LogWindows:    0. 'NVIDIA Quadro P4000' (P:1 D:1)
[2018.05.10-02.11.07:202][  0]LogWindows:    1. 'NVIDIA Quadro P4000' (P:0 D:0)
[2018.05.10-02.11.07:203][  0]LogWindows:    2. 'NVIDIA Quadro P4000' (P:0 D:0)
[2018.05.10-02.11.07:203][  0]LogWindows:    3. 'NVIDIA Quadro P4000' (P:0 D:0)
[2018.05.10-02.11.07:203][  0]LogWindows: DebugString: FoundDriverCount:4 
[2018.05.10-02.11.07:203][  0]LogD3D11RHI:     Adapter Name: NVIDIA Quadro P4000
[2018.05.10-02.11.07:203][  0]LogD3D11RHI:   Driver Version: 381.65 (internal:22.21.13.8165, unified:381.65)
[2018.05.10-02.11.07:203][  0]LogD3D11RHI:      Driver Date: 3-31-2017
[2018.05.10-02.11.07:203][  0]LogRHI: Texture pool is 5685 MB (70% of 8121 MB)
[2018.05.10-02.11.07:236][  0]LogD3D11RHI: [Aftermath] Aftermath enabled but failed to initialize
[2018.05.10-02.11.07:236][  0]LogD3D11RHI: Async texture creation enabled
[2018.05.10-02.11.07:248][  0]LogD3D11RHI: GPU Timing Frequency: 1000.000000 (Debug: 2 1)
[2018.05.10-02.11.07:291][  0]LogShaderCompilers: Guid format shader working directory is -30 characters bigger than the processId version (../../../../../../Users/VRBC/Desktop/rjackson/PresentVR/SeniorDesignV1 4.19/Intermediate/Shaders/WorkingDirectory/6468/).
[2018.05.10-02.11.07:292][  0]LogShaderCompilers: Cleaned the shader compiler working directory 'C:/Users/VRBC/AppData/Local/Temp/UnrealShaderWorkingDir/C9B3F18C4FA8B61421ABDCB31640C95D/'.
[2018.05.10-02.11.07:723][  0]LogTemp: Display: Loaded TP AllDesktopTargetPlatform
[2018.05.10-02.11.07:740][  0]LogTemp: Display: Loaded TP MacClientTargetPlatform
[2018.05.10-02.11.07:759][  0]LogTemp: Display: Loaded TP MacNoEditorTargetPlatform
[2018.05.10-02.11.07:778][  0]LogTemp: Display: Loaded TP MacServerTargetPlatform
[2018.05.10-02.11.07:801][  0]LogTemp: Display: Loaded TP MacTargetPlatform
[2018.05.10-02.11.07:822][  0]LogTemp: Display: Loaded TP WindowsClientTargetPlatform
[2018.05.10-02.11.07:859][  0]LogTemp: Display: Loaded TP WindowsNoEditorTargetPlatform
[2018.05.10-02.11.07:893][  0]LogTemp: Display: Loaded TP WindowsServerTargetPlatform
[2018.05.10-02.11.07:905][  0]LogTemp: Display: Loaded TP WindowsTargetPlatform
[2018.05.10-02.11.07:930][  0]LogTemp: Display: Loaded TP Android_ASTCTargetPlatform
[2018.05.10-02.11.07:949][  0]LogTemp: Display: Loaded TP Android_ATCTargetPlatform
[2018.05.10-02.11.07:966][  0]LogTemp: Display: Loaded TP Android_DXTTargetPlatform
[2018.05.10-02.11.07:995][  0]LogTemp: Display: Loaded TP Android_ETC1aTargetPlatform
[2018.05.10-02.11.08:019][  0]LogTemp: Display: Loaded TP Android_ETC1TargetPlatform
[2018.05.10-02.11.08:034][  0]LogTemp: Display: Loaded TP Android_ETC2TargetPlatform
[2018.05.10-02.11.08:068][  0]LogTemp: Display: Loaded TP Android_MultiTargetPlatform
[2018.05.10-02.11.08:069][  0]LogTemp: Display: Loaded TP Android_PVRTCTargetPlatform
[2018.05.10-02.11.08:085][  0]LogTemp: Display: Loaded TP AndroidTargetPlatform
[2018.05.10-02.11.08:088][  0]LogTemp: Display: Loaded TP HTML5TargetPlatform
[2018.05.10-02.11.08:131][  0]LogTemp: Display: Loaded TP IOSTargetPlatform
[2018.05.10-02.11.08:147][  0]LogTemp: Display: Loaded TP TVOSTargetPlatform
[2018.05.10-02.11.08:168][  0]LogTemp: Display: Loaded TP LinuxClientTargetPlatform
[2018.05.10-02.11.08:188][  0]LogTemp: Display: Loaded TP LinuxNoEditorTargetPlatform
[2018.05.10-02.11.08:203][  0]LogTemp: Display: Loaded TP LinuxServerTargetPlatform
[2018.05.10-02.11.08:220][  0]LogTemp: Display: Loaded TP LinuxTargetPlatform
[2018.05.10-02.11.08:220][  0]LogTargetPlatformManager: Display: Building Assets For Windows
[2018.05.10-02.11.08:413][  0]LogXGEController: Cannot use XGE Controller as Incredibuild is not installed on this machine.
[2018.05.10-02.11.08:413][  0]LogShaderCompilers: Cannot use XGE Shader Compiler as Incredibuild is not installed on this machine.
[2018.05.10-02.11.08:413][  0]LogShaderCompilers: Display: Using Local Shader Compiler.
[2018.05.10-02.11.09:449][  0]LogDerivedDataCache: Display: Max Cache Size: 512 MB
[2018.05.10-02.11.09:608][  0]LogDerivedDataCache: Loaded boot cache 0.16s 74MB C:/Users/VRBC/AppData/Local/UnrealEngine/4.19/DerivedDataCache/Boot.ddc.
[2018.05.10-02.11.09:609][  0]LogDerivedDataCache: Display: Loaded Boot cache: C:/Users/VRBC/AppData/Local/UnrealEngine/4.19/DerivedDataCache/Boot.ddc
[2018.05.10-02.11.09:609][  0]LogDerivedDataCache: FDerivedDataBackendGraph:  Pak pak cache file ../../../../../../Users/VRBC/Desktop/rjackson/PresentVR/SeniorDesignV1 4.19/DerivedDataCache/DDC.ddp not found, will not use a pak cache.
[2018.05.10-02.11.09:609][  0]LogDerivedDataCache: Unable to find inner node Pak for hierarchical cache Hierarchy.
[2018.05.10-02.11.09:609][  0]LogDerivedDataCache: FDerivedDataBackendGraph:  CompressedPak pak cache file ../../../../../../Users/VRBC/Desktop/rjackson/PresentVR/SeniorDesignV1 4.19/DerivedDataCache/Compressed.ddp not found, will not use a pak cache.
[2018.05.10-02.11.09:609][  0]LogDerivedDataCache: Unable to find inner node CompressedPak for hierarchical cache Hierarchy.
[2018.05.10-02.11.09:635][  0]LogDerivedDataCache: Display: Pak cache opened for reading ../../../Engine/DerivedDataCache/Compressed.ddp.
[2018.05.10-02.11.09:649][  0]LogDerivedDataCache: Using Local data cache path C:/Users/VRBC/AppData/Local/UnrealEngine/Common/DerivedDataCache: Writable
[2018.05.10-02.11.09:662][  0]LogMaterial: Verifying Global Shaders for PCD3D_SM5
[2018.05.10-02.11.09:662][  0]LogSlate: Using Freetype 2.6.0
[2018.05.10-02.11.09:664][  0]LogSlate: SlateFontCache - WITH_FREETYPE: 1, WITH_HARFBUZZ: 1
[2018.05.10-02.11.09:664][  0]LogSlate: SlateFontCache - WITH_FREETYPE: 1, WITH_HARFBUZZ: 1
[2018.05.10-02.11.09:875][  0]LogAssetRegistry: FAssetRegistry took 0.0280 seconds to start up
[2018.05.10-02.11.10:295][  0]LogInit: Selected Device Profile: [Windows]
[2018.05.10-02.11.10:488][  0]LogSimplygon: Simplygon DLL not present - disabling.
[2018.05.10-02.11.10:493][  0]LogMeshReduction: Using SimplygonSwarm for distributed automatic mesh merging
[2018.05.10-02.11.10:493][  0]LogMeshReduction: Using QuadricMeshReduction for automatic static mesh reduction
[2018.05.10-02.11.10:493][  0]LogMeshReduction: No automatic skeletal mesh reduction module available
[2018.05.10-02.11.10:493][  0]LogMeshReduction: No automatic mesh merging module available
[2018.05.10-02.11.10:493][  0]LogMeshMerging: No automatic mesh merging module available
[2018.05.10-02.11.10:539][  0]LogNetVersion: SeniorDesignV1 , NetCL: 3944462, EngineNetVer: 2, GameNetVer: 0 (Checksum: 838868365)
[2018.05.10-02.11.11:089][  0]LogPackageLocalizationCache: Processed 9 localized package path(s) for 2 prioritized culture(s) in 0.094932 seconds
[2018.05.10-02.11.11:103][  0]LogUObjectArray: 36728 objects as part of root set at end of initial load.
[2018.05.10-02.11.11:103][  0]LogUObjectAllocator: 7314304 out of 0 bytes used by permanent object pool.
[2018.05.10-02.11.11:103][  0]LogUObjectArray: CloseDisregardForGC: 0/0 objects in disregard for GC pool
[2018.05.10-02.11.13:317][  0]LogTcpMessaging: Initializing TcpMessaging bridge
[2018.05.10-02.11.13:361][  0]LogUdpMessaging: Initializing bridge on interface 0.0.0.0:0 to multicast group 230.0.0.1:6666.
[2018.05.10-02.11.14:071][  0]SourceControl: Source control is disabled
[2018.05.10-02.11.14:071][  0]SourceControl: Source control is disabled
[2018.05.10-02.11.14:108][  0]SourceControl: Source control is disabled
[2018.05.10-02.11.14:143][  0]SourceControl: Source control is disabled
[2018.05.10-02.11.15:011][  0]LogAndroidPermission: UAndroidPermissionCallbackProxy::GetInstance
[2018.05.10-02.11.15:353][  0]LogOcInput: OculusInput pre-init called
[2018.05.10-02.11.15:598][  0]LogEngine: Initializing Engine...
[2018.05.10-02.11.15:599][  0]LogHMD: Oculus plugin initialized. Version: 4.19.0-3944462+++UE4+Release-4.19, OVRPlugin: 1.21.0
[2018.05.10-02.11.15:601][  0]LogStats: UGameplayTagsManager::ConstructGameplayTagTree: Construct from data asset -  0.000 s
[2018.05.10-02.11.15:601][  0]LogStats: UGameplayTagsManager::ConstructGameplayTagTree: GameplayTagTreeChangedEvent.Broadcast -  0.000 s
[2018.05.10-02.11.15:893][  0]LogAIModule: Creating AISystem for world Untitled
[2018.05.10-02.11.15:945][  0]LogInit: XAudio2 using 'Speakers / Headphones (Realtek Audio)' : 2 channels at 48 kHz using 32 bits per sample (channel mask 0x3)
[2018.05.10-02.11.16:148][  0]LogInit: FAudioDevice initialized.
[2018.05.10-02.11.16:321][  0]LogDerivedDataCache: Saved boot cache 0.17s 74MB C:/Users/VRBC/AppData/Local/UnrealEngine/4.19/DerivedDataCache/Boot.ddc.
[2018.05.10-02.11.16:328][  0]LogInit: Texture streaming: Enabled
[2018.05.10-02.11.16:351][  0]LogEngineSessionManager: EngineSessionManager initialized
[2018.05.10-02.11.16:371][  0]LogInit: Transaction tracking system initialized
[2018.05.10-02.11.16:403][  0]BlueprintLog: New page: Editor Load
[2018.05.10-02.11.16:509][  0]LocalizationService: Localization service is disabled
[2018.05.10-02.11.16:672][  0]LogConsoleResponse: Display: 
[2018.05.10-02.11.16:844][  0]LogCook: Display: Max memory allowance for cook 16384mb min free memory 0mb
[2018.05.10-02.11.16:845][  0]LogCook: Display: Mobile HDR setting 1
[2018.05.10-02.11.16:845][  0]LogGameplayTags: Display: UGameplayTagsManager::DoneAddingNativeTags. DelegateIsBound: 0
[2018.05.10-02.11.16:845][  0]LogStats: UGameplayTagsManager::ConstructGameplayTagTree: Construct from data asset -  0.000 s
[2018.05.10-02.11.16:845][  0]LogStats: UGameplayTagsManager::ConstructGameplayTagTree: GameplayTagTreeChangedEvent.Broadcast -  0.000 s
[2018.05.10-02.11.17:489][  0]LogFileCache: Scanning file cache for directory 'C:/Users/VRBC/Desktop/rjackson/PresentVR/SeniorDesignV1 4.19/Content/' took 0.02s
[2018.05.10-02.11.17:497][  0]SourceControl: Source control is disabled
[2018.05.10-02.11.17:498][  0]Cmd: MAP LOAD FILE="../../../Engine/Content/Maps/Templates/Template_Default.umap" TEMPLATE=1 SHOWPROGRESS=1 FEATURELEVEL=3
[2018.05.10-02.11.17:498][  0]LightingResults: New page: Lighting Build
[2018.05.10-02.11.17:502][  0]MapCheck: New page: Map Check
[2018.05.10-02.11.17:502][  0]LightingResults: New page: Lighting Build
[2018.05.10-02.11.17:662][  0]LogAIModule: Creating AISystem for world Untitled_1
[2018.05.10-02.11.17:671][  0]LogEditorServer: Finished looking for orphan Actors (0.000 secs)
[2018.05.10-02.11.17:682][  0]Cmd: MAP CHECKDEP NOCLEARLOG
[2018.05.10-02.11.17:811][  0]MapCheck: Map check complete: 0 Error(s), 0 Warning(s), took 128.508ms to complete.
[2018.05.10-02.11.17:811][  0]LogFileHelpers: Loading map 'Template_Default' took 0.314
[2018.05.10-02.11.17:949][  0]LogCollectionManager: Loaded 0 collections in 0.002475 seconds
[2018.05.10-02.11.17:992][  0]LogFileCache: Scanning file cache for directory 'C:/Users/VRBC/Desktop/rjackson/PresentVR/SeniorDesignV1 4.19/Saved/Collections/' took 0.01s
[2018.05.10-02.11.17:992][  0]LogFileCache: Scanning file cache for directory 'C:/Users/VRBC/Desktop/rjackson/PresentVR/SeniorDesignV1 4.19/Content/Developers/VRBC/Collections/' took 0.01s
[2018.05.10-02.11.17:992][  0]LogFileCache: Scanning file cache for directory 'C:/Users/VRBC/Desktop/rjackson/PresentVR/SeniorDesignV1 4.19/Content/Collections/' took 0.01s
[2018.05.10-02.11.17:992][  0]LogCollectionManager: Rebuilt the GUID cache for 0 collections in 0.000000 seconds
[2018.05.10-02.11.18:002][  0]LogContentBrowser: Native class hierarchy populated in 0.0095 seconds. Added 2462 classes and 567 folders.
[2018.05.10-02.11.18:011][  0]LogContentBrowser: Native class hierarchy updated for 'WidgetCarousel' in 0.0007 seconds. Added 0 classes and 0 folders.
[2018.05.10-02.11.18:082][  0]LogContentBrowser: Native class hierarchy updated for 'AddContentDialog' in 0.0007 seconds. Added 0 classes and 0 folders.
[2018.05.10-02.11.18:088][  0]LogContentBrowser: Native class hierarchy updated for 'SceneOutliner' in 0.0007 seconds. Added 1 classes and 2 folders.
[2018.05.10-02.11.18:159][  0]LogSlate: Took 0.000967 seconds to synchronously load lazily loaded font '../../../Engine/Content/Slate/Fonts/Roboto-Regular.ttf' (155K)
[2018.05.10-02.11.18:163][  0]LogSlate: Took 0.000907 seconds to synchronously load lazily loaded font '../../../Engine/Content/Slate/Fonts/Roboto-Bold.ttf' (160K)
[2018.05.10-02.11.18:171][  0]LogSlate: Took 0.000891 seconds to synchronously load lazily loaded font '../../../Engine/Content/Editor/Slate/Fonts/FontAwesome.ttf' (139K)
[2018.05.10-02.11.18:261][  0]LogRenderer: Reallocating scene render targets to support 1080x440 Format 10 NumSamples 1 (Frame:1).
[2018.05.10-02.11.18:410][  0]LogContentBrowser: Native class hierarchy updated for 'HierarchicalLODOutliner' in 0.0007 seconds. Added 0 classes and 0 folders.
[2018.05.10-02.11.18:411][  0]LogLoad: (Engine Initialization) Total time: 17.20 seconds
[2018.05.10-02.11.18:411][  0]LogLoad: (Engine Initialization) Total Blueprint compile time: 0.00 seconds
[2018.05.10-02.11.18:421][  0]LogWindowsTextInputMethodSystem: Display: IME system now deactivated.
[2018.05.10-02.11.18:421][  0]LogOcInput: OculusInput is initialized
[2018.05.10-02.11.18:440][  0]LogContentStreaming: Texture pool size now 1000 MB
[2018.05.10-02.11.18:489][  1]LogAssetRegistry: Asset discovery search completed in 8.6361 seconds
[2018.05.10-02.11.18:491][  1]LogCollectionManager: Rebuilt the object cache for 0 collections in 0.000000 seconds (found 0 objects)
[2018.05.10-02.11.18:491][  1]LogCollectionManager: Fixed up redirectors for 0 collections in 0.000044 seconds (updated 0 objects)
[2018.05.10-02.11.21:618][367]LogSlate: FSceneViewport::OnFocusLost() reason 0
[2018.05.10-02.11.21:719][378]LogSlate: Took 0.000560 seconds to synchronously load lazily loaded font '../../../Engine/Content/Slate/Fonts/Roboto-Light.ttf' (167K)
[2018.05.10-02.11.23:888][605]LogSlate: Took 0.000222 seconds to synchronously load lazily loaded font '../../../Engine/Content/Slate/Fonts/Roboto-Light.ttf' (167K)
[2018.05.10-02.11.24:104][605]LogBlueprint: Warning: [Compiler SpeakerPlayerCharacter] Set : 'randomizeAnimation' variable not found. Base class was probably changed. /Game/Blueprints/SpeakerPlayerCharacter.SpeakerPlayerCharacter
[2018.05.10-02.11.24:104][605]LogBlueprint: Warning: [Compiler SpeakerPlayerCharacter] Set randomizeAnimation : 'randomizeAnimation' variable not found. Base class was probably changed. /Game/Blueprints/SpeakerPlayerCharacter.SpeakerPlayerCharacter
[2018.05.10-02.11.24:104][605]LogBlueprint: Warning: [Compiler SpeakerPlayerCharacter] Get : 'interest' variable not found. Base class was probably changed. /Game/Blueprints/SpeakerPlayerCharacter.SpeakerPlayerCharacter
[2018.05.10-02.11.24:104][605]LogBlueprint: Warning: [Compiler SpeakerPlayerCharacter] Get : 'IntervalBetweenAnimations' variable not found. Base class was probably changed. /Game/Blueprints/SpeakerPlayerCharacter.SpeakerPlayerCharacter
[2018.05.10-02.11.24:127][605]LogBlueprint: Warning: [Compiler Male1_AnimationBP] Interested to Lean Forward  will never be taken, please connect something to  Can Enter Transition
[2018.05.10-02.11.24:145][605]LogBlueprint: Warning: [Compiler TranscriptBP] 'Notecard Widget' does not inherit from 'Widget Component' ( Cast To NotecardWidget  would always fail).
[2018.05.10-02.11.24:192][605]LogBlueprint: Warning: [Compiler Male1_AnimationBP] Node  Transform (Modify) Bone - Bone: Head  uses potentially thread-unsafe call  Get Player Character . Disable threaded update or use a thread-safe call. Function may need BlueprintThreadSafe metadata adding.
[2018.05.10-02.11.24:192][605]LogBlueprint: Warning: [Compiler Male1_AnimationBP] Node  Transform (Modify) Bone - Bone: Head  uses potentially thread-unsafe call  Get Player Character . Disable threaded update or use a thread-safe call. Function may need BlueprintThreadSafe metadata adding.
[2018.05.10-02.11.24:192][605]LogBlueprint: Warning: [Compiler Male1_AnimationBP] Node  Transform (Modify) Bone - Bone: Head  uses potentially thread-unsafe call  Get Owning Actor . Disable threaded update or use a thread-safe call. Function may need BlueprintThreadSafe metadata adding.
[2018.05.10-02.11.24:192][605]LogBlueprint: Warning: [Compiler Male1_AnimationBP] Node  Transform (Modify) Bone - Bone: Head  uses potentially thread-unsafe call  Get Owning Actor . Disable threaded update or use a thread-safe call. Function may need BlueprintThreadSafe metadata adding.
[2018.05.10-02.11.24:192][605]LogBlueprint: Warning: [Compiler Male1_AnimationBP] Node  Transform (Modify) Bone - Bone: Head  uses potentially thread-unsafe call  Get Player Character . Disable threaded update or use a thread-safe call. Function may need BlueprintThreadSafe metadata adding.
[2018.05.10-02.11.24:192][605]LogBlueprint: Warning: [Compiler Male1_AnimationBP] Node  Transform (Modify) Bone - Bone: Head  uses potentially thread-unsafe call  Get Player Character . Disable threaded update or use a thread-safe call. Function may need BlueprintThreadSafe metadata adding.
[2018.05.10-02.11.24:193][605]LogBlueprint: Warning: [Compiler Male1_AnimationBP] Node  Transform (Modify) Bone - Bone: Head  uses potentially thread-unsafe call  Get Owning Actor . Disable threaded update or use a thread-safe call. Function may need BlueprintThreadSafe metadata adding.
[2018.05.10-02.11.24:193][605]LogBlueprint: Warning: [Compiler Male1_AnimationBP] Node  Transform (Modify) Bone - Bone: Head  uses potentially thread-unsafe call  Get Owning Actor . Disable threaded update or use a thread-safe call. Function may need BlueprintThreadSafe metadata adding.
[2018.05.10-02.11.24:193][605]LogBlueprint: Warning: [Compiler Male1_AnimationBP] Node  Transform (Modify) Bone - Bone: Head  uses potentially thread-unsafe call  Get Player Character . Disable threaded update or use a thread-safe call. Function may need BlueprintThreadSafe metadata adding.
[2018.05.10-02.11.24:193][605]LogBlueprint: Warning: [Compiler Male1_AnimationBP] Node  Transform (Modify) Bone - Bone: Head  uses potentially thread-unsafe call  Get Player Character . Disable threaded update or use a thread-safe call. Function may need BlueprintThreadSafe metadata adding.
[2018.05.10-02.11.24:193][605]LogBlueprint: Warning: [Compiler Male1_AnimationBP] Node  Transform (Modify) Bone - Bone: Head  uses potentially thread-unsafe call  Get Owning Actor . Disable threaded update or use a thread-safe call. Function may need BlueprintThreadSafe metadata adding.
[2018.05.10-02.11.24:193][605]LogBlueprint: Warning: [Compiler Male1_AnimationBP] Node  Transform (Modify) Bone - Bone: Head  uses potentially thread-unsafe call  Get Owning Actor . Disable threaded update or use a thread-safe call. Function may need BlueprintThreadSafe metadata adding.
[2018.05.10-02.11.24:193][605]LogBlueprint: Warning: [Compiler Male1_AnimationBP] Node  Transform (Modify) Bone - Bone: Head  uses potentially thread-unsafe call  Get Player Character . Disable threaded update or use a thread-safe call. Function may need BlueprintThreadSafe metadata adding.
[2018.05.10-02.11.24:193][605]LogBlueprint: Warning: [Compiler Male1_AnimationBP] Node  Transform (Modify) Bone - Bone: Head  uses potentially thread-unsafe call  Get Player Character . Disable threaded update or use a thread-safe call. Function may need BlueprintThreadSafe metadata adding.
[2018.05.10-02.11.24:193][605]LogBlueprint: Warning: [Compiler Male1_AnimationBP] Node  Transform (Modify) Bone - Bone: Head  uses potentially thread-unsafe call  Get Owning Actor . Disable threaded update or use a thread-safe call. Function may need BlueprintThreadSafe metadata adding.
[2018.05.10-02.11.24:193][605]LogBlueprint: Warning: [Compiler Male1_AnimationBP] Node  Transform (Modify) Bone - Bone: Head  uses potentially thread-unsafe call  Get Owning Actor . Disable threaded update or use a thread-safe call. Function may need BlueprintThreadSafe metadata adding.
[2018.05.10-02.11.24:193][605]LogBlueprint: Warning: [Compiler Male1_AnimationBP] Node  Transform (Modify) Bone - Bone: Head  uses potentially thread-unsafe call  Get Player Character . Disable threaded update or use a thread-safe call. Function may need BlueprintThreadSafe metadata adding.
[2018.05.10-02.11.24:193][605]LogBlueprint: Warning: [Compiler Male1_AnimationBP] Node  Transform (Modify) Bone - Bone: Head  uses potentially thread-unsafe call  Get Player Character . Disable threaded update or use a thread-safe call. Function may need BlueprintThreadSafe metadata adding.
[2018.05.10-02.11.24:194][605]LogBlueprint: Warning: [Compiler Male1_AnimationBP] Node  Transform (Modify) Bone - Bone: Head  uses potentially thread-unsafe call  Get Owning Actor . Disable threaded update or use a thread-safe call. Function may need BlueprintThreadSafe metadata adding.
[2018.05.10-02.11.24:194][605]LogBlueprint: Warning: [Compiler Male1_AnimationBP] Node  Transform (Modify) Bone - Bone: Head  uses potentially thread-unsafe call  Get Owning Actor . Disable threaded update or use a thread-safe call. Function may need BlueprintThreadSafe metadata adding.
[2018.05.10-02.11.24:196][605]LogBlueprint: Warning: [Compiler Male1_AnimationBP] [0022.98] Compile of Male1_AnimationBP successful, but with 21 Warning(s) [in 110 ms] (/Game/people/testmale/animation/Male1_AnimationBP.Male1_AnimationBP)
[2018.05.10-02.11.24:196][605]LogBlueprint: Warning: [Compiler TranscriptBP] [0022.98] Compile of TranscriptBP successful, but with 1 Warning(s) [in 110 ms] (/Game/Blueprints/TranscriptBP.TranscriptBP)
[2018.05.10-02.11.24:196][605]LogBlueprint: Warning: [Compiler SpeakerPlayerCharacter] [0022.98] Compile of SpeakerPlayerCharacter successful, but with 4 Warning(s) [in 110 ms] (/Game/Blueprints/SpeakerPlayerCharacter.SpeakerPlayerCharacter)
[2018.05.10-02.11.24:401][605]LogSkeletalMesh: Skeletal Mesh found in DDC [9.252037ms] /Game/people/testmale/mesh/male1.male1
[2018.05.10-02.11.24:475][605]LogAIModule: Creating AISystem for world MainMenu
[2018.05.10-02.11.24:495][605]Cmd: MAP LOAD FILE="../../../../../../Users/VRBC/Desktop/rjackson/PresentVR/SeniorDesignV1 4.19/Content/levels/MainMenu.umap" TEMPLATE=0 SHOWPROGRESS=1 FEATURELEVEL=3
[2018.05.10-02.11.24:495][605]LightingResults: New page: Lighting Build
[2018.05.10-02.11.24:496][605]LoadErrors: New page: Loading map: MainMenu.umap
[2018.05.10-02.11.24:496][605]MapCheck: New page: Map Check
[2018.05.10-02.11.24:496][605]LightingResults: New page: Lighting Build
[2018.05.10-02.11.24:586][605]LogEditorServer: Finished looking for orphan Actors (0.000 secs)
[2018.05.10-02.11.24:625][605]Cmd: MAP CHECKDEP NOCLEARLOG
[2018.05.10-02.11.24:732][605]MapCheck: Map check complete: 0 Error(s), 0 Warning(s), took 106.55ms to complete.
[2018.05.10-02.11.24:734][605]LogFileHelpers: Loading map 'MainMenu' took 0.239
[2018.05.10-02.11.57:604][518]LogBlueprintUserMessages: Early PlayInEditor Detection: Level '/Game/levels/MainMenu.MainMenu:PersistentLevel' has LevelScriptBlueprint '/Game/levels/MainMenu.MainMenu:PersistentLevel.MainMenu' with GeneratedClass '/Game/levels/MainMenu.MainMenu_C' with ClassGeneratedBy '/Game/levels/MainMenu.MainMenu:PersistentLevel.MainMenu'
[2018.05.10-02.11.57:605][518]LogPlayLevel: PlayLevel: No blueprints needed recompiling
[2018.05.10-02.11.57:605][518]LogHMD: Initializing OVRPlugin session
[2018.05.10-02.11.57:674][518]PIE: New page: PIE session: MainMenu (May 9, 2018, 12:11:57 PM)
[2018.05.10-02.11.57:675][518]LogPlayLevel: Creating play world package: /Game/levels/UEDPIE_0_MainMenu
[2018.05.10-02.11.57:676][518]LogPlayLevel: PIE: StaticDuplicateObject took: (0.001333s)
[2018.05.10-02.11.57:676][518]LogAIModule: Creating AISystem for world MainMenu
[2018.05.10-02.11.57:677][518]LogPlayLevel: PIE: World Init took: (0.000663s)
[2018.05.10-02.11.57:677][518]LogPlayLevel: PIE: Created PIE world by copying editor world from /Game/levels/MainMenu.MainMenu to /Game/levels/UEDPIE_0_MainMenu.MainMenu (0.002177s)
[2018.05.10-02.11.57:710][518]LogInit: XAudio2 using 'Headphones (2- Rift Audio)' : 2 channels at 48 kHz using 16 bits per sample (channel mask 0x3)
[2018.05.10-02.11.57:728][518]LogInit: FAudioDevice initialized.
[2018.05.10-02.11.57:818][518]LogHMD: Allocating Oculus 2720 x 1600 rendertarget swapchain
[2018.05.10-02.11.57:858][518]LogLoad: Game class is 'MyGameMode_C'
[2018.05.10-02.11.57:860][518]LogWorld: Bringing World /Game/levels/UEDPIE_0_MainMenu.MainMenu up for play (max tick rate 0) at 2018.05.09-19.11.57
[2018.05.10-02.11.57:860][518]LogWorld: Bringing up level for play took: 0.001127
[2018.05.10-02.11.57:865][518]LogContentBrowser: Native class hierarchy updated for 'MovieSceneCapture' in 0.0010 seconds. Added 11 classes and 0 folders.
[2018.05.10-02.11.57:867][518]LogSlate: New Slate User Created.  User Index 8, Is Virtual User: 1
[2018.05.10-02.11.57:867][518]LogSlate: Slate User Registered.  User Index 8, Is Virtual User: 1
[2018.05.10-02.11.57:873][518]PIE: Play in editor start time for /Game/levels/UEDPIE_0_MainMenu 0.76
[2018.05.10-02.11.57:874][518]LogBlueprintUserMessages: Late PlayInEditor Detection: Level '/Game/levels/MainMenu.MainMenu:PersistentLevel' has LevelScriptBlueprint '/Game/levels/MainMenu.MainMenu:PersistentLevel.MainMenu' with GeneratedClass '/Game/levels/MainMenu.MainMenu_C' with ClassGeneratedBy '/Game/levels/MainMenu.MainMenu:PersistentLevel.MainMenu'
[2018.05.10-02.11.57:874][518]LogEngine: Changing dynamic resolution state.
[2018.05.10-02.11.57:878][518]LogRenderer: Reallocating scene render targets to support 2720x1600 Format 10 NumSamples 1 (Frame:1).
[2018.05.10-02.11.57:878][518]LogHMD: Allocating Oculus 2720 x 1600 depth rendertarget swapchain
[2018.05.10-02.12.02:573][938]LogScriptCore: Warning: Script Msg: Attempted to access index 0 from array 'CallFunc_GetAllActorsOfClass_OutActors3' of length 0 in '/Game/Blueprints/SpeakerPlayerCharacter.SpeakerPlayerCharacter_C:ExecuteUbergraph_SpeakerPlayerCharacter'!
[2018.05.10-02.12.02:573][938]LogScript: Warning: Accessed None trying to read property CallFunc_Array_Get_Item3
	SpeakerPlayerCharacter_C /Game/levels/UEDPIE_0_MainMenu.MainMenu:PersistentLevel.SpeakerPlayerCharacter_C_0
	Function /Game/Blueprints/SpeakerPlayerCharacter.SpeakerPlayerCharacter_C:ExecuteUbergraph_SpeakerPlayerCharacter:00A5
[2018.05.10-02.12.02:573][938]PIE: Error: Blueprint Runtime Error: Accessed None trying to read property CallFunc_Array_Get_Item3 from function: 'ExecuteUbergraph_SpeakerPlayerCharacter' from node: Request Transcript in graph: EventGraph in object: SpeakerPlayerCharacter with description: Accessed None trying to read property CallFunc_Array_Get_Item3
[2018.05.10-02.12.03:963][ 63]LogNet: Browse: /Game/levels/conferenceRoomSelect
[2018.05.10-02.12.03:963][ 63]LogLoadingSplash: Loading begins
[2018.05.10-02.12.03:973][ 63]LogHMD: FSplash::OnShow
[2018.05.10-02.12.03:973][ 63]LogLoad: LoadMap: /Game/levels/conferenceRoomSelect
[2018.05.10-02.12.03:984][ 63]LogSlate: Slate User Unregistered.  User Index 8
[2018.05.10-02.12.03:984][ 63]LogSlate: Slate User Destroyed.  User Index 8, Is Virtual User: 1
[2018.05.10-02.12.03:995][ 63]LogLinker: Warning: Can't find file '/Game/StarterContent/Textures/T_MacroVariation'
[2018.05.10-02.12.03:995][ 63]LogLinker: Warning: Can't find file for asset '/Game/StarterContent/Textures/T_MacroVariation' while loading ../../../../../../Users/VRBC/Desktop/rjackson/PresentVR/SeniorDesignV1 4.19/Content/Assets/ConferenceRoom/Materials/M_Rock_Sandstone.uasset.
[2018.05.10-02.12.03:995][ 63]LoadErrors: Error: /Game/Assets/ConferenceRoom/Materials/M_Rock_Sandstone : Can't find file for asset. /Game/StarterContent/Textures/T_MacroVariation
[2018.05.10-02.12.03:995][ 63]LogLinker: Warning: Can't find file '/Game/StarterContent/Textures/T_Perlin_Noise_M'
[2018.05.10-02.12.03:995][ 63]LogLinker: Warning: Can't find file for asset '/Game/StarterContent/Textures/T_Perlin_Noise_M' while loading ../../../../../../Users/VRBC/Desktop/rjackson/PresentVR/SeniorDesignV1 4.19/Content/Assets/ConferenceRoom/Materials/M_Rock_Sandstone.uasset.
[2018.05.10-02.12.03:995][ 63]LoadErrors: Error: /Game/Assets/ConferenceRoom/Materials/M_Rock_Sandstone : Can't find file for asset. /Game/StarterContent/Textures/T_Perlin_Noise_M
[2018.05.10-02.12.03:995][ 63]LogLinker: Warning: Can't find file '/Game/StarterContent/Textures/T_Rock_Sandstone_D'
[2018.05.10-02.12.03:996][ 63]LogLinker: Warning: Can't find file for asset '/Game/StarterContent/Textures/T_Rock_Sandstone_D' while loading ../../../../../../Users/VRBC/Desktop/rjackson/PresentVR/SeniorDesignV1 4.19/Content/Assets/ConferenceRoom/Materials/M_Rock_Sandstone.uasset.
[2018.05.10-02.12.03:996][ 63]LoadErrors: Error: /Game/Assets/ConferenceRoom/Materials/M_Rock_Sandstone : Can't find file for asset. /Game/StarterContent/Textures/T_Rock_Sandstone_D
[2018.05.10-02.12.03:996][ 63]LogLinker: Warning: Can't find file '/Game/StarterContent/Textures/T_Rock_Sandstone_N'
[2018.05.10-02.12.03:996][ 63]LogLinker: Warning: Can't find file for asset '/Game/StarterContent/Textures/T_Rock_Sandstone_N' while loading ../../../../../../Users/VRBC/Desktop/rjackson/PresentVR/SeniorDesignV1 4.19/Content/Assets/ConferenceRoom/Materials/M_Rock_Sandstone.uasset.
[2018.05.10-02.12.03:996][ 63]LoadErrors: Error: /Game/Assets/ConferenceRoom/Materials/M_Rock_Sandstone : Can't find file for asset. /Game/StarterContent/Textures/T_Rock_Sandstone_N
[2018.05.10-02.12.03:996][ 63]LogLinker: Warning: Can't find file '/Game/StarterContent/Textures/T_MacroVariation'
[2018.05.10-02.12.03:996][ 63]LogLinker: Warning: Can't find file for asset '/Game/StarterContent/Textures/T_MacroVariation' while loading ../../../../../../Users/VRBC/Desktop/rjackson/PresentVR/SeniorDesignV1 4.19/Content/Assets/ConferenceRoom/Materials/M_Rock_Sandstone.uasset.
[2018.05.10-02.12.03:997][ 63]LogLinker: Warning: Can't find file '/Game/StarterContent/Textures/T_Perlin_Noise_M'
[2018.05.10-02.12.03:997][ 63]LogLinker: Warning: Can't find file for asset '/Game/StarterContent/Textures/T_Perlin_Noise_M' while loading ../../../../../../Users/VRBC/Desktop/rjackson/PresentVR/SeniorDesignV1 4.19/Content/Assets/ConferenceRoom/Materials/M_Rock_Sandstone.uasset.
[2018.05.10-02.12.03:997][ 63]LogLinker: Warning: Can't find file '/Game/StarterContent/Textures/T_Rock_Sandstone_D'
[2018.05.10-02.12.03:997][ 63]LogLinker: Warning: Can't find file for asset '/Game/StarterContent/Textures/T_Rock_Sandstone_D' while loading ../../../../../../Users/VRBC/Desktop/rjackson/PresentVR/SeniorDesignV1 4.19/Content/Assets/ConferenceRoom/Materials/M_Rock_Sandstone.uasset.
[2018.05.10-02.12.03:997][ 63]LogLinker: Warning: Can't find file '/Game/StarterContent/Textures/T_Rock_Sandstone_N'
[2018.05.10-02.12.03:997][ 63]LogLinker: Warning: Can't find file for asset '/Game/StarterContent/Textures/T_Rock_Sandstone_N' while loading ../../../../../../Users/VRBC/Desktop/rjackson/PresentVR/SeniorDesignV1 4.19/Content/Assets/ConferenceRoom/Materials/M_Rock_Sandstone.uasset.
[2018.05.10-02.12.04:032][ 63]LogLinker: Warning: Can't find file '/Game/StarterContent/Textures/T_Rock_Sandstone_D'
[2018.05.10-02.12.04:032][ 63]LoadErrors: Failed to load /Game/StarterContent/Textures/T_Rock_Sandstone_D.T_Rock_Sandstone_D Referenced by MaterialExpressionTextureSample_1
[2018.05.10-02.12.04:032][ 63]LogLinker: Warning: Can't find file for asset '/Game/StarterContent/Textures/T_Rock_Sandstone_D' while loading NULL.
[2018.05.10-02.12.04:032][ 63]LogLinker: Warning: Can't find file '/Game/StarterContent/Textures/T_Rock_Sandstone_D'
[2018.05.10-02.12.04:032][ 63]LoadErrors: Failed to load /Game/StarterContent/Textures/T_Rock_Sandstone_D.T_Rock_Sandstone_D Referenced by MaterialExpressionTextureSample_2
[2018.05.10-02.12.04:032][ 63]LogLinker: Warning: Can't find file for asset '/Game/StarterContent/Textures/T_Rock_Sandstone_D' while loading NULL.
[2018.05.10-02.12.04:032][ 63]LogLinker: Warning: Can't find file '/Game/StarterContent/Textures/T_Rock_Sandstone_N'
[2018.05.10-02.12.04:032][ 63]LoadErrors: Failed to load /Game/StarterContent/Textures/T_Rock_Sandstone_N.T_Rock_Sandstone_N Referenced by MaterialExpressionTextureSample_4
[2018.05.10-02.12.04:033][ 63]LogLinker: Warning: Can't find file for asset '/Game/StarterContent/Textures/T_Rock_Sandstone_N' while loading NULL.
[2018.05.10-02.12.04:033][ 63]LogLinker: Warning: Can't find file '/Game/StarterContent/Textures/T_Rock_Sandstone_N'
[2018.05.10-02.12.04:033][ 63]LoadErrors: Failed to load /Game/StarterContent/Textures/T_Rock_Sandstone_N.T_Rock_Sandstone_N Referenced by MaterialExpressionTextureSample_5
[2018.05.10-02.12.04:033][ 63]LogLinker: Warning: Can't find file for asset '/Game/StarterContent/Textures/T_Rock_Sandstone_N' while loading NULL.
[2018.05.10-02.12.04:033][ 63]LogLinker: Warning: Can't find file '/Game/StarterContent/Textures/T_Perlin_Noise_M'
[2018.05.10-02.12.04:033][ 63]LoadErrors: Failed to load /Game/StarterContent/Textures/T_Perlin_Noise_M.T_Perlin_Noise_M Referenced by MaterialExpressionTextureSample_62
[2018.05.10-02.12.04:033][ 63]LogLinker: Warning: Can't find file for asset '/Game/StarterContent/Textures/T_Perlin_Noise_M' while loading NULL.
[2018.05.10-02.12.04:034][ 63]LogLinker: Warning: Can't find file '/Game/StarterContent/Textures/T_MacroVariation'
[2018.05.10-02.12.04:034][ 63]LoadErrors: Failed to load /Game/StarterContent/Textures/T_MacroVariation.T_MacroVariation Referenced by MaterialExpressionTextureSample_63
[2018.05.10-02.12.04:034][ 63]LogLinker: Warning: Can't find file for asset '/Game/StarterContent/Textures/T_MacroVariation' while loading NULL.
[2018.05.10-02.12.04:034][ 63]LogLinker: Warning: Can't find file '/Game/StarterContent/Textures/T_MacroVariation'
[2018.05.10-02.12.04:034][ 63]LoadErrors: Failed to load /Game/StarterContent/Textures/T_MacroVariation.T_MacroVariation Referenced by MaterialExpressionTextureSample_64
[2018.05.10-02.12.04:034][ 63]LogLinker: Warning: Can't find file for asset '/Game/StarterContent/Textures/T_MacroVariation' while loading NULL.
[2018.05.10-02.12.04:034][ 63]LogLinker: Warning: Can't find file '/Game/StarterContent/Textures/T_MacroVariation'
[2018.05.10-02.12.04:034][ 63]LoadErrors: Failed to load /Game/StarterContent/Textures/T_MacroVariation.T_MacroVariation Referenced by MaterialExpressionTextureSample_65
[2018.05.10-02.12.04:035][ 63]LogLinker: Warning: Can't find file for asset '/Game/StarterContent/Textures/T_MacroVariation' while loading NULL.
[2018.05.10-02.12.04:044][ 63]LogMaterial: Missing cached shader map for material M_Rock_Sandstone, compiling. 
[2018.05.10-02.12.04:045][ 63]LogMaterial: Warning: C:\Users\VRBC\Desktop\rjackson\PresentVR\SeniorDesignV1 4.19\Content\Assets\ConferenceRoom\Materials\M_Rock_Sandstone.uasset: Failed to compile Material for platform PCD3D_SM5, Default Material will be used in game.
[2018.05.10-02.12.04:045][ 63]LogMaterial: 	(Node TextureSample) Texture Sample> Missing input texture
[2018.05.10-02.12.04:478][ 63]LogAIModule: Creating AISystem for world conferenceRoomSelect
[2018.05.10-02.12.04:478][ 63]LogLoad: Game class is 'MyGameMode_C'
[2018.05.10-02.12.04:482][ 63]LogWorld: Bringing World /Game/levels/UEDPIE_0_conferenceRoomSelect.conferenceRoomSelect up for play (max tick rate 0) at 2018.05.09-19.12.04
[2018.05.10-02.12.04:483][ 63]LogWorld: Bringing up level for play took: 0.003771
[2018.05.10-02.12.04:484][ 63]LogSlate: New Slate User Created.  User Index 8, Is Virtual User: 1
[2018.05.10-02.12.04:484][ 63]LogSlate: Slate User Registered.  User Index 8, Is Virtual User: 1
[2018.05.10-02.12.04:485][ 63]LogLoadingSplash: Loading ends
[2018.05.10-02.12.04:485][ 63]LogHMD: FSplash::OnHide
[2018.05.10-02.12.04:508][ 63]LogLoad: Took 0.535005 seconds to LoadMap(/Game/levels/conferenceRoomSelect)
[2018.05.10-02.12.09:113][476]LogScriptCore: Warning: Script Msg: Attempted to access index 0 from array 'CallFunc_GetAllActorsOfClass_OutActors3' of length 0 in '/Game/Blueprints/SpeakerPlayerCharacter.SpeakerPlayerCharacter_C:ExecuteUbergraph_SpeakerPlayerCharacter'!
[2018.05.10-02.12.09:113][476]LogScript: Warning: Accessed None trying to read property CallFunc_Array_Get_Item3
	SpeakerPlayerCharacter_C /Game/levels/UEDPIE_0_conferenceRoomSelect.conferenceRoomSelect:PersistentLevel.SpeakerPlayerCharacter_C_0
	Function /Game/Blueprints/SpeakerPlayerCharacter.SpeakerPlayerCharacter_C:ExecuteUbergraph_SpeakerPlayerCharacter:00A5
[2018.05.10-02.12.09:113][476]PIE: Error: Blueprint Runtime Error: Accessed None trying to read property CallFunc_Array_Get_Item3 from function: 'ExecuteUbergraph_SpeakerPlayerCharacter' from node: Request Transcript in graph: EventGraph in object: SpeakerPlayerCharacter with description: Accessed None trying to read property CallFunc_Array_Get_Item3
[2018.05.10-02.12.13:524][873]LogNet: Browse: /Game/levels/classRoomSelect
[2018.05.10-02.12.13:524][873]LogLoadingSplash: Loading begins
[2018.05.10-02.12.13:533][873]LogHMD: FSplash::OnShow
[2018.05.10-02.12.13:533][873]LogLoad: LoadMap: /Game/levels/classRoomSelect
[2018.05.10-02.12.13:547][873]LogSlate: Slate User Unregistered.  User Index 8
[2018.05.10-02.12.13:547][873]LogSlate: Slate User Destroyed.  User Index 8, Is Virtual User: 1
[2018.05.10-02.12.14:039][873]LogAIModule: Creating AISystem for world classRoomSelect
[2018.05.10-02.12.14:039][873]LogLoad: Game class is 'MyGameMode_C'
[2018.05.10-02.12.14:049][873]LogWorld: Bringing World /Game/levels/UEDPIE_0_classRoomSelect.classRoomSelect up for play (max tick rate 0) at 2018.05.09-19.12.14
[2018.05.10-02.12.14:050][873]LogWorld: Bringing up level for play took: 0.009903
[2018.05.10-02.12.14:051][873]LogSlate: New Slate User Created.  User Index 8, Is Virtual User: 1
[2018.05.10-02.12.14:051][873]LogSlate: Slate User Registered.  User Index 8, Is Virtual User: 1
[2018.05.10-02.12.14:053][873]LogLoadingSplash: Loading ends
[2018.05.10-02.12.14:053][873]LogHMD: FSplash::OnHide
[2018.05.10-02.12.14:060][873]LogLoad: Took 0.526331 seconds to LoadMap(/Game/levels/classRoomSelect)
[2018.05.10-02.12.16:153][ 61]PIE: Error: SetInputMode_GameOnly expects a valid player controller as 'PlayerController' target
[2018.05.10-02.12.16:164][ 62]LogNet: Browse: /Game/levels/conferenceRoomSelect
[2018.05.10-02.12.16:164][ 62]LogLoadingSplash: Loading begins
[2018.05.10-02.12.16:172][ 62]LogHMD: FSplash::OnShow
[2018.05.10-02.12.16:173][ 62]LogLoad: LoadMap: /Game/levels/conferenceRoomSelect
[2018.05.10-02.12.16:187][ 62]LogSlate: Slate User Unregistered.  User Index 8
[2018.05.10-02.12.16:187][ 62]LogSlate: Slate User Destroyed.  User Index 8, Is Virtual User: 1
[2018.05.10-02.12.16:350][ 62]LogLinker: Warning: Can't find file '/Game/StarterContent/Textures/T_MacroVariation'
[2018.05.10-02.12.16:350][ 62]LogLinker: Warning: Can't find file for asset '/Game/StarterContent/Textures/T_MacroVariation' while loading ../../../../../../Users/VRBC/Desktop/rjackson/PresentVR/SeniorDesignV1 4.19/Content/Assets/ConferenceRoom/Materials/M_Rock_Sandstone.uasset.
[2018.05.10-02.12.16:351][ 62]LogLinker: Warning: Can't find file '/Game/StarterContent/Textures/T_Perlin_Noise_M'
[2018.05.10-02.12.16:351][ 62]LogLinker: Warning: Can't find file for asset '/Game/StarterContent/Textures/T_Perlin_Noise_M' while loading ../../../../../../Users/VRBC/Desktop/rjackson/PresentVR/SeniorDesignV1 4.19/Content/Assets/ConferenceRoom/Materials/M_Rock_Sandstone.uasset.
[2018.05.10-02.12.16:351][ 62]LogLinker: Warning: Can't find file '/Game/StarterContent/Textures/T_Rock_Sandstone_D'
[2018.05.10-02.12.16:351][ 62]LogLinker: Warning: Can't find file for asset '/Game/StarterContent/Textures/T_Rock_Sandstone_D' while loading ../../../../../../Users/VRBC/Desktop/rjackson/PresentVR/SeniorDesignV1 4.19/Content/Assets/ConferenceRoom/Materials/M_Rock_Sandstone.uasset.
[2018.05.10-02.12.16:351][ 62]LogLinker: Warning: Can't find file '/Game/StarterContent/Textures/T_Rock_Sandstone_N'
[2018.05.10-02.12.16:351][ 62]LogLinker: Warning: Can't find file for asset '/Game/StarterContent/Textures/T_Rock_Sandstone_N' while loading ../../../../../../Users/VRBC/Desktop/rjackson/PresentVR/SeniorDesignV1 4.19/Content/Assets/ConferenceRoom/Materials/M_Rock_Sandstone.uasset.
[2018.05.10-02.12.16:352][ 62]LogLinker: Warning: Can't find file '/Game/StarterContent/Textures/T_MacroVariation'
[2018.05.10-02.12.16:352][ 62]LogLinker: Warning: Can't find file for asset '/Game/StarterContent/Textures/T_MacroVariation' while loading ../../../../../../Users/VRBC/Desktop/rjackson/PresentVR/SeniorDesignV1 4.19/Content/Assets/ConferenceRoom/Materials/M_Rock_Sandstone.uasset.
[2018.05.10-02.12.16:352][ 62]LogLinker: Warning: Can't find file '/Game/StarterContent/Textures/T_Perlin_Noise_M'
[2018.05.10-02.12.16:352][ 62]LogLinker: Warning: Can't find file for asset '/Game/StarterContent/Textures/T_Perlin_Noise_M' while loading ../../../../../../Users/VRBC/Desktop/rjackson/PresentVR/SeniorDesignV1 4.19/Content/Assets/ConferenceRoom/Materials/M_Rock_Sandstone.uasset.
[2018.05.10-02.12.16:352][ 62]LogLinker: Warning: Can't find file '/Game/StarterContent/Textures/T_Rock_Sandstone_D'
[2018.05.10-02.12.16:352][ 62]LogLinker: Warning: Can't find file for asset '/Game/StarterContent/Textures/T_Rock_Sandstone_D' while loading ../../../../../../Users/VRBC/Desktop/rjackson/PresentVR/SeniorDesignV1 4.19/Content/Assets/ConferenceRoom/Materials/M_Rock_Sandstone.uasset.
[2018.05.10-02.12.16:352][ 62]LogLinker: Warning: Can't find file '/Game/StarterContent/Textures/T_Rock_Sandstone_N'
[2018.05.10-02.12.16:353][ 62]LogLinker: Warning: Can't find file for asset '/Game/StarterContent/Textures/T_Rock_Sandstone_N' while loading ../../../../../../Users/VRBC/Desktop/rjackson/PresentVR/SeniorDesignV1 4.19/Content/Assets/ConferenceRoom/Materials/M_Rock_Sandstone.uasset.
[2018.05.10-02.12.16:415][ 62]LogAIModule: Creating AISystem for world conferenceRoomSelect
[2018.05.10-02.12.16:415][ 62]LogLoad: Game class is 'MyGameMode_C'
[2018.05.10-02.12.16:420][ 62]LogWorld: Bringing World /Game/levels/UEDPIE_0_conferenceRoomSelect.conferenceRoomSelect up for play (max tick rate 0) at 2018.05.09-19.12.16
[2018.05.10-02.12.16:420][ 62]LogWorld: Bringing up level for play took: 0.004171
[2018.05.10-02.12.16:421][ 62]LogSlate: New Slate User Created.  User Index 8, Is Virtual User: 1
[2018.05.10-02.12.16:421][ 62]LogSlate: Slate User Registered.  User Index 8, Is Virtual User: 1
[2018.05.10-02.12.16:422][ 62]LogLoadingSplash: Loading ends
[2018.05.10-02.12.16:422][ 62]LogHMD: FSplash::OnHide
[2018.05.10-02.12.16:440][ 62]LogLoad: Took 0.267466 seconds to LoadMap(/Game/levels/conferenceRoomSelect)
[2018.05.10-02.12.19:457][332]LogNet: Browse: /Game/levels/conferenceRoom
[2018.05.10-02.12.19:457][332]LogLoadingSplash: Loading begins
[2018.05.10-02.12.19:466][332]LogHMD: FSplash::OnShow
[2018.05.10-02.12.19:466][332]LogLoad: LoadMap: /Game/levels/conferenceRoom
[2018.05.10-02.12.19:479][332]LogSlate: Slate User Unregistered.  User Index 8
[2018.05.10-02.12.19:479][332]LogSlate: Slate User Destroyed.  User Index 8, Is Virtual User: 1
[2018.05.10-02.12.19:664][332]LogLinker: Warning: Can't find file '/Game/StarterContent/Textures/T_MacroVariation'
[2018.05.10-02.12.19:664][332]LogLinker: Warning: Can't find file for asset '/Game/StarterContent/Textures/T_MacroVariation' while loading ../../../../../../Users/VRBC/Desktop/rjackson/PresentVR/SeniorDesignV1 4.19/Content/Assets/ConferenceRoom/Materials/M_Rock_Sandstone.uasset.
[2018.05.10-02.12.19:665][332]LogLinker: Warning: Can't find file '/Game/StarterContent/Textures/T_Perlin_Noise_M'
[2018.05.10-02.12.19:665][332]LogLinker: Warning: Can't find file for asset '/Game/StarterContent/Textures/T_Perlin_Noise_M' while loading ../../../../../../Users/VRBC/Desktop/rjackson/PresentVR/SeniorDesignV1 4.19/Content/Assets/ConferenceRoom/Materials/M_Rock_Sandstone.uasset.
[2018.05.10-02.12.19:665][332]LogLinker: Warning: Can't find file '/Game/StarterContent/Textures/T_Rock_Sandstone_D'
[2018.05.10-02.12.19:665][332]LogLinker: Warning: Can't find file for asset '/Game/StarterContent/Textures/T_Rock_Sandstone_D' while loading ../../../../../../Users/VRBC/Desktop/rjackson/PresentVR/SeniorDesignV1 4.19/Content/Assets/ConferenceRoom/Materials/M_Rock_Sandstone.uasset.
[2018.05.10-02.12.19:665][332]LogLinker: Warning: Can't find file '/Game/StarterContent/Textures/T_Rock_Sandstone_N'
[2018.05.10-02.12.19:665][332]LogLinker: Warning: Can't find file for asset '/Game/StarterContent/Textures/T_Rock_Sandstone_N' while loading ../../../../../../Users/VRBC/Desktop/rjackson/PresentVR/SeniorDesignV1 4.19/Content/Assets/ConferenceRoom/Materials/M_Rock_Sandstone.uasset.
[2018.05.10-02.12.19:666][332]LogLinker: Warning: Can't find file '/Game/StarterContent/Textures/T_MacroVariation'
[2018.05.10-02.12.19:666][332]LogLinker: Warning: Can't find file for asset '/Game/StarterContent/Textures/T_MacroVariation' while loading ../../../../../../Users/VRBC/Desktop/rjackson/PresentVR/SeniorDesignV1 4.19/Content/Assets/ConferenceRoom/Materials/M_Rock_Sandstone.uasset.
[2018.05.10-02.12.19:666][332]LogLinker: Warning: Can't find file '/Game/StarterContent/Textures/T_Perlin_Noise_M'
[2018.05.10-02.12.19:666][332]LogLinker: Warning: Can't find file for asset '/Game/StarterContent/Textures/T_Perlin_Noise_M' while loading ../../../../../../Users/VRBC/Desktop/rjackson/PresentVR/SeniorDesignV1 4.19/Content/Assets/ConferenceRoom/Materials/M_Rock_Sandstone.uasset.
[2018.05.10-02.12.19:666][332]LogLinker: Warning: Can't find file '/Game/StarterContent/Textures/T_Rock_Sandstone_D'
[2018.05.10-02.12.19:667][332]LogLinker: Warning: Can't find file for asset '/Game/StarterContent/Textures/T_Rock_Sandstone_D' while loading ../../../../../../Users/VRBC/Desktop/rjackson/PresentVR/SeniorDesignV1 4.19/Content/Assets/ConferenceRoom/Materials/M_Rock_Sandstone.uasset.
[2018.05.10-02.12.19:667][332]LogLinker: Warning: Can't find file '/Game/StarterContent/Textures/T_Rock_Sandstone_N'
[2018.05.10-02.12.19:667][332]LogLinker: Warning: Can't find file for asset '/Game/StarterContent/Textures/T_Rock_Sandstone_N' while loading ../../../../../../Users/VRBC/Desktop/rjackson/PresentVR/SeniorDesignV1 4.19/Content/Assets/ConferenceRoom/Materials/M_Rock_Sandstone.uasset.
[2018.05.10-02.12.19:748][332]LogAIModule: Creating AISystem for world conferenceRoom
[2018.05.10-02.12.19:748][332]LogLoad: Game class is 'MyGameMode_C'
[2018.05.10-02.12.19:753][332]LogWorld: Bringing World /Game/levels/UEDPIE_0_conferenceRoom.conferenceRoom up for play (max tick rate 0) at 2018.05.09-19.12.19
[2018.05.10-02.12.19:753][332]LogWorld: Bringing up level for play took: 0.004494
[2018.05.10-02.12.19:755][332]LogSlate: New Slate User Created.  User Index 8, Is Virtual User: 1
[2018.05.10-02.12.19:755][332]LogSlate: Slate User Registered.  User Index 8, Is Virtual User: 1
[2018.05.10-02.12.19:767][332]LogLoadingSplash: Loading ends
[2018.05.10-02.12.19:767][332]LogHMD: FSplash::OnHide
[2018.05.10-02.12.19:768][332]LogLoad: Took 0.302466 seconds to LoadMap(/Game/levels/conferenceRoom)
[2018.05.10-02.12.19:903][344]SocketIOLog: SocketIO Connected with session: lrloxZ5TMk4i85O7AAAF
[2018.05.10-02.12.19:903][344]SocketIOLog: SocketIO lrloxZ5TMk4i85O7AAAF connected to namespace: /
[2018.05.10-02.12.19:903][344]LogBlueprintUserMessages: [ConnectionManagerBP_134] Connected
[2018.05.10-02.12.19:903][344]LogBlueprintUserMessages: [StartMenu_C_1] LRLO
[2018.05.10-02.12.45:401][639]LogBlueprintUserMessages: [SpeakerPlayerCharacter_C_0] Next slide
[2018.05.10-02.13.04:235][333]LogBlueprintUserMessages: [SpeakerPlayerCharacter_C_0] Hello
[2018.05.10-02.13.04:656][371]LogBlueprintUserMessages: [SpeakerPlayerCharacter_C_0] Hello
[2018.05.10-02.13.14:214][231]LogBlueprintUserMessages: [SpeakerPlayerCharacter_C_0] Next slide
[2018.05.10-02.13.18:390][607]LogBlueprintUserMessages: [SpeakerPlayerCharacter_C_0] Next slide
[2018.05.10-02.13.28:936][556]LogBlueprintUserMessages: [SpeakerPlayerCharacter_C_0] Next slide
[2018.05.10-02.13.30:812][725]LogBlueprintUserMessages: [SpeakerPlayerCharacter_C_0] Next slide
[2018.05.10-02.13.32:145][845]LogBlueprintUserMessages: [SpeakerPlayerCharacter_C_0] Next slide
[2018.05.10-02.13.33:001][922]LogBlueprintUserMessages: [SpeakerPlayerCharacter_C_0] Next slide
[2018.05.10-02.13.34:224][ 32]LogBlueprintUserMessages: [SpeakerPlayerCharacter_C_0] Previous Slide
[2018.05.10-02.13.35:024][104]LogBlueprintUserMessages: [SpeakerPlayerCharacter_C_0] Previous Slide
[2018.05.10-02.13.36:868][270]LogBlueprintUserMessages: [SpeakerPlayerCharacter_C_0] Next slide
[2018.05.10-02.13.37:579][334]LogBlueprintUserMessages: [SpeakerPlayerCharacter_C_0] Next slide
[2018.05.10-02.13.38:291][398]LogBlueprintUserMessages: [SpeakerPlayerCharacter_C_0] Hello
[2018.05.10-02.13.39:179][478]LogBlueprintUserMessages: [SpeakerPlayerCharacter_C_0] Next slide
[2018.05.10-02.13.40:190][569]LogBlueprintUserMessages: [SpeakerPlayerCharacter_C_0] Next slide
[2018.05.10-02.13.41:446][682]LogBlueprintUserMessages: [SpeakerPlayerCharacter_C_0] Next slide
[2018.05.10-02.14.02:691][594]LogBlueprintUserMessages: Warning: Time Dilation must be between 0.000100 and 20.000000.  Clamped value to that range.
[2018.05.10-02.14.02:692][594]LogBlueprintUserMessages: [PauseMenu_C_0] Room code: LRLO
[2018.05.10-02.14.12:502][478]LogBlueprintUserMessages: Early EndPlayMap Detection: Level '/Game/levels/MainMenu.MainMenu:PersistentLevel' has LevelScriptBlueprint '/Game/levels/MainMenu.MainMenu:PersistentLevel.MainMenu' with GeneratedClass '/Game/levels/MainMenu.MainMenu_C' with ClassGeneratedBy '/Game/levels/MainMenu.MainMenu:PersistentLevel.MainMenu'
[2018.05.10-02.14.12:623][478]LogSlate: Window 'SeniorDesignV1 Game Preview Standalone (64-bit/PCD3D_SM5)' being destroyed
[2018.05.10-02.14.12:667][478]LogBlueprintUserMessages: Late EndPlayMap Detection: Level '/Game/levels/MainMenu.MainMenu:PersistentLevel' has LevelScriptBlueprint '/Game/levels/MainMenu.MainMenu:PersistentLevel.MainMenu' with GeneratedClass '/Game/levels/MainMenu.MainMenu_C' with ClassGeneratedBy '/Game/levels/MainMenu.MainMenu:PersistentLevel.MainMenu'
[2018.05.10-02.14.12:684][478]LogSlate: Slate User Unregistered.  User Index 8
[2018.05.10-02.14.12:684][478]LogSlate: Slate User Destroyed.  User Index 8, Is Virtual User: 1
[2018.05.10-02.14.12:703][478]SocketIOLog: SocketIO Disconnected lrloxZ5TMk4i85O7AAAF reason: CLOSE_REASON_NORMAL
[2018.05.10-02.14.12:755][479]LogEngine: Changing dynamic resolution state.
[2018.05.10-02.14.15:632][808]SocketIOLog: SocketIO lrloxZ5TMk4i85O7AAAF disconnected from namespace: /
[2018.05.10-02.15.07:487][ 13]LogTemp: Repeating last play command: VR Preview
[2018.05.10-02.15.07:502][ 13]LogBlueprintUserMessages: Early PlayInEditor Detection: Level '/Game/levels/MainMenu.MainMenu:PersistentLevel' has LevelScriptBlueprint '/Game/levels/MainMenu.MainMenu:PersistentLevel.MainMenu' with GeneratedClass '/Game/levels/MainMenu.MainMenu_C' with ClassGeneratedBy '/Game/levels/MainMenu.MainMenu:PersistentLevel.MainMenu'
[2018.05.10-02.15.07:503][ 13]LogPlayLevel: PlayLevel: No blueprints needed recompiling
[2018.05.10-02.15.07:503][ 13]LogHMD: Initializing OVRPlugin session
[2018.05.10-02.15.07:561][ 13]PIE: New page: PIE session: MainMenu (May 9, 2018, 12:15:07 PM)
[2018.05.10-02.15.07:683][ 13]LogPlayLevel: Creating play world package: /Game/levels/UEDPIE_0_MainMenu
[2018.05.10-02.15.07:684][ 13]LogPlayLevel: PIE: StaticDuplicateObject took: (0.001243s)
[2018.05.10-02.15.07:685][ 13]LogAIModule: Creating AISystem for world MainMenu
[2018.05.10-02.15.07:685][ 13]LogPlayLevel: PIE: World Init took: (0.000618s)
[2018.05.10-02.15.07:685][ 13]LogPlayLevel: PIE: Created PIE world by copying editor world from /Game/levels/MainMenu.MainMenu to /Game/levels/UEDPIE_0_MainMenu.MainMenu (0.001984s)
[2018.05.10-02.15.07:714][ 13]LogInit: XAudio2 using 'Headphones (2- Rift Audio)' : 2 channels at 48 kHz using 16 bits per sample (channel mask 0x3)
[2018.05.10-02.15.07:727][ 13]LogInit: FAudioDevice initialized.
[2018.05.10-02.15.07:814][ 13]LogHMD: Allocating Oculus 2720 x 1600 rendertarget swapchain
[2018.05.10-02.15.07:841][ 13]LogLoad: Game class is 'MyGameMode_C'
[2018.05.10-02.15.07:843][ 13]LogWorld: Bringing World /Game/levels/UEDPIE_0_MainMenu.MainMenu up for play (max tick rate 0) at 2018.05.09-19.15.07
[2018.05.10-02.15.07:843][ 13]LogWorld: Bringing up level for play took: 0.002042
[2018.05.10-02.15.07:845][ 13]LogSlate: New Slate User Created.  User Index 8, Is Virtual User: 1
[2018.05.10-02.15.07:845][ 13]LogSlate: Slate User Registered.  User Index 8, Is Virtual User: 1
[2018.05.10-02.15.07:849][ 13]PIE: Play in editor start time for /Game/levels/UEDPIE_0_MainMenu 0.736
[2018.05.10-02.15.07:850][ 13]LogBlueprintUserMessages: Late PlayInEditor Detection: Level '/Game/levels/MainMenu.MainMenu:PersistentLevel' has LevelScriptBlueprint '/Game/levels/MainMenu.MainMenu:PersistentLevel.MainMenu' with GeneratedClass '/Game/levels/MainMenu.MainMenu_C' with ClassGeneratedBy '/Game/levels/MainMenu.MainMenu:PersistentLevel.MainMenu'
[2018.05.10-02.15.07:850][ 13]LogEngine: Changing dynamic resolution state.
[2018.05.10-02.15.07:852][ 13]LogRenderer: Releasing previous depth to switch default clear from depth: 0.000000 stencil: 0 to depth: 0.000000 stencil: 0
[2018.05.10-02.15.07:852][ 13]LogHMD: Allocating Oculus 2720 x 1600 depth rendertarget swapchain
[2018.05.10-02.15.12:472][597]Cmd: LevelEditor.ToggleImmersive
[2018.05.10-02.15.12:495][599]LogScriptCore: Warning: Script Msg: Attempted to access index 0 from array 'CallFunc_GetAllActorsOfClass_OutActors3' of length 0 in '/Game/Blueprints/SpeakerPlayerCharacter.SpeakerPlayerCharacter_C:ExecuteUbergraph_SpeakerPlayerCharacter'!
[2018.05.10-02.15.12:495][599]LogScript: Warning: Accessed None trying to read property CallFunc_Array_Get_Item3
	SpeakerPlayerCharacter_C /Game/levels/UEDPIE_0_MainMenu.MainMenu:PersistentLevel.SpeakerPlayerCharacter_C_0
	Function /Game/Blueprints/SpeakerPlayerCharacter.SpeakerPlayerCharacter_C:ExecuteUbergraph_SpeakerPlayerCharacter:00A5
[2018.05.10-02.15.12:495][599]PIE: Error: Blueprint Runtime Error: Accessed None trying to read property CallFunc_Array_Get_Item3 from function: 'ExecuteUbergraph_SpeakerPlayerCharacter' from node: Request Transcript in graph: EventGraph in object: SpeakerPlayerCharacter with description: Accessed None trying to read property CallFunc_Array_Get_Item3
[2018.05.10-02.15.12:683][609]LogSlate: FSceneViewport::OnFocusLost() reason 2
[2018.05.10-02.15.17:498][278]LogScriptCore: Warning: Script Msg: Attempted to access index 0 from array 'CallFunc_GetAllActorsOfClass_OutActors3' of length 0 in '/Game/Blueprints/SpeakerPlayerCharacter.SpeakerPlayerCharacter_C:ExecuteUbergraph_SpeakerPlayerCharacter'!
[2018.05.10-02.15.17:498][278]LogScript: Warning: Accessed None trying to read property CallFunc_Array_Get_Item3
	SpeakerPlayerCharacter_C /Game/levels/UEDPIE_0_MainMenu.MainMenu:PersistentLevel.SpeakerPlayerCharacter_C_0
	Function /Game/Blueprints/SpeakerPlayerCharacter.SpeakerPlayerCharacter_C:ExecuteUbergraph_SpeakerPlayerCharacter:00A5
[2018.05.10-02.15.17:498][278]PIE: Error: Blueprint Runtime Error: Accessed None trying to read property CallFunc_Array_Get_Item3 from function: 'ExecuteUbergraph_SpeakerPlayerCharacter' from node: Request Transcript in graph: EventGraph in object: SpeakerPlayerCharacter with description: Accessed None trying to read property CallFunc_Array_Get_Item3
[2018.05.10-02.15.22:499][977]LogScriptCore: Warning: Script Msg: Attempted to access index 0 from array 'CallFunc_GetAllActorsOfClass_OutActors3' of length 0 in '/Game/Blueprints/SpeakerPlayerCharacter.SpeakerPlayerCharacter_C:ExecuteUbergraph_SpeakerPlayerCharacter'!
[2018.05.10-02.15.22:499][977]LogScript: Warning: Accessed None trying to read property CallFunc_Array_Get_Item3
	SpeakerPlayerCharacter_C /Game/levels/UEDPIE_0_MainMenu.MainMenu:PersistentLevel.SpeakerPlayerCharacter_C_0
	Function /Game/Blueprints/SpeakerPlayerCharacter.SpeakerPlayerCharacter_C:ExecuteUbergraph_SpeakerPlayerCharacter:00A5
[2018.05.10-02.15.22:499][977]PIE: Error: Blueprint Runtime Error: Accessed None trying to read property CallFunc_Array_Get_Item3 from function: 'ExecuteUbergraph_SpeakerPlayerCharacter' from node: Request Transcript in graph: EventGraph in object: SpeakerPlayerCharacter with description: Accessed None trying to read property CallFunc_Array_Get_Item3
[2018.05.10-02.15.27:500][674]LogScriptCore: Warning: Script Msg: Attempted to access index 0 from array 'CallFunc_GetAllActorsOfClass_OutActors3' of length 0 in '/Game/Blueprints/SpeakerPlayerCharacter.SpeakerPlayerCharacter_C:ExecuteUbergraph_SpeakerPlayerCharacter'!
[2018.05.10-02.15.27:500][674]LogScript: Warning: Accessed None trying to read property CallFunc_Array_Get_Item3
	SpeakerPlayerCharacter_C /Game/levels/UEDPIE_0_MainMenu.MainMenu:PersistentLevel.SpeakerPlayerCharacter_C_0
	Function /Game/Blueprints/SpeakerPlayerCharacter.SpeakerPlayerCharacter_C:ExecuteUbergraph_SpeakerPlayerCharacter:00A5
[2018.05.10-02.15.27:500][674]PIE: Error: Blueprint Runtime Error: Accessed None trying to read property CallFunc_Array_Get_Item3 from function: 'ExecuteUbergraph_SpeakerPlayerCharacter' from node: Request Transcript in graph: EventGraph in object: SpeakerPlayerCharacter with description: Accessed None trying to read property CallFunc_Array_Get_Item3
[2018.05.10-02.15.32:501][374]LogScriptCore: Warning: Script Msg: Attempted to access index 0 from array 'CallFunc_GetAllActorsOfClass_OutActors3' of length 0 in '/Game/Blueprints/SpeakerPlayerCharacter.SpeakerPlayerCharacter_C:ExecuteUbergraph_SpeakerPlayerCharacter'!
[2018.05.10-02.15.32:501][374]LogScript: Warning: Accessed None trying to read property CallFunc_Array_Get_Item3
	SpeakerPlayerCharacter_C /Game/levels/UEDPIE_0_MainMenu.MainMenu:PersistentLevel.SpeakerPlayerCharacter_C_0
	Function /Game/Blueprints/SpeakerPlayerCharacter.SpeakerPlayerCharacter_C:ExecuteUbergraph_SpeakerPlayerCharacter:00A5
[2018.05.10-02.15.32:501][374]PIE: Error: Blueprint Runtime Error: Accessed None trying to read property CallFunc_Array_Get_Item3 from function: 'ExecuteUbergraph_SpeakerPlayerCharacter' from node: Request Transcript in graph: EventGraph in object: SpeakerPlayerCharacter with description: Accessed None trying to read property CallFunc_Array_Get_Item3
[2018.05.10-02.15.37:501][ 79]LogScriptCore: Warning: Script Msg: Attempted to access index 0 from array 'CallFunc_GetAllActorsOfClass_OutActors3' of length 0 in '/Game/Blueprints/SpeakerPlayerCharacter.SpeakerPlayerCharacter_C:ExecuteUbergraph_SpeakerPlayerCharacter'!
[2018.05.10-02.15.37:502][ 79]LogScript: Warning: Accessed None trying to read property CallFunc_Array_Get_Item3
	SpeakerPlayerCharacter_C /Game/levels/UEDPIE_0_MainMenu.MainMenu:PersistentLevel.SpeakerPlayerCharacter_C_0
	Function /Game/Blueprints/SpeakerPlayerCharacter.SpeakerPlayerCharacter_C:ExecuteUbergraph_SpeakerPlayerCharacter:00A5
[2018.05.10-02.15.37:502][ 79]PIE: Error: Blueprint Runtime Error: Accessed None trying to read property CallFunc_Array_Get_Item3 from function: 'ExecuteUbergraph_SpeakerPlayerCharacter' from node: Request Transcript in graph: EventGraph in object: SpeakerPlayerCharacter with description: Accessed None trying to read property CallFunc_Array_Get_Item3
[2018.05.10-02.15.42:503][785]LogScriptCore: Warning: Script Msg: Attempted to access index 0 from array 'CallFunc_GetAllActorsOfClass_OutActors3' of length 0 in '/Game/Blueprints/SpeakerPlayerCharacter.SpeakerPlayerCharacter_C:ExecuteUbergraph_SpeakerPlayerCharacter'!
[2018.05.10-02.15.42:503][785]LogScript: Warning: Accessed None trying to read property CallFunc_Array_Get_Item3
	SpeakerPlayerCharacter_C /Game/levels/UEDPIE_0_MainMenu.MainMenu:PersistentLevel.SpeakerPlayerCharacter_C_0
	Function /Game/Blueprints/SpeakerPlayerCharacter.SpeakerPlayerCharacter_C:ExecuteUbergraph_SpeakerPlayerCharacter:00A5
[2018.05.10-02.15.42:503][785]PIE: Error: Blueprint Runtime Error: Accessed None trying to read property CallFunc_Array_Get_Item3 from function: 'ExecuteUbergraph_SpeakerPlayerCharacter' from node: Request Transcript in graph: EventGraph in object: SpeakerPlayerCharacter with description: Accessed None trying to read property CallFunc_Array_Get_Item3
[2018.05.10-02.15.45:415][194]LogBlueprintUserMessages: Early EndPlayMap Detection: Level '/Game/levels/MainMenu.MainMenu:PersistentLevel' has LevelScriptBlueprint '/Game/levels/MainMenu.MainMenu:PersistentLevel.MainMenu' with GeneratedClass '/Game/levels/MainMenu.MainMenu_C' with ClassGeneratedBy '/Game/levels/MainMenu.MainMenu:PersistentLevel.MainMenu'
[2018.05.10-02.15.45:547][194]LogSlate: Window 'SeniorDesignV1 Game Preview Standalone (64-bit/PCD3D_SM5)' being destroyed
[2018.05.10-02.15.45:575][194]LogBlueprintUserMessages: Late EndPlayMap Detection: Level '/Game/levels/MainMenu.MainMenu:PersistentLevel' has LevelScriptBlueprint '/Game/levels/MainMenu.MainMenu:PersistentLevel.MainMenu' with GeneratedClass '/Game/levels/MainMenu.MainMenu_C' with ClassGeneratedBy '/Game/levels/MainMenu.MainMenu:PersistentLevel.MainMenu'
[2018.05.10-02.15.45:592][194]LogSlate: Slate User Unregistered.  User Index 8
[2018.05.10-02.15.45:592][194]LogSlate: Slate User Destroyed.  User Index 8, Is Virtual User: 1
[2018.05.10-02.15.45:692][195]LogEngine: Changing dynamic resolution state.
[2018.05.10-02.15.52:385][988]Cmd: SELECT NONE
[2018.05.10-02.16.04:173][374]LogSlate: Window 'SeniorDesignV1 - Unreal Editor' being destroyed
[2018.05.10-02.16.04:173][374]LogWindowsTextInputMethodSystem: Display: IME system now deactivated.
[2018.05.10-02.16.04:760][375]Cmd: QUIT_EDITOR
