Log file open, 05/03/18 21:45:17
LogWindows: Failed to load 'aqProf.dll' (GetLastError=126)
LogWindows: File 'aqProf.dll' does not exist
LogWindows: Failed to load 'VSPerf140.dll' (GetLastError=126)
LogWindows: File 'VSPerf140.dll' does not exist
LogWindows: Failed to load 'VtuneApi.dll' (GetLastError=126)
LogWindows: File 'VtuneApi.dll' does not exist
LogWindows: Failed to load 'VtuneApi32e.dll' (GetLastError=126)
LogWindows: File 'VtuneApi32e.dll' does not exist
LogInit: Display: Running engine for game: SeniorDesignV1
LogPlatformFile: Not using cached read wrapper
LogInit: Display: RandInit(520594735) SRandInit(520594735).
LogInit: Read version file with build ID '3944462'
LogInit: Overriding engine version to CL 3944462, compatible CL 3944462
LogInit: Registered custom module enumerator with build ID '3944462'
LogTaskGraph: Started task graph with 5 named threads and 23 total threads with 3 sets of task threads.
LogStats: Stats thread started at 0.305024
LogD3D11RHI: Aftermath initialized
LogICUInternationalization: Display: ICU TimeZone Detection - Raw Offset: -8:00, Platform Override: ''
LogPluginManager: Mounting plugin Paper2D
LogPluginManager: Mounting plugin LiveLink
LogPluginManager: Mounting plugin LightPropagationVolume
LogPluginManager: Mounting plugin CLionSourceCodeAccess
LogPluginManager: Mounting plugin CodeLiteSourceCodeAccess
LogPluginManager: Mounting plugin GitSourceControl
LogPluginManager: Mounting plugin KDevelopSourceCodeAccess
LogPluginManager: Mounting plugin NullSourceCodeAccess
LogPluginManager: Mounting plugin PerforceSourceControl
LogPluginManager: Mounting plugin SubversionSourceControl
LogPluginManager: Mounting plugin UObjectPlugin
LogPluginManager: Mounting plugin VisualStudioCodeSourceCodeAccess
LogPluginManager: Mounting plugin VisualStudioSourceCodeAccess
LogPluginManager: Mounting plugin XCodeSourceCodeAccess
LogPluginManager: Mounting plugin AssetManagerEditor
LogPluginManager: Mounting plugin CryptoKeys
LogPluginManager: Mounting plugin DataValidation
LogPluginManager: Mounting plugin FacialAnimation
LogPluginManager: Mounting plugin GameplayTagsEditor
LogPluginManager: Mounting plugin MobileLauncherProfileWizard
LogPluginManager: Mounting plugin PluginBrowser
LogPluginManager: Mounting plugin SpeedTreeImporter
LogPluginManager: Mounting plugin DatasmithContent
LogPluginManager: Mounting plugin AlembicImporter
LogPluginManager: Mounting plugin CharacterAI
LogPluginManager: Mounting plugin HTML5Networking
LogPluginManager: Mounting plugin AndroidMedia
LogPluginManager: Mounting plugin AvfMedia
LogPluginManager: Mounting plugin ImgMedia
LogPluginManager: Mounting plugin LinearTimecode
LogPluginManager: Mounting plugin MediaCompositing
LogPluginManager: Mounting plugin MediaPlayerEditor
LogPluginManager: Mounting plugin WmfMedia
LogPluginManager: Mounting plugin TcpMessaging
LogPluginManager: Mounting plugin UdpMessaging
LogPluginManager: Mounting plugin ActorSequence
LogPluginManager: Mounting plugin LevelSequenceEditor
LogPluginManager: Mounting plugin MatineeToLevelSequence
LogPluginManager: Mounting plugin NetcodeUnitTest
LogPluginManager: Mounting plugin NUTUnrealEngine4
LogPluginManager: Mounting plugin OnlineSubsystemGooglePlay
LogPluginManager: Mounting plugin OnlineSubsystemIOS
LogPluginManager: Mounting plugin OnlineSubsystem
LogPluginManager: Mounting plugin OnlineSubsystemNull
LogPluginManager: Mounting plugin OnlineSubsystemUtils
LogPluginManager: Mounting plugin AndroidDeviceProfileSelector
LogPluginManager: Mounting plugin AndroidMoviePlayer
LogPluginManager: Mounting plugin AndroidPermission
LogPluginManager: Mounting plugin AppleARKit
LogPluginManager: Mounting plugin AppleMoviePlayer
LogPluginManager: Mounting plugin ArchVisCharacter
LogPluginManager: Mounting plugin AudioCapture
LogPluginManager: Mounting plugin CableComponent
LogPluginManager: Mounting plugin CustomMeshComponent
LogPluginManager: Mounting plugin ExampleDeviceProfileSelector
LogPluginManager: Mounting plugin GoogleCloudMessaging
LogPluginManager: Mounting plugin ImmediatePhysics
LogPluginManager: Mounting plugin IOSDeviceProfileSelector
LogPluginManager: Mounting plugin LinuxDeviceProfileSelector
LogPluginManager: Mounting plugin LocationServicesBPLibrary
LogPluginManager: Mounting plugin MobilePatchingUtils
LogPluginManager: Mounting plugin OculusVR
LogPluginManager: Plugin shader directory ../../../Engine/Plugins/Runtime/Oculus/OculusVR/Shaders found
LogPluginManager: Mapping shader source directory ../../../Engine/Plugins/Runtime/Oculus/OculusVR/Shaders to virtual directory /Plugin/OculusVR
LogPluginManager: Mounting plugin PhysXVehicles
LogPluginManager: Mounting plugin ProceduralMeshComponent
LogPluginManager: Mounting plugin RuntimePhysXCooking
LogPluginManager: Mounting plugin SteamVR
LogPluginManager: Mounting plugin WindowsMoviePlayer
LogPluginManager: Mounting plugin SocketIOClient
LogStreaming: Display: Took  0.171s to configure plugins.
LogModuleManager: Display: Found up-to-date module file ../../../../../../Users/VRBC/Desktop/rjackson/PresentVR/SeniorDesignV1 4.19/Binaries/Win64/UE4Editor-SeniorDesignV1.dll (API version 3944462).
LogModuleManager: Display: Found up-to-date module file ../../../Engine/Plugins/2D/Paper2D/Binaries/Win64/UE4Editor-Paper2D.dll (API version 3944462).
LogModuleManager: Display: Found up-to-date module file ../../../Engine/Plugins/2D/Paper2D/Binaries/Win64/UE4Editor-Paper2DEditor.dll (API version 3944462).
LogModuleManager: Display: Found up-to-date module file ../../../Engine/Plugins/2D/Paper2D/Binaries/Win64/UE4Editor-PaperSpriteSheetImporter.dll (API version 3944462).
LogModuleManager: Display: Found up-to-date module file ../../../Engine/Plugins/2D/Paper2D/Binaries/Win64/UE4Editor-PaperTiledImporter.dll (API version 3944462).
LogModuleManager: Display: Found up-to-date module file ../../../Engine/Plugins/2D/Paper2D/Binaries/Win64/UE4Editor-SmartSnapping.dll (API version 3944462).
LogModuleManager: Display: Found up-to-date module file ../../../Engine/Plugins/Animation/LiveLink/Binaries/Win64/UE4Editor-LiveLink.dll (API version 3944462).
LogModuleManager: Display: Found up-to-date module file ../../../Engine/Plugins/Animation/LiveLink/Binaries/Win64/UE4Editor-LiveLinkEditor.dll (API version 3944462).
LogModuleManager: Display: Found up-to-date module file ../../../Engine/Plugins/Blendables/LightPropagationVolume/Binaries/Win64/UE4Editor-LightPropagationVolumeRuntime.dll (API version 3944462).
LogModuleManager: Display: Found up-to-date module file ../../../Engine/Plugins/Blendables/LightPropagationVolume/Binaries/Win64/UE4Editor-LightPropagationVolumeEditor.dll (API version 3944462).
LogModuleManager: Display: Found up-to-date module file ../../../Engine/Plugins/Developer/CLionSourceCodeAccess/Binaries/Win64/UE4Editor-CLionSourceCodeAccess.dll (API version 3944462).
LogModuleManager: Display: Found up-to-date module file ../../../Engine/Plugins/Developer/GitSourceControl/Binaries/Win64/UE4Editor-GitSourceControl.dll (API version 3944462).
LogModuleManager: Display: Found up-to-date module file ../../../Engine/Plugins/Developer/PerforceSourceControl/Binaries/Win64/UE4Editor-PerforceSourceControl.dll (API version 3944462).
LogModuleManager: Display: Found up-to-date module file ../../../Engine/Plugins/Developer/SubversionSourceControl/Binaries/Win64/UE4Editor-SubversionSourceControl.dll (API version 3944462).
LogModuleManager: Display: Found up-to-date module file ../../../Engine/Plugins/Developer/UObjectPlugin/Binaries/Win64/UE4Editor-UObjectPlugin.dll (API version 3944462).
LogModuleManager: Display: Found up-to-date module file ../../../Engine/Plugins/Developer/VisualStudioCodeSourceCodeAccess/Binaries/Win64/UE4Editor-VisualStudioCodeSourceCodeAccess.dll (API version 3944462).
LogModuleManager: Display: Found up-to-date module file ../../../Engine/Plugins/Developer/VisualStudioSourceCodeAccess/Binaries/Win64/UE4Editor-VisualStudioSourceCodeAccess.dll (API version 3944462).
LogModuleManager: Display: Found up-to-date module file ../../../Engine/Plugins/Editor/AssetManagerEditor/Binaries/Win64/UE4Editor-AssetManagerEditor.dll (API version 3944462).
LogModuleManager: Display: Found up-to-date module file ../../../Engine/Plugins/Editor/CryptoKeys/Binaries/Win64/UE4Editor-CryptoKeys.dll (API version 3944462).
LogModuleManager: Display: Found up-to-date module file ../../../Engine/Plugins/Editor/CryptoKeys/Binaries/Win64/UE4Editor-CryptoKeysOpenSSL.dll (API version 3944462).
LogModuleManager: Display: Found up-to-date module file ../../../Engine/Plugins/Editor/DataValidation/Binaries/Win64/UE4Editor-DataValidation.dll (API version 3944462).
LogModuleManager: Display: Found up-to-date module file ../../../Engine/Plugins/Editor/FacialAnimation/Binaries/Win64/UE4Editor-FacialAnimation.dll (API version 3944462).
LogModuleManager: Display: Found up-to-date module file ../../../Engine/Plugins/Editor/FacialAnimation/Binaries/Win64/UE4Editor-FacialAnimationEditor.dll (API version 3944462).
LogModuleManager: Display: Found up-to-date module file ../../../Engine/Plugins/Editor/GameplayTagsEditor/Binaries/Win64/UE4Editor-GameplayTagsEditor.dll (API version 3944462).
LogModuleManager: Display: Found up-to-date module file ../../../Engine/Plugins/Editor/MobileLauncherProfileWizard/Binaries/Win64/UE4Editor-MobileLauncherProfileWizard.dll (API version 3944462).
LogModuleManager: Display: Found up-to-date module file ../../../Engine/Plugins/Editor/PluginBrowser/Binaries/Win64/UE4Editor-PluginBrowser.dll (API version 3944462).
LogModuleManager: Display: Found up-to-date module file ../../../Engine/Plugins/Editor/SpeedTreeImporter/Binaries/Win64/UE4Editor-SpeedTreeImporter.dll (API version 3944462).
LogModuleManager: Display: Found up-to-date module file ../../../Engine/Plugins/Enterprise/DatasmithContent/Binaries/Win64/UE4Editor-DatasmithContent.dll (API version 3944462).
LogModuleManager: Display: Found up-to-date module file ../../../Engine/Plugins/Experimental/AlembicImporter/Binaries/Win64/UE4Editor-AlembicImporter.dll (API version 3944462).
LogModuleManager: Display: Found up-to-date module file ../../../Engine/Plugins/Experimental/AlembicImporter/Binaries/Win64/UE4Editor-AlembicLibrary.dll (API version 3944462).
LogModuleManager: Display: Found up-to-date module file ../../../Engine/Plugins/Experimental/CharacterAI/Binaries/Win64/UE4Editor-CharacterAI.dll (API version 3944462).
LogModuleManager: Display: Found up-to-date module file ../../../Engine/Plugins/Experimental/HTML5Networking/Binaries/Win64/UE4Editor-HTML5Networking.dll (API version 3944462).
LogModuleManager: Display: Found up-to-date module file ../../../Engine/Plugins/Media/AndroidMedia/Binaries/Win64/UE4Editor-AndroidMediaEditor.dll (API version 3944462).
LogModuleManager: Display: Found up-to-date module file ../../../Engine/Plugins/Media/AndroidMedia/Binaries/Win64/UE4Editor-AndroidMediaFactory.dll (API version 3944462).
LogModuleManager: Display: Found up-to-date module file ../../../Engine/Plugins/Media/AvfMedia/Binaries/Win64/UE4Editor-AvfMediaEditor.dll (API version 3944462).
LogModuleManager: Display: Found up-to-date module file ../../../Engine/Plugins/Media/AvfMedia/Binaries/Win64/UE4Editor-AvfMediaFactory.dll (API version 3944462).
LogModuleManager: Display: Found up-to-date module file ../../../Engine/Plugins/Media/AvfMedia/Binaries/Win64/UE4Editor-AvfMediaFactory.dll (API version 3944462).
LogModuleManager: Display: Found up-to-date module file ../../../Engine/Plugins/Media/ImgMedia/Binaries/Win64/UE4Editor-ImgMedia.dll (API version 3944462).
LogModuleManager: Display: Found up-to-date module file ../../../Engine/Plugins/Media/ImgMedia/Binaries/Win64/UE4Editor-ImgMediaEditor.dll (API version 3944462).
LogModuleManager: Display: Found up-to-date module file ../../../Engine/Plugins/Media/ImgMedia/Binaries/Win64/UE4Editor-ImgMediaFactory.dll (API version 3944462).
LogModuleManager: Display: Found up-to-date module file ../../../Engine/Plugins/Media/ImgMedia/Binaries/Win64/UE4Editor-ImgMediaFactory.dll (API version 3944462).
LogModuleManager: Display: Found up-to-date module file ../../../Engine/Plugins/Media/ImgMedia/Binaries/Win64/UE4Editor-OpenExrWrapper.dll (API version 3944462).
LogModuleManager: Display: Found up-to-date module file ../../../Engine/Plugins/Media/LinearTimecode/Binaries/Win64/UE4Editor-LinearTimecode.dll (API version 3944462).
LogModuleManager: Display: Found up-to-date module file ../../../Engine/Plugins/Media/MediaCompositing/Binaries/Win64/UE4Editor-MediaCompositing.dll (API version 3944462).
LogModuleManager: Display: Found up-to-date module file ../../../Engine/Plugins/Media/MediaCompositing/Binaries/Win64/UE4Editor-MediaCompositingEditor.dll (API version 3944462).
LogModuleManager: Display: Found up-to-date module file ../../../Engine/Plugins/Media/MediaPlayerEditor/Binaries/Win64/UE4Editor-MediaPlayerEditor.dll (API version 3944462).
LogModuleManager: Display: Found up-to-date module file ../../../Engine/Plugins/Media/WmfMedia/Binaries/Win64/UE4Editor-WmfMedia.dll (API version 3944462).
LogModuleManager: Display: Found up-to-date module file ../../../Engine/Plugins/Media/WmfMedia/Binaries/Win64/UE4Editor-WmfMediaEditor.dll (API version 3944462).
LogModuleManager: Display: Found up-to-date module file ../../../Engine/Plugins/Media/WmfMedia/Binaries/Win64/UE4Editor-WmfMediaFactory.dll (API version 3944462).
LogModuleManager: Display: Found up-to-date module file ../../../Engine/Plugins/Media/WmfMedia/Binaries/Win64/UE4Editor-WmfMediaFactory.dll (API version 3944462).
LogModuleManager: Display: Found up-to-date module file ../../../Engine/Plugins/Messaging/TcpMessaging/Binaries/Win64/UE4Editor-TcpMessaging.dll (API version 3944462).
LogModuleManager: Display: Found up-to-date module file ../../../Engine/Plugins/Messaging/UdpMessaging/Binaries/Win64/UE4Editor-UdpMessaging.dll (API version 3944462).
LogModuleManager: Display: Found up-to-date module file ../../../Engine/Plugins/MovieScene/ActorSequence/Binaries/Win64/UE4Editor-ActorSequence.dll (API version 3944462).
LogModuleManager: Display: Found up-to-date module file ../../../Engine/Plugins/MovieScene/LevelSequenceEditor/Binaries/Win64/UE4Editor-LevelSequenceEditor.dll (API version 3944462).
LogModuleManager: Display: Found up-to-date module file ../../../Engine/Plugins/MovieScene/MatineeToLevelSequence/Binaries/Win64/UE4Editor-MatineeToLevelSequence.dll (API version 3944462).
LogModuleManager: Display: Found up-to-date module file ../../../Engine/Plugins/NetcodeUnitTest/NetcodeUnitTest/Binaries/Win64/UE4Editor-NetcodeUnitTest.dll (API version 3944462).
LogModuleManager: Display: Found up-to-date module file ../../../Engine/Plugins/NetcodeUnitTest/NUTUnrealEngine4/Binaries/Win64/UE4Editor-NUTUnrealEngine4.dll (API version 3944462).
LogModuleManager: Display: Found up-to-date module file ../../../Engine/Plugins/Online/OnlineSubsystem/Binaries/Win64/UE4Editor-OnlineSubsystem.dll (API version 3944462).
LogModuleManager: Display: Found up-to-date module file ../../../Engine/Plugins/Online/OnlineSubsystemNull/Binaries/Win64/UE4Editor-OnlineSubsystemNull.dll (API version 3944462).
LogModuleManager: Display: Found up-to-date module file ../../../Engine/Plugins/Online/OnlineSubsystemUtils/Binaries/Win64/UE4Editor-OnlineSubsystemUtils.dll (API version 3944462).
LogModuleManager: Display: Found up-to-date module file ../../../Engine/Plugins/Online/OnlineSubsystemUtils/Binaries/Win64/UE4Editor-OnlineBlueprintSupport.dll (API version 3944462).
LogModuleManager: Display: Found up-to-date module file ../../../Engine/Plugins/Runtime/AndroidDeviceProfileSelector/Binaries/Win64/UE4Editor-AndroidDeviceProfileSelector.dll (API version 3944462).
LogModuleManager: Display: Found up-to-date module file ../../../Engine/Plugins/Runtime/AndroidPermission/Binaries/Win64/UE4Editor-AndroidPermission.dll (API version 3944462).
LogModuleManager: Display: Found up-to-date module file ../../../Engine/Plugins/Runtime/AppleARKit/Binaries/Win64/UE4Editor-AppleARKit.dll (API version 3944462).
LogModuleManager: Display: Found up-to-date module file ../../../Engine/Plugins/Runtime/ArchVisCharacter/Binaries/Win64/UE4Editor-ArchVisCharacter.dll (API version 3944462).
LogModuleManager: Display: Found up-to-date module file ../../../Engine/Plugins/Runtime/AudioCapture/Binaries/Win64/UE4Editor-AudioCapture.dll (API version 3944462).
LogModuleManager: Display: Found up-to-date module file ../../../Engine/Plugins/Runtime/AudioCapture/Binaries/Win64/UE4Editor-AudioCaptureEditor.dll (API version 3944462).
LogModuleManager: Display: Found up-to-date module file ../../../Engine/Plugins/Runtime/CableComponent/Binaries/Win64/UE4Editor-CableComponent.dll (API version 3944462).
LogModuleManager: Display: Found up-to-date module file ../../../Engine/Plugins/Runtime/CustomMeshComponent/Binaries/Win64/UE4Editor-CustomMeshComponent.dll (API version 3944462).
LogModuleManager: Display: Found up-to-date module file ../../../Engine/Plugins/Runtime/ExampleDeviceProfileSelector/Binaries/Win64/UE4Editor-ExampleDeviceProfileSelector.dll (API version 3944462).
LogModuleManager: Display: Found up-to-date module file ../../../Engine/Plugins/Runtime/ImmediatePhysics/Binaries/Win64/UE4Editor-ImmediatePhysics.dll (API version 3944462).
LogModuleManager: Display: Found up-to-date module file ../../../Engine/Plugins/Runtime/ImmediatePhysics/Binaries/Win64/UE4Editor-ImmediatePhysicsEditor.dll (API version 3944462).
LogModuleManager: Display: Found up-to-date module file ../../../Engine/Plugins/Runtime/LocationServicesBPLibrary/Binaries/Win64/UE4Editor-LocationServicesBPLibrary.dll (API version 3944462).
LogModuleManager: Display: Found up-to-date module file ../../../Engine/Plugins/Runtime/MobilePatchingUtils/Binaries/Win64/UE4Editor-MobilePatchingUtils.dll (API version 3944462).
LogModuleManager: Display: Found up-to-date module file ../../../Engine/Plugins/Runtime/Oculus/OculusVR/Binaries/Win64/UE4Editor-OculusHMD.dll (API version 3944462).
LogModuleManager: Display: Found up-to-date module file ../../../Engine/Plugins/Runtime/Oculus/OculusVR/Binaries/Win64/UE4Editor-OculusInput.dll (API version 3944462).
LogModuleManager: Display: Found up-to-date module file ../../../Engine/Plugins/Runtime/Oculus/OculusVR/Binaries/Win64/UE4Editor-OculusEditor.dll (API version 3944462).
LogModuleManager: Display: Found up-to-date module file ../../../Engine/Plugins/Runtime/PhysXVehicles/Binaries/Win64/UE4Editor-PhysXVehicles.dll (API version 3944462).
LogModuleManager: Display: Found up-to-date module file ../../../Engine/Plugins/Runtime/PhysXVehicles/Binaries/Win64/UE4Editor-PhysXVehiclesEditor.dll (API version 3944462).
LogModuleManager: Display: Found up-to-date module file ../../../Engine/Plugins/Runtime/ProceduralMeshComponent/Binaries/Win64/UE4Editor-ProceduralMeshComponent.dll (API version 3944462).
LogModuleManager: Display: Found up-to-date module file ../../../Engine/Plugins/Runtime/ProceduralMeshComponent/Binaries/Win64/UE4Editor-ProceduralMeshComponentEditor.dll (API version 3944462).
LogModuleManager: Display: Found up-to-date module file ../../../Engine/Plugins/Runtime/RuntimePhysXCooking/Binaries/Win64/UE4Editor-RuntimePhysXCooking.dll (API version 3944462).
LogModuleManager: Display: Found up-to-date module file ../../../Engine/Plugins/Runtime/Steam/SteamVR/Binaries/Win64/UE4Editor-SteamVR.dll (API version 3944462).
LogModuleManager: Display: Found up-to-date module file ../../../Engine/Plugins/Runtime/Steam/SteamVR/Binaries/Win64/UE4Editor-SteamVRController.dll (API version 3944462).
LogModuleManager: Display: Found up-to-date module file ../../../Engine/Plugins/Runtime/WindowsMoviePlayer/Binaries/Win64/UE4Editor-WindowsMoviePlayer.dll (API version 3944462).
LogModuleManager: Display: Found up-to-date module file ../../../../../../Users/VRBC/Desktop/rjackson/PresentVR/SeniorDesignV1 4.19/Plugins/socketio-client-ue4/Binaries/Win64/UE4Editor-SocketIOClient.dll (API version 3944462).
LogModuleManager: Display: Found up-to-date module file ../../../../../../Users/VRBC/Desktop/rjackson/PresentVR/SeniorDesignV1 4.19/Plugins/socketio-client-ue4/Binaries/Win64/UE4Editor-SIOJson.dll (API version 3944462).
LogModuleManager: Display: Found up-to-date module file ../../../../../../Users/VRBC/Desktop/rjackson/PresentVR/SeniorDesignV1 4.19/Plugins/socketio-client-ue4/Binaries/Win64/UE4Editor-CoreUtility.dll (API version 3944462).
LogModuleManager: Display: Found up-to-date module file ../../../../../../Users/VRBC/Desktop/rjackson/PresentVR/SeniorDesignV1 4.19/Plugins/socketio-client-ue4/Binaries/Win64/UE4Editor-SIOJEditorPlugin.dll (API version 3944462).
LogInit: Using libcurl 7.47.1
LogInit:  - built for x86_64-pc-win32
LogInit:  - supports SSL with OpenSSL/1.0.2g
LogInit:  - supports HTTP deflate (compression) using libz 1.2.8
LogInit:  - other features:
LogInit:      CURL_VERSION_SSL
LogInit:      CURL_VERSION_LIBZ
LogInit:      CURL_VERSION_IPV6
LogInit:      CURL_VERSION_ASYNCHDNS
LogInit:      CURL_VERSION_LARGEFILE
LogInit:      CURL_VERSION_IDN
LogInit:  CurlRequestOptions (configurable via config and command line):
LogInit:  - bVerifyPeer = false  - Libcurl will NOT verify peer certificate
LogInit:  - bUseHttpProxy = false  - Libcurl will NOT use HTTP proxy
LogInit:  - bDontReuseConnections = false  - Libcurl will reuse connections
LogInit:  - CertBundlePath = nullptr  - Libcurl will use whatever was configured at build time.
LogInit:  - MaxHostConnections = 16  - Libcurl will limit the number of connections to a host
LogInit:  - LocalHostAddr = Default
LogInit: WinSock: version 1.1 (2.2), MaxSocks=32767, MaxUdp=65467
LogInit: WinSock: I am ART-D-01010 (172.21.0.216:0)
LogInit: Build: ++UE4+Release-4.19-CL-3944462
LogInit: Engine Version: 4.19.0-3944462+++UE4+Release-4.19
LogInit: Compatible Engine Version: 4.19.0-3944462+++UE4+Release-4.19
LogInit: Net CL: 3944462
LogDevObjectVersion: Number of dev versions registered: 18
LogDevObjectVersion:   Dev-Blueprints (B0D832E4-1F89-4F0D-ACCF-7EB736FD4AA2): 10
LogDevObjectVersion:   Dev-Build (E1C64328-A22C-4D53-A36C-8E866417BD8C): 0
LogDevObjectVersion:   Dev-Core (375EC13C-06E4-48FB-B500-84F0262A717E): 2
LogDevObjectVersion:   Dev-Editor (E4B068ED-F494-42E9-A231-DA0B2E46BB41): 23
LogDevObjectVersion:   Dev-Framework (CFFC743F-43B0-4480-9391-14DF171D2073): 33
LogDevObjectVersion:   Dev-Mobile (B02B49B5-BB20-44E9-A304-32B752E40360): 2
LogDevObjectVersion:   Dev-Networking (A4E4105C-59A1-49B5-A7C5-40C4547EDFEE): 0
LogDevObjectVersion:   Dev-Online (39C831C9-5AE6-47DC-9A44-9C173E1C8E7C): 0
LogDevObjectVersion:   Dev-Physics (78F01B33-EBEA-4F98-B9B4-84EACCB95AA2): 0
LogDevObjectVersion:   Dev-Platform (6631380F-2D4D-43E0-8009-CF276956A95A): 0
LogDevObjectVersion:   Dev-Rendering (12F88B9F-8875-4AFC-A67C-D90C383ABD29): 25
LogDevObjectVersion:   Dev-Sequencer (7B5AE74C-D270-4C10-A958-57980B212A5A): 6
LogDevObjectVersion:   Dev-VR (D7296918-1DD6-4BDD-9DE2-64A83CC13884): 1
LogDevObjectVersion:   Dev-LoadTimes (C2A15278-BFE7-4AFE-6C17-90FF531DF755): 1
LogDevObjectVersion:   Private-Geometry (6EACA3D4-40EC-4CC1-B786-8BED09428FC5): 2
LogDevObjectVersion:   Dev-AnimPhys (29E575DD-E0A3-4627-9D10-D276232CDCEA): 16
LogDevObjectVersion:   Dev-ReflectionCapture (6B266CEC-1EC7-4B8F-A30B-E4D90942FC07): 1
LogDevObjectVersion:   Dev-Automation (0DF73D61-A23F-47EA-B727-89E90C41499A): 1
LogInit: Compiled (64-bit): Mar 13 2018 23:12:32
LogInit: Compiled with Visual C++: 19.00.24215.01
LogInit: Build Configuration: Development
LogInit: Branch Name: ++UE4+Release-4.19
LogInit: Command Line:  
LogInit: Base Directory: C:/Program Files/Epic Games/UE_4.19/Engine/Binaries/Win64/
LogInit: Installed Engine Build: 1
LogStreaming: Display: Took  0.004s to delete old logs.
LogInit: Presizing for max 8388607 objects, including 0 objects not considered by GC, pre-allocating 0 bytes for permanent pool.
LogInit: Object subsystem initialized
[2018.05.04-04.45.21:911][  0]LogInit: Selected Device Profile: [Windows]
[2018.05.04-04.45.21:911][  0]LogInit: Applying CVar settings loaded from the selected device profile: [Windows]
[2018.05.04-04.45.21:931][  0]LogInit: Computer: ART-D-01010
[2018.05.04-04.45.21:931][  0]LogInit: User: VRBC
[2018.05.04-04.45.21:931][  0]LogInit: CPU Page size=4096, Cores=4
[2018.05.04-04.45.21:931][  0]LogInit: High frequency timer resolution =3.604939 MHz
[2018.05.04-04.45.21:931][  0]LogMemory: Memory total: Physical=15.9GB (16GB approx)
[2018.05.04-04.45.21:931][  0]LogMemory: Platform Memory Stats for Windows
[2018.05.04-04.45.21:931][  0]LogMemory: Process Physical Memory: 281.45 MB used, 281.45 MB peak
[2018.05.04-04.45.21:931][  0]LogMemory: Process Virtual Memory: 271.02 MB used, 271.02 MB peak
[2018.05.04-04.45.21:931][  0]LogMemory: Physical Memory: 3960.04 MB used,  12346.10 MB free, 16306.14 MB total
[2018.05.04-04.45.21:931][  0]LogMemory: Virtual Memory: 717.13 MB used,  12346.10 MB free, 134217728.00 MB total
[2018.05.04-04.45.22:037][  0]LogInit: Using OS detected language (en-US).
[2018.05.04-04.45.22:037][  0]LogInit: Using OS detected locale (en-US).
[2018.05.04-04.45.22:043][  0]LogTextLocalizationManager: No specific localization for 'en-US' exists, so the 'en' localization will be used.
[2018.05.04-04.45.22:499][  0]LogStreaming: Display: Took  0.462s to EndInitTextLocalization.
[2018.05.04-04.45.22:499][  0]LogInit: Setting process to per monitor DPI aware
[2018.05.04-04.45.22:579][  0]LogSlate: New Slate User Created.  User Index 0, Is Virtual User: 0
[2018.05.04-04.45.22:579][  0]LogSlate: Slate User Registered.  User Index 0, Is Virtual User: 0
[2018.05.04-04.45.22:875][  0]LogD3D11RHI: D3D11 adapters:
[2018.05.04-04.45.23:008][  0]LogD3D11RHI:    0. 'NVIDIA Quadro P4000' (Feature Level 11_0)
[2018.05.04-04.45.23:008][  0]LogD3D11RHI:       8121/0/8153 MB DedicatedVideo/DedicatedSystem/SharedSystem, Outputs:1, VendorId:0x10de
[2018.05.04-04.45.23:010][  0]LogD3D11RHI:    1. 'Microsoft Basic Render Driver' (Feature Level 11_0)
[2018.05.04-04.45.23:010][  0]LogD3D11RHI:       0/0/8153 MB DedicatedVideo/DedicatedSystem/SharedSystem, Outputs:0, VendorId:0x1414
[2018.05.04-04.45.23:010][  0]LogD3D11RHI: Chosen D3D11 Adapter: 0
[2018.05.04-04.45.23:019][  0]LogD3D11RHI: Creating new Direct3DDevice
[2018.05.04-04.45.23:019][  0]LogD3D11RHI:     GPU DeviceId: 0x1bb1 (for the marketing name, search the web for "GPU Device Id")
[2018.05.04-04.45.23:019][  0]LogWindows: EnumDisplayDevices:
[2018.05.04-04.45.23:020][  0]LogWindows:    0. 'NVIDIA Quadro P4000' (P:1 D:1)
[2018.05.04-04.45.23:020][  0]LogWindows:    1. 'NVIDIA Quadro P4000' (P:0 D:0)
[2018.05.04-04.45.23:020][  0]LogWindows:    2. 'NVIDIA Quadro P4000' (P:0 D:0)
[2018.05.04-04.45.23:021][  0]LogWindows:    3. 'NVIDIA Quadro P4000' (P:0 D:0)
[2018.05.04-04.45.23:021][  0]LogWindows: DebugString: FoundDriverCount:4 
[2018.05.04-04.45.23:021][  0]LogD3D11RHI:     Adapter Name: NVIDIA Quadro P4000
[2018.05.04-04.45.23:021][  0]LogD3D11RHI:   Driver Version: 381.65 (internal:22.21.13.8165, unified:381.65)
[2018.05.04-04.45.23:021][  0]LogD3D11RHI:      Driver Date: 3-31-2017
[2018.05.04-04.45.23:021][  0]LogRHI: Texture pool is 5685 MB (70% of 8121 MB)
[2018.05.04-04.45.23:142][  0]LogD3D11RHI: [Aftermath] Aftermath enabled but failed to initialize
[2018.05.04-04.45.23:142][  0]LogD3D11RHI: Async texture creation enabled
[2018.05.04-04.45.23:155][  0]LogD3D11RHI: GPU Timing Frequency: 1000.000000 (Debug: 2 1)
[2018.05.04-04.45.23:392][  0]LogShaderCompilers: Guid format shader working directory is -30 characters bigger than the processId version (../../../../../../Users/VRBC/Desktop/rjackson/PresentVR/SeniorDesignV1 4.19/Intermediate/Shaders/WorkingDirectory/8608/).
[2018.05.04-04.45.23:392][  0]LogShaderCompilers: Cleaned the shader compiler working directory 'C:/Users/VRBC/AppData/Local/Temp/UnrealShaderWorkingDir/11E8A2C448EEA483FC1746B535B7AECA/'.
[2018.05.04-04.45.24:230][  0]LogTemp: Display: Loaded TP AllDesktopTargetPlatform
[2018.05.04-04.45.24:244][  0]LogTemp: Display: Loaded TP MacClientTargetPlatform
[2018.05.04-04.45.24:259][  0]LogTemp: Display: Loaded TP MacNoEditorTargetPlatform
[2018.05.04-04.45.24:279][  0]LogTemp: Display: Loaded TP MacServerTargetPlatform
[2018.05.04-04.45.24:304][  0]LogTemp: Display: Loaded TP MacTargetPlatform
[2018.05.04-04.45.24:318][  0]LogTemp: Display: Loaded TP WindowsClientTargetPlatform
[2018.05.04-04.45.24:332][  0]LogTemp: Display: Loaded TP WindowsNoEditorTargetPlatform
[2018.05.04-04.45.24:346][  0]LogTemp: Display: Loaded TP WindowsServerTargetPlatform
[2018.05.04-04.45.24:353][  0]LogTemp: Display: Loaded TP WindowsTargetPlatform
[2018.05.04-04.45.24:366][  0]LogTemp: Display: Loaded TP Android_ASTCTargetPlatform
[2018.05.04-04.45.24:378][  0]LogTemp: Display: Loaded TP Android_ATCTargetPlatform
[2018.05.04-04.45.24:398][  0]LogTemp: Display: Loaded TP Android_DXTTargetPlatform
[2018.05.04-04.45.24:410][  0]LogTemp: Display: Loaded TP Android_ETC1aTargetPlatform
[2018.05.04-04.45.24:422][  0]LogTemp: Display: Loaded TP Android_ETC1TargetPlatform
[2018.05.04-04.45.24:434][  0]LogTemp: Display: Loaded TP Android_ETC2TargetPlatform
[2018.05.04-04.45.24:458][  0]LogTemp: Display: Loaded TP Android_MultiTargetPlatform
[2018.05.04-04.45.24:458][  0]LogTemp: Display: Loaded TP Android_PVRTCTargetPlatform
[2018.05.04-04.45.24:472][  0]LogTemp: Display: Loaded TP AndroidTargetPlatform
[2018.05.04-04.45.24:473][  0]LogTemp: Display: Loaded TP HTML5TargetPlatform
[2018.05.04-04.45.24:525][  0]LogTemp: Display: Loaded TP IOSTargetPlatform
[2018.05.04-04.45.24:538][  0]LogTemp: Display: Loaded TP TVOSTargetPlatform
[2018.05.04-04.45.24:551][  0]LogTemp: Display: Loaded TP LinuxClientTargetPlatform
[2018.05.04-04.45.24:565][  0]LogTemp: Display: Loaded TP LinuxNoEditorTargetPlatform
[2018.05.04-04.45.24:579][  0]LogTemp: Display: Loaded TP LinuxServerTargetPlatform
[2018.05.04-04.45.24:596][  0]LogTemp: Display: Loaded TP LinuxTargetPlatform
[2018.05.04-04.45.24:596][  0]LogTargetPlatformManager: Display: Building Assets For Windows
[2018.05.04-04.45.24:947][  0]LogXGEController: Cleaning working directory: C:/Users/VRBC/AppData/Local/Temp/UnrealXGEWorkingDir/
[2018.05.04-04.45.24:948][  0]LogXGEController: Cannot use XGE Controller as Incredibuild is not installed on this machine.
[2018.05.04-04.45.24:948][  0]LogShaderCompilers: Cannot use XGE Shader Compiler as Incredibuild is not installed on this machine.
[2018.05.04-04.45.24:948][  0]LogShaderCompilers: Display: Using Local Shader Compiler.
[2018.05.04-04.45.25:902][  0]LogDerivedDataCache: Display: Max Cache Size: 512 MB
[2018.05.04-04.45.26:052][  0]LogDerivedDataCache: Loaded boot cache 0.15s 74MB C:/Users/VRBC/AppData/Local/UnrealEngine/4.19/DerivedDataCache/Boot.ddc.
[2018.05.04-04.45.26:052][  0]LogDerivedDataCache: Display: Loaded Boot cache: C:/Users/VRBC/AppData/Local/UnrealEngine/4.19/DerivedDataCache/Boot.ddc
[2018.05.04-04.45.26:052][  0]LogDerivedDataCache: FDerivedDataBackendGraph:  Pak pak cache file ../../../../../../Users/VRBC/Desktop/rjackson/PresentVR/SeniorDesignV1 4.19/DerivedDataCache/DDC.ddp not found, will not use a pak cache.
[2018.05.04-04.45.26:052][  0]LogDerivedDataCache: Unable to find inner node Pak for hierarchical cache Hierarchy.
[2018.05.04-04.45.26:052][  0]LogDerivedDataCache: FDerivedDataBackendGraph:  CompressedPak pak cache file ../../../../../../Users/VRBC/Desktop/rjackson/PresentVR/SeniorDesignV1 4.19/DerivedDataCache/Compressed.ddp not found, will not use a pak cache.
[2018.05.04-04.45.26:052][  0]LogDerivedDataCache: Unable to find inner node CompressedPak for hierarchical cache Hierarchy.
[2018.05.04-04.45.26:073][  0]LogDerivedDataCache: Display: Pak cache opened for reading ../../../Engine/DerivedDataCache/Compressed.ddp.
[2018.05.04-04.45.26:087][  0]LogDerivedDataCache: Using Local data cache path C:/Users/VRBC/AppData/Local/UnrealEngine/Common/DerivedDataCache: Writable
[2018.05.04-04.45.26:100][  0]LogMaterial: Verifying Global Shaders for PCD3D_SM5
[2018.05.04-04.45.26:100][  0]LogSlate: Using Freetype 2.6.0
[2018.05.04-04.45.26:101][  0]LogSlate: SlateFontCache - WITH_FREETYPE: 1, WITH_HARFBUZZ: 1
[2018.05.04-04.45.26:101][  0]LogSlate: SlateFontCache - WITH_FREETYPE: 1, WITH_HARFBUZZ: 1
[2018.05.04-04.45.31:523][  0]LogAssetRegistry: FAssetRegistry took 0.0260 seconds to start up
[2018.05.04-04.45.31:844][  0]LogInit: Selected Device Profile: [Windows]
[2018.05.04-04.45.32:049][  0]LogSimplygon: Simplygon DLL not present - disabling.
[2018.05.04-04.45.32:053][  0]LogMeshReduction: Using SimplygonSwarm for distributed automatic mesh merging
[2018.05.04-04.45.32:053][  0]LogMeshReduction: Using QuadricMeshReduction for automatic static mesh reduction
[2018.05.04-04.45.32:053][  0]LogMeshReduction: No automatic skeletal mesh reduction module available
[2018.05.04-04.45.32:053][  0]LogMeshReduction: No automatic mesh merging module available
[2018.05.04-04.45.32:053][  0]LogMeshMerging: No automatic mesh merging module available
[2018.05.04-04.45.32:089][  0]LogNetVersion: SeniorDesignV1 , NetCL: 3944462, EngineNetVer: 2, GameNetVer: 0 (Checksum: 838868365)
[2018.05.04-04.45.32:637][  0]LogPackageLocalizationCache: Processed 9 localized package path(s) for 2 prioritized culture(s) in 0.118704 seconds
[2018.05.04-04.45.32:642][  0]LogUObjectArray: 36728 objects as part of root set at end of initial load.
[2018.05.04-04.45.32:642][  0]LogUObjectAllocator: 7314312 out of 0 bytes used by permanent object pool.
[2018.05.04-04.45.32:642][  0]LogUObjectArray: CloseDisregardForGC: 0/0 objects in disregard for GC pool
[2018.05.04-04.45.35:387][  0]LogTcpMessaging: Initializing TcpMessaging bridge
[2018.05.04-04.45.35:422][  0]LogUdpMessaging: Initializing bridge on interface 0.0.0.0:0 to multicast group 230.0.0.1:6666.
[2018.05.04-04.45.35:976][  0]SourceControl: Source control is disabled
[2018.05.04-04.45.35:976][  0]SourceControl: Source control is disabled
[2018.05.04-04.45.36:003][  0]SourceControl: Source control is disabled
[2018.05.04-04.45.36:029][  0]SourceControl: Source control is disabled
[2018.05.04-04.45.36:726][  0]LogAndroidPermission: UAndroidPermissionCallbackProxy::GetInstance
[2018.05.04-04.45.36:998][  0]LogOcInput: OculusInput pre-init called
[2018.05.04-04.45.37:196][  0]LogEngine: Initializing Engine...
[2018.05.04-04.45.37:197][  0]LogHMD: Oculus plugin initialized. Version: 4.19.0-3944462+++UE4+Release-4.19, OVRPlugin: 1.21.0
[2018.05.04-04.45.37:199][  0]LogStats: UGameplayTagsManager::ConstructGameplayTagTree: Construct from data asset -  0.000 s
[2018.05.04-04.45.37:199][  0]LogStats: UGameplayTagsManager::ConstructGameplayTagTree: GameplayTagTreeChangedEvent.Broadcast -  0.000 s
[2018.05.04-04.45.37:571][  0]LogAIModule: Creating AISystem for world Untitled
[2018.05.04-04.45.37:607][  0]LogInit: XAudio2 using 'Speakers / Headphones (Realtek Audio)' : 2 channels at 48 kHz using 32 bits per sample (channel mask 0x3)
[2018.05.04-04.45.37:812][  0]LogInit: FAudioDevice initialized.
[2018.05.04-04.45.37:939][  0]LogDerivedDataCache: Saved boot cache 0.13s 74MB C:/Users/VRBC/AppData/Local/UnrealEngine/4.19/DerivedDataCache/Boot.ddc.
[2018.05.04-04.45.37:945][  0]LogInit: Texture streaming: Enabled
[2018.05.04-04.45.37:967][  0]LogEngineSessionManager: EngineSessionManager initialized
[2018.05.04-04.45.37:988][  0]LogWindowsTextInputMethodSystem: Display: IME system now deactivated.
[2018.05.04-04.45.38:048][  0]LogInit: Transaction tracking system initialized
[2018.05.04-04.45.38:085][  0]BlueprintLog: New page: Editor Load
[2018.05.04-04.45.38:194][  0]LocalizationService: Localization service is disabled
[2018.05.04-04.45.38:347][  0]LogConsoleResponse: Display: 
[2018.05.04-04.45.38:503][  0]LogCook: Display: Max memory allowance for cook 16384mb min free memory 0mb
[2018.05.04-04.45.38:503][  0]LogCook: Display: Mobile HDR setting 1
[2018.05.04-04.45.38:503][  0]LogGameplayTags: Display: UGameplayTagsManager::DoneAddingNativeTags. DelegateIsBound: 0
[2018.05.04-04.45.38:503][  0]LogStats: UGameplayTagsManager::ConstructGameplayTagTree: Construct from data asset -  0.000 s
[2018.05.04-04.45.38:503][  0]LogStats: UGameplayTagsManager::ConstructGameplayTagTree: GameplayTagTreeChangedEvent.Broadcast -  0.000 s
[2018.05.04-04.45.38:717][  0]LogFileCache: Scanning file cache for directory 'C:/Users/VRBC/Desktop/rjackson/PresentVR/SeniorDesignV1 4.19/Content/' took 0.01s
[2018.05.04-04.45.39:363][  0]SourceControl: Source control is disabled
[2018.05.04-04.45.39:363][  0]Cmd: MAP LOAD FILE="../../../Engine/Content/Maps/Templates/Template_Default.umap" TEMPLATE=1 SHOWPROGRESS=1 FEATURELEVEL=3
[2018.05.04-04.45.39:364][  0]LightingResults: New page: Lighting Build
[2018.05.04-04.45.39:369][  0]MapCheck: New page: Map Check
[2018.05.04-04.45.39:369][  0]LightingResults: New page: Lighting Build
[2018.05.04-04.45.39:685][  0]LogAIModule: Creating AISystem for world Untitled_1
[2018.05.04-04.45.39:694][  0]LogEditorServer: Finished looking for orphan Actors (0.000 secs)
[2018.05.04-04.45.39:709][  0]Cmd: MAP CHECKDEP NOCLEARLOG
[2018.05.04-04.45.39:840][  0]MapCheck: Map check complete: 0 Error(s), 0 Warning(s), took 131.603ms to complete.
[2018.05.04-04.45.39:840][  0]LogFileHelpers: Loading map 'Template_Default' took 0.477
[2018.05.04-04.45.39:985][  0]LogCollectionManager: Loaded 0 collections in 0.003076 seconds
[2018.05.04-04.45.40:032][  0]LogFileCache: Scanning file cache for directory 'C:/Users/VRBC/Desktop/rjackson/PresentVR/SeniorDesignV1 4.19/Saved/Collections/' took 0.01s
[2018.05.04-04.45.40:032][  0]LogFileCache: Scanning file cache for directory 'C:/Users/VRBC/Desktop/rjackson/PresentVR/SeniorDesignV1 4.19/Content/Developers/VRBC/Collections/' took 0.01s
[2018.05.04-04.45.40:032][  0]LogFileCache: Scanning file cache for directory 'C:/Users/VRBC/Desktop/rjackson/PresentVR/SeniorDesignV1 4.19/Content/Collections/' took 0.01s
[2018.05.04-04.45.40:033][  0]LogCollectionManager: Rebuilt the GUID cache for 0 collections in 0.000001 seconds
[2018.05.04-04.45.40:050][  0]LogContentBrowser: Native class hierarchy populated in 0.0167 seconds. Added 2462 classes and 567 folders.
[2018.05.04-04.45.40:066][  0]LogContentBrowser: Native class hierarchy updated for 'WidgetCarousel' in 0.0010 seconds. Added 0 classes and 0 folders.
[2018.05.04-04.45.40:224][  0]LogContentBrowser: Native class hierarchy updated for 'AddContentDialog' in 0.0008 seconds. Added 0 classes and 0 folders.
[2018.05.04-04.45.40:230][  0]LogContentBrowser: Native class hierarchy updated for 'SceneOutliner' in 0.0009 seconds. Added 1 classes and 2 folders.
[2018.05.04-04.45.40:313][  0]LogSlate: Took 0.002167 seconds to synchronously load lazily loaded font '../../../Engine/Content/Slate/Fonts/Roboto-Regular.ttf' (155K)
[2018.05.04-04.45.40:317][  0]LogSlate: Took 0.001464 seconds to synchronously load lazily loaded font '../../../Engine/Content/Slate/Fonts/Roboto-Bold.ttf' (160K)
[2018.05.04-04.45.40:326][  0]LogSlate: Took 0.001514 seconds to synchronously load lazily loaded font '../../../Engine/Content/Editor/Slate/Fonts/FontAwesome.ttf' (139K)
[2018.05.04-04.45.40:434][  0]LogRenderer: Reallocating scene render targets to support 1080x440 Format 10 NumSamples 1 (Frame:1).
[2018.05.04-04.45.40:642][  0]LogContentBrowser: Native class hierarchy updated for 'HierarchicalLODOutliner' in 0.0008 seconds. Added 0 classes and 0 folders.
[2018.05.04-04.45.40:642][  0]LogLoad: (Engine Initialization) Total time: 24.84 seconds
[2018.05.04-04.45.40:642][  0]LogLoad: (Engine Initialization) Total Blueprint compile time: 0.00 seconds
[2018.05.04-04.45.40:652][  0]LogOcInput: OculusInput is initialized
[2018.05.04-04.45.40:671][  0]LogContentStreaming: Texture pool size now 1000 MB
[2018.05.04-04.45.40:734][  1]LogAssetRegistry: Asset discovery search completed in 9.2329 seconds
[2018.05.04-04.45.40:736][  1]LogCollectionManager: Rebuilt the object cache for 0 collections in 0.000000 seconds (found 0 objects)
[2018.05.04-04.45.40:736][  1]LogCollectionManager: Fixed up redirectors for 0 collections in 0.000047 seconds (updated 0 objects)
[2018.05.04-04.46.04:709][401]LogSlate: FSceneViewport::OnFocusLost() reason 0
[2018.05.04-04.46.04:996][418]LogSlate: Took 0.002782 seconds to synchronously load lazily loaded font '../../../Engine/Content/Slate/Fonts/Roboto-Light.ttf' (167K)
[2018.05.04-04.46.05:250][418]LogContentBrowser: Native class hierarchy updated for 'BlueprintGraph' in 0.0011 seconds. Added 116 classes and 0 folders.
[2018.05.04-04.46.05:919][418]LogSlate: New Slate User Created.  User Index 8, Is Virtual User: 1
[2018.05.04-04.46.05:919][418]LogSlate: Slate User Registered.  User Index 8, Is Virtual User: 1
[2018.05.04-04.46.05:927][418]LogSlate: Took 0.003218 seconds to synchronously load lazily loaded font '../../../Engine/Content/Slate/Fonts/Roboto-BoldCondensed.ttf' (158K)
[2018.05.04-04.46.06:081][419]LogSlate: Took 0.000303 seconds to synchronously load lazily loaded font '../../../Engine/Content/Slate/Fonts/Roboto-Italic.ttf' (157K)
[2018.05.04-04.46.19:124][172]LogUObjectGlobals: Warning: Failed to find object 'Class None.SIOJJsonObject'
[2018.05.04-04.46.19:124][172]LogUObjectGlobals: Warning: Failed to find object 'Class None.SIOJJsonObject'
[2018.05.04-04.48.35:980][680]BlueprintLog: New page: Compile SpeakerPlayerCharacter
[2018.05.04-04.48.36:684][714]LogSavePackage: Save=43.33ms
[2018.05.04-04.48.36:684][714]LogSavePackage: Moving '../../../../../../Users/VRBC/Desktop/rjackson/PresentVR/SeniorDesignV1 4.19/Saved/SpeakerPlayerCharacterF843E30F4D4C4C513DA7D09F1EC81EE2.tmp' to '../../../../../../Users/VRBC/Desktop/rjackson/PresentVR/SeniorDesignV1 4.19/Content/Blueprints/SpeakerPlayerCharacter.uasset'
[2018.05.04-04.48.36:688][714]LogSavePackage: Display: Finished SavePackage ../../../../../../Users/VRBC/Desktop/rjackson/PresentVR/SeniorDesignV1 4.19/Content/Blueprints/SpeakerPlayerCharacter.uasset
[2018.05.04-04.48.42:206][235]LogSlate: Window 'SpeakerPlayerCharacter*' being destroyed
[2018.05.04-04.48.42:209][235]LogSlate: Window 'SpeakerPlayerCharacter*' being destroyed
[2018.05.04-04.48.51:243][ 93]LogSlate: Took 0.018329 seconds to synchronously load lazily loaded font '../../../Engine/Content/Slate/Fonts/DroidSansFallback.ttf' (3848K)
[2018.05.04-04.49.10:604][507]LogSlate: Window 'Color Picker' being destroyed
[2018.05.04-04.49.54:903][841]LogSlate: Window 'Color Picker' being destroyed
[2018.05.04-04.49.57:661][ 39]BlueprintLog: New page: Compile MainMenu
[2018.05.04-04.49.57:685][ 39]LogSlate: Slate User Unregistered.  User Index 8
[2018.05.04-04.49.57:685][ 39]LogSlate: Slate User Destroyed.  User Index 8, Is Virtual User: 1
[2018.05.04-04.50.09:109][884]LogSlate: Window 'Color Picker' being destroyed
[2018.05.04-04.50.14:233][226]BlueprintLog: New page: Compile MainMenu
[2018.05.04-04.50.14:729][249]Cmd: OBJ SAVEPACKAGE PACKAGE="/Game/UI/MainMenu" FILE="../../../../../../Users/VRBC/Desktop/rjackson/PresentVR/SeniorDesignV1 4.19/Content/UI/MainMenu.uasset" SILENT=true
[2018.05.04-04.50.14:763][249]LogSavePackage: Save=13.25ms
[2018.05.04-04.50.14:763][249]LogSavePackage: Moving '../../../../../../Users/VRBC/Desktop/rjackson/PresentVR/SeniorDesignV1 4.19/Saved/MainMenu828E9EB449BB689AEC87A1BB0F6E87D2.tmp' to '../../../../../../Users/VRBC/Desktop/rjackson/PresentVR/SeniorDesignV1 4.19/Content/UI/MainMenu.uasset'
[2018.05.04-04.50.14:766][249]LogSavePackage: Display: Finished SavePackage ../../../../../../Users/VRBC/Desktop/rjackson/PresentVR/SeniorDesignV1 4.19/Content/UI/MainMenu.uasset
[2018.05.04-04.50.16:318][365]LogSlate: Window 'MainMenu' being destroyed
[2018.05.04-04.50.54:712][166]LogSlate: Window 'StartMenu' being destroyed
[2018.05.04-04.51.01:487][799]LogSlate: Window 'MainMenu' being destroyed
[2018.05.04-04.51.41:101][599]BlueprintLog: New page: Compile WidgetBP
[2018.05.04-04.51.41:735][639]Cmd: OBJ SAVEPACKAGE PACKAGE="/Game/Blueprints/WidgetBP" FILE="../../../../../../Users/VRBC/Desktop/rjackson/PresentVR/SeniorDesignV1 4.19/Content/Blueprints/WidgetBP.uasset" SILENT=true
[2018.05.04-04.51.41:756][639]LogSavePackage: Save=6.32ms
[2018.05.04-04.51.41:756][639]LogSavePackage: Moving '../../../../../../Users/VRBC/Desktop/rjackson/PresentVR/SeniorDesignV1 4.19/Saved/WidgetBPD6217138490B66CC4424C0BECAA72708.tmp' to '../../../../../../Users/VRBC/Desktop/rjackson/PresentVR/SeniorDesignV1 4.19/Content/Blueprints/WidgetBP.uasset'
[2018.05.04-04.51.41:758][639]LogSavePackage: Display: Finished SavePackage ../../../../../../Users/VRBC/Desktop/rjackson/PresentVR/SeniorDesignV1 4.19/Content/Blueprints/WidgetBP.uasset
[2018.05.04-04.51.42:928][747]LogSlate: Window 'WidgetBP' being destroyed
[2018.05.04-04.51.51:586][762]LogAIModule: Creating AISystem for world MainMenu
[2018.05.04-04.51.53:064][762]LogSlate: Window 'Save Content' being destroyed
[2018.05.04-04.51.53:127][762]LogSavePackage: Save=43.33ms
[2018.05.04-04.51.53:127][762]LogSavePackage: Moving '../../../../../../Users/VRBC/Desktop/rjackson/PresentVR/SeniorDesignV1 4.19/Saved/SpeakerPlayerCharacterE0708083402F478E409AAD8EDB35536F.tmp' to '../../../../../../Users/VRBC/Desktop/rjackson/PresentVR/SeniorDesignV1 4.19/Content/Blueprints/SpeakerPlayerCharacter.uasset'
[2018.05.04-04.51.53:130][762]LogSavePackage: Display: Finished SavePackage ../../../../../../Users/VRBC/Desktop/rjackson/PresentVR/SeniorDesignV1 4.19/Content/Blueprints/SpeakerPlayerCharacter.uasset
[2018.05.04-04.51.53:131][762]Cmd: MAP LOAD FILE="../../../../../../Users/VRBC/Desktop/rjackson/PresentVR/SeniorDesignV1 4.19/Content/levels/MainMenu.umap" TEMPLATE=0 SHOWPROGRESS=1 FEATURELEVEL=3
[2018.05.04-04.51.53:131][762]LightingResults: New page: Lighting Build
[2018.05.04-04.51.53:132][762]LoadErrors: New page: Loading map: MainMenu.umap
[2018.05.04-04.51.53:132][762]MapCheck: New page: Map Check
[2018.05.04-04.51.53:132][762]LightingResults: New page: Lighting Build
[2018.05.04-04.51.53:210][762]LogEditorServer: Finished looking for orphan Actors (0.000 secs)
[2018.05.04-04.51.53:250][762]Cmd: MAP CHECKDEP NOCLEARLOG
[2018.05.04-04.51.53:334][762]MapCheck: Map check complete: 0 Error(s), 0 Warning(s), took 84.738ms to complete.
[2018.05.04-04.51.53:336][762]LogFileHelpers: Loading map 'MainMenu' took 0.206
[2018.05.04-04.51.54:416][885]LogTemp: Repeating last play command: VR Preview
[2018.05.04-04.51.54:433][885]LogBlueprintUserMessages: Early PlayInEditor Detection: Level '/Game/levels/MainMenu.MainMenu:PersistentLevel' has LevelScriptBlueprint '/Game/levels/MainMenu.MainMenu:PersistentLevel.MainMenu' with GeneratedClass '/Game/levels/MainMenu.MainMenu_C' with ClassGeneratedBy '/Game/levels/MainMenu.MainMenu:PersistentLevel.MainMenu'
[2018.05.04-04.51.54:434][885]LogPlayLevel: PlayLevel: No blueprints needed recompiling
[2018.05.04-04.51.54:434][885]LogHMD: Initializing OVRPlugin session
[2018.05.04-04.51.56:153][885]PIE: New page: PIE session: MainMenu (May 3, 2018, 2:51:56 PM)
[2018.05.04-04.51.56:153][885]LogPlayLevel: Creating play world package: /Game/levels/UEDPIE_0_MainMenu
[2018.05.04-04.51.56:157][885]LogPlayLevel: PIE: StaticDuplicateObject took: (0.003114s)
[2018.05.04-04.51.56:157][885]LogAIModule: Creating AISystem for world MainMenu
[2018.05.04-04.51.56:158][885]LogPlayLevel: PIE: World Init took: (0.000823s)
[2018.05.04-04.51.56:158][885]LogPlayLevel: PIE: Created PIE world by copying editor world from /Game/levels/MainMenu.MainMenu to /Game/levels/UEDPIE_0_MainMenu.MainMenu (0.004096s)
[2018.05.04-04.51.56:235][885]LogInit: XAudio2 using 'Headphones (2- Rift Audio)' : 2 channels at 48 kHz using 16 bits per sample (channel mask 0x3)
[2018.05.04-04.51.56:269][885]LogInit: FAudioDevice initialized.
[2018.05.04-04.51.56:370][885]LogHMD: Allocating Oculus 2720 x 1600 rendertarget swapchain
[2018.05.04-04.51.56:433][885]LogLoad: Game class is 'MyGameMode_C'
[2018.05.04-04.51.56:435][885]LogWorld: Bringing World /Game/levels/UEDPIE_0_MainMenu.MainMenu up for play (max tick rate 0) at 2018.05.03-21.51.56
[2018.05.04-04.51.56:435][885]LogWorld: Bringing up level for play took: 0.001317
[2018.05.04-04.51.56:444][885]LogContentBrowser: Native class hierarchy updated for 'MovieSceneCapture' in 0.0012 seconds. Added 11 classes and 0 folders.
[2018.05.04-04.51.56:445][885]LogSlate: New Slate User Created.  User Index 8, Is Virtual User: 1
[2018.05.04-04.51.56:445][885]LogSlate: Slate User Registered.  User Index 8, Is Virtual User: 1
[2018.05.04-04.51.56:453][885]PIE: Play in editor start time for /Game/levels/UEDPIE_0_MainMenu 1.337
[2018.05.04-04.51.56:454][885]LogBlueprintUserMessages: Late PlayInEditor Detection: Level '/Game/levels/MainMenu.MainMenu:PersistentLevel' has LevelScriptBlueprint '/Game/levels/MainMenu.MainMenu:PersistentLevel.MainMenu' with GeneratedClass '/Game/levels/MainMenu.MainMenu_C' with ClassGeneratedBy '/Game/levels/MainMenu.MainMenu:PersistentLevel.MainMenu'
[2018.05.04-04.51.56:454][885]LogEngine: Changing dynamic resolution state.
[2018.05.04-04.51.56:459][885]LogRenderer: Reallocating scene render targets to support 2720x1600 Format 10 NumSamples 1 (Frame:1).
[2018.05.04-04.51.56:459][885]LogHMD: Allocating Oculus 2720 x 1600 depth rendertarget swapchain
[2018.05.04-04.51.58:377][121]LogBlueprintUserMessages: Early EndPlayMap Detection: Level '/Game/levels/MainMenu.MainMenu:PersistentLevel' has LevelScriptBlueprint '/Game/levels/MainMenu.MainMenu:PersistentLevel.MainMenu' with GeneratedClass '/Game/levels/MainMenu.MainMenu_C' with ClassGeneratedBy '/Game/levels/MainMenu.MainMenu:PersistentLevel.MainMenu'
[2018.05.04-04.51.58:494][121]LogSlate: Window 'SeniorDesignV1 Game Preview Standalone (64-bit/PCD3D_SM5)' being destroyed
[2018.05.04-04.51.58:523][121]LogBlueprintUserMessages: Late EndPlayMap Detection: Level '/Game/levels/MainMenu.MainMenu:PersistentLevel' has LevelScriptBlueprint '/Game/levels/MainMenu.MainMenu:PersistentLevel.MainMenu' with GeneratedClass '/Game/levels/MainMenu.MainMenu_C' with ClassGeneratedBy '/Game/levels/MainMenu.MainMenu:PersistentLevel.MainMenu'
[2018.05.04-04.51.58:561][121]LogSlate: Slate User Unregistered.  User Index 8
[2018.05.04-04.51.58:561][121]LogSlate: Slate User Destroyed.  User Index 8, Is Virtual User: 1
[2018.05.04-04.51.58:574][122]LogEngine: Changing dynamic resolution state.
[2018.05.04-04.52.02:449][458]LogSlate: FSceneViewport::OnFocusLost() reason 2
[2018.05.04-04.52.04:276][673]LogBlueprintUserMessages: Early PlayInEditor Detection: Level '/Game/levels/MainMenu.MainMenu:PersistentLevel' has LevelScriptBlueprint '/Game/levels/MainMenu.MainMenu:PersistentLevel.MainMenu' with GeneratedClass '/Game/levels/MainMenu.MainMenu_C' with ClassGeneratedBy '/Game/levels/MainMenu.MainMenu:PersistentLevel.MainMenu'
[2018.05.04-04.52.04:276][673]LogPlayLevel: PlayLevel: No blueprints needed recompiling
[2018.05.04-04.52.04:276][673]LogHMD: Initializing OVRPlugin session
[2018.05.04-04.52.04:333][673]PIE: New page: PIE session: MainMenu (May 3, 2018, 2:52:04 PM)
[2018.05.04-04.52.04:333][673]LogPlayLevel: Creating play world package: /Game/levels/UEDPIE_0_MainMenu
[2018.05.04-04.52.04:335][673]LogPlayLevel: PIE: StaticDuplicateObject took: (0.001622s)
[2018.05.04-04.52.04:335][673]LogAIModule: Creating AISystem for world MainMenu
[2018.05.04-04.52.04:335][673]LogPlayLevel: PIE: World Init took: (0.000639s)
[2018.05.04-04.52.04:336][673]LogPlayLevel: PIE: Created PIE world by copying editor world from /Game/levels/MainMenu.MainMenu to /Game/levels/UEDPIE_0_MainMenu.MainMenu (0.002380s)
[2018.05.04-04.52.04:382][673]LogInit: XAudio2 using 'Speakers / Headphones (Realtek Audio)' : 2 channels at 48 kHz using 32 bits per sample (channel mask 0x3)
[2018.05.04-04.52.04:413][673]LogInit: FAudioDevice initialized.
[2018.05.04-04.52.04:416][673]LogSlate: FSceneViewport::OnFocusLost() reason 2
[2018.05.04-04.52.04:493][673]LogLoad: Game class is 'MyGameMode_C'
[2018.05.04-04.52.04:494][673]LogWorld: Bringing World /Game/levels/UEDPIE_0_MainMenu.MainMenu up for play (max tick rate 0) at 2018.05.03-21.52.04
[2018.05.04-04.52.04:494][673]LogWorld: Bringing up level for play took: 0.001007
[2018.05.04-04.52.04:495][673]LogSlate: New Slate User Created.  User Index 8, Is Virtual User: 1
[2018.05.04-04.52.04:495][673]LogSlate: Slate User Registered.  User Index 8, Is Virtual User: 1
[2018.05.04-04.52.04:499][673]PIE: Play in editor start time for /Game/levels/UEDPIE_0_MainMenu -0.617
[2018.05.04-04.52.04:499][673]LogBlueprintUserMessages: Late PlayInEditor Detection: Level '/Game/levels/MainMenu.MainMenu:PersistentLevel' has LevelScriptBlueprint '/Game/levels/MainMenu.MainMenu:PersistentLevel.MainMenu' with GeneratedClass '/Game/levels/MainMenu.MainMenu_C' with ClassGeneratedBy '/Game/levels/MainMenu.MainMenu:PersistentLevel.MainMenu'
[2018.05.04-04.52.06:533][897]LogNet: Browse: /Game/levels/Clsasroom
[2018.05.04-04.52.06:534][897]LogLoadingSplash: Loading begins
[2018.05.04-04.52.06:535][897]LogLoad: LoadMap: /Game/levels/Clsasroom
[2018.05.04-04.52.06:553][897]LogSlate: Slate User Unregistered.  User Index 8
[2018.05.04-04.52.06:553][897]LogSlate: Slate User Destroyed.  User Index 8, Is Virtual User: 1
[2018.05.04-04.52.06:657][897]LogBlueprint: Warning: [Compiler Male1_AnimationBP] Transform (Modify) Bone - Bone: Head  - No components to modify selected.  Either Rotation, Translation, or Scale should be set to something other than Ignore
[2018.05.04-04.52.06:664][897]LogBlueprint: Warning: [Compiler Male1_AnimationBP] Node  Transform (Modify) Bone - Bone: Head  uses potentially thread-unsafe call  Get Player Character . Disable threaded update or use a thread-safe call. Function may need BlueprintThreadSafe metadata adding.
[2018.05.04-04.52.06:664][897]LogBlueprint: Warning: [Compiler Male1_AnimationBP] Node  Transform (Modify) Bone - Bone: Head  uses potentially thread-unsafe call  Get Player Character . Disable threaded update or use a thread-safe call. Function may need BlueprintThreadSafe metadata adding.
[2018.05.04-04.52.06:665][897]LogBlueprint: Warning: [Compiler Male1_AnimationBP] Node  Transform (Modify) Bone - Bone: Head  uses potentially thread-unsafe call  Get Owning Actor . Disable threaded update or use a thread-safe call. Function may need BlueprintThreadSafe metadata adding.
[2018.05.04-04.52.06:665][897]LogBlueprint: Warning: [Compiler Male1_AnimationBP] Node  Transform (Modify) Bone - Bone: Head  uses potentially thread-unsafe call  Get Owning Actor . Disable threaded update or use a thread-safe call. Function may need BlueprintThreadSafe metadata adding.
[2018.05.04-04.52.06:665][897]LogBlueprint: Warning: [Compiler Male1_AnimationBP] Node  Transform (Modify) Bone - Bone: Head  uses potentially thread-unsafe call  Get Player Character . Disable threaded update or use a thread-safe call. Function may need BlueprintThreadSafe metadata adding.
[2018.05.04-04.52.06:665][897]LogBlueprint: Warning: [Compiler Male1_AnimationBP] Node  Transform (Modify) Bone - Bone: Head  uses potentially thread-unsafe call  Get Player Character . Disable threaded update or use a thread-safe call. Function may need BlueprintThreadSafe metadata adding.
[2018.05.04-04.52.06:665][897]LogBlueprint: Warning: [Compiler Male1_AnimationBP] Node  Transform (Modify) Bone - Bone: Head  uses potentially thread-unsafe call  Get Owning Actor . Disable threaded update or use a thread-safe call. Function may need BlueprintThreadSafe metadata adding.
[2018.05.04-04.52.06:665][897]LogBlueprint: Warning: [Compiler Male1_AnimationBP] Node  Transform (Modify) Bone - Bone: Head  uses potentially thread-unsafe call  Get Owning Actor . Disable threaded update or use a thread-safe call. Function may need BlueprintThreadSafe metadata adding.
[2018.05.04-04.52.06:665][897]LogBlueprint: Warning: [Compiler Male1_AnimationBP] Node  Transform (Modify) Bone - Bone: Head  uses potentially thread-unsafe call  Get Player Character . Disable threaded update or use a thread-safe call. Function may need BlueprintThreadSafe metadata adding.
[2018.05.04-04.52.06:665][897]LogBlueprint: Warning: [Compiler Male1_AnimationBP] Node  Transform (Modify) Bone - Bone: Head  uses potentially thread-unsafe call  Get Player Character . Disable threaded update or use a thread-safe call. Function may need BlueprintThreadSafe metadata adding.
[2018.05.04-04.52.06:665][897]LogBlueprint: Warning: [Compiler Male1_AnimationBP] Node  Transform (Modify) Bone - Bone: Head  uses potentially thread-unsafe call  Get Owning Actor . Disable threaded update or use a thread-safe call. Function may need BlueprintThreadSafe metadata adding.
[2018.05.04-04.52.06:665][897]LogBlueprint: Warning: [Compiler Male1_AnimationBP] Node  Transform (Modify) Bone - Bone: Head  uses potentially thread-unsafe call  Get Owning Actor . Disable threaded update or use a thread-safe call. Function may need BlueprintThreadSafe metadata adding.
[2018.05.04-04.52.06:665][897]LogBlueprint: Warning: [Compiler Male1_AnimationBP] [0410.87] Compile of Male1_AnimationBP successful, but with 13 Warning(s) [in 19 ms] (/Game/people/testmale/animation/Male1_AnimationBP.Male1_AnimationBP)
[2018.05.04-04.52.07:483][897]LogSkeletalMesh: Skeletal Mesh found in DDC [4.887739ms] /Game/people/female5/female5_sitting.female5_sitting
[2018.05.04-04.52.07:496][897]LogSkeletalMesh: Skeletal Mesh found in DDC [4.722687ms] /Game/people/male4/male4_sitting.male4_sitting
[2018.05.04-04.52.07:509][897]LogSkeletalMesh: Skeletal Mesh found in DDC [5.456403ms] /Game/people/female3/female3_sitting.female3_sitting
[2018.05.04-04.52.07:531][897]LogSkeletalMesh: Skeletal Mesh found in DDC [4.681910ms] /Game/male1_sitting.male1_sitting
[2018.05.04-04.52.07:554][897]LogSkeletalMesh: Skeletal Mesh found in DDC [4.532670ms] /Game/people/male2/male2_sitting.male2_sitting
[2018.05.04-04.52.07:570][897]LogSkeletalMesh: Skeletal Mesh found in DDC [4.802300ms] /Game/people/female2/female2_sitting.female2_sitting
[2018.05.04-04.52.07:595][897]LogSkeletalMesh: Skeletal Mesh found in DDC [4.768735ms] /Game/people/female4/female4_sitting.female4_sitting
[2018.05.04-04.52.07:617][897]LogSkeletalMesh: Skeletal Mesh found in DDC [19.177578ms] /Game/people/testmale/mesh/male1.male1
[2018.05.04-04.52.07:628][897]LogSkeletalMesh: Skeletal Mesh found in DDC [4.146256ms] /Game/people/male5/male5_sitting.male5_sitting
[2018.05.04-04.52.07:647][897]LogSkeletalMesh: Skeletal Mesh found in DDC [4.035297ms] /Game/people/male3/male3_sitting.male3_sitting
[2018.05.04-04.52.09:156][897]LogAIModule: Creating AISystem for world Clsasroom
[2018.05.04-04.52.09:157][897]LogLoad: Game class is 'MyGameMode_C'
[2018.05.04-04.52.09:183][897]LogWorld: Bringing World /Game/levels/UEDPIE_0_Clsasroom.Clsasroom up for play (max tick rate 0) at 2018.05.03-21.52.09
[2018.05.04-04.52.09:195][897]LogWorld: Bringing up level for play took: 0.037519
[2018.05.04-04.52.09:196][897]LogSlate: New Slate User Created.  User Index 8, Is Virtual User: 1
[2018.05.04-04.52.09:196][897]LogSlate: Slate User Registered.  User Index 8, Is Virtual User: 1
[2018.05.04-04.52.09:208][897]LogLoadingSplash: Loading ends
[2018.05.04-04.52.09:208][897]LogLoad: Took 2.673582 seconds to LoadMap(/Game/levels/Clsasroom)
[2018.05.04-04.52.09:270][898]LogBlueprintUserMessages: Early EndPlayMap Detection: Level '/Game/levels/MainMenu.MainMenu:PersistentLevel' has LevelScriptBlueprint '/Game/levels/MainMenu.MainMenu:PersistentLevel.MainMenu' with GeneratedClass '/Game/levels/MainMenu.MainMenu_C' with ClassGeneratedBy '/Game/levels/MainMenu.MainMenu:PersistentLevel.MainMenu'
[2018.05.04-04.52.09:310][898]LogSlate: Window 'SeniorDesignV1 Game Preview Standalone (64-bit/PCD3D_SM5)' being destroyed
[2018.05.04-04.52.09:325][898]SocketIOLog: SocketIO None disconnected from namespace: /
