Log file open, 04/25/18 16:27:02
LogWindows: Failed to load 'aqProf.dll' (GetLastError=126)
LogWindows: File 'aqProf.dll' does not exist
LogWindows: Failed to load 'VSPerf140.dll' (GetLastError=126)
LogWindows: File 'VSPerf140.dll' does not exist
LogWindows: Failed to load 'VtuneApi.dll' (GetLastError=126)
LogWindows: File 'VtuneApi.dll' does not exist
LogWindows: Failed to load 'VtuneApi32e.dll' (GetLastError=126)
LogWindows: File 'VtuneApi32e.dll' does not exist
LogInit: Display: Running engine for game: SeniorDesignV1
LogPlatformFile: Not using cached read wrapper
LogInit: Display: RandInit(-1287479916) SRandInit(-1287479916).
LogTaskGraph: Started task graph with 5 named threads and 14 total threads with 3 sets of task threads.
LogStats: Stats thread started at 0.199373
LogD3D11RHI: Aftermath initialized
LogModuleManager: Warning: Found module file ../../../../../../Users/VRBC/Desktop/rjackson/PresentVR/SeniorDesignV1/Plugins/socketio-client-ue4/Binaries/Win64/UE4Editor-SocketIOClient.dll (API version 3944462), but it was incompatible with the current engine API version (3573198). This is likely a stale module that must be recompiled.
LogModuleManager: Warning: Found module file ../../../../../../Users/VRBC/Desktop/rjackson/PresentVR/SeniorDesignV1/Plugins/socketio-client-ue4/Binaries/Win64/UE4Editor-SIOJson.dll (API version 3944462), but it was incompatible with the current engine API version (3573198). This is likely a stale module that must be recompiled.
LogModuleManager: Warning: Found module file ../../../../../../Users/VRBC/Desktop/rjackson/PresentVR/SeniorDesignV1/Plugins/socketio-client-ue4/Binaries/Win64/UE4Editor-CoreUtility.dll (API version 3944462), but it was incompatible with the current engine API version (3573198). This is likely a stale module that must be recompiled.
LogModuleManager: Warning: Found module file ../../../../../../Users/VRBC/Desktop/rjackson/PresentVR/SeniorDesignV1/Plugins/socketio-client-ue4/Binaries/Win64/UE4Editor-SIOJEditorPlugin.dll (API version 3944462), but it was incompatible with the current engine API version (3573198). This is likely a stale module that must be recompiled.
LogPluginManager: Mounting plugin Paper2D
LogPluginManager: Mounting plugin LightPropagationVolume
LogPluginManager: Mounting plugin CodeLiteSourceCodeAccess
LogPluginManager: Mounting plugin GitSourceControl
LogPluginManager: Mounting plugin KDevelopSourceCodeAccess
LogPluginManager: Mounting plugin NullSourceCodeAccess
LogPluginManager: Mounting plugin PerforceSourceControl
LogPluginManager: Mounting plugin SubversionSourceControl
LogPluginManager: Mounting plugin UObjectPlugin
LogPluginManager: Mounting plugin VisualStudioSourceCodeAccess
LogPluginManager: Mounting plugin XCodeSourceCodeAccess
LogPluginManager: Mounting plugin AssetManagerEditor
LogPluginManager: Mounting plugin AudioCapture
LogPluginManager: Mounting plugin FacialAnimation
LogPluginManager: Mounting plugin GameplayTagsEditor
LogPluginManager: Mounting plugin MobileLauncherProfileWizard
LogPluginManager: Mounting plugin PluginBrowser
LogPluginManager: Mounting plugin SpeedTreeImporter
LogPluginManager: Mounting plugin AlembicImporter
LogPluginManager: Mounting plugin CharacterAI
LogPluginManager: Mounting plugin HTML5Networking
LogPluginManager: Mounting plugin AndroidMedia
LogPluginManager: Mounting plugin AvfMedia
LogPluginManager: Mounting plugin MediaPlayerEditor
LogPluginManager: Mounting plugin WmfMedia
LogPluginManager: Mounting plugin TcpMessaging
LogPluginManager: Mounting plugin UdpMessaging
LogPluginManager: Mounting plugin LevelSequenceEditor
LogPluginManager: Mounting plugin MatineeToLevelSequence
LogPluginManager: Mounting plugin OnlineSubsystemGooglePlay
LogPluginManager: Mounting plugin OnlineSubsystemIOS
LogPluginManager: Mounting plugin OnlineSubsystem
LogPluginManager: Mounting plugin OnlineSubsystemNull
LogPluginManager: Mounting plugin OnlineSubsystemUtils
LogPluginManager: Mounting plugin AndroidDeviceProfileSelector
LogPluginManager: Mounting plugin AndroidMoviePlayer
LogPluginManager: Mounting plugin AndroidPermission
LogPluginManager: Mounting plugin AppleMoviePlayer
LogPluginManager: Mounting plugin ArchVisCharacter
LogPluginManager: Mounting plugin CableComponent
LogPluginManager: Mounting plugin CustomMeshComponent
LogPluginManager: Mounting plugin ExampleDeviceProfileSelector
LogPluginManager: Mounting plugin GoogleCloudMessaging
LogPluginManager: Mounting plugin ImmediatePhysics
LogPluginManager: Mounting plugin IOSDeviceProfileSelector
LogPluginManager: Mounting plugin LinuxDeviceProfileSelector
LogPluginManager: Mounting plugin LocationServicesBPLibrary
LogPluginManager: Mounting plugin MobilePatchingUtils
LogPluginManager: Mounting plugin OculusVR
LogPluginManager: Mounting plugin PhysXVehicles
LogPluginManager: Mounting plugin ProceduralMeshComponent
LogPluginManager: Mounting plugin RuntimePhysXCooking
LogPluginManager: Mounting plugin SteamVR
LogPluginManager: Mounting plugin WindowsMoviePlayer
LogPluginManager: Mounting plugin SocketIOClient
LogInit: Using libcurl 7.47.1
LogInit:  - built for x86_64-pc-win32
LogInit:  - supports SSL with OpenSSL/1.0.2g
LogInit:  - supports HTTP deflate (compression) using libz 1.2.8
LogInit:  - other features:
LogInit:      CURL_VERSION_SSL
LogInit:      CURL_VERSION_LIBZ
LogInit:      CURL_VERSION_IPV6
LogInit:      CURL_VERSION_ASYNCHDNS
LogInit:      CURL_VERSION_LARGEFILE
LogInit:      CURL_VERSION_IDN
LogInit:  CurlRequestOptions (configurable via config and command line):
LogInit:  - bVerifyPeer = false  - Libcurl will NOT verify peer certificate
LogInit:  - bUseHttpProxy = false  - Libcurl will NOT use HTTP proxy
LogInit:  - bDontReuseConnections = false  - Libcurl will reuse connections
LogInit:  - CertBundlePath = nullptr  - Libcurl will use whatever was configured at build time.
LogInit: Build: ++UE4+Release-4.17-CL-3658906
LogInit: Engine Version: 4.17.2-3658906+++UE4+Release-4.17
LogInit: Compatible Engine Version: 4.17.0-3573198+++UE4+Release-4.17
LogInit: Net CL: 3573198
LogDevObjectVersion: Number of dev versions registered: 16
LogDevObjectVersion:   Dev-Blueprints (B0D832E4-1F89-4F0D-ACCF-7EB736FD4AA2): 10
LogDevObjectVersion:   Dev-Build (E1C64328-A22C-4D53-A36C-8E866417BD8C): 0
LogDevObjectVersion:   Dev-Core (375EC13C-06E4-48FB-B500-84F0262A717E): 2
LogDevObjectVersion:   Dev-Editor (E4B068ED-F494-42E9-A231-DA0B2E46BB41): 20
LogDevObjectVersion:   Dev-Framework (CFFC743F-43B0-4480-9391-14DF171D2073): 28
LogDevObjectVersion:   Dev-Mobile (B02B49B5-BB20-44E9-A304-32B752E40360): 0
LogDevObjectVersion:   Dev-Networking (A4E4105C-59A1-49B5-A7C5-40C4547EDFEE): 0
LogDevObjectVersion:   Dev-Online (39C831C9-5AE6-47DC-9A44-9C173E1C8E7C): 0
LogDevObjectVersion:   Dev-Physics (78F01B33-EBEA-4F98-B9B4-84EACCB95AA2): 0
LogDevObjectVersion:   Dev-Platform (6631380F-2D4D-43E0-8009-CF276956A95A): 0
LogDevObjectVersion:   Dev-Rendering (12F88B9F-8875-4AFC-A67C-D90C383ABD29): 19
LogDevObjectVersion:   Dev-Sequencer (7B5AE74C-D270-4C10-A958-57980B212A5A): 4
LogDevObjectVersion:   Dev-VR (D7296918-1DD6-4BDD-9DE2-64A83CC13884): 0
LogDevObjectVersion:   Dev-LoadTimes (C2A15278-BFE7-4AFE-6C17-90FF531DF755): 1
LogDevObjectVersion:   Private-Geometry (6EACA3D4-40EC-4CC1-B786-8BED09428FC5): 1
LogDevObjectVersion:   Dev-AnimPhys (29E575DD-E0A3-4627-9D10-D276232CDCEA): 7
LogInit: Compiled (64-bit): Sep 22 2017 13:47:16
LogInit: Compiled with Visual C++: 19.00.24215.01
LogInit: Build Configuration: Development
LogInit: Branch Name: ++UE4+Release-4.17
LogInit: Command line:  
LogInit: Base directory: C:/Program Files/Epic Games/UE_4.17/Engine/Binaries/Win64/
LogInit: Installed Engine Build: 1
LogInit: Presizing for max 8388607 objects, including 0 objects not considered by GC, pre-allocating 0 bytes for permanent pool.
LogInit: Object subsystem initialized
[2018.04.25-23.27.14:439][  0]LogInit: Selected Device Profile: [Windows]
[2018.04.25-23.27.14:439][  0]LogInit: Applying CVar settings loaded from the selected device profile: [Windows]
[2018.04.25-23.27.14:463][  0]LogInit: Computer: ART-D-01010
[2018.04.25-23.27.14:463][  0]LogInit: User: VRBC
[2018.04.25-23.27.14:463][  0]LogInit: CPU Page size=4096, Cores=4
[2018.04.25-23.27.14:463][  0]LogInit: High frequency timer resolution =3.604941 MHz
[2018.04.25-23.27.14:463][  0]LogMemory: Memory total: Physical=15.9GB (16GB approx)
[2018.04.25-23.27.14:463][  0]LogMemory: Platform Memory Stats for Windows
[2018.04.25-23.27.14:463][  0]LogMemory: Process Physical Memory: 287.56 MB used, 287.56 MB peak
[2018.04.25-23.27.14:463][  0]LogMemory: Process Virtual Memory: 278.32 MB used, 278.32 MB peak
[2018.04.25-23.27.14:463][  0]LogMemory: Physical Memory: 7225.46 MB used,  9080.68 MB free, 16306.14 MB total
[2018.04.25-23.27.14:463][  0]LogMemory: Virtual Memory: 736.59 MB used,  9080.68 MB free, 134217728.00 MB total
[2018.04.25-23.27.14:867][  0]LogInit: Using OS detected language (en-US).
[2018.04.25-23.27.14:867][  0]LogInit: Using OS detected locale (en-US).
[2018.04.25-23.27.14:871][  0]LogTextLocalizationManager: No specific localization for 'en-US' exists, so the 'en' localization will be used.
[2018.04.25-23.27.15:681][  0]LogD3D11RHI: D3D11 adapters:
[2018.04.25-23.27.15:727][  0]LogD3D11RHI:    0. 'NVIDIA Quadro P4000' (Feature Level 11_0)
[2018.04.25-23.27.15:727][  0]LogD3D11RHI:       8121/0/8153 MB DedicatedVideo/DedicatedSystem/SharedSystem, Outputs:1, VendorId:0x10de
[2018.04.25-23.27.15:729][  0]LogD3D11RHI:    1. 'Microsoft Basic Render Driver' (Feature Level 11_0)
[2018.04.25-23.27.15:729][  0]LogD3D11RHI:       0/0/8153 MB DedicatedVideo/DedicatedSystem/SharedSystem, Outputs:0, VendorId:0x1414
[2018.04.25-23.27.15:729][  0]LogD3D11RHI: Chosen D3D11 Adapter: 0
[2018.04.25-23.27.15:741][  0]LogD3D11RHI: Creating new Direct3DDevice
[2018.04.25-23.27.15:741][  0]LogD3D11RHI:     GPU DeviceId: 0x1bb1 (for the marketing name, search the web for "GPU Device Id")
[2018.04.25-23.27.15:742][  0]LogWindows: EnumDisplayDevices:
[2018.04.25-23.27.15:742][  0]LogWindows:    0. 'NVIDIA Quadro P4000' (P:1 D:1)
[2018.04.25-23.27.15:742][  0]LogWindows:    1. 'NVIDIA Quadro P4000' (P:0 D:0)
[2018.04.25-23.27.15:742][  0]LogWindows:    2. 'NVIDIA Quadro P4000' (P:0 D:0)
[2018.04.25-23.27.15:743][  0]LogWindows:    3. 'NVIDIA Quadro P4000' (P:0 D:0)
[2018.04.25-23.27.15:743][  0]LogWindows: DebugString: FoundDriverCount:4 
[2018.04.25-23.27.15:743][  0]LogD3D11RHI:     Adapter Name: NVIDIA Quadro P4000
[2018.04.25-23.27.15:743][  0]LogD3D11RHI:   Driver Version: 381.65 (internal:22.21.13.8165, unified:381.65)
[2018.04.25-23.27.15:743][  0]LogD3D11RHI:      Driver Date: 3-31-2017
[2018.04.25-23.27.15:743][  0]LogRHI: Texture pool is 1361 MB (70% of 1945 MB)
[2018.04.25-23.27.15:774][  0]LogD3D11RHI: Async texture creation enabled
[2018.04.25-23.27.15:788][  0]LogD3D11RHI: GPU Timing Frequency: 1000.000000 (Debug: 2 1)
[2018.04.25-23.27.15:832][  0]LogShaderCompilers: Guid format shader working directory is -25 characters bigger than the processId version (../../../../../../Users/VRBC/Desktop/rjackson/PresentVR/SeniorDesignV1/Intermediate/Shaders/WorkingDirectory/4056/).
[2018.04.25-23.27.15:832][  0]LogShaderCompilers: Cleaned the shader compiler working directory 'C:/Users/VRBC/AppData/Local/Temp/UnrealShaderWorkingDir/8BBA80FD4DC8F4B39D9AD0947F26F161/'.
[2018.04.25-23.27.15:832][  0]LogShaderCompilers: Display: Using Local Shader Compiler.
[2018.04.25-23.27.17:155][  0]LogTemp: Display: Loaded TP AllDesktopTargetPlatform
[2018.04.25-23.27.17:260][  0]LogTemp: Display: Loaded TP MacClientTargetPlatform
[2018.04.25-23.27.17:366][  0]LogTemp: Display: Loaded TP MacNoEditorTargetPlatform
[2018.04.25-23.27.17:471][  0]LogTemp: Display: Loaded TP MacServerTargetPlatform
[2018.04.25-23.27.17:577][  0]LogTemp: Display: Loaded TP MacTargetPlatform
[2018.04.25-23.27.17:682][  0]LogTemp: Display: Loaded TP WindowsClientTargetPlatform
[2018.04.25-23.27.17:790][  0]LogTemp: Display: Loaded TP WindowsNoEditorTargetPlatform
[2018.04.25-23.27.17:898][  0]LogTemp: Display: Loaded TP WindowsServerTargetPlatform
[2018.04.25-23.27.17:997][  0]LogTemp: Display: Loaded TP WindowsTargetPlatform
[2018.04.25-23.27.18:101][  0]LogTemp: Display: Loaded TP AndroidTargetPlatform
[2018.04.25-23.27.18:204][  0]LogTemp: Display: Loaded TP Android_ASTCTargetPlatform
[2018.04.25-23.27.18:306][  0]LogTemp: Display: Loaded TP Android_ATCTargetPlatform
[2018.04.25-23.27.18:410][  0]LogTemp: Display: Loaded TP Android_DXTTargetPlatform
[2018.04.25-23.27.18:516][  0]LogTemp: Display: Loaded TP Android_ETC1TargetPlatform
[2018.04.25-23.27.18:619][  0]LogTemp: Display: Loaded TP Android_ETC2TargetPlatform
[2018.04.25-23.27.18:830][  0]LogTemp: Display: Loaded TP Android_MultiTargetPlatform
[2018.04.25-23.27.18:830][  0]LogTemp: Display: Loaded TP Android_PVRTCTargetPlatform
[2018.04.25-23.27.18:936][  0]LogTemp: Display: Loaded TP HTML5TargetPlatform
[2018.04.25-23.27.19:116][  0]LogTemp: Display: Loaded TP IOSTargetPlatform
[2018.04.25-23.27.19:176][  0]LogTemp: Display: Loaded TP TVOSTargetPlatform
[2018.04.25-23.27.19:280][  0]LogTemp: Display: Loaded TP LinuxClientTargetPlatform
[2018.04.25-23.27.19:384][  0]LogTemp: Display: Loaded TP LinuxNoEditorTargetPlatform
[2018.04.25-23.27.19:491][  0]LogTemp: Display: Loaded TP LinuxServerTargetPlatform
[2018.04.25-23.27.19:599][  0]LogTemp: Display: Loaded TP LinuxTargetPlatform
[2018.04.25-23.27.19:599][  0]LogTargetPlatformManager: Display: Building Assets For Windows
[2018.04.25-23.27.20:725][  0]LogDerivedDataCache: Display: Max Cache Size: 512 MB
[2018.04.25-23.27.20:897][  0]LogDerivedDataCache: Loaded boot cache 0.17s 93MB C:/Users/VRBC/AppData/Local/UnrealEngine/4.17/DerivedDataCache/Boot.ddc.
[2018.04.25-23.27.20:897][  0]LogDerivedDataCache: Display: Loaded Boot cache: C:/Users/VRBC/AppData/Local/UnrealEngine/4.17/DerivedDataCache/Boot.ddc
[2018.04.25-23.27.20:897][  0]LogDerivedDataCache: FDerivedDataBackendGraph:  Pak pak cache file ../../../../../../Users/VRBC/Desktop/rjackson/PresentVR/SeniorDesignV1/DerivedDataCache/DDC.ddp not found, will not use a pak cache.
[2018.04.25-23.27.20:897][  0]LogDerivedDataCache: Unable to find inner node Pak for hierarchical cache Hierarchy.
[2018.04.25-23.27.20:897][  0]LogDerivedDataCache: FDerivedDataBackendGraph:  CompressedPak pak cache file ../../../../../../Users/VRBC/Desktop/rjackson/PresentVR/SeniorDesignV1/DerivedDataCache/Compressed.ddp not found, will not use a pak cache.
[2018.04.25-23.27.20:897][  0]LogDerivedDataCache: Unable to find inner node CompressedPak for hierarchical cache Hierarchy.
[2018.04.25-23.27.20:912][  0]LogDerivedDataCache: Display: Pak cache opened for reading ../../../Engine/DerivedDataCache/Compressed.ddp.
[2018.04.25-23.27.20:924][  0]LogDerivedDataCache: Using Local data cache path C:/Users/VRBC/AppData/Local/UnrealEngine/Common/DerivedDataCache: Writable
[2018.04.25-23.27.20:934][  0]LogMaterial: Verifying Global Shaders for PCD3D_SM5
[2018.04.25-23.27.20:935][  0]LogSlate: Using Freetype 2.6.0
[2018.04.25-23.27.20:935][  0]LogSlate: SlateFontCache - WITH_FREETYPE: 1, WITH_HARFBUZZ: 1
[2018.04.25-23.27.20:936][  0]LogSlate: SlateFontCache - WITH_FREETYPE: 1, WITH_HARFBUZZ: 1
[2018.04.25-23.27.21:052][  0]LogModuleManager: Warning: Found module file ../../../../../../Users/VRBC/Desktop/rjackson/PresentVR/SeniorDesignV1/Plugins/socketio-client-ue4/Binaries/Win64/UE4Editor-CoreUtility.dll (API version 3944462), but it was incompatible with the current engine API version (3573198). This is likely a stale module that must be recompiled.
[2018.04.25-23.27.21:052][  0]LogModuleManager: Warning: Found module file ../../../../../../Users/VRBC/Desktop/rjackson/PresentVR/SeniorDesignV1/Plugins/socketio-client-ue4/Binaries/Win64/UE4Editor-SIOJEditorPlugin.dll (API version 3944462), but it was incompatible with the current engine API version (3573198). This is likely a stale module that must be recompiled.
[2018.04.25-23.27.21:052][  0]LogModuleManager: Warning: Found module file ../../../../../../Users/VRBC/Desktop/rjackson/PresentVR/SeniorDesignV1/Plugins/socketio-client-ue4/Binaries/Win64/UE4Editor-SIOJson.dll (API version 3944462), but it was incompatible with the current engine API version (3573198). This is likely a stale module that must be recompiled.
[2018.04.25-23.27.21:053][  0]LogModuleManager: Warning: Found module file ../../../../../../Users/VRBC/Desktop/rjackson/PresentVR/SeniorDesignV1/Plugins/socketio-client-ue4/Binaries/Win64/UE4Editor-SocketIOClient.dll (API version 3944462), but it was incompatible with the current engine API version (3573198). This is likely a stale module that must be recompiled.
[2018.04.25-23.27.21:233][  0]LogAssetRegistry: FAssetRegistry took 0.0255 seconds to start up
[2018.04.25-23.27.21:399][  0]LogInit: Selected Device Profile: [Windows]
[2018.04.25-23.27.21:606][  0]LogContentStreaming: Texture pool size is 0.00 MB
[2018.04.25-23.27.22:221][  0]LogSimplygon: Simplygon DLL not present - disabling.
[2018.04.25-23.27.22:326][  0]LogMeshReduction: Using SimplygonSwarm for distributed automatic mesh merging
[2018.04.25-23.27.22:326][  0]LogMeshReduction: Using QuadricMeshReduction for automatic static mesh reduction
[2018.04.25-23.27.22:326][  0]LogMeshReduction: No automatic skeletal mesh reduction module available
[2018.04.25-23.27.22:326][  0]LogMeshReduction: No automatic mesh merging module available
[2018.04.25-23.27.22:326][  0]LogMeshMerging: No automatic mesh merging module available
[2018.04.25-23.27.22:811][  0]LogNetVersion: SeniorDesignV1 , NetCL: 3573198, EngineNetVer: 2, GameNetVer: 0 (Checksum: 404673968)
[2018.04.25-23.27.23:150][  0]LogPackageLocalizationCache: Processed 5 localized package path(s) for 2 prioritized culture(s) in 0.045696 seconds
[2018.04.25-23.27.23:156][  0]LogUObjectArray: 35825 objects as part of root set at end of initial load.
[2018.04.25-23.27.23:156][  0]LogUObjectAllocator: 7529112 out of 0 bytes used by permanent object pool.
[2018.04.25-23.27.23:156][  0]LogUObjectArray: CloseDisregardForGC: 0/0 objects in disregard for GC pool
[2018.04.25-23.27.23:309][  0]LogInit: WinSock: version 1.1 (2.2), MaxSocks=32767, MaxUdp=65467
[2018.04.25-23.27.27:923][  0]LogTcpMessaging: Initializing TcpMessaging bridge
[2018.04.25-23.27.28:009][  0]LogUdpMessaging: Initializing bridge on interface 0.0.0.0:0 to multicast group 230.0.0.1:6666.
[2018.04.25-23.27.28:884][  0]LogModuleManager: Warning: Found module file C:/Users/VRBC/Desktop/rjackson/PresentVR/SeniorDesignV1/Plugins/socketio-client-ue4/Binaries/Win64/UE4Editor-SIOJson.dll (API version 3944462), but it was incompatible with the current engine API version (3573198). This is likely a stale module that must be recompiled.
[2018.04.25-23.27.28:898][  0]LogModuleManager: Warning: Found module file C:/Users/VRBC/Desktop/rjackson/PresentVR/SeniorDesignV1/Plugins/socketio-client-ue4/Binaries/Win64/UE4Editor-CoreUtility.dll (API version 3944462), but it was incompatible with the current engine API version (3573198). This is likely a stale module that must be recompiled.
[2018.04.25-23.27.28:909][  0]LogWindowsTextInputMethodSystem: Display: IME system now deactivated.
[2018.04.25-23.27.38:572][  0]LogWindowsTextInputMethodSystem: Display: IME system now deactivated.
[2018.04.25-23.27.38:583][  0]LogExit: Preparing to exit.
[2018.04.25-23.27.39:255][  0]LogDirectoryWatcher: A directory notification for '../../../Engine/Content/' was aborted.
[2018.04.25-23.27.39:255][  0]LogDirectoryWatcher: A directory notification for '../../../../../../Users/VRBC/Desktop/rjackson/PresentVR/SeniorDesignV1/Content/' was aborted.
[2018.04.25-23.27.39:255][  0]LogDirectoryWatcher: A directory notification for '../../../Engine/Plugins/2D/Paper2D/Content/' was aborted.
[2018.04.25-23.27.39:256][  0]LogDirectoryWatcher: A directory notification for '../../../Engine/Plugins/Runtime/Oculus/OculusVR/Content/' was aborted.
[2018.04.25-23.27.39:256][  0]LogDirectoryWatcher: A directory notification for '../../../Engine/Plugins/Runtime/Steam/SteamVR/Content/' was aborted.
[2018.04.25-23.27.39:286][  0]LogExit: Object subsystem successfully closed.
[2018.04.25-23.27.39:301][  0]LogD3D11RHI: Shutdown
[2018.04.25-23.27.39:301][  0]LogD3D11RHI: CleanupD3DDevice
[2018.04.25-23.27.39:370][  0]LogD3D11RHI: ~FD3D11DynamicRHI
[2018.04.25-23.27.39:373][  0]LogModuleManager: Shutting down and abandoning module RuntimePhysXCooking (260)
[2018.04.25-23.27.39:373][  0]LogModuleManager: Shutting down and abandoning module PhysXVehiclesEditor (258)
[2018.04.25-23.27.39:373][  0]LogModuleManager: Shutting down and abandoning module PhysXVehicles (256)
[2018.04.25-23.27.39:373][  0]LogModuleManager: Shutting down and abandoning module OculusEditor (254)
[2018.04.25-23.27.39:373][  0]LogModuleManager: Shutting down and abandoning module LocationServicesBPLibrary (252)
[2018.04.25-23.27.39:373][  0]LogModuleManager: Shutting down and abandoning module ImmediatePhysicsEditor (250)
[2018.04.25-23.27.39:373][  0]LogModuleManager: Shutting down and abandoning module ImmediatePhysics (248)
[2018.04.25-23.27.39:373][  0]LogModuleManager: Shutting down and abandoning module UdpMessaging (246)
[2018.04.25-23.27.39:473][  0]LogModuleManager: Shutting down and abandoning module TcpMessaging (244)
[2018.04.25-23.27.39:931][  0]LogModuleManager: Shutting down and abandoning module GameplayTagsEditor (242)
[2018.04.25-23.27.39:931][  0]LogModuleManager: Shutting down and abandoning module FacialAnimationEditor (240)
[2018.04.25-23.27.39:931][  0]LogModuleManager: Shutting down and abandoning module FacialAnimation (238)
[2018.04.25-23.27.39:931][  0]LogModuleManager: Shutting down and abandoning module AssetManagerEditor (236)
[2018.04.25-23.27.39:931][  0]LogModuleManager: Shutting down and abandoning module GraphEditor (235)
[2018.04.25-23.27.39:931][  0]LogModuleManager: Shutting down and abandoning module ContentBrowser (233)
[2018.04.25-23.27.39:931][  0]LogModuleManager: Shutting down and abandoning module LightPropagationVolumeRuntime (230)
[2018.04.25-23.27.39:931][  0]LogModuleManager: Shutting down and abandoning module Paper2D (228)
[2018.04.25-23.27.39:931][  0]LogModuleManager: Shutting down and abandoning module WindowsMoviePlayer (226)
[2018.04.25-23.27.39:931][  0]LogModuleManager: Shutting down and abandoning module WmfMedia (224)
[2018.04.25-23.27.39:931][  0]LogModuleManager: Shutting down and abandoning module PacketHandler (222)
[2018.04.25-23.27.39:931][  0]LogModuleManager: Shutting down and abandoning module ClothingSystemEditor (220)
[2018.04.25-23.27.39:931][  0]LogModuleManager: Shutting down and abandoning module ClothingSystemRuntime (218)
[2018.04.25-23.27.39:931][  0]LogModuleManager: Shutting down and abandoning module Overlay (216)
[2018.04.25-23.27.39:931][  0]LogModuleManager: Shutting down and abandoning module OverlayEditor (215)
[2018.04.25-23.27.39:931][  0]LogModuleManager: Shutting down and abandoning module MediaAssets (212)
[2018.04.25-23.27.39:931][  0]LogModuleManager: Shutting down and abandoning module VREditor (210)
[2018.04.25-23.27.39:931][  0]LogModuleManager: Shutting down and abandoning module StringTableEditor (208)
[2018.04.25-23.27.39:931][  0]LogModuleManager: Shutting down and abandoning module GameplayTasksEditor (206)
[2018.04.25-23.27.39:931][  0]LogModuleManager: Shutting down and abandoning module BehaviorTreeEditor (204)
[2018.04.25-23.27.39:932][  0]LogModuleManager: Shutting down and abandoning module FunctionalTesting (202)
[2018.04.25-23.27.39:932][  0]LogModuleManager: Shutting down and abandoning module CollisionAnalyzer (200)
[2018.04.25-23.27.39:932][  0]LogModuleManager: Shutting down and abandoning module WorkspaceMenuStructure (199)
[2018.04.25-23.27.39:932][  0]LogModuleManager: Shutting down and abandoning module UMG (196)
[2018.04.25-23.27.39:932][  0]LogModuleManager: Shutting down and abandoning module UMGEditor (195)
[2018.04.25-23.27.39:932][  0]LogModuleManager: Shutting down and abandoning module Sequencer (194)
[2018.04.25-23.27.39:932][  0]LogModuleManager: Shutting down and abandoning module MessageLog (191)
[2018.04.25-23.27.39:932][  0]LogModuleManager: Shutting down and abandoning module SlateReflector (186)
[2018.04.25-23.27.39:932][  0]LogModuleManager: Shutting down and abandoning module Slate (184)
[2018.04.25-23.27.39:932][  0]LogModuleManager: Shutting down and abandoning module EditorStyle (182)
[2018.04.25-23.27.39:935][  0]LogModuleManager: Shutting down and abandoning module MRMesh (180)
[2018.04.25-23.27.39:935][  0]LogModuleManager: Shutting down and abandoning module SourceCodeAccess (178)
[2018.04.25-23.27.39:935][  0]LogModuleManager: Shutting down and abandoning module HeadMountedDisplay (176)
[2018.04.25-23.27.39:935][  0]LogModuleManager: Shutting down and abandoning module XAudio2 (174)
[2018.04.25-23.27.39:935][  0]LogModuleManager: Shutting down and abandoning module Networking (172)
[2018.04.25-23.27.39:935][  0]LogModuleManager: Shutting down and abandoning module Core (168)
[2018.04.25-23.27.39:935][  0]LogModuleManager: Shutting down and abandoning module KismetCompiler (164)
[2018.04.25-23.27.39:935][  0]LogModuleManager: Shutting down and abandoning module LevelSequence (162)
[2018.04.25-23.27.39:935][  0]LogModuleManager: Shutting down and abandoning module MeshUtilities (160)
[2018.04.25-23.27.39:935][  0]LogModuleManager: Shutting down and abandoning module MeshMergeUtilities (159)
[2018.04.25-23.27.39:935][  0]LogModuleManager: Shutting down and abandoning module MeshReductionInterface (158)
[2018.04.25-23.27.39:935][  0]LogModuleManager: Shutting down and abandoning module SimplygonSwarm (157)
[2018.04.25-23.27.39:935][  0]LogModuleManager: Shutting down and abandoning module SimplygonMeshReduction (155)
[2018.04.25-23.27.39:935][  0]LogModuleManager: Shutting down and abandoning module QuadricMeshReduction (153)
[2018.04.25-23.27.39:935][  0]LogModuleManager: Shutting down and abandoning module MaterialBaking (149)
[2018.04.25-23.27.39:935][  0]LogModuleManager: Shutting down and abandoning module DirectoryWatcher (146)
[2018.04.25-23.27.39:935][  0]LogModuleManager: Shutting down and abandoning module DerivedDataCache (144)
[2018.04.25-23.27.40:430][  0]LogDerivedDataCache: Shutdown
[2018.04.25-23.27.40:430][  0]LogModuleManager: Shutting down and abandoning module TargetPlatform (142)
[2018.04.25-23.27.40:430][  0]LogModuleManager: Shutting down and abandoning module VulkanShaderFormat (141)
[2018.04.25-23.27.40:430][  0]LogModuleManager: Shutting down and abandoning module ShaderFormatVectorVM (139)
[2018.04.25-23.27.40:431][  0]LogModuleManager: Shutting down and abandoning module ShaderFormatOpenGL (137)
[2018.04.25-23.27.40:431][  0]LogModuleManager: Shutting down and abandoning module ShaderFormatD3D (135)
[2018.04.25-23.27.40:431][  0]LogModuleManager: Shutting down and abandoning module MetalShaderFormat (133)
[2018.04.25-23.27.40:431][  0]LogModuleManager: Shutting down and abandoning module TextureFormatUncompressed (131)
[2018.04.25-23.27.40:431][  0]LogModuleManager: Shutting down and abandoning module TextureFormatPVR (129)
[2018.04.25-23.27.40:431][  0]LogModuleManager: Shutting down and abandoning module TextureFormatDXT (127)
[2018.04.25-23.27.40:431][  0]LogModuleManager: Shutting down and abandoning module TextureFormatIntelISPCTexComp (125)
[2018.04.25-23.27.40:431][  0]LogModuleManager: Shutting down and abandoning module TextureFormatASTC (123)
[2018.04.25-23.27.40:431][  0]LogModuleManager: Shutting down and abandoning module ImageWrapper (122)
[2018.04.25-23.27.40:431][  0]LogModuleManager: Shutting down and abandoning module TextureFormatAndroid (119)
[2018.04.25-23.27.40:431][  0]LogModuleManager: Shutting down and abandoning module AudioFormatOpus (117)
[2018.04.25-23.27.40:431][  0]LogModuleManager: Shutting down and abandoning module AudioFormatOgg (115)
[2018.04.25-23.27.40:431][  0]LogModuleManager: Shutting down and abandoning module AudioFormatADPCM (113)
[2018.04.25-23.27.40:431][  0]LogModuleManager: Shutting down and abandoning module LinuxTargetPlatform (111)
[2018.04.25-23.27.40:431][  0]LogModuleManager: Shutting down and abandoning module LinuxServerTargetPlatform (109)
[2018.04.25-23.27.40:431][  0]LogModuleManager: Shutting down and abandoning module LinuxNoEditorTargetPlatform (107)
[2018.04.25-23.27.40:431][  0]LogModuleManager: Shutting down and abandoning module LinuxClientTargetPlatform (105)
[2018.04.25-23.27.40:431][  0]LogModuleManager: Shutting down and abandoning module TVOSTargetPlatform (103)
[2018.04.25-23.27.40:431][  0]LogModuleManager: Shutting down and abandoning module Messaging (101)
[2018.04.25-23.27.40:431][  0]LogModuleManager: Shutting down and abandoning module IOSTargetPlatform (99)
[2018.04.25-23.27.40:431][  0]LogModuleManager: Shutting down and abandoning module HTML5TargetPlatform (97)
[2018.04.25-23.27.40:431][  0]LogModuleManager: Shutting down and abandoning module Android_PVRTCTargetPlatform (95)
[2018.04.25-23.27.40:431][  0]LogModuleManager: Shutting down and abandoning module Android_MultiTargetPlatform (93)
[2018.04.25-23.27.40:431][  0]LogModuleManager: Shutting down and abandoning module Android_ETC2TargetPlatform (91)
[2018.04.25-23.27.40:431][  0]LogModuleManager: Shutting down and abandoning module Android_ETC1TargetPlatform (89)
[2018.04.25-23.27.40:431][  0]LogModuleManager: Shutting down and abandoning module Android_DXTTargetPlatform (87)
[2018.04.25-23.27.40:431][  0]LogModuleManager: Shutting down and abandoning module Android_ATCTargetPlatform (85)
[2018.04.25-23.27.40:431][  0]LogModuleManager: Shutting down and abandoning module Android_ASTCTargetPlatform (83)
[2018.04.25-23.27.40:431][  0]LogModuleManager: Shutting down and abandoning module AndroidTargetPlatform (81)
[2018.04.25-23.27.40:431][  0]LogModuleManager: Shutting down and abandoning module WindowsTargetPlatform (79)
[2018.04.25-23.27.40:431][  0]LogModuleManager: Shutting down and abandoning module WindowsServerTargetPlatform (77)
[2018.04.25-23.27.40:431][  0]LogModuleManager: Shutting down and abandoning module WindowsNoEditorTargetPlatform (75)
[2018.04.25-23.27.40:431][  0]LogModuleManager: Shutting down and abandoning module WindowsClientTargetPlatform (73)
[2018.04.25-23.27.40:431][  0]LogModuleManager: Shutting down and abandoning module MacTargetPlatform (71)
[2018.04.25-23.27.40:431][  0]LogModuleManager: Shutting down and abandoning module MacServerTargetPlatform (69)
[2018.04.25-23.27.40:431][  0]LogModuleManager: Shutting down and abandoning module MacNoEditorTargetPlatform (67)
[2018.04.25-23.27.40:431][  0]LogModuleManager: Shutting down and abandoning module MacClientTargetPlatform (65)
[2018.04.25-23.27.40:431][  0]LogModuleManager: Shutting down and abandoning module AllDesktopTargetPlatform (63)
[2018.04.25-23.27.40:431][  0]LogModuleManager: Shutting down and abandoning module InputCore (60)
[2018.04.25-23.27.40:431][  0]LogModuleManager: Shutting down and abandoning module Settings (58)
[2018.04.25-23.27.40:431][  0]LogModuleManager: Shutting down and abandoning module PhysXCooking (56)
[2018.04.25-23.27.40:431][  0]LogModuleManager: Shutting down and abandoning module SteamVR (54)
[2018.04.25-23.27.40:431][  0]LogModuleManager: Shutting down and abandoning module OculusHMD (52)
[2018.04.25-23.27.40:431][  0]LogModuleManager: Shutting down and abandoning module ExampleDeviceProfileSelector (50)
[2018.04.25-23.27.40:431][  0]LogModuleManager: Shutting down and abandoning module OnlineBlueprintSupport (48)
[2018.04.25-23.27.40:431][  0]LogModuleManager: Shutting down and abandoning module OnlineSubsystem (44)
[2018.04.25-23.27.40:431][  0]LogModuleManager: Shutting down and abandoning module XMPP (43)
[2018.04.25-23.27.40:431][  0]LogModuleManager: Shutting down and abandoning module HTTP (41)
[2018.04.25-23.27.40:446][  0]LogModuleManager: Shutting down and abandoning module SSL (40)
[2018.04.25-23.27.40:447][  0]LogModuleManager: Shutting down and abandoning module AnimationModifiers (36)
[2018.04.25-23.27.40:447][  0]LogModuleManager: Shutting down and abandoning module PropertyEditor (35)
[2018.04.25-23.27.40:447][  0]LogModuleManager: Shutting down and abandoning module AudioEditor (32)
[2018.04.25-23.27.40:447][  0]LogModuleManager: Shutting down and abandoning module TextureCompressor (30)
[2018.04.25-23.27.40:447][  0]LogModuleManager: Shutting down and abandoning module ShaderCore (28)
[2018.04.25-23.27.40:447][  0]LogModuleManager: Shutting down and abandoning module Landscape (26)
[2018.04.25-23.27.40:447][  0]LogModuleManager: Shutting down and abandoning module SlateRHIRenderer (24)
[2018.04.25-23.27.40:447][  0]LogModuleManager: Shutting down and abandoning module OpenGLDrv (22)
[2018.04.25-23.27.40:447][  0]LogModuleManager: Shutting down and abandoning module D3D11RHI (20)
[2018.04.25-23.27.40:447][  0]LogModuleManager: Shutting down and abandoning module AnimGraphRuntime (18)
[2018.04.25-23.27.40:447][  0]LogModuleManager: Shutting down and abandoning module Renderer (16)
[2018.04.25-23.27.40:447][  0]LogModuleManager: Shutting down and abandoning module Engine (14)
[2018.04.25-23.27.40:447][  0]LogModuleManager: Shutting down and abandoning module CoreUObject (12)
[2018.04.25-23.27.40:447][  0]LogModuleManager: Shutting down and abandoning module NetworkFile (10)
[2018.04.25-23.27.40:447][  0]LogModuleManager: Shutting down and abandoning module CookedIterativeFile (8)
[2018.04.25-23.27.40:447][  0]LogModuleManager: Shutting down and abandoning module StreamingFile (6)
[2018.04.25-23.27.40:447][  0]LogModuleManager: Shutting down and abandoning module SandboxFile (4)
[2018.04.25-23.27.40:447][  0]LogModuleManager: Shutting down and abandoning module PakFile (2)
[2018.04.25-23.27.40:449][  0]LogExit: Exiting.
[2018.04.25-23.27.40:451][  0]Log file closed, 04/25/18 16:27:40
